     1      0     60     60     60      0      0      0      0      0      0      0      0     60        0.23143        0.23143        385.482        98.7748        77.8544              0              0              0              0        60        60
     1      1     58    118     60      0      0      2      2      0      0      0      0    100        0.23143        0.23143        206.546        70.6386        52.1125              0              0              0              0       118       118
     1      2     55    173     60      0      0      5      7      0      0      0      0    100     0.00519953     0.00519953        142.804        56.5426        38.8825              0              0              0              0       173       173
     1      3     49    222     60      0      0     11     18      0      0      0      0    100     0.00519953     0.00519953        265.945        58.3832        50.1721              0              0              0              0       222       222
     1      4     54    276     60      0      0      6     24      0      0      0      0    100     0.00519953     0.00519953        269.464        67.9667        50.7973              0              0              0              0       276       276
     1      5     57    333     60      0      0      3     27      0      0      0      0    100     0.00519953     0.00519953        221.341        61.0634        50.1578              0              0              0              0       333       333
     1      6     56    389     60      0      0      4     31      0      0      0      0    100     0.00519953     0.00519953        149.171        44.3342        33.9658              0              0              0              0       389       389
     1      7     56    445     60      0      0      4     35      0      0      0      0    100     0.00519953     0.00519953        270.658        47.9837        49.4872              0              0              0              0       445       445
     1      8     54    499     60      0      0      6     41      0      0      0      0    100     0.00486062     0.00486062        141.599         38.723        36.8415              0              0              0              0       499       499
     1      9     51    550     60      0      0      9     50      0      0      0      0    100     0.00486062     0.00486062        122.504        23.9228        30.0813              0              0              0              0       550       550
     1     10     51    601     60      0      0      9     59      0      0      0      0    100    0.000128197    0.000128197        147.349        14.7508        25.6027              0              0              0              0       601       601
     1     11     45    646     60      0      0     15     74      0      0      0      0    100    5.53658e-05    5.53658e-05        102.072        5.68888        17.3321              0              0              0              0       646       646
     1     12     50    696     60      0      0     10     84      0      0      0      0    100    5.53658e-05    5.53658e-05          96.94        4.34275        17.9333              0              0              0              0       696       696
     1     13     50    746     60      0      0     10     94      0      0      0      0    100    1.50578e-07    1.50578e-07         71.136        2.31623        11.4258              0              0              0              0       746       746
     1     14     49    795     60      0      0     11    105      0      0      0      0    100    1.50578e-07    1.50578e-07        94.9799        4.15496        16.8143              0              0              0              0       795       795
     1     15     56    851     60      0      0      4    109      0      0      0      0    100    1.50578e-07    1.50578e-07        99.5583        3.66384        18.1156              0              0              0              0       851       851
     1     16     49    900     60      0      0     11    120      0      0      0      0    100    1.50578e-07    1.50578e-07        87.6173        4.40411        18.4264              0              0              0              0       900       900
     1     17     49    949     60      0      0     11    131      0      0      0      0    100    1.50578e-07    1.50578e-07        106.896        8.15408        24.8378              0              0              0              0       949       949
     1     18     54   1003     60      0      0      6    137      0      0      0      0    100    1.50578e-07    1.50578e-07         125.07         3.1118        17.8037              0              0              0              0      1003      1003
     1     19     52   1055     60      0      0      8    145      0      0      0      0    100    2.31927e-09    2.31927e-09         49.858        1.21222        7.03286              0              0              0              0      1055      1055
     1     20     49   1104     60      0      0     11    156      0      0      0      0    100    7.78755e-12    7.78755e-12         145.89        5.38299        23.4565              0              0              0              0      1104      1104
     1     21     52   1156     60      0      0      8    164      0      0      0      0    100    7.78755e-12    7.78755e-12        117.863        7.08763        24.6394              0              0              0              0      1156      1156
     1     22     52   1208     60      0      0      8    172      0      0      0      0    100    7.78755e-12    7.78755e-12         80.404        2.48135         12.989              0              0              0              0      1208      1208
     1     23     52   1260     60      0      0      8    180      0      0      0      0    100    1.87583e-12    1.87583e-12        94.6103        2.64528        14.6374              0              0              0              0      1260      1260
     1     24     57   1317     60      0      0      3    183      0      0      0      0    100    1.87583e-12    1.87583e-12        99.4095        1.65683        12.8337              0              0              0              0      1317      1317
     1     25     54   1371     60      0      0      6    189      0      0      0      0    100    2.34479e-13    2.34479e-13         78.193        2.49412        13.5587              0              0              0              0      1371      1371
     1     26     56   1427     60      0      0      4    193      0      0      0      0    100    6.39488e-14    6.39488e-14        96.5225        2.82451        14.6582              0              0              0              0      1427      1427
     1     27     48   1475     60      0      0     12    205      0      0      0      0    100    1.42109e-14    1.42109e-14        210.566        11.7157        38.6426              0              0              0              0      1475      1475
     1     28     49   1524     60      0      0     11    216      0      0      0      0    100              0              0         100.17         5.4571        21.3558              0              0              0              0      1524      1524
     1     29     49   1573     60      0      0     11    227      0      0      0      0    100              0              0        147.173        8.87923        30.6138              0              0              0              0      1573      1573
     1     30     53   1626     60      0      0      7    234      0      0      0      0    100              0              0        183.029        15.1832        44.7098              0              0              0              0      1626      1626
     1     31     52   1678     60      0      0      8    242      0      0      0      0    100              0              0        151.374        5.76639        25.9961              0              0              0              0      1678      1678
     1     32     54   1732     60      0      0      6    248      0      0      0      0    100              0              0        211.391        16.0193        47.0395              0              0              0              0      1732      1732
     1     33     58   1790     60      0      0      2    250      0      0      0      0    100              0              0        135.952        3.05807        18.4947              0              0              0              0      1790      1790
     1     34     52   1842     60      0      0      8    258      0      0      0      0    100              0              0        89.2841        2.75212        13.8577              0              0              0              0      1842      1842
     1     35     54   1896     60      0      0      6    264      0      0      0      0    100              0              0        100.043        3.85712        17.3421              0              0              0              0      1896      1896
     1     36     53   1949     60      0      0      7    271      0      0      0      0    100              0              0        91.7012         5.2016        18.2924              0              0              0              0      1949      1949
     1     37     51   2000     60      0      0      8    279      0      0      0      0    100              0              0        99.5285         11.613        29.7526              0              0              0              0      2000      2000
