     1      0     60     60     60      0      0      0      0      0      0      0      0     30        0.23143        0.23143        385.482        98.7748        77.8544              0              0              0              0        60        60
     1      1     55    115     60      0      0      5      5      0      0      0      0     30        0.23143        0.23143        217.424        63.7098        44.4692              0              0              0              0       115       115
     1      2     55    170     60      0      0      5     10      0      0      0      0     30        0.23143        0.23143        93.9557        37.2608        27.0614              0              0              0              0       170       170
     1      3     57    227     60      0      0      3     13      0      0      0      0     30        0.23143        0.23143        108.955        51.4471        35.0877              0              0              0              0       227       227
     1      4     52    279     60      0      0      8     21      0      0      0      0     30      0.0239518      0.0239518        123.876        53.2042        34.4683              0              0              0              0       279       279
     1      5     56    335     60      0      0      4     25      0      0      0      0     30      0.0239518      0.0239518        123.937        53.1947        34.3153              0              0              0              0       335       335
     1      6     54    389     60      0      0      6     31      0      0      0      0     30      0.0239518      0.0239518        102.458        40.6253        32.1822              0              0              0              0       389       389
     1      7     49    438     60      0      0     11     42      0      0      0      0     30      0.0239518      0.0239518        106.285        32.5435         32.834              0              0              0              0       438       438
     1      8     54    492     60      0      0      6     48      0      0      0      0     30      0.0239518      0.0239518        139.548        33.8357        36.9659              0              0              0              0       492       492
     1      9     54    546     60      0      0      6     54      0      0      0      0     30      0.0112716      0.0112716        100.762        27.2823        32.8113              0              0              0              0       546       546
     1     10     52    598     60      0      0      8     62      0      0      0      0     30      0.0112716      0.0112716        118.486         22.468        32.6899              0              0              0              0       598       598
     1     11     52    650     60      0      0      8     70      0      0      0      0     30     0.00212448     0.00212448        71.0956        10.4232        16.4547              0              0              0              0       650       650
     1     12     50    700     60      0      0     10     80      0      0      0      0     30     0.00212448     0.00212448        133.055        13.5258        25.7538              0              0              0              0       700       700
     1     13     50    750     60      0      0     10     90      0      0      0      0     30    0.000185742    0.000185742        99.8599        14.4396        21.6111              0              0              0              0       750       750
     1     14     54    804     60      0      0      6     96      0      0      0      0     30    0.000185742    0.000185742        89.2762        7.59879        15.7768              0              0              0              0       804       804
     1     15     53    857     60      0      0      7    103      0      0      0      0     30    0.000185742    0.000185742         47.519        7.85637        12.0617              0              0              0              0       857       857
     1     16     54    911     60      0      0      6    109      0      0      0      0     30    0.000185742    0.000185742        61.4024        6.97677        13.0286              0              0              0              0       911       911
     1     17     53    964     60      0      0      7    116      0      0      0      0     30    0.000109555    0.000109555        107.961        8.60386        23.4868              0              0              0              0       964       964
     1     18     53   1017     60      0      0      7    123      0      0      0      0     30    0.000109555    0.000109555        10.1397       0.762059        2.05738              0              0              0              0      1017      1017
     1     19     50   1067     60      0      0     10    133      0      0      0      0     30    8.43387e-06    8.43387e-06        86.1325        3.61475        15.5392              0              0              0              0      1067      1067
     1     20     51   1118     60      0      0      9    142      0      0      0      0     30    6.52782e-08    6.52782e-08        38.4703        1.83053        7.42924              0              0              0              0      1118      1118
     1     21     49   1167     60      0      0     11    153      0      0      0      0     30    6.52782e-08    6.52782e-08        123.836        4.36185        20.0473              0              0              0              0      1167      1167
     1     22     47   1214     60      0      0     13    166      0      0      0      0     30    6.52782e-08    6.52782e-08        24.3344        1.01194        4.52625              0              0              0              0      1214      1214
     1     23     48   1262     60      0      0     12    178      0      0      0      0     30    1.41968e-08    1.41968e-08        14.1723       0.236296        1.82963              0              0              0              0      1262      1262
     1     24     49   1311     60      0      0     11    189      0      0      0      0     30    7.43867e-11    7.43867e-11        6.88831       0.114812       0.889276              0              0              0              0      1311      1311
     1     25     50   1361     60      0      0     10    199      0      0      0      0     30    7.43867e-11    7.43867e-11        104.179        4.97535        19.5123              0              0              0              0      1361      1361
     1     26     57   1418     60      0      0      3    202      0      0      0      0     30    6.74305e-12    6.74305e-12        18.4421       0.588227        3.19269              0              0              0              0      1418      1418
     1     27     50   1468     60      0      0     10    212      0      0      0      0     30    1.69109e-12    1.69109e-12        90.0496         2.8725        13.4921              0              0              0              0      1468      1468
     1     28     51   1519     60      0      0      9    221      0      0      0      0     30    1.69109e-12    1.69109e-12        56.7275         1.5901        8.17862              0              0              0              0      1519      1519
     1     29     52   1571     60      0      0      8    229      0      0      0      0     30    6.96332e-13    6.96332e-13        14.7641       0.439566        2.31456              0              0              0              0      1571      1571
     1     30     52   1623     60      0      0      8    237      0      0      0      0     30              0              0        79.6742        2.27444        12.5299              0              0              0              0      1623      1623
     1     31     52   1675     60      0      0      8    245      0      0      0      0     30              0              0        87.6955        1.87211        11.7075              0              0              0              0      1675      1675
     1     32     50   1725     60      0      0     10    255      0      0      0      0     30              0              0        91.0125        7.95837        23.8052              0              0              0              0      1725      1725
     1     33     47   1772     60      0      0     13    268      0      0      0      0     30              0              0        35.8584       0.824502        4.92292              0              0              0              0      1772      1772
     1     34     55   1827     60      0      0      5    273      0      0      0      0     30              0              0        89.9242        4.21404        17.5155              0              0              0              0      1827      1827
     1     35     56   1883     60      0      0      4    277      0      0      0      0     30              0              0        74.7408        2.45533        12.9821              0              0              0              0      1883      1883
     1     36     53   1936     60      0      0      7    284      0      0      0      0     30              0              0        42.1517        2.70922        9.40966              0              0              0              0      1936      1936
     1     37     53   1989     60      0      0      7    291      0      0      0      0     30              0              0      0.0133902    0.000223169     0.00172866              0              0              0              0      1989      1989
     1     38     11   2000     18      0      0      6    297      0      0      0      0     30              0              0    3.55271e-14    8.68441e-15    1.18284e-14              0              0              0              0      2000      2000
