     1      0     60     60     60      0      0      0      0      0      0      0      0     30       0.391333       0.391333        123.973        59.0234        36.4052              0              0              0              0        60        60
     1      1     53    113     60      0      0      7      7      0      0      0      0     30       0.039218       0.039218        124.478        43.1533        34.5943              0              0              0              0       113       113
     1      2     52    165     60      0      0      8     15      0      0      0      0     30       0.039218       0.039218        97.0147        29.8364        26.8653              0              0              0              0       165       165
     1      3     56    221     60      0      0      4     19      0      0      0      0     30    0.000391833    0.000391833        81.0005        22.5918        23.6284              0              0              0              0       221       221
     1      4     49    270     60      0      0     11     30      0      0      0      0     30    0.000391833    0.000391833        84.6901        18.2394        21.6758              0              0              0              0       270       270
     1      5     53    323     60      0      0      7     37      0      0      0      0     30      5.609e-05      5.609e-05        88.7841        15.8367        23.1494              0              0              0              0       323       323
     1      6     55    378     60      0      0      5     42      0      0      0      0     30    3.40162e-05    3.40162e-05        69.5906        10.9027        19.3124              0              0              0              0       378       378
     1      7     48    426     60      0      0     12     54      0      0      0      0     30    2.18955e-05    2.18955e-05        80.4858        7.03288        19.3141              0              0              0              0       426       426
     1      8     53    479     60      0      0      7     61      0      0      0      0     30    3.11681e-07    3.11681e-07         2.1236       0.260998       0.482233              0              0              0              0       479       479
     1      9     52    531     60      0      0      8     69      0      0      0      0     30    3.11681e-07    3.11681e-07       0.144552     0.00547455       0.023506              0              0              0              0       531       531
     1     10     53    584     60      0      0      7     76      0      0      0      0     30    9.77386e-08    9.77386e-08     0.00201521    0.000499514    0.000597978              0              0              0              0       584       584
     1     11     53    637     60      0      0      7     83      0      0      0      0     30    9.77386e-08    9.77386e-08    0.000566383    0.000102416    0.000170108              0              0              0              0       637       637
     1     12     54    691     60      0      0      6     89      0      0      0      0     30    7.84539e-10    7.84539e-10    0.000376346    3.44205e-05    8.93546e-05              0              0              0              0       691       691
     1     13     54    745     60      0      0      6     95      0      0      0      0     30    6.65835e-10    6.65835e-10    3.62304e-05    3.06371e-06    7.76475e-06              0              0              0              0       745       745
     1     14     56    801     60      0      0      4     99      0      0      0      0     30    6.65835e-10    6.65835e-10    4.76104e-06    7.37429e-07    1.20984e-06              0              0              0              0       801       801
     1     15     50    851     60      0      0     10    109      0      0      0      0     30    6.65835e-10    6.65835e-10    2.67179e-07    1.27885e-07    7.02965e-08              0              0              0              0       851       851
     1     16     52    903     60      0      0      8    117      0      0      0      0     30    4.33076e-11    4.33076e-11    2.90218e-07    8.70942e-08    7.30624e-08              0              0              0              0       903       903
     1     17     53    956     60      0      0      7    124      0      0      0      0     30    4.33076e-11    4.33076e-11    2.04376e-07    6.30381e-08    5.45936e-08              0              0              0              0       956       956
     1     18     53   1009     60      0      0      7    131      0      0      0      0     30    1.02318e-11    1.02318e-11    1.55185e-07    3.75086e-08     4.4906e-08              0              0              0              0      1009      1009
     1     19     51   1060     60      0      0      9    140      0      0      0      0     30    2.17426e-12    2.17426e-12    1.24998e-07    1.14003e-08     1.7555e-08              0              0              0              0      1060      1060
     1     20     52   1112     60      0      0      8    148      0      0      0      0     30              0              0     4.6742e-08    4.63246e-09    9.63773e-09              0              0              0              0      1112      1112
     1     21     50   1162     60      0      0     10    158      0      0      0      0     30              0              0    1.59345e-08    1.31782e-09    4.25148e-09              0              0              0              0      1162      1162
     1     22     52   1214     60      0      0      8    166      0      0      0      0     30              0              0        8.03194       0.133866        1.03692              0              0              0              0      1214      1214
     1     23     52   1266     60      0      0      8    174      0      0      0      0     30              0              0    3.31823e-12    1.42168e-12    1.01407e-12              0              0              0              0      1266      1266
     1     24     49   1315     60      0      0     11    185      0      0      0      0     30              0              0     3.2756e-12    6.74305e-13    9.11868e-13              0              0              0              0      1315      1315
     1     25     51   1366     60      0      0      9    194      0      0      0      0     30              0              0        81.6575        1.36096        10.5419              0              0              0              0      1366      1366
     1     26     57   1423     60      0      0      3    197      0      0      0      0     30              0              0    3.69482e-13    4.22773e-14     8.2422e-14              0              0              0              0      1423      1423
     1     27     54   1477     60      0      0      6    203      0      0      0      0     30              0              0    3.55271e-14     1.3974e-14    9.33947e-15              0              0              0              0      1477      1477
     1     28     49   1526     60      0      0     11    214      0      0      0      0     30              0              0    2.13163e-14     7.4607e-15    6.97476e-15              0              0              0              0      1526      1526
     1     29     52   1578     60      0      0      8    222      0      0      0      0     30              0              0        66.6426        1.11071        8.60352              0              0              0              0      1578      1578
     1     30     51   1629     60      0      0      9    231      0      0      0      0     30              0              0    1.42109e-14    7.10543e-16     2.5164e-15              0              0              0              0      1629      1629
     1     31     52   1681     60      0      0      8    239      0      0      0      0     30              0              0    7.10543e-15    1.18424e-16    9.17307e-16              0              0              0              0      1681      1681
     1     32     51   1732     60      0      0      9    248      0      0      0      0     30              0              0    7.10543e-15    2.36848e-16    1.28623e-15              0              0              0              0      1732      1732
     1     33     52   1784     60      0      0      8    256      0      0      0      0     30              0              0    7.10543e-15    2.36848e-16    1.28623e-15              0              0              0              0      1784      1784
     1     34     54   1838     60      0      0      6    262      0      0      0      0     30              0              0    7.10543e-15    2.36848e-16    1.28623e-15              0              0              0              0      1838      1838
     1     35     56   1894     60      0      0      4    266      0      0      0      0     30              0              0    7.10543e-15    3.55271e-16    1.56166e-15              0              0              0              0      1894      1894
     1     36     53   1947     60      0      0      7    273      0      0      0      0     30              0              0         53.016        1.10013        7.01919              0              0              0              0      1947      1947
     1     37     53   2000     59      0      0      5    278      0      0      0      0     30              0              0      0.0037396    6.33831e-05    0.000486855              0              0              0              0      2000      2000
