     1      0     60     60     60      0      0      0      0      0      0      0      0      2        7.15448        7.15448        29.4527        14.1239        5.26651              0              0              0              0        60        60
     1      1     58    118     60      0      0      2      2      0      0      0      0      2        7.02169        7.02169        15.5512        10.7253        2.26035              0              0              0              0       118       118
     1      2     59    177     60      0      0      1      3      0      0      0      0      2        7.02169        7.02169        17.2264        10.4981        2.13229              0              0              0              0       177       177
     1      3     59    236     60      0      0      1      4      0      0      0      0      2        6.44772        6.44772        13.1372          9.262        1.46753              0              0              0              0       236       236
     1      4     58    294     60      0      0      2      6      0      0      0      0      2        6.15888        6.15888        12.0852        8.49318        1.36727              0              0              0              0       294       294
     1      5     59    353     60      0      0      1      7      0      0      0      0      2        5.15982        5.15982        10.4986        7.81787        1.24866              0              0              0              0       353       353
     1      6     60    413     60      0      0      0      7      0      0      0      0      2        5.15982        5.15982        9.68487          7.285       0.917991              0              0              0              0       413       413
     1      7     59    472     60      0      0      1      8      0      0      0      0      2        5.15982        5.15982        9.92647        7.45894        1.09432              0              0              0              0       472       472
     1      8     59    531     60      0      0      1      9      0      0      0      0      2        5.15982        5.15982        9.19806        6.82885       0.954007              0              0              0              0       531       531
     1      9     58    589     60      0      0      2     11      0      0      0      0      2        5.15982        5.15982        9.73366        6.84716       0.998848              0              0              0              0       589       589
     1     10     58    647     60      0      0      2     13      0      0      0      0      2         4.8357         4.8357        8.87089        6.55152       0.859819              0              0              0              0       647       647
     1     11     60    707     60      0      0      0     13      0      0      0      0      2         4.8357         4.8357        9.92921        6.51317       0.979868              0              0              0              0       707       707
     1     12     57    764     60      0      0      3     16      0      0      0      0      2         4.8357         4.8357        9.11863        6.52332       0.804276              0              0              0              0       764       764
     1     13     59    823     60      0      0      1     17      0      0      0      0      2         4.8357         4.8357        8.83698         6.4685       0.862015              0              0              0              0       823       823
     1     14     58    881     60      0      0      2     19      0      0      0      0      2        4.74337        4.74337        9.17652        6.36849        1.00681              0              0              0              0       881       881
     1     15     58    939     60      0      0      2     21      0      0      0      0      2         4.4518         4.4518         9.4683        6.62099        1.02125              0              0              0              0       939       939
     1     16     60    999     60      0      0      0     21      0      0      0      0      2         4.4468         4.4468        8.28058        6.29268       0.935586              0              0              0              0       999       999
     1     17     58   1057     60      0      0      2     23      0      0      0      0      2         4.4468         4.4468        10.1409        6.47279         1.1961              0              0              0              0      1057      1057
     1     18     59   1116     60      0      0      1     24      0      0      0      0      2        4.30964        4.30964         11.408        5.95866        1.57947              0              0              0              0      1116      1116
     1     19     57   1173     60      0      0      3     27      0      0      0      0      2        4.29937        4.29937        8.18761        5.17606        0.73909              0              0              0              0      1173      1173
     1     20     60   1233     60      0      0      0     27      0      0      0      0      2        4.01282        4.01282        7.05891        4.98575       0.685735              0              0              0              0      1233      1233
     1     21     57   1290     60      0      0      3     30      0      0      0      0      2         3.4187         3.4187        6.20187        4.88567       0.589499              0              0              0              0      1290      1290
     1     22     57   1347     60      0      0      3     33      0      0      0      0      2         3.4187         3.4187        6.83297        4.97691       0.705931              0              0              0              0      1347      1347
     1     23     57   1404     60      0      0      3     36      0      0      0      0      2         3.4187         3.4187        6.34143        4.84031       0.607444              0              0              0              0      1404      1404
     1     24     60   1464     60      0      0      0     36      0      0      0      0      2         3.0279         3.0279        7.44169        5.03646        1.03844              0              0              0              0      1464      1464
     1     25     60   1524     60      0      0      0     36      0      0      0      0      2        2.95804        2.95804        7.40918        4.91499        1.05817              0              0              0              0      1524      1524
     1     26     60   1584     60      0      0      0     36      0      0      0      0      2        2.83862        2.83862        7.17346        4.46491        1.08529              0              0              0              0      1584      1584
     1     27     59   1643     60      0      0      1     37      0      0      0      0      2        2.83862        2.83862        5.76536        4.09375       0.584271              0              0              0              0      1643      1643
     1     28     60   1703     60      0      0      0     37      0      0      0      0      2          2.835          2.835        5.53553        4.13796       0.651895              0              0              0              0      1703      1703
     1     29     59   1762     60      0      0      1     38      0      0      0      0      2        2.41964        2.41964        6.67984        4.25096       0.928742              0              0              0              0      1762      1762
     1     30     58   1820     60      0      0      2     40      0      0      0      0      2        2.37848        2.37848        5.79895        3.87567       0.883816              0              0              0              0      1820      1820
     1     31     59   1879     60      0      0      1     41      0      0      0      0      2        2.37791        2.37791        7.07799        3.49771       0.944361              0              0              0              0      1879      1879
     1     32     60   1939     60      0      0      0     41      0      0      0      0      2        2.37791        2.37791        5.06912        3.52627       0.685319              0              0              0              0      1939      1939
     1     33     59   1998     60      0      0      1     42      0      0      0      0      2        2.20193        2.20193        4.69293        3.32274       0.620013              0              0              0              0      1998      1998
     1     34     58   2056     60      0      0      2     44      0      0      0      0      2        2.18145        2.18145        5.42392        3.42537       0.721063              0              0              0              0      2056      2056
     1     35     58   2114     60      0      0      2     46      0      0      0      0      2        2.12696        2.12696        5.90293         3.4052       0.932805              0              0              0              0      2114      2114
     1     36     60   2174     60      0      0      0     46      0      0      0      0      2        2.10884        2.10884        7.38438        3.14996       0.998296              0              0              0              0      2174      2174
     1     37     59   2233     60      0      0      1     47      0      0      0      0      2        1.93638        1.93638        4.79935        2.89851       0.725339              0              0              0              0      2233      2233
     1     38     59   2292     60      0      0      1     48      0      0      0      0      2        1.93638        1.93638        4.90512        2.68647       0.672716              0              0              0              0      2292      2292
     1     39     58   2350     60      0      0      2     50      0      0      0      0      2        1.77647        1.77647        4.04086         2.7603         0.5768              0              0              0              0      2350      2350
     1     40     57   2407     60      0      0      3     53      0      0      0      0      2        1.68361        1.68361        5.29821        2.67703       0.712284              0              0              0              0      2407      2407
     1     41     60   2467     60      0      0      0     53      0      0      0      0      2        1.62304        1.62304        5.43877        2.63857        0.75958              0              0              0              0      2467      2467
     1     42     59   2526     60      0      0      1     54      0      0      0      0      2        1.61658        1.61658        4.67446        2.76839       0.823341              0              0              0              0      2526      2526
     1     43     57   2583     60      0      0      3     57      0      0      0      0      2        1.61658        1.61658        4.68436        2.71623       0.680438              0              0              0              0      2583      2583
     1     44     54   2637     60      0      0      6     63      0      0      0      0      2        1.61658        1.61658        5.73231        2.86803        0.80174              0              0              0              0      2637      2637
     1     45     58   2695     60      0      0      2     65      0      0      0      0      2        1.61658        1.61658        5.54589        2.93854        0.81854              0              0              0              0      2695      2695
     1     46     60   2755     60      0      0      0     65      0      0      0      0      2        1.59442        1.59442        4.44977        3.02245       0.723502              0              0              0              0      2755      2755
     1     47     59   2814     60      0      0      1     66      0      0      0      0      2        1.58812        1.58812        5.08759        3.18412       0.825818              0              0              0              0      2814      2814
     1     48     58   2872     60      0      0      2     68      0      0      0      0      2        1.43971        1.43971        4.72072        2.84821        0.87226              0              0              0              0      2872      2872
     1     49     56   2928     60      0      0      4     72      0      0      0      0      2        1.39909        1.39909        4.71118        2.35713        0.71888              0              0              0              0      2928      2928
     1     50     59   2987     60      0      0      1     73      0      0      0      0      2        1.34892        1.34892        3.64199        2.12616       0.600134              0              0              0              0      2987      2987
     1     51     59   3046     60      0      0      1     74      0      0      0      0      2        1.34892        1.34892        4.67074        2.45035       0.789633              0              0              0              0      3046      3046
     1     52     60   3106     60      0      0      0     74      0      0      0      0      2        1.24853        1.24853        4.31513        2.40864       0.736099              0              0              0              0      3106      3106
     1     53     60   3166     60      0      0      0     74      0      0      0      0      2        1.24853        1.24853        4.21936        2.49979       0.792306              0              0              0              0      3166      3166
     1     54     58   3224     60      0      0      2     76      0      0      0      0      2        1.23951        1.23951        4.65367        2.32991       0.757134              0              0              0              0      3224      3224
     1     55     58   3282     60      0      0      2     78      0      0      0      0      2        1.23951        1.23951        5.33495        2.46917       0.760909              0              0              0              0      3282      3282
     1     56     58   3340     60      0      0      2     80      0      0      0      0      2        1.23951        1.23951        4.87439        2.37906       0.938567              0              0              0              0      3340      3340
     1     57     59   3399     60      0      0      1     81      0      0      0      0      2        1.21823        1.21823        3.93157        2.23822       0.725213              0              0              0              0      3399      3399
     1     58     59   3458     60      0      0      1     82      0      0      0      0      2        1.20041        1.20041        6.18205         2.3468       0.965511              0              0              0              0      3458      3458
     1     59     60   3518     60      0      0      0     82      0      0      0      0      2        1.16272        1.16272        6.59247        2.40868        1.06421              0              0              0              0      3518      3518
     1     60     58   3576     60      0      0      2     84      0      0      0      0      2        1.16272        1.16272        4.03289        2.34902       0.742096              0              0              0              0      3576      3576
     1     61     58   3634     60      0      0      2     86      0      0      0      0      2        1.16272        1.16272        3.96513        2.37129       0.684689              0              0              0              0      3634      3634
     1     62     58   3692     60      0      0      2     88      0      0      0      0      2        1.16272        1.16272         4.9872        2.37297       0.805517              0              0              0              0      3692      3692
     1     63     58   3750     60      0      0      2     90      0      0      0      0      2        1.16272        1.16272        4.20032        2.25731       0.639677              0              0              0              0      3750      3750
     1     64     59   3809     60      0      0      1     91      0      0      0      0      2        1.15229        1.15229        3.98089        2.11961       0.627102              0              0              0              0      3809      3809
     1     65     58   3867     60      0      0      2     93      0      0      0      0      2        1.13547        1.13547        3.87023        2.18928       0.590908              0              0              0              0      3867      3867
     1     66     60   3927     60      0      0      0     93      0      0      0      0      2        1.13547        1.13547        3.93938        2.05462       0.564514              0              0              0              0      3927      3927
     1     67     58   3985     60      0      0      2     95      0      0      0      0      2        1.13547        1.13547        4.28246        2.36455       0.814749              0              0              0              0      3985      3985
     1     68     60   4045     60      0      0      0     95      0      0      0      0      2        1.13547        1.13547        4.59853        2.19027       0.833479              0              0              0              0      4045      4045
     1     69     56   4101     60      0      0      4     99      0      0      0      0      2        1.13547        1.13547        5.06915        2.12193        0.82895              0              0              0              0      4101      4101
     1     70     56   4157     60      0      0      4    103      0      0      0      0      2        1.10222        1.10222        4.41819        2.12901       0.852147              0              0              0              0      4157      4157
     1     71     59   4216     60      0      0      1    104      0      0      0      0      2        1.10222        1.10222        3.59013        2.13473       0.659843              0              0              0              0      4216      4216
     1     72     56   4272     60      0      0      4    108      0      0      0      0      2        1.10222        1.10222         3.9238         2.0778       0.676658              0              0              0              0      4272      4272
     1     73     55   4327     60      0      0      5    113      0      0      0      0      2        1.10222        1.10222        3.94584         1.9873       0.675063              0              0              0              0      4327      4327
     1     74     60   4387     60      0      0      0    113      0      0      0      0      2        1.10222        1.10222        4.53301        1.92259       0.715945              0              0              0              0      4387      4387
     1     75     60   4447     60      0      0      0    113      0      0      0      0      2        1.07522        1.07522        5.36322        2.24531       0.937268              0              0              0              0      4447      4447
     1     76     57   4504     60      0      0      3    116      0      0      0      0      2        1.00041        1.00041        3.73318        1.98265       0.658816              0              0              0              0      4504      4504
     1     77     58   4562     60      0      0      2    118      0      0      0      0      2        1.00041        1.00041        3.51475        2.00125       0.643251              0              0              0              0      4562      4562
     1     78     57   4619     60      0      0      3    121      0      0      0      0      2       0.854659       0.854659        3.80784        2.17113       0.812869              0              0              0              0      4619      4619
     1     79     60   4679     60      0      0      0    121      0      0      0      0      2       0.854659       0.854659        4.04726        2.02352       0.758077              0              0              0              0      4679      4679
     1     80     56   4735     60      0      0      4    125      0      0      0      0      2       0.854659       0.854659        4.53614        1.82218       0.684195              0              0              0              0      4735      4735
     1     81     58   4793     60      0      0      2    127      0      0      0      0      2       0.854659       0.854659        4.18154        2.04681       0.818576              0              0              0              0      4793      4793
     1     82     59   4852     60      0      0      1    128      0      0      0      0      2       0.843257       0.843257        3.51118        1.79848       0.550577              0              0              0              0      4852      4852
     1     83     60   4912     60      0      0      0    128      0      0      0      0      2       0.834526       0.834526        3.70644        1.72756       0.789141              0              0              0              0      4912      4912
     1     84     58   4970     60      0      0      2    130      0      0      0      0      2       0.834526       0.834526        2.91944        1.63577       0.496129              0              0              0              0      4970      4970
     1     85     58   5028     60      0      0      2    132      0      0      0      0      2       0.834526       0.834526        4.62145        1.70341         0.8255              0              0              0              0      5028      5028
     1     86     59   5087     60      0      0      1    133      0      0      0      0      2       0.834526       0.834526        2.97174          1.509        0.51308              0              0              0              0      5087      5087
     1     87     60   5147     60      0      0      0    133      0      0      0      0      2       0.834526       0.834526        3.75803        1.64622       0.610441              0              0              0              0      5147      5147
     1     88     58   5205     60      0      0      2    135      0      0      0      0      2       0.834526       0.834526        2.84246        1.66299       0.485921              0              0              0              0      5205      5205
     1     89     59   5264     60      0      0      1    136      0      0      0      0      2       0.831814       0.831814        3.57402        1.75366       0.627539              0              0              0              0      5264      5264
     1     90     57   5321     60      0      0      3    139      0      0      0      0      2       0.825109       0.825109        4.38917        1.72042        0.79342              0              0              0              0      5321      5321
     1     91     59   5380     60      0      0      1    140      0      0      0      0      2       0.809463       0.809463        3.52424        1.66137       0.728138              0              0              0              0      5380      5380
     1     92     58   5438     60      0      0      2    142      0      0      0      0      2       0.777525       0.777525        3.82453        1.74444       0.791971              0              0              0              0      5438      5438
     1     93     58   5496     60      0      0      2    144      0      0      0      0      2       0.777525       0.777525        3.52991        1.67136       0.668052              0              0              0              0      5496      5496
     1     94     59   5555     60      0      0      1    145      0      0      0      0      2       0.772922       0.772922        3.36756         1.5865       0.587143              0              0              0              0      5555      5555
     1     95     58   5613     60      0      0      2    147      0      0      0      0      2       0.766138       0.766138        3.96706        1.57943       0.621372              0              0              0              0      5613      5613
     1     96     59   5672     60      0      0      1    148      0      0      0      0      2       0.734514       0.734514        2.52168        1.51855       0.502937              0              0              0              0      5672      5672
     1     97     58   5730     60      0      0      2    150      0      0      0      0      2       0.734514       0.734514        3.60371        1.63699       0.714794              0              0              0              0      5730      5730
     1     98     60   5790     60      0      0      0    150      0      0      0      0      2       0.685339       0.685339         3.1477        1.67139       0.666203              0              0              0              0      5790      5790
     1     99     58   5848     60      0      0      2    152      0      0      0      0      2       0.634944       0.634944        2.61273         1.3573       0.509922              0              0              0              0      5848      5848
     1    100     60   5908     60      0      0      0    152      0      0      0      0      2       0.632523       0.632523        3.28533        1.48904       0.650379              0              0              0              0      5908      5908
     1    101     58   5966     60      0      0      2    154      0      0      0      0      2       0.624775       0.624775        3.02557        1.28728       0.618974              0              0              0              0      5966      5966
     1    102     59   6025     60      0      0      1    155      0      0      0      0      2       0.601563       0.601563        3.71742        1.59455       0.797171              0              0              0              0      6025      6025
     1    103     57   6082     60      0      0      3    158      0      0      0      0      2       0.601563       0.601563        2.61223        1.36498       0.538258              0              0              0              0      6082      6082
     1    104     57   6139     60      0      0      3    161      0      0      0      0      2        0.57198        0.57198        2.62177        1.29736       0.558378              0              0              0              0      6139      6139
     1    105     59   6198     60      0      0      1    162      0      0      0      0      2        0.57198        0.57198         3.7672        1.31381       0.697454              0              0              0              0      6198      6198
     1    106     59   6257     60      0      0      1    163      0      0      0      0      2        0.57198        0.57198        3.53552        1.23636         0.6958              0              0              0              0      6257      6257
     1    107     59   6316     60      0      0      1    164      0      0      0      0      2       0.571447       0.571447        3.21069        1.28427       0.593223              0              0              0              0      6316      6316
     1    108     60   6376     60      0      0      0    164      0      0      0      0      2       0.532624       0.532624        3.02286        1.32632       0.600234              0              0              0              0      6376      6376
     1    109     60   6436     60      0      0      0    164      0      0      0      0      2       0.532624       0.532624        3.35997        1.59944       0.715017              0              0              0              0      6436      6436
     1    110     58   6494     60      0      0      2    166      0      0      0      0      2       0.532624       0.532624        4.03538        1.45243       0.841545              0              0              0              0      6494      6494
     1    111     55   6549     60      0      0      5    171      0      0      0      0      2       0.527048       0.527048         3.1292        1.25722       0.588662              0              0              0              0      6549      6549
     1    112     59   6608     60      0      0      1    172      0      0      0      0      2       0.527048       0.527048        3.14717        1.39953       0.540823              0              0              0              0      6608      6608
     1    113     59   6667     60      0      0      1    173      0      0      0      0      2       0.468876       0.468876        3.45901        1.51428       0.699115              0              0              0              0      6667      6667
     1    114     60   6727     60      0      0      0    173      0      0      0      0      2       0.463149       0.463149        3.29512        1.63198       0.710679              0              0              0              0      6727      6727
     1    115     60   6787     60      0      0      0    173      0      0      0      0      2       0.420999       0.420999        3.66163        1.59122       0.757323              0              0              0              0      6787      6787
     1    116     58   6845     60      0      0      2    175      0      0      0      0      2       0.419796       0.419796         3.4452          1.453       0.696169              0              0              0              0      6845      6845
     1    117     58   6903     60      0      0      2    177      0      0      0      0      2       0.403878       0.403878         3.5646        1.17369       0.631974              0              0              0              0      6903      6903
     1    118     60   6963     60      0      0      0    177      0      0      0      0      2       0.403878       0.403878        3.53109        1.32113       0.565022              0              0              0              0      6963      6963
     1    119     57   7020     60      0      0      3    180      0      0      0      0      2       0.403878       0.403878        2.64057        1.33774       0.592279              0              0              0              0      7020      7020
     1    120     59   7079     60      0      0      1    181      0      0      0      0      2       0.403878       0.403878        2.56974        1.36477       0.615433              0              0              0              0      7079      7079
     1    121     57   7136     60      0      0      3    184      0      0      0      0      2       0.403878       0.403878        2.94639        1.19679       0.476387              0              0              0              0      7136      7136
     1    122     59   7195     60      0      0      1    185      0      0      0      0      2       0.378604       0.378604        3.17054        1.31008       0.508593              0              0              0              0      7195      7195
     1    123     59   7254     60      0      0      1    186      0      0      0      0      2       0.378604       0.378604        2.45389        1.35326       0.471486              0              0              0              0      7254      7254
     1    124     60   7314     60      0      0      0    186      0      0      0      0      2       0.339891       0.339891        2.70178        1.41984       0.548745              0              0              0              0      7314      7314
     1    125     59   7373     60      0      0      1    187      0      0      0      0      2       0.339891       0.339891        2.94767        1.31464       0.611756              0              0              0              0      7373      7373
     1    126     59   7432     60      0      0      1    188      0      0      0      0      2       0.308301       0.308301        2.06354        1.05577       0.404716              0              0              0              0      7432      7432
     1    127     60   7492     60      0      0      0    188      0      0      0      0      2       0.308301       0.308301        2.23416        1.13584       0.433841              0              0              0              0      7492      7492
     1    128     57   7549     60      0      0      3    191      0      0      0      0      2       0.308301       0.308301        2.93918        1.22006       0.483538              0              0              0              0      7549      7549
     1    129     60   7609     60      0      0      0    191      0      0      0      0      2       0.308301       0.308301        3.35737        1.34629       0.570744              0              0              0              0      7609      7609
     1    130     60   7669     60      0      0      0    191      0      0      0      0      2       0.308301       0.308301        2.87854         1.4117       0.571203              0              0              0              0      7669      7669
     1    131     57   7726     60      0      0      3    194      0      0      0      0      2       0.308301       0.308301        2.27528        1.18137       0.489891              0              0              0              0      7726      7726
     1    132     58   7784     60      0      0      2    196      0      0      0      0      2       0.308301       0.308301        2.39255         1.1213       0.658096              0              0              0              0      7784      7784
     1    133     59   7843     60      0      0      1    197      0      0      0      0      2        0.29054        0.29054        2.51106       0.972907       0.586488              0              0              0              0      7843      7843
     1    134     59   7902     60      0      0      1    198      0      0      0      0      2       0.287983       0.287983         1.6357       0.741818       0.396558              0              0              0              0      7902      7902
     1    135     57   7959     60      0      0      3    201      0      0      0      0      2       0.283743       0.283743        1.99662       0.759072       0.411415              0              0              0              0      7959      7959
     1    136     58   8017     60      0      0      2    203      0      0      0      0      2        0.26689        0.26689        2.75247       0.915113       0.564431              0              0              0              0      8017      8017
     1    137     60   8077     60      0      0      0    203      0      0      0      0      2        0.26689        0.26689        1.70678       0.850702        0.32466              0              0              0              0      8077      8077
     1    138     59   8136     60      0      0      1    204      0      0      0      0      2       0.250892       0.250892        1.70328       0.891414       0.384336              0              0              0              0      8136      8136
     1    139     59   8195     60      0      0      1    205      0      0      0      0      2       0.243181       0.243181        1.66112       0.874412       0.389642              0              0              0              0      8195      8195
     1    140     59   8254     60      0      0      1    206      0      0      0      0      2       0.243181       0.243181        1.89841       0.730165       0.394419              0              0              0              0      8254      8254
     1    141     58   8312     60      0      0      2    208      0      0      0      0      2       0.243181       0.243181        1.85369       0.779378       0.442737              0              0              0              0      8312      8312
     1    142     59   8371     60      0      0      1    209      0      0      0      0      2       0.243181       0.243181        3.20727       0.910607        0.55046              0              0              0              0      8371      8371
     1    143     58   8429     60      0      0      2    211      0      0      0      0      2       0.226474       0.226474        1.92447       0.812032       0.397948              0              0              0              0      8429      8429
     1    144     55   8484     60      0      0      5    216      0      0      0      0      2       0.226474       0.226474         2.0741       0.882639        0.46438              0              0              0              0      8484      8484
     1    145     59   8543     60      0      0      1    217      0      0      0      0      2       0.226474       0.226474        2.76216       0.865999        0.48055              0              0              0              0      8543      8543
     1    146     59   8602     60      0      0      1    218      0      0      0      0      2       0.226474       0.226474        2.21208       0.685033       0.427046              0              0              0              0      8602      8602
     1    147     59   8661     60      0      0      1    219      0      0      0      0      2       0.226474       0.226474        2.59134       0.761754       0.466238              0              0              0              0      8661      8661
     1    148     56   8717     60      0      0      4    223      0      0      0      0      2       0.226474       0.226474         2.7162       0.796934       0.599955              0              0              0              0      8717      8717
     1    149     60   8777     60      0      0      0    223      0      0      0      0      2       0.205206       0.205206        1.78683       0.700972       0.410113              0              0              0              0      8777      8777
     1    150     60   8837     60      0      0      0    223      0      0      0      0      2       0.195141       0.195141        1.20204       0.608393       0.265914              0              0              0              0      8837      8837
     1    151     57   8894     60      0      0      3    226      0      0      0      0      2       0.183091       0.183091        1.61222       0.659036       0.323101              0              0              0              0      8894      8894
     1    152     59   8953     60      0      0      1    227      0      0      0      0      2       0.177975       0.177975        1.96921       0.784514       0.424236              0              0              0              0      8953      8953
     1    153     58   9011     60      0      0      2    229      0      0      0      0      2        0.17026        0.17026        1.79759       0.709003        0.40854              0              0              0              0      9011      9011
     1    154     58   9069     60      0      0      2    231      0      0      0      0      2        0.17026        0.17026        2.48981        0.72999       0.535479              0              0              0              0      9069      9069
     1    155     58   9127     60      0      0      2    233      0      0      0      0      2       0.159315       0.159315        1.66864        0.69121       0.361403              0              0              0              0      9127      9127
     1    156     60   9187     60      0      0      0    233      0      0      0      0      2       0.159315       0.159315        1.62346       0.767322       0.380389              0              0              0              0      9187      9187
     1    157     58   9245     60      0      0      2    235      0      0      0      0      2       0.159315       0.159315        1.57605       0.761655       0.380173              0              0              0              0      9245      9245
     1    158     55   9300     60      0      0      5    240      0      0      0      0      2        0.14356        0.14356        1.31649       0.551608       0.274313              0              0              0              0      9300      9300
     1    159     57   9357     60      0      0      3    243      0      0      0      0      2        0.14356        0.14356        1.30809       0.542066       0.263227              0              0              0              0      9357      9357
     1    160     59   9416     60      0      0      1    244      0      0      0      0      2        0.14356        0.14356        1.42276         0.6041       0.284534              0              0              0              0      9416      9416
     1    161     56   9472     60      0      0      4    248      0      0      0      0      2        0.14356        0.14356        1.58285       0.624519       0.284548              0              0              0              0      9472      9472
     1    162     57   9529     60      0      0      3    251      0      0      0      0      2        0.14356        0.14356         1.2743       0.511239       0.279124              0              0              0              0      9529      9529
     1    163     57   9586     60      0      0      3    254      0      0      0      0      2        0.14356        0.14356        1.23971       0.480534       0.273737              0              0              0              0      9586      9586
     1    164     59   9645     60      0      0      1    255      0      0      0      0      2        0.14356        0.14356        1.30212       0.475196       0.261614              0              0              0              0      9645      9645
     1    165     58   9703     60      0      0      2    257      0      0      0      0      2        0.14356        0.14356        1.40733       0.493561       0.278727              0              0              0              0      9703      9703
     1    166     58   9761     60      0      0      2    259      0      0      0      0      2       0.130657       0.130657       0.984951       0.438415        0.17425              0              0              0              0      9761      9761
     1    167     55   9816     60      0      0      5    264      0      0      0      0      2       0.130657       0.130657       0.928023       0.390378       0.187115              0              0              0              0      9816      9816
     1    168     58   9874     60      0      0      2    266      0      0      0      0      2       0.130657       0.130657       0.651933       0.350598       0.137463              0              0              0              0      9874      9874
     1    169     58   9932     60      0      0      2    268      0      0      0      0      2       0.130657       0.130657       0.733086       0.325482       0.142268              0              0              0              0      9932      9932
     1    170     58   9990     60      0      0      2    270      0      0      0      0      2       0.112691       0.112691       0.639695       0.301035       0.122531              0              0              0              0      9990      9990
     1    171     10  10000     12      0      0      1    271      0      0      0      0      2       0.112691       0.112691       0.591316       0.274048       0.153357              0              0              0              0     10000     10000
