     1      0     60     60     60      0      0      0      0      0      0      0      0      2         7.0212         7.0212         19.743        12.5449        3.48063              0              0              0              0        60        60
     1      1     59    119     60      0      0      1      1      0      0      0      0      2        6.62964        6.62964        19.2394        11.2839        3.09829              0              0              0              0       119       119
     1      2     59    178     60      0      0      1      2      0      0      0      0      2        6.62964        6.62964        17.0572        10.5008        2.30581              0              0              0              0       178       178
     1      3     58    236     60      0      0      2      4      0      0      0      0      2        6.62964        6.62964        11.5092        9.02199        1.03797              0              0              0              0       236       236
     1      4     58    294     60      0      0      2      6      0      0      0      0      2        6.17501        6.17501        10.4446        8.48653       0.884814              0              0              0              0       294       294
     1      5     59    353     60      0      0      1      7      0      0      0      0      2        5.62642        5.62642        11.5317         8.2577          1.166              0              0              0              0       353       353
     1      6     60    413     60      0      0      0      7      0      0      0      0      2        5.15155        5.15155        11.0878        7.66234        1.34697              0              0              0              0       413       413
     1      7     59    472     60      0      0      1      8      0      0      0      0      2        5.15155        5.15155        10.7184        7.48113        1.38441              0              0              0              0       472       472
     1      8     59    531     60      0      0      1      9      0      0      0      0      2        5.15155        5.15155        8.59398         6.5256       0.684392              0              0              0              0       531       531
     1      9     58    589     60      0      0      2     11      0      0      0      0      2        4.93998        4.93998        9.87016        6.45487       0.876988              0              0              0              0       589       589
     1     10     58    647     60      0      0      2     13      0      0      0      0      2        4.28524        4.28524        8.35077        6.17381       0.817008              0              0              0              0       647       647
     1     11     60    707     60      0      0      0     13      0      0      0      0      2        3.95834        3.95834        8.87627        5.92772        1.03492              0              0              0              0       707       707
     1     12     58    765     60      0      0      2     15      0      0      0      0      2         3.6354         3.6354        9.20437         5.8662        1.03752              0              0              0              0       765       765
     1     13     58    823     60      0      0      2     17      0      0      0      0      2         3.6354         3.6354        7.82513        5.37291       0.978399              0              0              0              0       823       823
     1     14     58    881     60      0      0      2     19      0      0      0      0      2        3.41552        3.41552        7.22219        5.29959       0.920933              0              0              0              0       881       881
     1     15     57    938     60      0      0      3     22      0      0      0      0      2        3.41552        3.41552        10.5314        5.26319        1.17246              0              0              0              0       938       938
     1     16     59    997     60      0      0      1     23      0      0      0      0      2        3.41552        3.41552         7.2848        4.82238       0.951908              0              0              0              0       997       997
     1     17     58   1055     60      0      0      2     25      0      0      0      0      2        3.21872        3.21872        6.79269         4.7326       0.798821              0              0              0              0      1055      1055
     1     18     59   1114     60      0      0      1     26      0      0      0      0      2        3.13574        3.13574        7.29555        4.62806        1.03627              0              0              0              0      1114      1114
     1     19     55   1169     60      0      0      5     31      0      0      0      0      2         2.9805         2.9805        7.40734        4.16934        1.03384              0              0              0              0      1169      1169
     1     20     60   1229     60      0      0      0     31      0      0      0      0      2        2.72136        2.72136        8.33133        3.86103       0.862673              0              0              0              0      1229      1229
     1     21     58   1287     60      0      0      2     33      0      0      0      0      2        2.72136        2.72136        10.7476        3.96962        1.43156              0              0              0              0      1287      1287
     1     22     57   1344     60      0      0      3     36      0      0      0      0      2        2.58253        2.58253        5.32754        3.61086       0.590288              0              0              0              0      1344      1344
     1     23     59   1403     60      0      0      1     37      0      0      0      0      2        2.14809        2.14809        4.61987         3.5186       0.631406              0              0              0              0      1403      1403
     1     24     60   1463     60      0      0      0     37      0      0      0      0      2        2.13819        2.13819        6.97071        3.63998       0.990948              0              0              0              0      1463      1463
     1     25     60   1523     60      0      0      0     37      0      0      0      0      2        2.08527        2.08527         5.1119        3.41118        0.86232              0              0              0              0      1523      1523
     1     26     60   1583     60      0      0      0     37      0      0      0      0      2        1.95972        1.95972        9.22269         3.1995        1.21792              0              0              0              0      1583      1583
     1     27     59   1642     60      0      0      1     38      0      0      0      0      2        1.95926        1.95926        3.89578        2.77491       0.412066              0              0              0              0      1642      1642
     1     28     60   1702     60      0      0      0     38      0      0      0      0      2        1.87833        1.87833        4.02123        2.78052       0.504495              0              0              0              0      1702      1702
     1     29     59   1761     60      0      0      1     39      0      0      0      0      2        1.87833        1.87833        7.77381        2.98335       0.900189              0              0              0              0      1761      1761
     1     30     58   1819     60      0      0      2     41      0      0      0      0      2          1.857          1.857        10.2284        3.19497        1.79885              0              0              0              0      1819      1819
     1     31     59   1878     60      0      0      1     42      0      0      0      0      2          1.857          1.857        6.26799        2.72018        1.01422              0              0              0              0      1878      1878
     1     32     60   1938     60      0      0      0     42      0      0      0      0      2        1.84878        1.84878        5.54556        2.73882       0.691036              0              0              0              0      1938      1938
     1     33     58   1996     60      0      0      2     44      0      0      0      0      2        1.81154        1.81154         4.9222        2.59226       0.591216              0              0              0              0      1996      1996
     1     34     58   2054     60      0      0      2     46      0      0      0      0      2        1.77494        1.77494        4.13548        2.69171       0.565944              0              0              0              0      2054      2054
     1     35     58   2112     60      0      0      2     48      0      0      0      0      2        1.77494        1.77494        5.38647        2.84077       0.793919              0              0              0              0      2112      2112
     1     36     60   2172     60      0      0      0     48      0      0      0      0      2        1.77494        1.77494        10.7673        2.89761        1.40661              0              0              0              0      2172      2172
     1     37     59   2231     60      0      0      1     49      0      0      0      0      2        1.67491        1.67491        4.07078        2.53166        0.61868              0              0              0              0      2231      2231
     1     38     58   2289     60      0      0      2     51      0      0      0      0      2        1.67491        1.67491        5.67304        2.43343       0.649918              0              0              0              0      2289      2289
     1     39     58   2347     60      0      0      2     53      0      0      0      0      2        1.59892        1.59892        3.45641        2.51793       0.476838              0              0              0              0      2347      2347
     1     40     57   2404     60      0      0      3     56      0      0      0      0      2        1.59892        1.59892        4.03171        2.64293       0.652202              0              0              0              0      2404      2404
     1     41     60   2464     60      0      0      0     56      0      0      0      0      2        1.54691        1.54691        7.26687         2.6398       0.889071              0              0              0              0      2464      2464
     1     42     59   2523     60      0      0      1     57      0      0      0      0      2        1.54012        1.54012        3.49337        2.49089       0.596549              0              0              0              0      2523      2523
     1     43     58   2581     60      0      0      2     59      0      0      0      0      2        1.54012        1.54012        3.97752        2.63004       0.617142              0              0              0              0      2581      2581
     1     44     54   2635     60      0      0      6     65      0      0      0      0      2        1.54012        1.54012        4.49358        2.50048       0.723119              0              0              0              0      2635      2635
     1     45     58   2693     60      0      0      2     67      0      0      0      0      2        1.46752        1.46752        8.82785        2.70831        1.24722              0              0              0              0      2693      2693
     1     46     60   2753     60      0      0      0     67      0      0      0      0      2        1.46752        1.46752        8.89818        3.03722        1.27239              0              0              0              0      2753      2753
     1     47     59   2812     60      0      0      1     68      0      0      0      0      2        1.46752        1.46752        5.44614        2.78687       0.783798              0              0              0              0      2812      2812
     1     48     58   2870     60      0      0      2     70      0      0      0      0      2        1.46398        1.46398        9.09426        2.84597        1.43271              0              0              0              0      2870      2870
     1     49     56   2926     60      0      0      4     74      0      0      0      0      2        1.37894        1.37894        4.98837        2.36997       0.716613              0              0              0              0      2926      2926
     1     50     58   2984     60      0      0      2     76      0      0      0      0      2        1.37543        1.37543        7.05955        2.18079       0.814981              0              0              0              0      2984      2984
     1     51     59   3043     60      0      0      1     77      0      0      0      0      2        1.35194        1.35194        4.77635        2.33554       0.672888              0              0              0              0      3043      3043
     1     52     60   3103     60      0      0      0     77      0      0      0      0      2        1.21726        1.21726        4.43757        2.31045       0.715387              0              0              0              0      3103      3103
     1     53     60   3163     60      0      0      0     77      0      0      0      0      2        1.18014        1.18014        7.30543        2.43798       0.909763              0              0              0              0      3163      3163
     1     54     58   3221     60      0      0      2     79      0      0      0      0      2        1.07221        1.07221        7.55346        2.41025        1.14304              0              0              0              0      3221      3221
     1     55     58   3279     60      0      0      2     81      0      0      0      0      2        1.07221        1.07221        4.01506        2.25078        0.71239              0              0              0              0      3279      3279
     1     56     58   3337     60      0      0      2     83      0      0      0      0      2        1.07221        1.07221        5.11678        2.04127       0.881525              0              0              0              0      3337      3337
     1     57     59   3396     60      0      0      1     84      0      0      0      0      2        1.07221        1.07221         9.0652        2.06754        1.42548              0              0              0              0      3396      3396
     1     58     59   3455     60      0      0      1     85      0      0      0      0      2        1.07221        1.07221        3.54433        1.98222       0.644059              0              0              0              0      3455      3455
     1     59     59   3514     60      0      0      1     86      0      0      0      0      2        1.07221        1.07221        5.21916        2.04889       0.880168              0              0              0              0      3514      3514
     1     60     58   3572     60      0      0      2     88      0      0      0      0      2        1.03515        1.03515          3.388        1.97285       0.588606              0              0              0              0      3572      3572
     1     61     59   3631     60      0      0      1     89      0      0      0      0      2        1.00442        1.00442        3.57004         2.0549       0.596205              0              0              0              0      3631      3631
     1     62     57   3688     60      0      0      3     92      0      0      0      0      2        0.94968        0.94968        3.04255         1.8379       0.584973              0              0              0              0      3688      3688
     1     63     58   3746     60      0      0      2     94      0      0      0      0      2        0.87339        0.87339        4.86288        1.56782       0.668425              0              0              0              0      3746      3746
     1     64     59   3805     60      0      0      1     95      0      0      0      0      2       0.830674       0.830674        7.32407        1.51975       0.894406              0              0              0              0      3805      3805
     1     65     58   3863     60      0      0      2     97      0      0      0      0      2       0.830674       0.830674        9.55282        2.21792        2.02699              0              0              0              0      3863      3863
     1     66     60   3923     60      0      0      0     97      0      0      0      0      2       0.782608       0.782608        3.09908        1.48281       0.444928              0              0              0              0      3923      3923
     1     67     58   3981     60      0      0      2     99      0      0      0      0      2       0.750253       0.750253        5.78556        1.85203       0.973984              0              0              0              0      3981      3981
     1     68     60   4041     60      0      0      0     99      0      0      0      0      2       0.750253       0.750253        4.16126        1.63902       0.688817              0              0              0              0      4041      4041
     1     69     56   4097     60      0      0      4    103      0      0      0      0      2       0.716369       0.716369         4.3212        1.64794       0.739961              0              0              0              0      4097      4097
     1     70     55   4152     60      0      0      5    108      0      0      0      0      2       0.716369       0.716369         4.4098        1.53958       0.729174              0              0              0              0      4152      4152
     1     71     59   4211     60      0      0      1    109      0      0      0      0      2       0.712914       0.712914        2.74445        1.58198       0.588788              0              0              0              0      4211      4211
     1     72     56   4267     60      0      0      4    113      0      0      0      0      2       0.712914       0.712914        9.67556        1.73298        1.24031              0              0              0              0      4267      4267
     1     73     56   4323     60      0      0      4    117      0      0      0      0      2       0.712914       0.712914        3.16354        1.51558       0.595549              0              0              0              0      4323      4323
     1     74     59   4382     60      0      0      1    118      0      0      0      0      2       0.712914       0.712914        4.52551        1.59707        0.73983              0              0              0              0      4382      4382
     1     75     60   4442     60      0      0      0    118      0      0      0      0      2       0.707941       0.707941        4.38329         1.7639       0.818663              0              0              0              0      4442      4442
     1     76     57   4499     60      0      0      3    121      0      0      0      0      2        0.70276        0.70276        7.48921        1.72582       0.933129              0              0              0              0      4499      4499
     1     77     58   4557     60      0      0      2    123      0      0      0      0      2       0.693833       0.693833        3.27619        1.63707       0.604738              0              0              0              0      4557      4557
     1     78     57   4614     60      0      0      3    126      0      0      0      0      2       0.693833       0.693833        7.93503         1.7672        1.07848              0              0              0              0      4614      4614
     1     79     60   4674     60      0      0      0    126      0      0      0      0      2       0.632036       0.632036        3.42753        1.61657       0.663247              0              0              0              0      4674      4674
     1     80     56   4730     60      0      0      4    130      0      0      0      0      2       0.632036       0.632036        3.00619          1.468       0.628223              0              0              0              0      4730      4730
     1     81     58   4788     60      0      0      2    132      0      0      0      0      2       0.565531       0.565531        3.26594        1.45994       0.600103              0              0              0              0      4788      4788
     1     82     58   4846     60      0      0      2    134      0      0      0      0      2       0.560416       0.560416        4.83605        1.38762       0.656778              0              0              0              0      4846      4846
     1     83     60   4906     60      0      0      0    134      0      0      0      0      2       0.540525       0.540525        2.78229        1.29917       0.541143              0              0              0              0      4906      4906
     1     84     53   4959     60      0      0      7    141      0      0      0      0      2       0.540525       0.540525        2.37242        1.24901       0.533709              0              0              0              0      4959      4959
     1     85     57   5016     60      0      0      3    144      0      0      0      0      2       0.475118       0.475118        7.45923        1.31368         1.0103              0              0              0              0      5016      5016
     1     86     59   5075     60      0      0      1    145      0      0      0      0      2       0.475118       0.475118         2.2744         1.0194       0.402464              0              0              0              0      5075      5075
     1     87     60   5135     60      0      0      0    145      0      0      0      0      2       0.475118       0.475118        5.80408        1.32446       0.944219              0              0              0              0      5135      5135
     1     88     58   5193     60      0      0      2    147      0      0      0      0      2       0.475118       0.475118         6.6402        1.39767        0.99629              0              0              0              0      5193      5193
     1     89     59   5252     60      0      0      1    148      0      0      0      0      2         0.4374         0.4374        2.43199        1.26526       0.512123              0              0              0              0      5252      5252
     1     90     57   5309     60      0      0      3    151      0      0      0      0      2         0.4374         0.4374        2.41528        1.19698       0.491239              0              0              0              0      5309      5309
     1     91     59   5368     60      0      0      1    152      0      0      0      0      2         0.4374         0.4374        3.64929        1.30003       0.631535              0              0              0              0      5368      5368
     1     92     58   5426     60      0      0      2    154      0      0      0      0      2         0.4374         0.4374        3.16122        1.45808       0.721015              0              0              0              0      5426      5426
     1     93     58   5484     60      0      0      2    156      0      0      0      0      2         0.4374         0.4374        2.44711        1.33118       0.485489              0              0              0              0      5484      5484
     1     94     60   5544     60      0      0      0    156      0      0      0      0      2         0.4374         0.4374        2.31569         1.2639        0.50956              0              0              0              0      5544      5544
     1     95     59   5603     60      0      0      1    157      0      0      0      0      2         0.4374         0.4374        6.34685        1.29153       0.924921              0              0              0              0      5603      5603
     1     96     59   5662     60      0      0      1    158      0      0      0      0      2       0.415832       0.415832        2.42613        1.19392       0.488448              0              0              0              0      5662      5662
     1     97     59   5721     60      0      0      1    159      0      0      0      0      2       0.415832       0.415832        7.53409        1.53408        1.04853              0              0              0              0      5721      5721
     1     98     60   5781     60      0      0      0    159      0      0      0      0      2       0.415832       0.415832        2.60811        1.37453       0.586865              0              0              0              0      5781      5781
     1     99     59   5840     60      0      0      1    160      0      0      0      0      2       0.409529       0.409529        2.50766        1.09747       0.524714              0              0              0              0      5840      5840
     1    100     60   5900     60      0      0      0    160      0      0      0      0      2       0.409529       0.409529        3.80725        1.27047       0.587499              0              0              0              0      5900      5900
     1    101     58   5958     60      0      0      2    162      0      0      0      0      2       0.409529       0.409529        2.53384        1.23977       0.536788              0              0              0              0      5958      5958
     1    102     60   6018     60      0      0      0    162      0      0      0      0      2       0.405083       0.405083        2.80535        1.46754       0.612435              0              0              0              0      6018      6018
     1    103     57   6075     60      0      0      3    165      0      0      0      0      2       0.405083       0.405083        5.75018        1.38691       0.863793              0              0              0              0      6075      6075
     1    104     58   6133     60      0      0      2    167      0      0      0      0      2       0.405083       0.405083        2.69542        1.27355       0.594944              0              0              0              0      6133      6133
     1    105     59   6192     60      0      0      1    168      0      0      0      0      2       0.405083       0.405083        2.74044        1.17238       0.525662              0              0              0              0      6192      6192
     1    106     59   6251     60      0      0      1    169      0      0      0      0      2       0.405083       0.405083        7.00649        1.28786        1.16747              0              0              0              0      6251      6251
     1    107     60   6311     60      0      0      0    169      0      0      0      0      2       0.354878       0.354878        2.92591        1.21883       0.576897              0              0              0              0      6311      6311
     1    108     58   6369     60      0      0      2    171      0      0      0      0      2       0.344667       0.344667        2.60855        1.18243       0.545683              0              0              0              0      6369      6369
     1    109     60   6429     60      0      0      0    171      0      0      0      0      2       0.344667       0.344667        2.19451        1.23745       0.475159              0              0              0              0      6429      6429
     1    110     58   6487     60      0      0      2    173      0      0      0      0      2       0.344667       0.344667        2.86283        1.30842       0.600516              0              0              0              0      6487      6487
     1    111     55   6542     60      0      0      5    178      0      0      0      0      2       0.333705       0.333705        5.99764        1.31516       0.901676              0              0              0              0      6542      6542
     1    112     60   6602     60      0      0      0    178      0      0      0      0      2       0.333705       0.333705        5.08025        1.55455       0.897957              0              0              0              0      6602      6602
     1    113     59   6661     60      0      0      1    179      0      0      0      0      2       0.333705       0.333705        7.12105        1.66362       0.995614              0              0              0              0      6661      6661
     1    114     60   6721     60      0      0      0    179      0      0      0      0      2       0.333705       0.333705        3.68943        1.67996       0.861885              0              0              0              0      6721      6721
     1    115     60   6781     60      0      0      0    179      0      0      0      0      2       0.308522       0.308522        2.88267        1.52615       0.662298              0              0              0              0      6781      6781
     1    116     59   6840     60      0      0      1    180      0      0      0      0      2       0.308522       0.308522        5.06071        1.40493       0.882995              0              0              0              0      6840      6840
     1    117     60   6900     60      0      0      0    180      0      0      0      0      2       0.308522       0.308522        2.60762        1.14348       0.532514              0              0              0              0      6900      6900
     1    118     60   6960     60      0      0      0    180      0      0      0      0      2       0.308522       0.308522        3.55487        1.18807        0.46043              0              0              0              0      6960      6960
     1    119     57   7017     60      0      0      3    183      0      0      0      0      2       0.303816       0.303816        2.61467        1.17815       0.398803              0              0              0              0      7017      7017
     1    120     59   7076     60      0      0      1    184      0      0      0      0      2       0.303816       0.303816        2.38242        1.28294       0.447868              0              0              0              0      7076      7076
     1    121     57   7133     60      0      0      3    187      0      0      0      0      2       0.303816       0.303816         2.0162        1.13742       0.381237              0              0              0              0      7133      7133
     1    122     59   7192     60      0      0      1    188      0      0      0      0      2       0.303816       0.303816        4.61255        1.35825       0.654547              0              0              0              0      7192      7192
     1    123     59   7251     60      0      0      1    189      0      0      0      0      2       0.303816       0.303816        2.33258        1.32046       0.459023              0              0              0              0      7251      7251
     1    124     60   7311     60      0      0      0    189      0      0      0      0      2       0.303816       0.303816        3.08625        1.45337       0.583827              0              0              0              0      7311      7311
     1    125     59   7370     60      0      0      1    190      0      0      0      0      2       0.264471       0.264471        2.43132        1.26986       0.530849              0              0              0              0      7370      7370
     1    126     59   7429     60      0      0      1    191      0      0      0      0      2       0.255657       0.255657         1.8496       0.932607       0.402091              0              0              0              0      7429      7429
     1    127     60   7489     60      0      0      0    191      0      0      0      0      2       0.255657       0.255657        2.11937       0.885527       0.451571              0              0              0              0      7489      7489
     1    128     58   7547     60      0      0      2    193      0      0      0      0      2       0.254263       0.254263        2.12289       0.886822       0.451912              0              0              0              0      7547      7547
     1    129     60   7607     60      0      0      0    193      0      0      0      0      2        0.23871        0.23871        1.95578       0.817092       0.420153              0              0              0              0      7607      7607
     1    130     60   7667     60      0      0      0    193      0      0      0      0      2       0.164339       0.164339        1.83644       0.914491       0.411717              0              0              0              0      7667      7667
     1    131     57   7724     60      0      0      3    196      0      0      0      0      2       0.164339       0.164339        1.91528       0.759331       0.413964              0              0              0              0      7724      7724
     1    132     58   7782     60      0      0      2    198      0      0      0      0      2       0.164339       0.164339        3.70061        0.88387       0.735145              0              0              0              0      7782      7782
     1    133     60   7842     60      0      0      0    198      0      0      0      0      2       0.160326       0.160326        2.98956       0.755404       0.587041              0              0              0              0      7842      7842
     1    134     60   7902     60      0      0      0    198      0      0      0      0      2       0.160326       0.160326        2.27723       0.572692       0.402191              0              0              0              0      7902      7902
     1    135     57   7959     60      0      0      3    201      0      0      0      0      2       0.159285       0.159285        1.38896       0.557433       0.339237              0              0              0              0      7959      7959
     1    136     58   8017     60      0      0      2    203      0      0      0      0      2       0.159285       0.159285        3.19494       0.763015       0.565968              0              0              0              0      8017      8017
     1    137     60   8077     60      0      0      0    203      0      0      0      0      2       0.159285       0.159285         2.6065        0.70344       0.427424              0              0              0              0      8077      8077
     1    138     59   8136     60      0      0      1    204      0      0      0      0      2       0.150752       0.150752         1.5578       0.653879        0.32219              0              0              0              0      8136      8136
     1    139     59   8195     60      0      0      1    205      0      0      0      0      2       0.150752       0.150752        1.27726       0.562027        0.32463              0              0              0              0      8195      8195
     1    140     59   8254     60      0      0      1    206      0      0      0      0      2       0.141158       0.141158        1.08838       0.456146       0.265492              0              0              0              0      8254      8254
     1    141     57   8311     60      0      0      3    209      0      0      0      0      2       0.141158       0.141158        1.52937       0.490761       0.291774              0              0              0              0      8311      8311
     1    142     59   8370     60      0      0      1    210      0      0      0      0      2       0.141158       0.141158        2.06723       0.652929       0.461379              0              0              0              0      8370      8370
     1    143     58   8428     60      0      0      2    212      0      0      0      0      2       0.137659       0.137659        1.62535       0.614401       0.370438              0              0              0              0      8428      8428
     1    144     55   8483     60      0      0      5    217      0      0      0      0      2        0.13347        0.13347        3.15072       0.675635       0.507919              0              0              0              0      8483      8483
     1    145     59   8542     60      0      0      1    218      0      0      0      0      2      0.0873517      0.0873517        2.05311       0.668372       0.413231              0              0              0              0      8542      8542
     1    146     59   8601     60      0      0      1    219      0      0      0      0      2      0.0843553      0.0843553        3.42353        0.63432       0.491319              0              0              0              0      8601      8601
     1    147     59   8660     60      0      0      1    220      0      0      0      0      2      0.0843553      0.0843553        1.37725       0.605135       0.311028              0              0              0              0      8660      8660
     1    148     56   8716     60      0      0      4    224      0      0      0      0      2      0.0843553      0.0843553        3.72761       0.655855       0.587154              0              0              0              0      8716      8716
     1    149     60   8776     60      0      0      0    224      0      0      0      0      2      0.0843553      0.0843553        1.62948       0.564855       0.392645              0              0              0              0      8776      8776
     1    150     60   8836     60      0      0      0    224      0      0      0      0      2      0.0674078      0.0674078        1.09209        0.41546       0.263777              0              0              0              0      8836      8836
     1    151     57   8893     60      0      0      3    227      0      0      0      0      2      0.0655828      0.0655828        1.40734       0.430434       0.293843              0              0              0              0      8893      8893
     1    152     59   8952     60      0      0      1    228      0      0      0      0      2      0.0655828      0.0655828        2.71177       0.567251        0.41459              0              0              0              0      8952      8952
     1    153     56   9008     60      0      0      4    232      0      0      0      0      2      0.0655828      0.0655828        4.12633         0.6142       0.725429              0              0              0              0      9008      9008
     1    154     58   9066     60      0      0      2    234      0      0      0      0      2      0.0648981      0.0648981        3.72052       0.656631       0.754749              0              0              0              0      9066      9066
     1    155     58   9124     60      0      0      2    236      0      0      0      0      2      0.0633308      0.0633308        2.55288       0.603875       0.456516              0              0              0              0      9124      9124
     1    156     60   9184     60      0      0      0    236      0      0      0      0      2      0.0633308      0.0633308         3.0874        0.68673       0.511792              0              0              0              0      9184      9184
     1    157     57   9241     60      0      0      3    239      0      0      0      0      2      0.0633308      0.0633308        2.79558       0.642357        0.44527              0              0              0              0      9241      9241
     1    158     55   9296     60      0      0      5    244      0      0      0      0      2      0.0633308      0.0633308        3.05433       0.694252       0.567474              0              0              0              0      9296      9296
     1    159     56   9352     60      0      0      4    248      0      0      0      0      2      0.0633308      0.0633308        1.17029       0.563648       0.293565              0              0              0              0      9352      9352
     1    160     58   9410     60      0      0      2    250      0      0      0      0      2      0.0633308      0.0633308        1.14779       0.516588       0.314996              0              0              0              0      9410      9410
     1    161     56   9466     60      0      0      4    254      0      0      0      0      2      0.0633308      0.0633308        1.28973       0.514226       0.322807              0              0              0              0      9466      9466
     1    162     57   9523     60      0      0      3    257      0      0      0      0      2      0.0633308      0.0633308        1.62998       0.509401       0.329836              0              0              0              0      9523      9523
     1    163     57   9580     60      0      0      3    260      0      0      0      0      2      0.0612414      0.0612414        1.52898       0.450137       0.330247              0              0              0              0      9580      9580
     1    164     59   9639     60      0      0      1    261      0      0      0      0      2      0.0612414      0.0612414        1.30269       0.343494       0.212623              0              0              0              0      9639      9639
     1    165     58   9697     60      0      0      2    263      0      0      0      0      2      0.0612414      0.0612414       0.893141       0.373117       0.208464              0              0              0              0      9697      9697
     1    166     58   9755     60      0      0      2    265      0      0      0      0      2      0.0612414      0.0612414       0.958001       0.373466       0.168422              0              0              0              0      9755      9755
     1    167     56   9811     60      0      0      4    269      0      0      0      0      2      0.0612414      0.0612414       0.958001       0.339981       0.188314              0              0              0              0      9811      9811
     1    168     58   9869     60      0      0      2    271      0      0      0      0      2      0.0612414      0.0612414       0.661522       0.294954       0.133345              0              0              0              0      9869      9869
     1    169     58   9927     60      0      0      2    273      0      0      0      0      2       0.056012       0.056012        1.54071       0.273931       0.196955              0              0              0              0      9927      9927
     1    170     58   9985     60      0      0      2    275      0      0      0      0      2       0.056012       0.056012       0.668704       0.262101       0.129633              0              0              0              0      9985      9985
     1    171     15  10000     17      0      0      1    276      0      0      0      0      2       0.056012       0.056012       0.401959       0.191688      0.0999989              0              0              0              0     10000     10000
