\BOOKMARK [0][]{chapter.1}{1 }{}% 1
\BOOKMARK [1][]{section.1.1}{1.1 \040 \337}{chapter.1}% 2
\BOOKMARK [1][]{section.1.2}{1.2 \265 \265}{chapter.1}% 3
\BOOKMARK [1][]{section.1.3}{1.3 \337 }{chapter.1}% 4
\BOOKMARK [1][]{section.1.4}{1.4 \265 \040\337}{chapter.1}% 5
\BOOKMARK [0][]{chapter.2}{2 \040\265}{}% 6
\BOOKMARK [1][]{section.2.1}{2.1 }{chapter.2}% 7
\BOOKMARK [1][]{section.2.2}{2.2 \040}{chapter.2}% 8
\BOOKMARK [2][]{subsection.2.2.1}{2.2.1 \040}{section.2.2}% 9
\BOOKMARK [2][]{subsection.2.2.2}{2.2.2 \040\265 \265}{section.2.2}% 10
\BOOKMARK [1][]{section.2.3}{2.3 \040\337\265 \040}{chapter.2}% 11
\BOOKMARK [1][]{section.2.4}{2.4 - }{chapter.2}% 12
\BOOKMARK [0][]{chapter.3}{3 \265 \040 \265 }{}% 13
\BOOKMARK [1][]{section.3.1}{3.1 \040 \265}{chapter.3}% 14
\BOOKMARK [1][]{section.3.2}{3.2 \265: \265 2 \040\265}{chapter.3}% 15
\BOOKMARK [0][]{chapter.4}{4 \040 \040\337\265 \040 \040 }{}% 16
\BOOKMARK [1][]{section.4.1}{4.1 \040 \040 \040}{chapter.4}% 17
\BOOKMARK [1][]{section.4.2}{4.2 \040\265 }{chapter.4}% 18
\BOOKMARK [1][]{section.4.3}{4.3 \040 \337\265 \040}{chapter.4}% 19
\BOOKMARK [2][]{subsection.4.3.1}{4.3.1 \040 \040\337-\265 \040}{section.4.3}% 20
\BOOKMARK [1][]{section.4.4}{4.4 \040\337\265 \040}{chapter.4}% 21
\BOOKMARK [2][]{subsection.4.4.1}{4.4.1 \040 \(PCA\)\(PCA\)}{section.4.4}% 22
\BOOKMARK [1][]{section.4.5}{4.5 \265: \265 2 \040\265}{chapter.4}% 23
\BOOKMARK [0][]{chapter.5}{5 \040\265 \337\265}{}% 24
\BOOKMARK [1][]{section.5.1}{5.1 \040\337 Francis}{chapter.5}% 25
\BOOKMARK [2][]{subsection.5.1.1}{5.1.1 \265 \265 }{section.5.1}% 26
\BOOKMARK [2][]{subsection.5.1.2}{5.1.2 \265 - }{section.5.1}% 27
\BOOKMARK [1][]{section.5.2}{5.2 \040\337 Hydromatrix"472}{chapter.5}% 28
\BOOKMARK [2][]{subsection.5.2.1}{5.2.1 \265 - }{section.5.2}% 29
\BOOKMARK [0][]{chapter.6}{6 \040 \040\265}{}% 30
\BOOKMARK [1][]{section.6.1}{6.1 \265 - \040}{chapter.6}% 31
\BOOKMARK [0][]{chapter.7}{7 \040- \265\265 - \040\046 }{}% 32
\BOOKMARK [1][]{section.7.1}{7.1 \040}{chapter.7}% 33
\BOOKMARK [1][]{section.7.2}{7.2 \265 \040 \337}{chapter.7}% 34
\BOOKMARK [0][]{chapter*.40}{Bibliograf'ia}{}% 35
