This is pdfTeX, Version 3.14159265-2.6-1.40.18 (TeX Live 2017/Debian) (preloaded format=latex 2018.12.26)  26 DEC 2018 20:10
entering extended mode
 restricted \write18 enabled.
 %&-line parsing enabled.
**thesis.tex
(./thesis.tex
LaTeX2e <2017-04-15>
Babel <3.18> and hyphenation patterns for 9 language(s) loaded.
(./Latex/Classes/PhDthesisPSnPDF.cls
Document Class: Latex/Classes/PhDthesisPSnPDF 2007/09/06 v2 PhD thesis class
(/usr/share/texlive/texmf-dist/tex/latex/base/book.cls
Document Class: book 2014/09/29 v1.4h Standard LaTeX document class
(/usr/share/texlive/texmf-dist/tex/latex/base/bk12.clo
File: bk12.clo 2014/09/29 v1.4h Standard LaTeX file (size option)
)
\c@part=\count79
\c@chapter=\count80
\c@section=\count81
\c@subsection=\count82
\c@subsubsection=\count83
\c@paragraph=\count84
\c@subparagraph=\count85
\c@figure=\count86
\c@table=\count87
\abovecaptionskip=\skip41
\belowcaptionskip=\skip42
\bibindent=\dimen102
)
(/usr/share/texlive/texmf-dist/tex/latex/amsfonts/amssymb.sty
Package: amssymb 2013/01/14 v3.01 AMS font symbols

(/usr/share/texlive/texmf-dist/tex/latex/amsfonts/amsfonts.sty
Package: amsfonts 2013/01/14 v3.01 Basic AMSFonts support
\@emptytoks=\toks14
\symAMSa=\mathgroup4
\symAMSb=\mathgroup5
LaTeX Font Info:    Overwriting math alphabet `\mathfrak' in version `bold'
(Font)                  U/euf/m/n --> U/euf/b/n on input line 106.
))
(/usr/share/texlive/texmf-dist/tex/latex/graphics/graphics.sty
Package: graphics 2017/06/25 v1.2c Standard LaTeX Graphics (DPC,SPQR)

(/usr/share/texlive/texmf-dist/tex/latex/graphics/trig.sty
Package: trig 2016/01/03 v1.10 sin cos tan (DPC)
)
(/usr/share/texlive/texmf-dist/tex/latex/graphics-cfg/graphics.cfg
File: graphics.cfg 2016/06/04 v1.11 sample graphics configuration
)
Package graphics Info: Driver file: dvips.def on input line 99.

(/usr/share/texlive/texmf-dist/tex/latex/graphics-def/dvips.def
File: dvips.def 2017/06/20 v3.1d Graphics/color driver for dvips
))
(/usr/share/texlive/texmf-dist/tex/latex/caption/caption.sty
Package: caption 2016/02/21 v3.3-144 Customizing captions (AR)

(/usr/share/texlive/texmf-dist/tex/latex/caption/caption3.sty
Package: caption3 2016/05/22 v1.7-166 caption3 kernel (AR)
Package caption3 Info: TeX engine: e-TeX on input line 67.

(/usr/share/texlive/texmf-dist/tex/latex/graphics/keyval.sty
Package: keyval 2014/10/28 v1.15 key=value parser (DPC)
\KV@toks@=\toks15
)
\captionmargin=\dimen103
\captionmargin@=\dimen104
\captionwidth=\dimen105
\caption@tempdima=\dimen106
\caption@indent=\dimen107
\caption@parindent=\dimen108
\caption@hangindent=\dimen109
)
\c@ContinuedFloat=\count88
)
(/usr/share/texlive/texmf-dist/tex/latex/fancyhdr/fancyhdr.sty
Package: fancyhdr 2017/06/30 v3.9a Extensive control of page headers and footer
s
\f@nch@headwidth=\skip43
\f@nch@O@elh=\skip44
\f@nch@O@erh=\skip45
\f@nch@O@olh=\skip46
\f@nch@O@orh=\skip47
\f@nch@O@elf=\skip48
\f@nch@O@erf=\skip49
\f@nch@O@olf=\skip50
\f@nch@O@orf=\skip51
)
(/usr/share/texlive/texmf-dist/tex/latex/amsfonts/eucal.sty
Package: eucal 2009/06/22 v3.00 Euler Script fonts
LaTeX Font Info:    Overwriting math alphabet `\EuScript' in version `bold'
(Font)                  U/eus/m/n --> U/eus/b/n on input line 33.
)
(/usr/share/texlive/texmf-dist/tex/generic/babel/babel.sty
Package: babel 2018/02/14 3.18 The Babel package

(/usr/share/texlive/texmf-dist/tex/generic/babel/switch.def
File: switch.def 2018/02/14 3.18 Babel switching mechanism
)
(/usr/share/texlive/texmf-dist/tex/generic/babel-greek/greek.ldf
Language: greek 2016/09/07 v1.9g Greek support for the babel system

(/usr/share/texlive/texmf-dist/tex/generic/babel/babel.def
File: babel.def 2018/02/14 3.18 Babel common definitions
\babel@savecnt=\count89
\U@D=\dimen110

(/usr/share/texlive/texmf-dist/tex/generic/babel/txtbabel.def)
\bbl@dirlevel=\count90
)
\bbl@monogreek=\count91
\bbl@polygreek=\count92
\bbl@ancientgreek=\count93

(/usr/share/texlive/texmf-dist/tex/latex/greek-fontenc/lgrenc.def
File: lgrenc.def 2015/12/07 v0.13.1 LGR Greek font encoding definitions

(/usr/share/texlive/texmf-dist/tex/latex/greek-fontenc/greek-fontenc.def
File: greek-fontenc.def 2015/08/04 v0.13 Common Greek font encoding definitions

))
LaTeX Info: Composite with undeclared \< in encoding LGR on input line 418.
LaTeX Info: Composite with undeclared \> in encoding LGR on input line 418.
)
(/usr/share/texlive/texmf-dist/tex/generic/babel-english/english.ldf
Language: english 2017/06/06 v3.3r English support from the babel system
\l@canadian = a dialect from \language\l@american 
\l@australian = a dialect from \language\l@british 
\l@newzealand = a dialect from \language\l@british 
))
(/usr/share/texlive/texmf-dist/tex/latex/oberdiek/inputenx.sty
Package: inputenx 2016/05/16 v1.11 Enhanced input encoding handling (HO)

(/usr/share/texlive/texmf-dist/tex/latex/oberdiek/ix-alias.def
File: ix-alias.def 2016/05/16 v1.11 Alias list (inputenx)
)
Package inputenx Info: Encoding name: utf8x
(inputenx)             Encoding file: utf8x.def
(inputenx)              on input line 171.

(/usr/share/texlive/texmf-dist/tex/latex/base/inputenc.sty
Package: inputenc 2015/03/17 v1.2c Input encoding file
\inpenc@prehook=\toks16
\inpenc@posthook=\toks17
)
(/usr/share/texlive/texmf-dist/tex/latex/ucs/utf8x.def
File: utf8x.def 2004/10/17 UCS: Input encoding UTF-8
))
(/usr/share/texlive/texmf-dist/tex/latex/ucs/ucs.sty
Package: ucs 2013/05/11 v2.2 UCS: Unicode input support

(/usr/share/texlive/texmf-dist/tex/latex/ucs/data/uni-global.def
File: uni-global.def 2013/05/13 UCS: Unicode global data
)
\uc@secondtry=\count94
\uc@combtoks=\toks18
\uc@combtoksb=\toks19
\uc@temptokena=\toks20
)
(/usr/share/texlive/texmf-dist/tex/latex/graphics/color.sty
Package: color 2016/07/10 v1.1e Standard LaTeX Color (DPC)

(/usr/share/texlive/texmf-dist/tex/latex/graphics-cfg/color.cfg
File: color.cfg 2016/01/02 v1.6 sample color configuration
)
Package color Info: Driver file: dvips.def on input line 147.

(/usr/share/texlive/texmf-dist/tex/latex/graphics/dvipsnam.def
File: dvipsnam.def 2016/06/17 v3.0m Driver-dependent file (DPC,SPQR)
))
(/usr/share/texlive/texmf-dist/tex/latex/footmisc/footmisc.sty
Package: footmisc 2011/06/06 v5.5b a miscellany of footnote facilities
\FN@temptoken=\toks21
\footnotemargin=\dimen111
\c@pp@next@reset=\count95
\c@@fnserial=\count96
Package footmisc Info: Declaring symbol style bringhurst on input line 855.
Package footmisc Info: Declaring symbol style chicago on input line 863.
Package footmisc Info: Declaring symbol style wiley on input line 872.
Package footmisc Info: Declaring symbol style lamport-robust on input line 883.

Package footmisc Info: Declaring symbol style lamport* on input line 903.
Package footmisc Info: Declaring symbol style lamport*-robust on input line 924
.
)
(/usr/share/texlive/texmf-dist/tex/latex/natbib/natbib.sty
Package: natbib 2010/09/13 8.31b (PWD, AO)
\bibhang=\skip52
\bibsep=\skip53
LaTeX Info: Redefining \cite on input line 694.
\c@NAT@ctr=\count97
)
(/usr/share/texlive/texmf-dist/tex/latex/base/ifthen.sty
Package: ifthen 2014/09/29 v1.1c Standard LaTeX ifthen package (DPC)
)
(/usr/share/texlive/texmf-dist/tex/latex/tools/multicol.sty
Package: multicol 2017/04/11 v1.8q multicolumn formatting (FMi)
\c@tracingmulticols=\count98
\mult@box=\box26
\multicol@leftmargin=\dimen112
\c@unbalance=\count99
\c@collectmore=\count100
\doublecol@number=\count101
\multicoltolerance=\count102
\multicolpretolerance=\count103
\full@width=\dimen113
\page@free=\dimen114
\premulticols=\dimen115
\postmulticols=\dimen116
\multicolsep=\skip54
\multicolbaselineskip=\skip55
\partial@page=\box27
\last@line=\box28
\maxbalancingoverflow=\dimen117
\mult@rightbox=\box29
\mult@grightbox=\box30
\mult@gfirstbox=\box31
\mult@firstbox=\box32
\@tempa=\box33
\@tempa=\box34
\@tempa=\box35
\@tempa=\box36
\@tempa=\box37
\@tempa=\box38
\@tempa=\box39
\@tempa=\box40
\@tempa=\box41
\@tempa=\box42
\@tempa=\box43
\@tempa=\box44
\@tempa=\box45
\@tempa=\box46
\@tempa=\box47
\@tempa=\box48
\@tempa=\box49
\c@columnbadness=\count104
\c@finalcolumnbadness=\count105
\last@try=\dimen118
\multicolovershoot=\dimen119
\multicolundershoot=\dimen120
\mult@nat@firstbox=\box50
\colbreak@box=\box51
\mc@col@check@num=\count106
)
(/usr/share/texlive/texmf-dist/tex/latex/tocbibind/tocbibind.sty
Package: tocbibind 2010/10/13 v1.5k extra ToC listings
Package tocbibind Info: The document has chapter divisions on input line 50.


Package tocbibind Note: Using chapter style headings, unless overridden.

) (/usr/share/texlive/texmf-dist/tex/latex/nomencl/nomencl.sty
Package: nomencl 2005/09/22 v4.2 Nomenclature package (LN)
\nomlabelwidth=\dimen121
\nom@tempdim=\dimen122
\nomitemsep=\skip56
)
\@nomenclaturefile=\write3
\openout3 = `thesis.nlo'.


Writing nomenclature file thesis.nlo
(/usr/share/texlive/texmf-dist/tex/generic/oberdiek/ifpdf.sty
Package: ifpdf 2017/03/15 v3.2 Provides the ifpdf switch
)
(/usr/share/texlive/texmf-dist/tex/latex/hyperref/hyperref.sty
Package: hyperref 2018/02/06 v6.86b Hypertext links for LaTeX

(/usr/share/texlive/texmf-dist/tex/generic/oberdiek/hobsub-hyperref.sty
Package: hobsub-hyperref 2016/05/16 v1.14 Bundle oberdiek, subset hyperref (HO)


(/usr/share/texlive/texmf-dist/tex/generic/oberdiek/hobsub-generic.sty
Package: hobsub-generic 2016/05/16 v1.14 Bundle oberdiek, subset generic (HO)
Package: hobsub 2016/05/16 v1.14 Construct package bundles (HO)
Package: infwarerr 2016/05/16 v1.4 Providing info/warning/error messages (HO)
Package: ltxcmds 2016/05/16 v1.23 LaTeX kernel commands for general use (HO)
Package: ifluatex 2016/05/16 v1.4 Provides the ifluatex switch (HO)
Package ifluatex Info: LuaTeX not detected.
Package: ifvtex 2016/05/16 v1.6 Detect VTeX and its facilities (HO)
Package ifvtex Info: VTeX not detected.
Package: intcalc 2016/05/16 v1.2 Expandable calculations with integers (HO)
Package hobsub Info: Skipping package `ifpdf' (already loaded).
Package: etexcmds 2016/05/16 v1.6 Avoid name clashes with e-TeX commands (HO)
Package etexcmds Info: Could not find \expanded.
(etexcmds)             That can mean that you are not using pdfTeX 1.50 or
(etexcmds)             that some package has redefined \expanded.
(etexcmds)             In the latter case, load this package earlier.
Package: kvsetkeys 2016/05/16 v1.17 Key value parser (HO)
Package: kvdefinekeys 2016/05/16 v1.4 Define keys (HO)
Package: pdftexcmds 2018/01/21 v0.26 Utility functions of pdfTeX for LuaTeX (HO
)
Package pdftexcmds Info: LuaTeX not detected.
Package pdftexcmds Info: \pdf@primitive is available.
Package pdftexcmds Info: \pdf@ifprimitive is available.
Package pdftexcmds Info: \pdfdraftmode is ignored in DVI mode.
Package: pdfescape 2016/05/16 v1.14 Implements pdfTeX's escape features (HO)
Package: bigintcalc 2016/05/16 v1.4 Expandable calculations on big integers (HO
)
Package: bitset 2016/05/16 v1.2 Handle bit-vector datatype (HO)
Package: uniquecounter 2016/05/16 v1.3 Provide unlimited unique counter (HO)
)
Package hobsub Info: Skipping package `hobsub' (already loaded).
Package: letltxmacro 2016/05/16 v1.5 Let assignment for LaTeX macros (HO)
Package: hopatch 2016/05/16 v1.3 Wrapper for package hooks (HO)
Package: xcolor-patch 2016/05/16 xcolor patch
Package: atveryend 2016/05/16 v1.9 Hooks at the very end of document (HO)
Package atveryend Info: \enddocument detected (standard20110627).
Package: atbegshi 2016/06/09 v1.18 At begin shipout hook (HO)
Package: refcount 2016/05/16 v3.5 Data extraction from label references (HO)
Package: hycolor 2016/05/16 v1.8 Color options for hyperref/bookmark (HO)
)
(/usr/share/texlive/texmf-dist/tex/generic/ifxetex/ifxetex.sty
Package: ifxetex 2010/09/12 v0.6 Provides ifxetex conditional
)
(/usr/share/texlive/texmf-dist/tex/latex/oberdiek/auxhook.sty
Package: auxhook 2016/05/16 v1.4 Hooks for auxiliary files (HO)
)
(/usr/share/texlive/texmf-dist/tex/latex/oberdiek/kvoptions.sty
Package: kvoptions 2016/05/16 v3.12 Key value format for package options (HO)
)
\@linkdim=\dimen123
\Hy@linkcounter=\count107
\Hy@pagecounter=\count108

(/usr/share/texlive/texmf-dist/tex/latex/hyperref/pd1enc.def
File: pd1enc.def 2018/02/06 v6.86b Hyperref: PDFDocEncoding definition (HO)
)
\Hy@SavedSpaceFactor=\count109

(/usr/share/texlive/texmf-dist/tex/latex/latexconfig/hyperref.cfg
File: hyperref.cfg 2002/06/06 v1.2 hyperref configuration of TeXLive
)
Package hyperref Info: Option `bookmarks' set `true' on input line 4383.
Package hyperref Info: Option `bookmarksopen' set `true' on input line 4383.
Package hyperref Info: Option `bookmarksnumbered' set `true' on input line 4383
.
Package hyperref Info: Option `breaklinks' set `true' on input line 4383.
Package hyperref Info: Option `linktocpage' set `true' on input line 4383.
Package hyperref Info: Option `colorlinks' set `true' on input line 4383.
Package hyperref Info: Option `hyperindex' set `true' on input line 4383.
Package hyperref Info: Option `hyperfigures' set `true' on input line 4383.
Package hyperref Info: Hyper figures ON on input line 4507.
Package hyperref Info: Link nesting OFF on input line 4514.
Package hyperref Info: Hyper index ON on input line 4517.
Package hyperref Info: Plain pages OFF on input line 4524.
Package hyperref Info: Backreferencing OFF on input line 4529.
Package hyperref Info: Implicit mode ON; LaTeX internals redefined.
Package hyperref Info: Bookmarks ON on input line 4762.
\c@Hy@tempcnt=\count110

(/usr/share/texlive/texmf-dist/tex/latex/url/url.sty
\Urlmuskip=\muskip10
Package: url 2013/09/16  ver 3.4  Verb mode for urls, etc.
)
LaTeX Info: Redefining \url on input line 5115.
\XeTeXLinkMargin=\dimen124
\Fld@menulength=\count111
\Field@Width=\dimen125
\Fld@charsize=\dimen126
Package hyperref Info: Hyper figures ON on input line 6367.
Package hyperref Info: Link nesting OFF on input line 6374.
Package hyperref Info: Hyper index ON on input line 6377.
Package hyperref Info: backreferencing OFF on input line 6384.
Package hyperref Info: Link coloring ON on input line 6387.
Package hyperref Info: Link coloring with OCG OFF on input line 6394.
Package hyperref Info: PDF/A mode OFF on input line 6399.
LaTeX Info: Redefining \ref on input line 6439.
LaTeX Info: Redefining \pageref on input line 6443.
\Hy@abspage=\count112
\c@Item=\count113
\c@Hfootnote=\count114
)
Package hyperref Info: Driver: hdvips.

(/usr/share/texlive/texmf-dist/tex/latex/hyperref/hdvips.def
File: hdvips.def 2018/02/06 v6.86b Hyperref driver for dvips

(/usr/share/texlive/texmf-dist/tex/latex/hyperref/pdfmark.def
File: pdfmark.def 2018/02/06 v6.86b Hyperref definitions for pdfmark specials


Package hyperref Warning: You have enabled option `breaklinks'.
(hyperref)                But driver `hdvips.def' does not suppport this.
(hyperref)                Expect trouble with the link areas of broken links.

\pdf@docset=\toks22
\pdf@box=\box52
\pdf@toks=\toks23
\pdf@defaulttoks=\toks24
\HyField@AnnotCount=\count115
\Fld@listcount=\count116
\c@bookmark@seq@number=\count117
(/usr/share/texlive/texmf-dist/tex/latex/oberdiek/rerunfilecheck.sty
Package: rerunfilecheck 2016/05/16 v1.8 Rerun checks for auxiliary files (HO)
Package uniquecounter Info: New unique counter `rerunfilecheck' on input line 2
82.
)
\Hy@SectionHShift=\skip57
))
(/usr/share/texlive/texmf-dist/tex/latex/graphics/epsfig.sty
Package: epsfig 2017/06/25 v1.7b (e)psfig emulation (SPQR)

(/usr/share/texlive/texmf-dist/tex/latex/graphics/graphicx.sty
Package: graphicx 2017/06/01 v1.1a Enhanced LaTeX Graphics (DPC,SPQR)
\Gin@req@height=\dimen127
\Gin@req@width=\dimen128
)
\epsfxsize=\dimen129
\epsfysize=\dimen130
))
(/usr/share/texlive/texmf-dist/tex/latex/setspace/setspace.sty
Package: setspace 2011/12/19 v6.7a set line spacing
)
(/usr/share/texlive/texmf-dist/tex/latex/placeins/placeins.sty
Package: placeins 2005/04/18  v 2.2
)
\@input{Latex/Macros/MacroFile1.aux}
\openout2 = `Latex/Macros/MacroFile1.aux'.

(./Latex/Macros/MacroFile1.tex)
(/usr/share/texlive/texmf-dist/tex/latex/amsmath/amsmath.sty
Package: amsmath 2017/09/02 v2.17a AMS math features
\@mathmargin=\skip58

For additional information on amsmath, use the `?' option.
(/usr/share/texlive/texmf-dist/tex/latex/amsmath/amstext.sty
Package: amstext 2000/06/29 v2.01 AMS text

(/usr/share/texlive/texmf-dist/tex/latex/amsmath/amsgen.sty
File: amsgen.sty 1999/11/30 v2.0 generic functions
\@emptytoks=\toks25
\ex@=\dimen131
))
(/usr/share/texlive/texmf-dist/tex/latex/amsmath/amsbsy.sty
Package: amsbsy 1999/11/29 v1.2d Bold Symbols
\pmbraise@=\dimen132
)
(/usr/share/texlive/texmf-dist/tex/latex/amsmath/amsopn.sty
Package: amsopn 2016/03/08 v2.02 operator names
)
\inf@bad=\count118
LaTeX Info: Redefining \frac on input line 213.
\uproot@=\count119
\leftroot@=\count120
LaTeX Info: Redefining \overline on input line 375.
\classnum@=\count121
\DOTSCASE@=\count122
LaTeX Info: Redefining \ldots on input line 472.
LaTeX Info: Redefining \dots on input line 475.
LaTeX Info: Redefining \cdots on input line 596.
\Mathstrutbox@=\box53
\strutbox@=\box54
\big@size=\dimen133
LaTeX Font Info:    Redeclaring font encoding OML on input line 712.
LaTeX Font Info:    Redeclaring font encoding OMS on input line 713.
\macc@depth=\count123
\c@MaxMatrixCols=\count124
\dotsspace@=\muskip11
\c@parentequation=\count125
\dspbrk@lvl=\count126
\tag@help=\toks26
\row@=\count127
\column@=\count128
\maxfields@=\count129
\andhelp@=\toks27
\eqnshift@=\dimen134
\alignsep@=\dimen135
\tagshift@=\dimen136
\tagwidth@=\dimen137
\totwidth@=\dimen138
\lineht@=\dimen139
\@envbody=\toks28
\multlinegap=\skip59
\multlinetaggap=\skip60
\mathdisplay@stack=\toks29
LaTeX Info: Redefining \[ on input line 2817.
LaTeX Info: Redefining \] on input line 2818.
)
(/usr/share/texlive/texmf-dist/tex/latex/jknapltx/mathrsfs.sty
Package: mathrsfs 1996/01/01 Math RSFS package v1.0 (jk)
\symrsfs=\mathgroup6
)

LaTeX Warning: Unused global option(s):
    [pdftex].

(./thesis.aux (./0_frontmatter/title.aux) (./0_frontmatter/abstract.aux)
(./0_frontmatter/committee.aux) (./0_frontmatter/dedication.aux)
(./0_frontmatter/acknowledgement.aux) (./0_frontmatter/Nomenclature.aux)
(./1_introduction/introduction.aux) (./2/Chapter2.aux

LaTeX Warning: Label `' multiply defined.

) (./3/Chapter3.aux

LaTeX Warning: Label `cdf-matrix' multiply defined.

) (./4/Chapter4.aux

LaTeX Warning: Label `ellipse' multiply defined.


LaTeX Warning: Label `PCADrelaRes' multiply defined.

) (./5/Chapter5.aux
LaTeX Font Info:    Try loading font information for LGR+cmr on input line 46.

(/usr/share/texlive/texmf-dist/tex/latex/cbfonts-fd/lgrcmr.fd
File: lgrcmr.fd 2017/07/29 v1.2 Greek European Computer Regular
)

LaTeX Warning: Label `ObjM' multiply defined.

) (./6/Chapter6.aux) (./7/discussion.aux) (./8/A1.aux) (./8/A2.aux))
\openout1 = `thesis.aux'.

LaTeX Font Info:    Checking defaults for OML/cmm/m/it on input line 106.
LaTeX Font Info:    ... okay on input line 106.
LaTeX Font Info:    Checking defaults for T1/cmr/m/n on input line 106.
LaTeX Font Info:    ... okay on input line 106.
LaTeX Font Info:    Checking defaults for OT1/cmr/m/n on input line 106.
LaTeX Font Info:    ... okay on input line 106.
LaTeX Font Info:    Checking defaults for OMS/cmsy/m/n on input line 106.
LaTeX Font Info:    ... okay on input line 106.
LaTeX Font Info:    Checking defaults for OMX/cmex/m/n on input line 106.
LaTeX Font Info:    ... okay on input line 106.
LaTeX Font Info:    Checking defaults for U/cmr/m/n on input line 106.
LaTeX Font Info:    ... okay on input line 106.
LaTeX Font Info:    Checking defaults for LGR/cmr/m/n on input line 106.
LaTeX Font Info:    ... okay on input line 106.
LaTeX Font Info:    Checking defaults for PD1/pdf/m/n on input line 106.
LaTeX Font Info:    ... okay on input line 106.
Package caption Info: Begin \AtBeginDocument code.
Package caption Info: hyperref package is loaded.
Package caption Info: End \AtBeginDocument code.

(/usr/share/texlive/texmf-dist/tex/latex/ucs/ucsencs.def
File: ucsencs.def 2011/01/21 Fixes to fontencodings LGR, T3
LGR\textpentedeka already defined.
LGR\textpenteqilioi already defined.
LGR\textpentemuria already defined.
LGR\textstigma already defined.
LGR\textqoppa already defined.
LGR\texteuro already defined.
LGR\textperthousand already defined.
LGR\textquoteleft already defined.
LGR\textquoteright already defined.
LGR\u already defined.
LGR\= already defined.
LGR\" already defined.
LGR\textpercent already defined.
LGR\textperiodcentered already defined.
LGR\' already defined.
LGR\textanoteleia already defined.
LGR\textAlpha already defined.
LGR\textBeta already defined.
LGR\textDelta already defined.
LGR\textEpsilon already defined.
LGR\textPhi already defined.
LGR\textGamma already defined.
LGR\textEta already defined.
LGR\textIota already defined.
LGR\textTheta already defined.
LGR\textKappa already defined.
LGR\textLambda already defined.
LGR\textMu already defined.
LGR\textNu already defined.
LGR\textOmicron already defined.
LGR\textPi already defined.
LGR\textChi already defined.
LGR\textRho already defined.
LGR\textSigma already defined.
LGR\textTau already defined.
LGR\textUpsilon already defined.
LGR\textOmega already defined.
LGR\textXi already defined.
LGR\textPsi already defined.
LGR\textZeta already defined.
LGR\` already defined.
LGR\textalpha already defined.
LGR\textbeta already defined.
LGR\textvarsigma already defined.
LGR\textdelta already defined.
LGR\textepsilon already defined.
LGR\textphi already defined.
LGR\textgamma already defined.
LGR\texteta already defined.
LGR\textiota already defined.
LGR\texttheta already defined.
LGR\textkappa already defined.
LGR\textlambda already defined.
LGR\textmu already defined.
LGR\textnu already defined.
LGR\textomicron already defined.
LGR\textpi already defined.
LGR\textchi already defined.
LGR\textrho already defined.
LGR\textautosigma already defined.
LGR\textsigma already defined.
LGR\texttau already defined.
LGR\textupsilon already defined.
LGR\textomega already defined.
LGR\textxi already defined.
LGR\textpsi already defined.
LGR\textzeta already defined.
LGR\guillemotleft already defined.
LGR\guillemotright already defined.
LGR\~ already defined.
LGR\textemdash already defined.
LGR\textdigamma already defined.
LGR\textDigamma already defined.
LGR\textdexiakeraia already defined.
LGR\textaristerikeraia already defined.

fontencoding LGR patched
)
\AtBeginShipoutBox=\box55
Package hyperref Info: Link coloring ON on input line 106.
 (/usr/share/texlive/texmf-dist/tex/latex/hyperref/nameref.sty
Package: nameref 2016/05/21 v2.44 Cross-referencing by name of section

(/usr/share/texlive/texmf-dist/tex/generic/oberdiek/gettitlestring.sty
Package: gettitlestring 2016/05/16 v1.5 Cleanup title references (HO)
)
\c@section@level=\count130
)
LaTeX Info: Redefining \ref on input line 106.
LaTeX Info: Redefining \pageref on input line 106.
LaTeX Info: Redefining \nameref on input line 106.

(./thesis.out) (./thesis.out)
\@outlinefile=\write4
\openout4 = `thesis.out'.

\openout2 = `0_frontmatter/title.aux'.

 (./0_frontmatter/title.tex
File: 0_frontmatter/figures/pyrforos.eps Graphic file (type eps)

<0_frontmatter/figures/pyrforos.eps>
LaTeX Font Info:    Try loading font information for U+msa on input line 22.

(/usr/share/texlive/texmf-dist/tex/latex/amsfonts/umsa.fd
File: umsa.fd 2013/01/14 v3.01 AMS symbols A
)
LaTeX Font Info:    Try loading font information for U+msb on input line 22.

(/usr/share/texlive/texmf-dist/tex/latex/amsfonts/umsb.fd
File: umsb.fd 2013/01/14 v3.01 AMS symbols B
)
LaTeX Font Info:    Try loading font information for U+rsfs on input line 22.

(/usr/share/texlive/texmf-dist/tex/latex/jknapltx/ursfs.fd
File: ursfs.fd 1998/03/24 rsfs font definition file (jk)
) [1





])
\openout2 = `0_frontmatter/abstract.aux'.


(./0_frontmatter/abstract.tex [2



] [3] [4] [5])
\openout2 = `0_frontmatter/committee.aux'.

 (./0_frontmatter/committee.tex
File: 0_frontmatter/figures/pyrforos.eps Graphic file (type eps)

<0_frontmatter/figures/pyrforos.eps>) [6


]
\openout2 = `0_frontmatter/dedication.aux'.

 (./0_frontmatter/dedication.tex
[7


])
\openout2 = `0_frontmatter/acknowledgement.aux'.

 (./0_frontmatter/acknowledgement.tex [8


] [9])
\openout2 = `0_frontmatter/Nomenclature.aux'.


(./0_frontmatter/Nomenclature.tex) [10


] (./thesis.toc [11


] [12])
\tf@toc=\write5
\openout5 = `thesis.toc'.


No file thesis.nls.
[13] [14

]
\openout2 = `1_introduction/introduction.aux'.

 (./1_introduction/introduction.tex
 1.
(/usr/share/texlive/texmf-dist/tex/latex/ucs/data/uni-32.def
File: uni-32.def 2013/05/13 UCS: Unicode data U+2000..U+20FF
) [1


] [2] [3]
File: 1_introduction/figures/OptimizationCFD.eps Graphic file (type eps)

<1_introduction/figures/OptimizationCFD.eps> [4] [5] [6]
File: 1_introduction/figures/hydrtherm_m.eps Graphic file (type eps)

<1_introduction/figures/hydrtherm_m.eps>

LaTeX Warning: `!h' float specifier changed to `!ht'.

[7] [8] [9] [10]) [11]
\openout2 = `2/Chapter2.aux'.

 (./2/Chapter2.tex [12



]
 2.
[13] [14]
File: 2/figures/EA.eps Graphic file (type eps)
 <2/figures/EA.eps>

LaTeX Warning: `!h' float specifier changed to `!ht'.

[15]
Underfull \vbox (badness 1281) has occurred while \output is active []

 [16]
[17] [18]
File: 2/figures/Pareto2.eps Graphic file (type eps)
 <2/figures/Pareto2.eps>

LaTeX Warning: `!h' float specifier changed to `!ht'.

[19]

Package hyperref Warning: Token not allowed in a PDF string (PDFDocEncoding):
(hyperref)                removing `math shift' on input line 136.


Package hyperref Warning: Token not allowed in a PDF string (PDFDocEncoding):
(hyperref)                removing `\mu' on input line 136.


Package hyperref Warning: Token not allowed in a PDF string (PDFDocEncoding):
(hyperref)                removing `\lambda' on input line 136.


Package hyperref Warning: Token not allowed in a PDF string (PDFDocEncoding):
(hyperref)                removing `math shift' on input line 136.


Underfull \vbox (badness 10000) has occurred while \output is active []

 [20]
LaTeX Font Info:    Try loading font information for U+eus on input line 149.

(/usr/share/texlive/texmf-dist/tex/latex/amsfonts/ueus.fd
File: ueus.fd 2013/01/14 v3.01 Euler Script
) [21] [22]
File: 2/figures/onepointbinary.eps Graphic file (type eps)

<2/figures/onepointbinary.eps> [23]
File: 2/figures/twopointbinary.eps Graphic file (type eps)
 <2/figures/twopointbinary.eps> [24]
File: 2/figures/pointreal.eps Graphic file (type eps)

<2/figures/pointreal.eps>
File: 2/figures/discrete.eps Graphic file (type eps)
 <2/figures/discrete.eps> [25]
File: 2/figures/SBXparents.eps Graphic file (type eps)

<2/figures/SBXparents.eps>
File: 2/figures/SBX.eps Graphic file (type eps)
 <2/figures/SBX.eps>
Overfull \hbox (2.61107pt too wide) in paragraph at lines 294--302
[][] [] 
 []


LaTeX Warning: `!h' float specifier changed to `!ht'.

File: 2/figures/SBX3dparents0.eps Graphic file (type eps)
<2/figures/SBX3dparents0.eps>
File: 2/figures/SBX3dparents2.eps Graphic file (type eps)
 <2/figures/SBX3dparents2.eps>

LaTeX Warning: `!h' float specifier changed to `!ht'.

[26]
File: 2/figures/mut.eps Graphic file (type eps)
 <2/figures/mut.eps>

LaTeX Warning: `!h' float specifier changed to `!ht'.

[27]

LaTeX Warning: Text page 28 contains only floats.


Overfull \vbox (3.16188pt too high) has occurred while \output is active []


[28] [29] [30]

LaTeX Warning: Command \O invalid in math mode on input line 460.

[31]
File: 2/figures/MAEA.eps Graphic file (type eps)
 <2/figures/MAEA.eps>

LaTeX Warning: `!h' float specifier changed to `!ht'.

[32]
File: 2/figures/RBF.eps Graphic file (type eps)
 <2/figures/RBF.eps>

LaTeX Warning: `!h' float specifier changed to `!ht'.


Underfull \vbox (badness 10000) has occurred while \output is active []

 [33]
[34]

Package amsmath Warning: Foreign command \over;
(amsmath)                \frac or \genfrac should be used instead
(amsmath)                 on input line 582.


Underfull \vbox (badness 1603) has occurred while \output is active []

 [35]
File: 2/figures/multimodes.eps Graphic file (type eps)

<2/figures/multimodes.eps>
Overfull \hbox (3.23352pt too wide) in paragraph at lines 619--631
 []$ 
 []

[36]
File: 2/figures/handmade.eps Graphic file (type eps)
 <2/figures/handmade.eps> [37]) [38]
\openout2 = `3/Chapter3.aux'.

 (./3/Chapter3.tex
 3.
[39



] [40]
LaTeX Font Info:    Try loading font information for OMS+cmr on input line 82.
 (/usr/share/texlive/texmf-dist/tex/latex/base/omscmr.fd
File: omscmr.fd 2014/09/29 v2.5h Standard LaTeX font definitions
)
LaTeX Font Info:    Font shape `OMS/cmr/m/n' in size <12> not available
(Font)              Font shape `OMS/cmsy/m/n' tried instead on input line 82.
 [41]
File: 3/figures/cbr.eps Graphic file (type eps)

<3/figures/cbr.eps> [42] [43] [44]
Underfull \vbox (badness 10000) has occurred while \output is active []

 [45]
File: 3/figures/airf.eps Graphic file (type eps)

<3/figures/airf.eps>
Overfull \hbox (14.22513pt too wide) in paragraph at lines 240--241
 [][] 
 []


LaTeX Warning: `!h' float specifier changed to `!ht'.


Underfull \vbox (badness 3930) has occurred while \output is active []

 [46]
[47]
File: 3/figures/blade_a.eps Graphic file (type eps)
 <3/figures/blade_a.eps>
Overfull \hbox (14.23705pt too wide) in paragraph at lines 276--277
 [][] 
 []

File: 3/figures/blade_b.eps Graphic file (type eps)
<3/figures/blade_b.eps>
Overfull \hbox (14.2245pt too wide) in paragraph at lines 285--286
 [][] 
 []

File: 3/figures/blade_c.eps Graphic file (type eps)
<3/figures/blade_c.eps>
Overfull \hbox (14.2245pt too wide) in paragraph at lines 294--295
 [][] 
 []


LaTeX Warning: `!h' float specifier changed to `!ht'.

File: 3/figures/blade_d.eps Graphic file (type eps)
<3/figures/blade_d.eps>
Overfull \hbox (14.2334pt too wide) in paragraph at lines 303--304
 [][] 
 []


LaTeX Warning: `!h' float specifier changed to `!ht'.

File: 3/figures/mean_s.eps Graphic file (type eps)
<3/figures/mean_s.eps>
Overfull \hbox (14.23048pt too wide) in paragraph at lines 314--315
 [][] 
 []


LaTeX Warning: `!h' float specifier changed to `!ht'.

File: 3/figures/thickness_s.eps Graphic file (type eps)
<3/figures/thickness_s.eps>
Overfull \hbox (14.23048pt too wide) in paragraph at lines 323--324
 [][] 
 []


LaTeX Warning: `!h' float specifier changed to `!ht'.

[48]
File: 3/figures/Comp.eps Graphic file (type eps)
 <3/figures/Comp.eps>

LaTeX Warning: `!h' float specifier changed to `!ht'.

[49] [50]
File: 3/figures/ResD1.eps Graphic file (type eps)
 <3/figures/ResD1.eps>
Overfull \hbox (14.2242pt too wide) in paragraph at lines 346--347
 [][] 
 []

) [51]
\openout2 = `4/Chapter4.aux'.

 (./4/Chapter4.tex [52



]
 4.
[53] [54] [55]
File: 4/figures/ellipseA.eps Graphic file (type eps)
 <4/figures/ellipseA.eps>
Overfull \hbox (14.23853pt too wide) in paragraph at lines 77--78
 [][] 
 []

File: 4/figures/ellipseB.eps Graphic file (type eps)
<4/figures/ellipseB.eps>

LaTeX Warning: `!h' float specifier changed to `!ht'.

[56] [57]
File: 4/figures/10_10d.eps Graphic file (type eps)
 <4/figures/10_10d.eps>
Overfull \hbox (7.11523pt too wide) in paragraph at lines 140--141
 [][] 
 []

File: 4/figures/100_10d.eps Graphic file (type eps)
<4/figures/100_10d.eps>
Overfull \hbox (7.11523pt too wide) in paragraph at lines 144--145
 [][] 
 []


Overfull \hbox (2.61107pt too wide) in paragraph at lines 138--146
[][] [] 
 []

File: 4/figures/100_30d.eps Graphic file (type eps)
<4/figures/100_30d.eps>
Overfull \hbox (7.11523pt too wide) in paragraph at lines 153--154
 [][] 
 []

File: 4/figures/1000_30d.eps Graphic file (type eps)
<4/figures/1000_30d.eps>
Overfull \hbox (7.11523pt too wide) in paragraph at lines 157--158
 [][] 
 []


Overfull \hbox (2.61107pt too wide) in paragraph at lines 151--159
[][] [] 
 []


LaTeX Warning: `!h' float specifier changed to `!ht'.

[58]
File: 4/figures/multimodnomap.eps Graphic file (type eps)
 <4/figures/multimodnomap.eps>

LaTeX Warning: `!h' float specifier changed to `!ht'.

File: 4/figures/5d.eps Graphic file (type eps)
<4/figures/5d.eps>
File: 4/figures/30d.eps Graphic file (type eps)
 <4/figures/30d.eps>
Overfull \hbox (2.61107pt too wide) in paragraph at lines 195--203
[][] [] 
 []

[59] [60] [61] [62]
File: 4/figures/case.eps Graphic file (type eps)
 <4/figures/case.eps> [63]
File: 4/figures/DOFs.eps Graphic file (type eps)
 <4/figures/DOFs.eps>

LaTeX Warning: `!h' float specifier changed to `!ht'.

File: 4/figures/Pareto.eps Graphic file (type eps)
<4/figures/Pareto.eps>

LaTeX Warning: `!h' float specifier changed to `!ht'.

[64] [65]
File: 4/figures/SBX3dparents2a.eps Graphic file (type eps)
 <4/figures/SBX3dparents2a.eps>
File: 4/figures/SBX3dparentsPCAa.eps Graphic file (type eps)
 <4/figures/SBX3dparentsPCAa.eps>
Overfull \hbox (2.61107pt too wide) in paragraph at lines 391--399
[][] [] 
 []

[66] [67]
File: 4/figures/HypervolumeComparison.eps Graphic file (type eps)
 <4/figures/HypervolumeComparison.eps>

LaTeX Warning: `!h' float specifier changed to `!ht'.

File: 4/figures/1000_30d_pca.eps Graphic file (type eps)
<4/figures/1000_30d_pca.eps>

LaTeX Warning: `!h' float specifier changed to `!ht'.

File: 4/figures/30d_pca.eps Graphic file (type eps)
<4/figures/30d_pca.eps>

LaTeX Warning: `!h' float specifier changed to `!ht'.

[68] [69]
File: 4/figures/IPE/x1_x2.eps Graphic file (type eps)
 <4/figures/IPE/x1_x2.eps>
Overfull \hbox (18.78003pt too wide) in paragraph at lines 534--535
[][] 
 []

File: 4/figures/IPE/f1_f2.eps Graphic file (type eps)
<4/figures/IPE/f1_f2.eps>
Overfull \hbox (18.78003pt too wide) in paragraph at lines 537--538
[][] 
 []


Underfull \vbox (badness 1953) has occurred while \output is active []

 [70]
File: 4/figures/IPE/f1_x1.eps Graphic file (type eps)

<4/figures/IPE/f1_x1.eps>
Overfull \hbox (18.78003pt too wide) in paragraph at lines 551--552
[][] 
 []

File: 4/figures/IPE/f1_x2.eps Graphic file (type eps)
<4/figures/IPE/f1_x2.eps>
Overfull \hbox (18.78003pt too wide) in paragraph at lines 554--555
[][] 
 []

File: 4/figures/IPE/f2_x1.eps Graphic file (type eps)
<4/figures/IPE/f2_x1.eps>
Overfull \hbox (18.78003pt too wide) in paragraph at lines 562--563
[][] 
 []

File: 4/figures/IPE/f2_x2.eps Graphic file (type eps)
<4/figures/IPE/f2_x2.eps>
Overfull \hbox (18.78003pt too wide) in paragraph at lines 565--566
[][] 
 []

File: 4/figures/IPE/f1_e1.eps Graphic file (type eps)
<4/figures/IPE/f1_e1.eps>
Overfull \hbox (18.78003pt too wide) in paragraph at lines 580--581
[][] 
 []

File: 4/figures/IPE/f1_e2.eps Graphic file (type eps)
<4/figures/IPE/f1_e2.eps>
Overfull \hbox (18.78003pt too wide) in paragraph at lines 583--584
[][] 
 []


Underfull \vbox (badness 5316) has occurred while \output is active []

 [71]
[72]
File: 4/figures/IPE/f2_e1.eps Graphic file (type eps)
 <4/figures/IPE/f2_e1.eps>
Overfull \hbox (18.78003pt too wide) in paragraph at lines 591--592
[][] 
 []

File: 4/figures/IPE/f2_e2.eps Graphic file (type eps)
<4/figures/IPE/f2_e2.eps>
Overfull \hbox (18.78003pt too wide) in paragraph at lines 594--595
[][] 
 []

[73]
File: 4/figures/1000_30d_pca_ipe.eps Graphic file (type eps)
 <4/figures/1000_30d_pca_ipe.eps>

LaTeX Warning: `!h' float specifier changed to `!ht'.

[74]
File: 4/figures/30d_pca_ipe.eps Graphic file (type eps)
 <4/figures/30d_pca_ipe.eps> [75]
File: 4/figures/CompConv_1.eps Graphic file (type eps)
 <4/figures/CompConv_1.eps>

LaTeX Warning: `!h' float specifier changed to `!ht'.

File: 4/figures/ResD.eps Graphic file (type eps)
<4/figures/ResD.eps>
Overfull \hbox (42.6886pt too wide) in paragraph at lines 695--696
 [][] 
 []


LaTeX Warning: `!h' float specifier changed to `!ht'.

File: 4/figures/Best_CP_PCA.eps Graphic file (type eps)
<4/figures/Best_CP_PCA.eps>

LaTeX Warning: `!h' float specifier changed to `!ht'.

) [76] [77] [78]
\openout2 = `5/Chapter5.aux'.

 (./5/Chapter5.tex
 5.
File: 5/figures/Optimizationloop.eps Graphic file (type eps)
<5/figures/Optimizationloop.eps>

LaTeX Warning: `!h' float specifier changed to `!ht'.

[79



]

LaTeX Warning: Text page 80 contains only floats.

[80]
File: 5/figures/param1.eps Graphic file (type eps)
 <5/figures/param1.eps>
File: 5/figures/param2.eps Graphic file (type eps)
 <5/figures/param2.eps>
Overfull \hbox (2.61107pt too wide) in paragraph at lines 56--64
[][] [] 
 []

[81]
File: 5/figures/param3.eps Graphic file (type eps)
 <5/figures/param3.eps>
File: 5/figures/param4_5.eps Graphic file (type eps)
 <5/figures/param4_5.eps>

LaTeX Warning: `!h' float specifier changed to `!ht'.

[82]
File: 5/figures/param6_7.eps Graphic file (type eps)
 <5/figures/param6_7.eps> [83]
File: 5/figures/param8.eps Graphic file (type eps)
 <5/figures/param8.eps>
Overfull \hbox (14.22638pt too wide) in paragraph at lines 130--131
 [][][][][][][][][] 
 []

File: 5/figures/param9.eps Graphic file (type eps)
<5/figures/param9.eps>
File: 5/figures/param10.eps Graphic file (type eps)
 <5/figures/param10.eps>
Overfull \hbox (2.61107pt too wide) in paragraph at lines 144--152
[][] [] 
 []

File: 5/figures/cGridSkBlockIndex.eps Graphic file (type eps)
<5/figures/cGridSkBlockIndex.eps>

LaTeX Warning: `!h' float specifier changed to `!ht'.

[84]
File: 5/figures/merid.eps Graphic file (type eps)
 <5/figures/merid.eps>

LaTeX Warning: `!h' float specifier changed to `!ht'.

[85]
Underfull \vbox (badness 10000) has occurred while \output is active []

 [86]
[87] (/usr/share/texlive/texmf-dist/tex/latex/ucs/data/uni-3.def
File: uni-3.def 2013/05/13 UCS: Unicode data U+0300..U+03FF
) [88] [89]
File: 5/figures/CP2.eps Graphic file (type eps)

<5/figures/CP2.eps>
File: 5/figures/histo.eps Graphic file (type eps)
 <5/figures/histo.eps>

LaTeX Warning: `!h' float specifier changed to `!ht'.

[90]
File: 5/figures/OUTLET.eps Graphic file (type eps)
 <5/figures/OUTLET.eps>

LaTeX Warning: `!h' float specifier changed to `!ht'.


Underfull \vbox (badness 10000) has occurred while \output is active []

 [91]
File: 5/figures/CP.eps Graphic file (type eps)

<5/figures/CP.eps>
File: 5/figures/Load.eps Graphic file (type eps)
 <5/figures/Load.eps>
Overfull \hbox (2.61107pt too wide) in paragraph at lines 413--421
[][] [] 
 []

[92]
File: 5/figures/PartLoad.eps Graphic file (type eps)
 <5/figures/PartLoad.eps>
File: 5/figures/pumps.eps Graphic file (type eps)
 <5/figures/pumps.eps>

LaTeX Warning: `!h' float specifier changed to `!ht'.

[93]
Underfull \vbox (badness 10000) has occurred while \output is active []

 [94]
File: 5/figures/range2.eps Graphic file (type eps)

<5/figures/range2.eps>
File: 5/figures/francis1.eps Graphic file (type eps)
 <5/figures/francis1.eps>
Overfull \hbox (14.22638pt too wide) in paragraph at lines 473--474
 [][][][][][][][][] 
 []


LaTeX Warning: `!h' float specifier changed to `!ht'.


Underfull \vbox (badness 10000) has occurred while \output is active []

 [95]
[96]
File: 5/figures/francis2.eps Graphic file (type eps)
 <5/figures/francis2.eps>

LaTeX Warning: `!h' float specifier changed to `!ht'.

[97]
File: 5/figures/Target.eps Graphic file (type eps)
 <5/figures/Target.eps>

LaTeX Warning: `!h' float specifier changed to `!ht'.

[98]

LaTeX Warning: `!h' float specifier changed to `!ht'.

[99]
File: 5/figures/Francis_bases.eps Graphic file (type eps)
 <5/figures/Francis_bases.eps>
Overfull \hbox (42.7052pt too wide) in paragraph at lines 705--706
 [][] 
 []


LaTeX Warning: `!h' float specifier changed to `!ht'.


LaTeX Warning: `!h' float specifier changed to `!ht'.

[100]
File: 5/figures/B1.eps Graphic file (type eps)
 <5/figures/B1.eps>

LaTeX Warning: `!h' float specifier changed to `!ht'.


Underfull \vbox (badness 10000) has occurred while \output is active []

 [101]
File: 5/figures/OUTLET_B1.eps Graphic file (type eps)

<5/figures/OUTLET_B1.eps>

LaTeX Warning: `!h' float specifier changed to `!ht'.

File: 5/figures/Load_B1.eps Graphic file (type eps)
<5/figures/Load_B1.eps>

LaTeX Warning: `!h' float specifier changed to `!ht'.

[102] [103] [104]
File: 5/figures/B2.eps Graphic file (type eps)
 <5/figures/B2.eps>
File: 5/figures/OUTLET_B2.eps Graphic file (type eps)
 <5/figures/OUTLET_B2.eps>

LaTeX Warning: `!h' float specifier changed to `!ht'.

[105

]
File: 5/figures/Load_B2.eps Graphic file (type eps)
 <5/figures/Load_B2.eps>

LaTeX Warning: `!h' float specifier changed to `!ht'.

[106]
File: 5/figures/B3.eps Graphic file (type eps)
 <5/figures/B3.eps>

LaTeX Warning: `!h' float specifier changed to `!ht'.

File: 5/figures/OUTLET_B3.eps Graphic file (type eps)
<5/figures/OUTLET_B3.eps>

LaTeX Warning: `!h' float specifier changed to `!ht'.

File: 5/figures/Load_B3.eps Graphic file (type eps)
<5/figures/Load_B3.eps>

LaTeX Warning: `!h' float specifier changed to `!ht'.

[107]

LaTeX Warning: `!h' float specifier changed to `!ht'.


Underfull \vbox (badness 1303) has occurred while \output is active []

 [108]
File: 5/figures/HypComp.eps Graphic file (type eps)

<5/figures/HypComp.eps>

LaTeX Warning: `!h' float specifier changed to `!ht'.

[109]
File: 5/figures/Comp.eps Graphic file (type eps)
 <5/figures/Comp.eps>

LaTeX Warning: `!h' float specifier changed to `!ht'.

File: 5/figures/final.eps Graphic file (type eps)
<5/figures/final.eps>

LaTeX Warning: `!h' float specifier changed to `!ht'.


LaTeX Warning: Command \& invalid in math mode on input line 943.


LaTeX Warning: Command \& invalid in math mode on input line 943.


LaTeX Warning: `!h' float specifier changed to `!ht'.

File: 5/figures/ABE.eps Graphic file (type eps)
<5/figures/ABE.eps>

LaTeX Warning: `!h' float specifier changed to `!ht'.

[110]
File: 5/figures/APL.eps Graphic file (type eps)
 <5/figures/APL.eps>

LaTeX Warning: `!h' float specifier changed to `!ht'.

File: 5/figures/AFL.eps Graphic file (type eps)
<5/figures/AFL.eps>

LaTeX Warning: `!h' float specifier changed to `!ht'.

File: 5/figures/ASS.eps Graphic file (type eps)
<5/figures/ASS.eps>

LaTeX Warning: `!h' float specifier changed to `!ht'.

File: 5/figures/OUTLET_A.eps Graphic file (type eps)
<5/figures/OUTLET_A.eps> [111]

LaTeX Warning: `!h' float specifier changed to `!ht'.

File: 5/figures/Load_A.eps Graphic file (type eps)
<5/figures/Load_A.eps>

LaTeX Warning: `!h' float specifier changed to `!ht'.

[112] [113] [114] [115] [116] [117] [118]

Package hyperref Warning: Token not allowed in a PDF string (PDFDocEncoding):
(hyperref)                removing `math shift' on input line 1018.


Package hyperref Warning: Token not allowed in a PDF string (PDFDocEncoding):
(hyperref)                removing `math shift' on input line 1018.


Package hyperref Warning: Token not allowed in a PDF string (PDFDocEncoding):
(hyperref)                removing `\mathsurround' on input line 1018.


Package hyperref Warning: Token not allowed in a PDF string (PDFDocEncoding):
(hyperref)                removing `\z@' on input line 1018.


Package hyperref Warning: Token not allowed in a PDF string (PDFDocEncoding):
(hyperref)                removing `\mathchar' on input line 1018.


Package hyperref Warning: Token not allowed in a PDF string (PDFDocEncoding):
(hyperref)                removing `math shift' on input line 1018.


Package hyperref Warning: Token not allowed in a PDF string (PDFDocEncoding):
(hyperref)                removing `math shift' on input line 1018.


Package hyperref Warning: Token not allowed in a PDF string (PDFDocEncoding):
(hyperref)                removing `math shift' on input line 1021.


Package hyperref Warning: Token not allowed in a PDF string (PDFDocEncoding):
(hyperref)                removing `math shift' on input line 1021.


Package hyperref Warning: Token not allowed in a PDF string (PDFDocEncoding):
(hyperref)                removing `\mathsurround' on input line 1021.


Package hyperref Warning: Token not allowed in a PDF string (PDFDocEncoding):
(hyperref)                removing `\z@' on input line 1021.


Package hyperref Warning: Token not allowed in a PDF string (PDFDocEncoding):
(hyperref)                removing `\mathchar' on input line 1021.


Package hyperref Warning: Token not allowed in a PDF string (PDFDocEncoding):
(hyperref)                removing `math shift' on input line 1021.


Package hyperref Warning: Token not allowed in a PDF string (PDFDocEncoding):
(hyperref)                removing `math shift' on input line 1021.

File: 5/figures/Matrix2.eps Graphic file (type eps)
<5/figures/Matrix2.eps> [119

]
File: 5/figures/Matrix3.eps Graphic file (type eps)
 <5/figures/Matrix3.eps>
File: 5/figures/Matrix4.eps Graphic file (type eps)
 <5/figures/Matrix4.eps>
Overfull \hbox (2.61107pt too wide) in paragraph at lines 1043--1051
[][] [] 
 []

[120]
File: 5/figures/gen_turb.eps Graphic file (type eps)
 <5/figures/gen_turb.eps> [121]
Underfull \vbox (badness 6608) has occurred while \output is active []

 [122]
File: 5/figures/TargetMatrix.eps Graphic file (type eps)

<5/figures/TargetMatrix.eps>

LaTeX Warning: `!h' float specifier changed to `!ht'.

[123] [124]
File: 5/figures/nhyperv.eps Graphic file (type eps)
 <5/figures/nhyperv.eps>

LaTeX Warning: `!h' float specifier changed to `!ht'.

File: 5/figures/fparetos.eps Graphic file (type eps)
<5/figures/fparetos.eps>

LaTeX Warning: `!h' float specifier changed to `!ht'.

File: 5/figures/AllPress.eps Graphic file (type eps)
<5/figures/AllPress.eps>
Overfull \hbox (14.22484pt too wide) in paragraph at lines 1259--1260
 [][] 
 []


LaTeX Warning: `!h' float specifier changed to `!ht'.

File: 5/figures/OUTLETMATRIX.eps Graphic file (type eps)
<5/figures/OUTLETMATRIX.eps>

LaTeX Warning: `!h' float specifier changed to `!ht'.

File: 5/figures/LoadPL_M.eps Graphic file (type eps)
<5/figures/LoadPL_M.eps>

LaTeX Warning: `!h' float specifier changed to `!ht'.

File: 5/figures/LoadBE_M.eps Graphic file (type eps)
<5/figures/LoadBE_M.eps>

LaTeX Warning: `!h' float specifier changed to `!ht'.

File: 5/figures/LoadFL_M.eps Graphic file (type eps)
<5/figures/LoadFL_M.eps>

LaTeX Warning: `!h' float specifier changed to `!ht'.

[125]
File: 5/figures/PartLoad.eps Graphic file (type eps)
 <5/figures/PartLoad.eps>
Overfull \hbox (14.22375pt too wide) in paragraph at lines 1317--1318
 [][] 
 []


LaTeX Warning: `!h' float specifier changed to `!ht'.

File: 5/figures/BE.eps Graphic file (type eps)
<5/figures/BE.eps>
Overfull \hbox (14.22375pt too wide) in paragraph at lines 1327--1328
 [][] 
 []


LaTeX Warning: `!h' float specifier changed to `!ht'.

File: 5/figures/FL.eps Graphic file (type eps)
<5/figures/FL.eps>
Overfull \hbox (14.22375pt too wide) in paragraph at lines 1337--1338
 [][] 
 []


LaTeX Warning: `!h' float specifier changed to `!ht'.

) [126] [127] [128] [129] [130] [131] [132] [133]
\openout2 = `6/Chapter6.aux'.

 (./6/Chapter6.tex [134



]
 6.
File: 6/figures/experim.eps Graphic file (type eps)
<6/figures/experim.eps>

LaTeX Warning: `!h' float specifier changed to `!ht'.

[135]
File: 6/figures/blade.eps Graphic file (type eps)
 <6/figures/blade.eps>

LaTeX Warning: `!h' float specifier changed to `!ht'.

File: 6/figures/foil_cp2.eps Graphic file (type eps)
<6/figures/foil_cp2.eps>

LaTeX Warning: `!h' float specifier changed to `!ht'.

[136] [137]
Underfull \vbox (badness 10000) has occurred while \output is active []

 [138]
File: 6/figures/Comp2.eps Graphic file (type eps)

<6/figures/Comp2.eps>
File: 6/figures/Comp.eps Graphic file (type eps)
 <6/figures/Comp.eps>

LaTeX Warning: `!h' float specifier changed to `!ht'.

File: 6/figures/ntua_foils.eps Graphic file (type eps)
<6/figures/ntua_foils.eps>

LaTeX Warning: `!h' float specifier changed to `!ht'.

) [139] [140] [141]
\openout2 = `7/discussion.aux'.

 (./7/discussion.tex [142



]
 7.
[143] [144] [145]) [146]
\openout2 = `8/A1.aux'.

 (./8/A1.tex
Appendix A.
[147



]
File: 8/figures/SINGLE.eps Graphic file (type eps)
 <8/figures/SINGLE.eps>

LaTeX Warning: `!h' float specifier changed to `!ht'.

[148]
File: 8/figures/DOUBLE.eps Graphic file (type eps)
 <8/figures/DOUBLE.eps>

LaTeX Warning: `!h' float specifier changed to `!ht'.

[149]) [150]
\openout2 = `8/A2.aux'.

 (./8/A2.tex
Appendix B.

Package hyperref Warning: Token not allowed in a PDF string (PDFDocEncoding):
(hyperref)                removing `math shift' on input line 14.


Package hyperref Warning: Token not allowed in a PDF string (PDFDocEncoding):
(hyperref)                removing `math shift' on input line 14.


Package hyperref Warning: Token not allowed in a PDF string (PDFDocEncoding):
(hyperref)                removing `\mathsurround' on input line 14.


Package hyperref Warning: Token not allowed in a PDF string (PDFDocEncoding):
(hyperref)                removing `\z@' on input line 14.


Package hyperref Warning: Token not allowed in a PDF string (PDFDocEncoding):
(hyperref)                removing `\mathchar' on input line 14.


Package hyperref Warning: Token not allowed in a PDF string (PDFDocEncoding):
(hyperref)                removing `math shift' on input line 14.


Package hyperref Warning: Token not allowed in a PDF string (PDFDocEncoding):
(hyperref)                removing `math shift' on input line 14.


LaTeX Warning: `!h' float specifier changed to `!ht'.

[151



] [152]
File: 8/figures/./3obj6/final_pareto2d2.eps Graphic file (type eps)
 <8/figures/./3obj6/final_pareto2d2.eps>
Overfull \hbox (21.3389pt too wide) in paragraph at lines 106--107
 [][] 
 []

File: 8/figures/./3obj6/final_pareto2d3.eps Graphic file (type eps)
<8/figures/./3obj6/final_pareto2d3.eps>
Overfull \hbox (21.3389pt too wide) in paragraph at lines 110--111
 [][] 
 []

File: 8/figures/./3obj6/final_pareto.eps Graphic file (type eps)
<8/figures/./3obj6/final_pareto.eps>
Overfull \hbox (21.34883pt too wide) in paragraph at lines 114--115
 [][] 
 []

File: 8/figures/./3obj6/final_pareto2d1.eps Graphic file (type eps)
<8/figures/./3obj6/final_pareto2d1.eps>
Overfull \hbox (21.3389pt too wide) in paragraph at lines 118--119
 [][] 
 []


Overfull \hbox (2.61107pt too wide) in paragraph at lines 104--120
[][] []
 []


Overfull \hbox (2.61107pt too wide) in paragraph at lines 104--120
[] [] 
 []

[153]
File: 8/figures/./3obj6/OP1/LOAD.eps Graphic file (type eps)
 <8/figures/./3obj6/OP1/LOAD.eps>
Overfull \hbox (7.1167pt too wide) in paragraph at lines 141--142
 [][] 
 []

File: 8/figures/./3obj6/OP1/OUTLET.eps Graphic file (type eps)
<8/figures/./3obj6/OP1/OUTLET.eps>
Overfull \hbox (7.1167pt too wide) in paragraph at lines 145--146
 [][] 
 []


Overfull \hbox (2.61107pt too wide) in paragraph at lines 139--147
[][] [] 
 []

File: 8/figures/./3obj6/OP2/LOAD.eps Graphic file (type eps)
<8/figures/./3obj6/OP2/LOAD.eps>
Overfull \hbox (7.1167pt too wide) in paragraph at lines 157--158
 [][] 
 []

File: 8/figures/./3obj6/OP3/LOAD.eps Graphic file (type eps)
<8/figures/./3obj6/OP3/LOAD.eps>
Overfull \hbox (7.1167pt too wide) in paragraph at lines 161--162
 [][] 
 []


Overfull \hbox (2.61107pt too wide) in paragraph at lines 155--163
[][] [] 
 []

[154]
File: 8/figures/lab.eps Graphic file (type eps)
 <8/figures/lab.eps>
Overfull \hbox (14.22723pt too wide) in paragraph at lines 177--180
 [][] 
 []

[155]
File: 8/figures/./3obj6/Eff.eps Graphic file (type eps)
 <8/figures/./3obj6/Eff.eps>
(/usr/share/texlive/texmf-dist/tex/latex/ucs/data/uni-0.def
File: uni-0.def 2013/05/13 UCS: Unicode data U+0000..U+00FF
) [156]) [157]
(./thesis.bbl [158


] [159] [160] [161] [162] [163] [164] [165] [166] [167]
[168] [169] [170] [171] [172] [173] [174])
Package atveryend Info: Empty hook `BeforeClearDocument' on input line 265.
 [175]
Package atveryend Info: Empty hook `AfterLastShipout' on input line 265.
 (./thesis.aux
(./0_frontmatter/title.aux) (./0_frontmatter/abstract.aux)
(./0_frontmatter/committee.aux) (./0_frontmatter/dedication.aux)
(./0_frontmatter/acknowledgement.aux) (./0_frontmatter/Nomenclature.aux)
(./1_introduction/introduction.aux) (./2/Chapter2.aux) (./3/Chapter3.aux)
(./4/Chapter4.aux) (./5/Chapter5.aux) (./6/Chapter6.aux) (./7/discussion.aux)
(./8/A1.aux) (./8/A2.aux))
Package atveryend Info: Empty hook `AtVeryEndDocument' on input line 265.
Package atveryend Info: Executing hook `AtEndAfterFileList' on input line 265.
Package rerunfilecheck Info: File `thesis.out' has not changed.
(rerunfilecheck)             Checksum: BD43844190E3536CF6D4D886158D061B;6283.


LaTeX Warning: There were multiply-defined labels.

Package atveryend Info: Empty hook `AtVeryVeryEnd' on input line 265.
 ) 
Here is how much of TeX's memory you used:
 12202 strings out of 494806
 187398 string characters out of 6178025
 299633 words of memory out of 5000000
 15063 multiletter control sequences out of 15000+600000
 29311 words of font info for 109 fonts, out of 8000000 for 9000
 81 hyphenation exceptions out of 8191
 43i,18n,57p,2181b,1320s stack positions out of 5000i,500n,10000p,200000b,80000s

Output written on thesis.dvi (189 pages, 879400 bytes).
