\BOOKMARK [0][]{chapter.1}{1 Introduction}{}% 1
\BOOKMARK [1][]{section.1.1}{1.1 CFD-Based Optimization}{chapter.1}% 2
\BOOKMARK [1][]{section.1.2}{1.2 EAs: Previous work at PCOpt/NTUA}{chapter.1}% 3
\BOOKMARK [1][]{section.1.3}{1.3 Thesis Outline}{chapter.1}% 4
\BOOKMARK [0][]{chapter.2}{2 Evolutionary Algorithms \(EAs\)}{}% 5
\BOOKMARK [1][]{section.2.1}{2.1 Introduction - Overview of EAs}{chapter.2}% 6
\BOOKMARK [1][]{section.2.2}{2.2 Optimization Problems - Definitions}{chapter.2}% 7
\BOOKMARK [2][]{subsection.2.2.1}{2.2.1 Multi-Objective Optimization and EAs}{section.2.2}% 8
\BOOKMARK [2][]{subsection.2.2.2}{2.2.2 Constrained Optimization and EAs}{section.2.2}% 9
\BOOKMARK [1][]{section.2.3}{2.3 The Evolutionary Algorithm SYstem \(EASY\)}{chapter.2}% 10
\BOOKMARK [2][]{subsection.2.3.1}{2.3.1 The \(,\)EA}{section.2.3}% 11
\BOOKMARK [3][]{subsubsection.2.3.1.1}{2.3.1.1 Evolution Operators}{subsection.2.3.1}% 12
\BOOKMARK [2][]{subsection.2.3.2}{2.3.2 Solving MOO Problems with EASY}{section.2.3}% 13
\BOOKMARK [2][]{subsection.2.3.3}{2.3.3 Constraints' Handling in EASY}{section.2.3}% 14
\BOOKMARK [2][]{subsection.2.3.4}{2.3.4 Metamodel-Assisted Evolutionary Algorithm \(MAEA\)}{section.2.3}% 15
\BOOKMARK [3][]{subsubsection.2.3.4.1}{2.3.4.1 Inexact Pre\205Evaluation Algorithm}{subsection.2.3.4}% 16
\BOOKMARK [2][]{subsection.2.3.5}{2.3.5 Hierarchical Evolutionary Algorithms}{section.2.3}% 17
\BOOKMARK [0][]{chapter.3}{3 Knowledge-Based Design}{}% 18
\BOOKMARK [1][]{section.3.1}{3.1 Knowledge-Based Systems \(KBS\)}{chapter.3}% 19
\BOOKMARK [2][]{subsection.3.1.1}{3.1.1 Case-Based Reasoning Method - Principles}{section.3.1}% 20
\BOOKMARK [1][]{section.3.2}{3.2 The KBD Method}{chapter.3}% 21
\BOOKMARK [2][]{subsection.3.2.1}{3.2.1 Optimization Variables's Definition}{section.3.2}% 22
\BOOKMARK [1][]{section.3.3}{3.3 Design of a Compressor Cascade using KBD}{chapter.3}% 23
\BOOKMARK [0][]{chapter.4}{4 EAs and MAEAs Driven by Principal Component Analysis}{}% 24
\BOOKMARK [1][]{section.4.1}{4.1 Ill-Posed Optimization Problems}{chapter.4}% 25
\BOOKMARK [2][]{subsection.4.1.1}{4.1.1 Anisotropic Objective Function}{section.4.1}% 26
\BOOKMARK [2][]{subsection.4.1.2}{4.1.2 Non-Separable Objective Function}{section.4.1}% 27
\BOOKMARK [2][]{subsection.4.1.3}{4.1.3 Investigation of EAs Efficiency Degradation in Ill-Posed Problems}{section.4.1}% 28
\BOOKMARK [1][]{section.4.2}{4.2 Ill-Posed MOO Problems}{chapter.4}% 29
\BOOKMARK [1][]{section.4.3}{4.3 Principal Component Analysis}{chapter.4}% 30
\BOOKMARK [1][]{section.4.4}{4.4 The Welded Beam Case}{chapter.4}% 31
\BOOKMARK [1][]{section.4.5}{4.5 PCA-Driven Evolution Operators}{chapter.4}% 32
\BOOKMARK [2][]{subsection.4.5.1}{4.5.1 PCA-Driven Recombination}{section.4.5}% 33
\BOOKMARK [2][]{subsection.4.5.2}{4.5.2 PCA-Driven Mutation}{section.4.5}% 34
\BOOKMARK [2][]{subsection.4.5.3}{4.5.3 Gain from the Use of EA\(PCA\)}{section.4.5}% 35
\BOOKMARK [1][]{section.4.6}{4.6 EAs Assisted by PCA-Driven Metamodels}{chapter.4}% 36
\BOOKMARK [2][]{subsection.4.6.1}{4.6.1 Gain from the Use of M\(PCA\)AEA\(PCA\)}{section.4.6}% 37
\BOOKMARK [1][]{section.4.7}{4.7 Design of a Compressor Cascade}{chapter.4}% 38
\BOOKMARK [0][]{chapter.5}{5 Optimization of Hydraulic Turbomachines}{}% 39
\BOOKMARK [1][]{section.5.1}{5.1 Evaluation Procedure}{chapter.5}% 40
\BOOKMARK [2][]{subsection.5.1.1}{5.1.1 Parameterization for Turbine Blades}{section.5.1}% 41
\BOOKMARK [2][]{subsection.5.1.2}{5.1.2 Space Discretization - Grid Generation}{section.5.1}% 42
\BOOKMARK [2][]{subsection.5.1.3}{5.1.3 Flow Solver}{section.5.1}% 43
\BOOKMARK [1][]{section.5.2}{5.2 Hydraulic Turbine-Runner Quality Metrics}{chapter.5}% 44
\BOOKMARK [2][]{subsection.5.2.1}{5.2.1 Cavitation Metric}{section.5.2}% 45
\BOOKMARK [2][]{subsection.5.2.2}{5.2.2 Outlet Velocity Profiles}{section.5.2}% 46
\BOOKMARK [2][]{subsection.5.2.3}{5.2.3 Blade Loading Quality Metric}{section.5.2}% 47
\BOOKMARK [2][]{subsection.5.2.4}{5.2.4 Pumping Surface Metric}{section.5.2}% 48
\BOOKMARK [1][]{section.5.3}{5.3 Optimization of a Francis Turbine Runner}{chapter.5}% 49
\BOOKMARK [2][]{subsection.5.3.1}{5.3.1 Francis Turbine}{section.5.3}% 50
\BOOKMARK [2][]{subsection.5.3.2}{5.3.2 Case Presentation}{section.5.3}% 51
\BOOKMARK [3][]{subsubsection.5.3.2.1}{5.3.2.1 Design Parameterization}{subsection.5.3.2}% 52
\BOOKMARK [3][]{subsubsection.5.3.2.2}{5.3.2.2 Objectives and Constraints}{subsection.5.3.2}% 53
\BOOKMARK [2][]{subsection.5.3.3}{5.3.3 Results}{section.5.3}% 54
\BOOKMARK [3][]{subsubsection.5.3.3.1}{5.3.3.1 Archived Designs}{subsection.5.3.3}% 55
\BOOKMARK [1][]{section.5.4}{5.4 Optimization of a Hydromatrix"472 Turbine}{chapter.5}% 56
\BOOKMARK [2][]{subsection.5.4.1}{5.4.1 The Hydromatrix"472 Turbine}{section.5.4}% 57
\BOOKMARK [2][]{subsection.5.4.2}{5.4.2 Case Presentation}{section.5.4}% 58
\BOOKMARK [3][]{subsubsection.5.4.2.1}{5.4.2.1 Case Formulation}{subsection.5.4.2}% 59
\BOOKMARK [3][]{subsubsection.5.4.2.2}{5.4.2.2 Design Parameterization}{subsection.5.4.2}% 60
\BOOKMARK [3][]{subsubsection.5.4.2.3}{5.4.2.3 Objectives and Constraints}{subsection.5.4.2}% 61
\BOOKMARK [2][]{subsection.5.4.3}{5.4.3 Results}{section.5.4}% 62
\BOOKMARK [0][]{chapter.6}{6 Optimization of a Compressor Annular Cascade}{}% 63
\BOOKMARK [1][]{section.6.1}{6.1 Blade Shape Parameterization}{chapter.6}% 64
\BOOKMARK [1][]{section.6.2}{6.2 Case Presentation}{chapter.6}% 65
\BOOKMARK [2][]{subsection.6.2.1}{6.2.1 Objectives and Constraints}{section.6.2}% 66
\BOOKMARK [1][]{section.6.3}{6.3 Results}{chapter.6}% 67
\BOOKMARK [0][]{chapter.7}{7 Conclusions - Future Work}{}% 68
\BOOKMARK [1][]{section.7.1}{7.1 Future Work}{chapter.7}% 69
\BOOKMARK [1][]{section.7.2}{7.2 Publications - Conference Presentations}{chapter.7}% 70
\BOOKMARK [0][]{appendix.A}{A Regulated Hydraulic Turbines}{}% 71
\BOOKMARK [1][]{section.A.1}{A.1 Single-Regulated Turbines}{appendix.A}% 72
\BOOKMARK [1][]{section.A.2}{A.2 Double-Regulated Turbines}{appendix.A}% 73
\BOOKMARK [0][]{appendix.B}{B Design of a Hydromatrix"472: Experimental Validation}{}% 74
\BOOKMARK [1][]{section.B.1}{B.1 Optimization Procedure}{appendix.B}% 75
\BOOKMARK [1][]{section.B.2}{B.2 Experimental Validation}{appendix.B}% 76
\BOOKMARK [0][]{appendix*.145}{Bibliography}{}% 77
