     1      0     60     60     60      0      0      0      0      0      0      0      0      2        11.6462        11.6462        972.793        283.611        305.467              0              0              0              0        60        60
     1      1     59    119     60      0      0      1      1      0      0      0      0      2        9.91564        9.91564        913.742        129.674        198.296              0              0              0              0       119       119
     1      2     59    178     60      0      0      1      2      0      0      0      0      2        8.89689        8.89689        599.957        65.7218        118.059              0              0              0              0       178       178
     1      3     57    235     60      0      0      3      5      0      0      0      0      2        8.64708        8.64708        241.949        25.2892        37.1118              0              0              0              0       235       235
     1      4     59    294     60      0      0      1      6      0      0      0      0      2        8.64708        8.64708        241.464        16.8542        33.5693              0              0              0              0       294       294
     1      5     59    353     60      0      0      1      7      0      0      0      0      2        8.20313        8.20313         12.339        9.74974       0.909001              0              0              0              0       353       353
     1      6     59    412     60      0      0      1      8      0      0      0      0      2        8.09187        8.09187        186.356        12.0534         22.895              0              0              0              0       412       412
     1      7     59    471     60      0      0      1      9      0      0      0      0      2        7.78094        7.78094        56.2967         10.054        6.15075              0              0              0              0       471       471
     1      8     59    530     60      0      0      1     10      0      0      0      0      2        7.46025        7.46025        10.1822        8.72215       0.760678              0              0              0              0       530       530
     1      9     60    590     60      0      0      0     10      0      0      0      0      2         7.2408         7.2408        412.797        15.2931        52.1939              0              0              0              0       590       590
     1     10     58    648     60      0      0      2     12      0      0      0      0      2        6.23623        6.23623        130.467        10.2212        15.8057              0              0              0              0       648       648
     1     11     59    707     60      0      0      1     13      0      0      0      0      2        5.85183        5.85183        261.934        12.1824        32.7986              0              0              0              0       707       707
     1     12     57    764     60      0      0      3     16      0      0      0      0      2        5.85183        5.85183        359.673        15.0629        46.7603              0              0              0              0       764       764
     1     13     59    823     60      0      0      1     17      0      0      0      0      2        5.85183        5.85183         123.03        9.44947        14.9289              0              0              0              0       823       823
     1     14     58    881     60      0      0      2     19      0      0      0      0      2        5.63468        5.63468        8.60685        7.32282       0.780226              0              0              0              0       881       881
     1     15     57    938     60      0      0      3     22      0      0      0      0      2        5.27181        5.27181        662.078        26.6087          97.09              0              0              0              0       938       938
     1     16     60    998     60      0      0      0     22      0      0      0      0      2        4.60007        4.60007        280.491        12.0195        35.8883              0              0              0              0       998       998
     1     17     58   1056     60      0      0      2     24      0      0      0      0      2        4.60007        4.60007        155.415        10.1674        20.4736              0              0              0              0      1056      1056
     1     18     59   1115     60      0      0      1     25      0      0      0      0      2        4.60007        4.60007        249.627        15.5353        41.8303              0              0              0              0      1115      1115
     1     19     56   1171     60      0      0      4     29      0      0      0      0      2        3.84976        3.84976        476.927        15.6203        62.1098              0              0              0              0      1171      1171
     1     20     60   1231     60      0      0      0     29      0      0      0      0      2        3.84976        3.84976        515.419        18.6684        76.7377              0              0              0              0      1231      1231
     1     21     58   1289     60      0      0      2     31      0      0      0      0      2        3.27022        3.27022         743.08        33.5214         130.01              0              0              0              0      1289      1289
     1     22     56   1345     60      0      0      4     35      0      0      0      0      2        3.27022        3.27022        149.257        7.03681        18.6963              0              0              0              0      1345      1345
     1     23     58   1403     60      0      0      2     37      0      0      0      0      2        3.18739        3.18739        6.03553        4.49843       0.621351              0              0              0              0      1403      1403
     1     24     60   1463     60      0      0      0     37      0      0      0      0      2        3.12341        3.12341        303.988        11.1238        40.2725              0              0              0              0      1463      1463
     1     25     60   1523     60      0      0      0     37      0      0      0      0      2        2.69998        2.69998        155.746        7.51039        19.6985              0              0              0              0      1523      1523
     1     26     59   1582     60      0      0      1     38      0      0      0      0      2         2.3858         2.3858        696.628        22.1328        95.6886              0              0              0              0      1582      1582
     1     27     58   1640     60      0      0      2     40      0      0      0      0      2        2.34136        2.34136        4.27647        3.34853       0.600409              0              0              0              0      1640      1640
     1     28     60   1700     60      0      0      0     40      0      0      0      0      2        2.22359        2.22359        4.68464        3.31124       0.587841              0              0              0              0      1700      1700
     1     29     59   1759     60      0      0      1     41      0      0      0      0      2        2.18164        2.18164        615.006        26.8788        96.6771              0              0              0              0      1759      1759
     1     30     58   1817     60      0      0      2     43      0      0      0      0      2        2.03285        2.03285        791.657        62.4659        182.633              0              0              0              0      1817      1817
     1     31     58   1875     60      0      0      2     45      0      0      0      0      2        2.03285        2.03285        340.675        14.1842        59.8694              0              0              0              0      1875      1875
     1     32     60   1935     60      0      0      0     45      0      0      0      0      2        1.76073        1.76073        412.033        14.4314        58.8919              0              0              0              0      1935      1935
     1     33     59   1994     60      0      0      1     46      0      0      0      0      2        1.69543        1.69543        45.8573        3.64323         6.1047              0              0              0              0      1994      1994
     1     34     58   2052     60      0      0      2     48      0      0      0      0      2        1.69543        1.69543        26.8742        3.45225        3.83948              0              0              0              0      2052      2052
     1     35     57   2109     60      0      0      3     51      0      0      0      0      2        1.65834        1.65834          145.4         6.6141        19.0963              0              0              0              0      2109      2109
     1     36     60   2169     60      0      0      0     51      0      0      0      0      2        1.44589        1.44589        710.099        24.8491        120.833              0              0              0              0      2169      2169
     1     37     59   2228     60      0      0      1     52      0      0      0      0      2        1.25894        1.25894        38.7413        3.61408        6.19799              0              0              0              0      2228      2228
     1     38     59   2287     60      0      0      1     53      0      0      0      0      2        1.17498        1.17498        180.944        5.30564        23.0685              0              0              0              0      2287      2287
     1     39     58   2345     60      0      0      2     55      0      0      0      0      2        1.08468        1.08468         4.5655        2.34966       0.715764              0              0              0              0      2345      2345
     1     40     57   2402     60      0      0      3     58      0      0      0      0      2        1.07339        1.07339        61.0257        3.30558        7.61556              0              0              0              0      2402      2402
     1     41     60   2462     60      0      0      0     58      0      0      0      0      2        1.05514        1.05514        499.396        14.3685        69.1502              0              0              0              0      2462      2462
     1     42     58   2520     60      0      0      2     60      0      0      0      0      2        0.99908        0.99908        21.9628        2.34458        2.66755              0              0              0              0      2520      2520
     1     43     57   2577     60      0      0      3     63      0      0      0      0      2       0.955965       0.955965        3.11083         1.9211       0.569677              0              0              0              0      2577      2577
     1     44     54   2631     60      0      0      6     69      0      0      0      0      2       0.952452       0.952452        180.068        4.94022        23.0112              0              0              0              0      2631      2631
     1     45     58   2689     60      0      0      2     71      0      0      0      0      2       0.862682       0.862682        696.079        22.2417        111.118              0              0              0              0      2689      2689
     1     46     60   2749     60      0      0      0     71      0      0      0      0      2       0.862682       0.862682         649.37        33.1421        118.517              0              0              0              0      2749      2749
     1     47     58   2807     60      0      0      2     73      0      0      0      0      2       0.862682       0.862682        321.537        12.1191        44.6318              0              0              0              0      2807      2807
     1     48     58   2865     60      0      0      2     75      0      0      0      0      2       0.742083       0.742083         644.62        29.3646        111.689              0              0              0              0      2865      2865
     1     49     56   2921     60      0      0      4     79      0      0      0      0      2       0.738152       0.738152        127.422         3.8892        16.2551              0              0              0              0      2921      2921
     1     50     58   2979     60      0      0      2     81      0      0      0      0      2       0.725086       0.725086        460.364        8.96741        59.2648              0              0              0              0      2979      2979
     1     51     59   3038     60      0      0      1     82      0      0      0      0      2       0.725086       0.725086        204.247        9.70555        35.9472              0              0              0              0      3038      3038
     1     52     60   3098     60      0      0      0     82      0      0      0      0      2       0.713341       0.713341        280.229        10.8812        50.3572              0              0              0              0      3098      3098
     1     53     60   3158     60      0      0      0     82      0      0      0      0      2       0.713178       0.713178        350.299        7.62078        44.9944              0              0              0              0      3158      3158
     1     54     58   3216     60      0      0      2     84      0      0      0      0      2       0.713178       0.713178        473.628        17.2196        84.7897              0              0              0              0      3216      3216
     1     55     58   3274     60      0      0      2     86      0      0      0      0      2       0.713178       0.713178        3.20314        1.72517       0.644879              0              0              0              0      3274      3274
     1     56     58   3332     60      0      0      2     88      0      0      0      0      2        0.69135        0.69135        303.251        11.4687        48.3443              0              0              0              0      3332      3332
     1     57     59   3391     60      0      0      1     89      0      0      0      0      2       0.659697       0.659697        769.454        27.6183         130.34              0              0              0              0      3391      3391
     1     58     59   3450     60      0      0      1     90      0      0      0      0      2       0.659697       0.659697        3.33516        1.60722       0.658907              0              0              0              0      3450      3450
     1     59     59   3509     60      0      0      1     91      0      0      0      0      2       0.632324       0.632324        5.14542        1.62786       0.875687              0              0              0              0      3509      3509
     1     60     58   3567     60      0      0      2     93      0      0      0      0      2        0.63142        0.63142        3.43606        1.66706       0.685372              0              0              0              0      3567      3567
     1     61     58   3625     60      0      0      2     95      0      0      0      0      2       0.626351       0.626351        78.4906        4.90487        13.2892              0              0              0              0      3625      3625
     1     62     58   3683     60      0      0      2     97      0      0      0      0      2       0.606717       0.606717        3.62275        1.69275       0.662154              0              0              0              0      3683      3683
     1     63     58   3741     60      0      0      2     99      0      0      0      0      2       0.575972       0.575972        76.9248        2.76152        9.75277              0              0              0              0      3741      3741
     1     64     59   3800     60      0      0      1    100      0      0      0      0      2       0.564243       0.564243        553.065        16.5933        83.0143              0              0              0              0      3800      3800
     1     65     58   3858     60      0      0      2    102      0      0      0      0      2       0.564243       0.564243        555.611         21.014        83.8393              0              0              0              0      3858      3858
     1     66     60   3918     60      0      0      0    102      0      0      0      0      2       0.500594       0.500594        94.2395        2.87018        12.0061              0              0              0              0      3918      3918
     1     67     58   3976     60      0      0      2    104      0      0      0      0      2       0.490191       0.490191         344.55         16.023        66.4192              0              0              0              0      3976      3976
     1     68     60   4036     60      0      0      0    104      0      0      0      0      2       0.490191       0.490191        84.7143        2.69887        10.7834              0              0              0              0      4036      4036
     1     69     56   4092     60      0      0      4    108      0      0      0      0      2       0.456479       0.456479        221.755        5.30103         28.512              0              0              0              0      4092      4092
     1     70     56   4148     60      0      0      4    112      0      0      0      0      2       0.426534       0.426534        164.623        4.09958        21.1054              0              0              0              0      4148      4148
     1     71     59   4207     60      0      0      1    113      0      0      0      0      2       0.426534       0.426534        2.61909        1.35061       0.591828              0              0              0              0      4207      4207
     1     72     56   4263     60      0      0      4    117      0      0      0      0      2       0.426534       0.426534        751.165        17.9129        101.245              0              0              0              0      4263      4263
     1     73     56   4319     60      0      0      4    121      0      0      0      0      2       0.426534       0.426534        107.844        3.35455        13.9025              0              0              0              0      4319      4319
     1     74     60   4379     60      0      0      0    121      0      0      0      0      2       0.426534       0.426534        187.895        4.41283        24.0999              0              0              0              0      4379      4379
     1     75     60   4439     60      0      0      0    121      0      0      0      0      2       0.426534       0.426534        228.167        19.9732        56.8903              0              0              0              0      4439      4439
     1     76     57   4496     60      0      0      3    124      0      0      0      0      2       0.409044       0.409044         630.43        17.4993         86.238              0              0              0              0      4496      4496
     1     77     58   4554     60      0      0      2    126      0      0      0      0      2       0.399784       0.399784        3.33975        1.42931       0.653492              0              0              0              0      4554      4554
     1     78     57   4611     60      0      0      3    129      0      0      0      0      2       0.399784       0.399784        545.016        12.5597        71.6842              0              0              0              0      4611      4611
     1     79     60   4671     60      0      0      0    129      0      0      0      0      2       0.353113       0.353113        307.771        9.71933        44.7356              0              0              0              0      4671      4671
     1     80     56   4727     60      0      0      4    133      0      0      0      0      2       0.352514       0.352514        3.15288        1.21028       0.671291              0              0              0              0      4727      4727
     1     81     57   4784     60      0      0      3    136      0      0      0      0      2       0.352514       0.352514        3.02505        1.19905       0.616117              0              0              0              0      4784      4784
     1     82     58   4842     60      0      0      2    138      0      0      0      0      2        0.34629        0.34629        380.811        9.71955        51.9698              0              0              0              0      4842      4842
     1     83     60   4902     60      0      0      0    138      0      0      0      0      2        0.34629        0.34629        88.9844         3.4723        12.3495              0              0              0              0      4902      4902
     1     84     56   4958     60      0      0      4    142      0      0      0      0      2        0.34629        0.34629        2.14629        1.06257       0.435637              0              0              0              0      4958      4958
     1     85     58   5016     60      0      0      2    144      0      0      0      0      2        0.30928        0.30928        600.479         13.241        78.7217              0              0              0              0      5016      5016
     1     86     59   5075     60      0      0      1    145      0      0      0      0      2       0.297748       0.297748        2.16035       0.869512       0.424878              0              0              0              0      5075      5075
     1     87     60   5135     60      0      0      0    145      0      0      0      0      2       0.294909       0.294909        464.038        17.5762        79.3957              0              0              0              0      5135      5135
     1     88     58   5193     60      0      0      2    147      0      0      0      0      2       0.246314       0.246314        494.217        17.2233        85.9763              0              0              0              0      5193      5193
     1     89     60   5253     60      0      0      0    147      0      0      0      0      2        0.24505        0.24505        77.4752         3.5812        12.9612              0              0              0              0      5253      5253
     1     90     57   5310     60      0      0      3    150      0      0      0      0      2        0.24505        0.24505        84.6875        2.37816        10.8257              0              0              0              0      5310      5310
     1     91     59   5369     60      0      0      1    151      0      0      0      0      2        0.24505        0.24505        243.764        5.27696        31.3563              0              0              0              0      5369      5369
     1     92     58   5427     60      0      0      2    153      0      0      0      0      2        0.24505        0.24505        189.827        6.47216        29.3757              0              0              0              0      5427      5427
     1     93     58   5485     60      0      0      2    155      0      0      0      0      2        0.24505        0.24505        2.26273        1.00568       0.460703              0              0              0              0      5485      5485
     1     94     60   5545     60      0      0      0    155      0      0      0      0      2        0.23914        0.23914        13.4421         1.2518        1.68826              0              0              0              0      5545      5545
     1     95     59   5604     60      0      0      1    156      0      0      0      0      2        0.21662        0.21662        538.151        16.3721         82.121              0              0              0              0      5604      5604
     1     96     59   5663     60      0      0      1    157      0      0      0      0      2       0.212601       0.212601        79.3952        2.22295        10.1448              0              0              0              0      5663      5663
     1     97     59   5722     60      0      0      1    158      0      0      0      0      2       0.212601       0.212601        551.877        17.9158        80.6391              0              0              0              0      5722      5722
     1     98     60   5782     60      0      0      0    158      0      0      0      0      2       0.212601       0.212601        5.55995        1.19346       0.853273              0              0              0              0      5782      5782
     1     99     58   5840     60      0      0      2    160      0      0      0      0      2        0.19607        0.19607        158.324        3.44064        20.3404              0              0              0              0      5840      5840
     1    100     60   5900     60      0      0      0    160      0      0      0      0      2        0.19607        0.19607        74.8723        2.12233        9.56332              0              0              0              0      5900      5900
     1    101     58   5958     60      0      0      2    162      0      0      0      0      2       0.189921       0.189921        69.3567        2.04296        8.85373              0              0              0              0      5958      5958
     1    102     60   6018     60      0      0      0    162      0      0      0      0      2       0.189921       0.189921        2.61153        1.20369       0.610265              0              0              0              0      6018      6018
     1    103     57   6075     60      0      0      3    165      0      0      0      0      2       0.189921       0.189921        454.467        14.8882        64.6769              0              0              0              0      6075      6075
     1    104     57   6132     60      0      0      3    168      0      0      0      0      2       0.189921       0.189921        143.208        4.55776        19.5872              0              0              0              0      6132      6132
     1    105     59   6191     60      0      0      1    169      0      0      0      0      2       0.189921       0.189921        2.59854          1.162        0.45549              0              0              0              0      6191      6191
     1    106     59   6250     60      0      0      1    170      0      0      0      0      2       0.189921       0.189921        535.132        24.7485        104.883              0              0              0              0      6250      6250
     1    107     60   6310     60      0      0      0    170      0      0      0      0      2       0.170542       0.170542        201.925        4.78252         25.916              0              0              0              0      6310      6310
     1    108     59   6369     60      0      0      1    171      0      0      0      0      2       0.169583       0.169583        145.025        3.63466        18.6021              0              0              0              0      6369      6369
     1    109     60   6429     60      0      0      0    171      0      0      0      0      2       0.169583       0.169583        3.09664        1.19197        0.58611              0              0              0              0      6429      6429
     1    110     58   6487     60      0      0      2    173      0      0      0      0      2       0.169583       0.169583        97.8297        4.92355        17.6772              0              0              0              0      6487      6487
     1    111     55   6542     60      0      0      5    178      0      0      0      0      2       0.169583       0.169583        473.608        16.0992        81.3119              0              0              0              0      6542      6542
     1    112     60   6602     60      0      0      0    178      0      0      0      0      2       0.169583       0.169583        351.627         22.405        79.2037              0              0              0              0      6602      6602
     1    113     59   6661     60      0      0      1    179      0      0      0      0      2       0.165894       0.165894        597.452        20.2107        83.6605              0              0              0              0      6661      6661
     1    114     60   6721     60      0      0      0    179      0      0      0      0      2       0.165894       0.165894        263.155        21.7005        55.3356              0              0              0              0      6721      6721
     1    115     60   6781     60      0      0      0    179      0      0      0      0      2       0.165894       0.165894        3.14874        1.52077        0.76354              0              0              0              0      6781      6781
     1    116     59   6840     60      0      0      1    180      0      0      0      0      2       0.165894       0.165894        457.224        16.3145        82.2041              0              0              0              0      6840      6840
     1    117     60   6900     60      0      0      0    180      0      0      0      0      2       0.165894       0.165894        2.27374        1.02439       0.516571              0              0              0              0      6900      6900
     1    118     60   6960     60      0      0      0    180      0      0      0      0      2       0.165894       0.165894        256.289        5.81403        33.1042              0              0              0              0      6960      6960
     1    119     57   7017     60      0      0      3    183      0      0      0      0      2       0.165894       0.165894        112.502        4.85363        16.6147              0              0              0              0      7017      7017
     1    120     59   7076     60      0      0      1    184      0      0      0      0      2       0.156384       0.156384        2.45385         1.1856       0.493295              0              0              0              0      7076      7076
     1    121     58   7134     60      0      0      2    186      0      0      0      0      2       0.156384       0.156384        2.34607        1.02023       0.483557              0              0              0              0      7134      7134
     1    122     59   7193     60      0      0      1    187      0      0      0      0      2       0.156384       0.156384        382.697        11.1932        52.4015              0              0              0              0      7193      7193
     1    123     59   7252     60      0      0      1    188      0      0      0      0      2       0.145474       0.145474        2.83794       0.996693       0.609203              0              0              0              0      7252      7252
     1    124     60   7312     60      0      0      0    188      0      0      0      0      2       0.145474       0.145474        131.929        3.09859        16.9202              0              0              0              0      7312      7312
     1    125     59   7371     60      0      0      1    189      0      0      0      0      2       0.145474       0.145474        1.96965       0.848596       0.405597              0              0              0              0      7371      7371
     1    126     59   7430     60      0      0      1    190      0      0      0      0      2       0.145474       0.145474        1.85351       0.697525       0.342259              0              0              0              0      7430      7430
     1    127     60   7490     60      0      0      0    190      0      0      0      0      2       0.145474       0.145474        97.1179        3.17251        14.0213              0              0              0              0      7490      7490
     1    128     58   7548     60      0      0      2    192      0      0      0      0      2         0.1406         0.1406        2.00525       0.772219        0.45757              0              0              0              0      7548      7548
     1    129     59   7607     60      0      0      1    193      0      0      0      0      2         0.1406         0.1406        102.934        2.41721        13.2035              0              0              0              0      7607      7607
     1    130     60   7667     60      0      0      0    193      0      0      0      0      2         0.1406         0.1406        9.25146       0.980021        1.18122              0              0              0              0      7667      7667
     1    131     57   7724     60      0      0      3    196      0      0      0      0      2       0.127201       0.127201        153.088         5.6258        24.3523              0              0              0              0      7724      7724
     1    132     58   7782     60      0      0      2    198      0      0      0      0      2       0.126383       0.126383        323.142        12.6723        54.7843              0              0              0              0      7782      7782
     1    133     60   7842     60      0      0      0    198      0      0      0      0      2       0.126121       0.126121        315.358        6.09127        40.6398              0              0              0              0      7842      7842
     1    134     60   7902     60      0      0      0    198      0      0      0      0      2       0.120573       0.120573        122.747        3.32581        16.8695              0              0              0              0      7902      7902
     1    135     57   7959     60      0      0      3    201      0      0      0      0      2       0.116284       0.116284        64.7791        1.65339        8.31548              0              0              0              0      7959      7959
     1    136     58   8017     60      0      0      2    203      0      0      0      0      2       0.116284       0.116284        218.795        4.99838        28.2948              0              0              0              0      8017      8017
     1    137     60   8077     60      0      0      0    203      0      0      0      0      2       0.111625       0.111625        232.556        4.46974        29.9469              0              0              0              0      8077      8077
     1    138     59   8136     60      0      0      1    204      0      0      0      0      2       0.111625       0.111625        1.52306       0.607572       0.329353              0              0              0              0      8136      8136
     1    139     59   8195     60      0      0      1    205      0      0      0      0      2       0.111625       0.111625        1.34203       0.591926        0.31518              0              0              0              0      8195      8195
     1    140     59   8254     60      0      0      1    206      0      0      0      0      2       0.111625       0.111625         1.0077       0.447079       0.273897              0              0              0              0      8254      8254
     1    141     56   8310     60      0      0      4    210      0      0      0      0      2       0.111625       0.111625        3.71205       0.561444       0.564277              0              0              0              0      8310      8310
     1    142     59   8369     60      0      0      1    211      0      0      0      0      2       0.111625       0.111625        232.863        7.79032        32.9055              0              0              0              0      8369      8369
     1    143     58   8427     60      0      0      2    213      0      0      0      0      2       0.110537       0.110537        2.05861       0.578275       0.398622              0              0              0              0      8427      8427
     1    144     55   8482     60      0      0      5    218      0      0      0      0      2       0.110537       0.110537        143.584        4.85077        23.4945              0              0              0              0      8482      8482
     1    145     59   8541     60      0      0      1    219      0      0      0      0      2       0.110537       0.110537        111.966        4.63802        18.2801              0              0              0              0      8541      8541
     1    146     59   8600     60      0      0      1    220      0      0      0      0      2       0.110537       0.110537        268.382        6.36413        35.2223              0              0              0              0      8600      8600
     1    147     59   8659     60      0      0      1    221      0      0      0      0      2       0.110537       0.110537        65.2361        2.05051        8.63002              0              0              0              0      8659      8659
     1    148     56   8715     60      0      0      4    225      0      0      0      0      2       0.105381       0.105381        312.598        10.1724        52.5741              0              0              0              0      8715      8715
     1    149     59   8774     60      0      0      1    226      0      0      0      0      2      0.0815339      0.0815339        136.866        2.79225        17.6059              0              0              0              0      8774      8774
     1    150     60   8834     60      0      0      0    226      0      0      0      0      2      0.0815339      0.0815339        24.9204       0.818544        3.17409              0              0              0              0      8834      8834
     1    151     57   8891     60      0      0      3    229      0      0      0      0      2      0.0804049      0.0804049        1.58151       0.456027       0.311055              0              0              0              0      8891      8891
     1    152     59   8950     60      0      0      1    230      0      0      0      0      2      0.0770333      0.0770333        239.368        4.52136        30.8337              0              0              0              0      8950      8950
     1    153     55   9005     60      0      0      5    235      0      0      0      0      2      0.0724052      0.0724052        360.386        14.5699        64.1242              0              0              0              0      9005      9005
     1    154     58   9063     60      0      0      2    237      0      0      0      0      2      0.0724052      0.0724052        253.374        19.6724        57.1119              0              0              0              0      9063      9063
     1    155     58   9121     60      0      0      2    239      0      0      0      0      2      0.0712724      0.0712724        174.568        9.25659        31.4721              0              0              0              0      9121      9121
     1    156     59   9180     60      0      0      1    240      0      0      0      0      2      0.0712724      0.0712724        267.175        9.09717        39.2192              0              0              0              0      9180      9180
     1    157     57   9237     60      0      0      3    243      0      0      0      0      2      0.0712724      0.0712724        217.856        6.43082        29.2534              0              0              0              0      9237      9237
     1    158     55   9292     60      0      0      5    248      0      0      0      0      2      0.0712724      0.0712724        224.517         9.0569        37.7281              0              0              0              0      9292      9292
     1    159     56   9348     60      0      0      4    252      0      0      0      0      2      0.0712724      0.0712724        34.9366        1.36055        4.67473              0              0              0              0      9348      9348
     1    160     58   9406     60      0      0      2    254      0      0      0      0      2      0.0712724      0.0712724        9.46328       0.699977        1.19701              0              0              0              0      9406      9406
     1    161     56   9462     60      0      0      4    258      0      0      0      0      2      0.0710829      0.0710829        18.7336       0.920593        2.41111              0              0              0              0      9462      9462
     1    162     56   9518     60      0      0      4    262      0      0      0      0      2      0.0710829      0.0710829        19.2994        1.10081        3.15034              0              0              0              0      9518      9518
     1    163     59   9577     60      0      0      1    263      0      0      0      0      2      0.0710829      0.0710829        1.44792       0.491787       0.299768              0              0              0              0      9577      9577
     1    164     59   9636     60      0      0      1    264      0      0      0      0      2      0.0710829      0.0710829        86.7509        2.24963        11.6091              0              0              0              0      9636      9636
     1    165     58   9694     60      0      0      2    266      0      0      0      0      2      0.0710829      0.0710829       0.971919       0.415001       0.223203              0              0              0              0      9694      9694
     1    166     58   9752     60      0      0      2    268      0      0      0      0      2      0.0710829      0.0710829        25.3649        1.15051        3.76541              0              0              0              0      9752      9752
     1    167     56   9808     60      0      0      4    272      0      0      0      0      2      0.0710829      0.0710829        1.17691       0.369619       0.200519              0              0              0              0      9808      9808
     1    168     57   9865     60      0      0      3    275      0      0      0      0      2      0.0710829      0.0710829        0.67739       0.307659       0.133941              0              0              0              0      9865      9865
     1    169     58   9923     60      0      0      2    277      0      0      0      0      2      0.0710829      0.0710829         110.62        2.94348        14.6561              0              0              0              0      9923      9923
     1    170     58   9981     60      0      0      2    279      0      0      0      0      2      0.0710829      0.0710829        64.9662        1.40618        8.36218              0              0              0              0      9981      9981
     1    171     19  10000     21      0      0      1    280      0      0      0      0      2      0.0708188      0.0708188        0.42646       0.202092      0.0959134              0              0              0              0     10000     10000
