     1      0     60     60     60      0      0      0      0      0      0      0      0      2        2.86531        2.86531        2181.56        389.618        455.472              0              0              0              0        60        60
     1      1     59    119     60      0      0      1      1      0      0      0      0      2        2.80968        2.80968        713.829        88.8077        142.047              0              0              0              0       119       119
     1      2     49    168     60      0      0     11     12      0      0      0      0      2        2.02195        2.02195        510.038        37.4391        89.5916              0              0              0              0       168       168
     1      3     57    225     60      0      0      3     15      0      0      0      0      2        1.12161        1.12161        220.441        25.0259        40.9721              0              0              0              0       225       225
     1      4     54    279     60      0      0      6     21      0      0      0      0      2        1.12161        1.12161         292.83        20.4093        46.2389              0              0              0              0       279       279
     1      5     54    333     60      0      0      6     27      0      0      0      0      2        1.12161        1.12161        574.835        24.2005        78.4012              0              0              0              0       333       333
     1      6     56    389     60      0      0      4     31      0      0      0      0      2        1.12161        1.12161        464.109        26.0187        68.5342              0              0              0              0       389       389
     1      7     56    445     60      0      0      4     35      0      0      0      0      2        1.01429        1.01429        100.797        14.8366        22.2369              0              0              0              0       445       445
     1      8     55    500     60      0      0      5     40      0      0      0      0      2        1.01429        1.01429        150.907        14.9824        25.6694              0              0              0              0       500       500
     1      9     57    557     60      0      0      3     43      0      0      0      0      2       0.974151       0.974151        114.502        10.9883        20.6986              0              0              0              0       557       557
     1     10     54    611     60      0      0      6     49      0      0      0      0      2       0.923945       0.923945        252.693        16.7093        39.5384              0              0              0              0       611       611
     1     11     57    668     60      0      0      3     52      0      0      0      0      2       0.923945       0.923945         117.93        9.50871        18.0927              0              0              0              0       668       668
     1     12     56    724     60      0      0      4     56      0      0      0      0      2       0.923945       0.923945        320.713        18.1026        49.8175              0              0              0              0       724       724
     1     13     57    781     60      0      0      3     59      0      0      0      0      2       0.631934       0.631934        160.505        14.5847        29.1656              0              0              0              0       781       781
     1     14     57    838     60      0      0      3     62      0      0      0      0      2       0.631934       0.631934        134.678        10.2185        21.4418              0              0              0              0       838       838
     1     15     58    896     60      0      0      2     64      0      0      0      0      2       0.582542       0.582542        151.625        10.4784        22.8995              0              0              0              0       896       896
     1     16     58    954     60      0      0      2     66      0      0      0      0      2       0.582542       0.582542        241.169         31.928         63.802              0              0              0              0       954       954
     1     17     56   1010     60      0      0      4     70      0      0      0      0      2        0.57312        0.57312        163.442        16.7475        38.9267              0              0              0              0      1010      1010
     1     18     59   1069     60      0      0      1     71      0      0      0      0      2        0.57312        0.57312        188.633        13.6573        37.6267              0              0              0              0      1069      1069
     1     19     51   1120     60      0      0      9     80      0      0      0      0      2       0.558486       0.558486         309.97        16.0317        49.5613              0              0              0              0      1120      1120
     1     20     53   1173     60      0      0      7     87      0      0      0      0      2       0.548344       0.548344        163.068        7.55839        24.3407              0              0              0              0      1173      1173
     1     21     56   1229     60      0      0      4     91      0      0      0      0      2       0.516806       0.516806        122.132        7.60584        22.2088              0              0              0              0      1229      1229
     1     22     52   1281     60      0      0      8     99      0      0      0      0      2       0.479549       0.479549        58.0979         3.8584        9.29344              0              0              0              0      1281      1281
     1     23     56   1337     60      0      0      4    103      0      0      0      0      2       0.479549       0.479549        166.299        12.4841        32.4323              0              0              0              0      1337      1337
     1     24     54   1391     60      0      0      6    109      0      0      0      0      2       0.472753       0.472753        286.441         10.539        40.4572              0              0              0              0      1391      1391
     1     25     58   1449     60      0      0      2    111      0      0      0      0      2       0.458698       0.458698        195.468        17.7331        43.5136              0              0              0              0      1449      1449
     1     26     57   1506     60      0      0      3    114      0      0      0      0      2       0.414604       0.414604        271.507        15.0075        47.2689              0              0              0              0      1506      1506
     1     27     58   1564     60      0      0      2    116      0      0      0      0      2       0.412327       0.412327        60.5862        6.98416        14.0647              0              0              0              0      1564      1564
     1     28     56   1620     60      0      0      4    120      0      0      0      0      2       0.406239       0.406239        83.1118        7.00415        15.6884              0              0              0              0      1620      1620
     1     29     57   1677     60      0      0      3    123      0      0      0      0      2       0.401711       0.401711        212.366        8.72617        29.3694              0              0              0              0      1677      1677
     1     30     58   1735     60      0      0      2    125      0      0      0      0      2       0.401711       0.401711        152.171         12.408        26.8965              0              0              0              0      1735      1735
     1     31     55   1790     60      0      0      5    130      0      0      0      0      2       0.385212       0.385212        341.884        21.4773         65.142              0              0              0              0      1790      1790
     1     32     57   1847     60      0      0      3    133      0      0      0      0      2       0.385212       0.385212        165.196        13.7691        34.4255              0              0              0              0      1847      1847
     1     33     57   1904     60      0      0      3    136      0      0      0      0      2       0.382482       0.382482        355.108         25.904        74.0775              0              0              0              0      1904      1904
     1     34     54   1958     60      0      0      6    142      0      0      0      0      2       0.381982       0.381982        162.427        6.88033        26.6717              0              0              0              0      1958      1958
     1     35     58   2016     60      0      0      2    144      0      0      0      0      2       0.381567       0.381567        512.593        28.3921        80.8732              0              0              0              0      2016      2016
     1     36     56   2072     60      0      0      4    148      0      0      0      0      2       0.381316       0.381316        170.002          11.39        30.7109              0              0              0              0      2072      2072
     1     37     49   2121     60      0      0     11    159      0      0      0      0      2       0.380374       0.380374        138.304        10.0353        27.9039              0              0              0              0      2121      2121
     1     38     51   2172     60      0      0      9    168      0      0      0      0      2       0.352064       0.352064        56.0197        5.12756        11.9846              0              0              0              0      2172      2172
     1     39     58   2230     60      0      0      2    170      0      0      0      0      2       0.329193       0.329193        119.484        5.07836          17.82              0              0              0              0      2230      2230
     1     40     59   2289     60      0      0      1    171      0      0      0      0      2       0.310453       0.310453        72.9465        5.77061        13.7514              0              0              0              0      2289      2289
     1     41     59   2348     60      0      0      1    172      0      0      0      0      2       0.310453       0.310453        145.974        12.0876        29.9596              0              0              0              0      2348      2348
     1     42     56   2404     60      0      0      4    176      0      0      0      0      2       0.284099       0.284099        198.809        8.01938         27.752              0              0              0              0      2404      2404
     1     43     52   2456     60      0      0      8    184      0      0      0      0      2       0.284099       0.284099        38.1858        3.58149        7.65571              0              0              0              0      2456      2456
     1     44     56   2512     60      0      0      4    188      0      0      0      0      2       0.258138       0.258138        155.371        9.47775        29.2932              0              0              0              0      2512      2512
     1     45     56   2568     60      0      0      4    192      0      0      0      0      2       0.256122       0.256122        297.842        28.5963         70.599              0              0              0              0      2568      2568
     1     46     55   2623     60      0      0      5    197      0      0      0      0      2        0.25573        0.25573        152.848        11.2576        30.3996              0              0              0              0      2623      2623
     1     47     55   2678     60      0      0      5    202      0      0      0      0      2        0.25573        0.25573        369.425        14.2589        60.8996              0              0              0              0      2678      2678
     1     48     56   2734     60      0      0      4    206      0      0      0      0      2        0.25573        0.25573         94.799        8.06833         20.687              0              0              0              0      2734      2734
     1     49     57   2791     60      0      0      3    209      0      0      0      0      2       0.255087       0.255087        196.777        14.7286        39.5799              0              0              0              0      2791      2791
     1     50     50   2841     60      0      0     10    219      0      0      0      0      2       0.255087       0.255087        494.672        36.0353        89.1648              0              0              0              0      2841      2841
     1     51     58   2899     60      0      0      2    221      0      0      0      0      2       0.254195       0.254195        163.221        8.38663        25.3825              0              0              0              0      2899      2899
     1     52     56   2955     60      0      0      4    225      0      0      0      0      2       0.253701       0.253701        103.103        5.11135        15.4806              0              0              0              0      2955      2955
     1     53     53   3008     60      0      0      7    232      0      0      0      0      2        0.24337        0.24337        337.851        18.3292        65.0842              0              0              0              0      3008      3008
     1     54     56   3064     60      0      0      4    236      0      0      0      0      2       0.239622       0.239622        168.875        11.6623        34.2712              0              0              0              0      3064      3064
     1     55     50   3114     60      0      0     10    246      0      0      0      0      2       0.237197       0.237197        316.614        23.4372        55.5075              0              0              0              0      3114      3114
     1     56     53   3167     60      0      0      7    253      0      0      0      0      2       0.237197       0.237197        185.779        13.1571        38.9948              0              0              0              0      3167      3167
     1     57     59   3226     60      0      0      1    254      0      0      0      0      2       0.236899       0.236899        284.951        21.5985        52.2769              0              0              0              0      3226      3226
     1     58     57   3283     60      0      0      3    257      0      0      0      0      2       0.235044       0.235044         304.47        15.3788        48.3773              0              0              0              0      3283      3283
     1     59     58   3341     60      0      0      2    259      0      0      0      0      2       0.235044       0.235044        405.999        25.7456        78.3039              0              0              0              0      3341      3341
     1     60     58   3399     60      0      0      2    261      0      0      0      0      2       0.233677       0.233677        294.094        10.7701        43.9685              0              0              0              0      3399      3399
     1     61     59   3458     60      0      0      1    262      0      0      0      0      2       0.233677       0.233677        188.831        18.8148        42.1463              0              0              0              0      3458      3458
     1     62     54   3512     60      0      0      6    268      0      0      0      0      2       0.233086       0.233086        112.007        9.59769         24.155              0              0              0              0      3512      3512
     1     63     57   3569     60      0      0      3    271      0      0      0      0      2       0.231733       0.231733        280.189        14.8118        43.8941              0              0              0              0      3569      3569
     1     64     54   3623     60      0      0      6    277      0      0      0      0      2       0.229252       0.229252        178.452        14.5706        36.0113              0              0              0              0      3623      3623
     1     65     58   3681     60      0      0      2    279      0      0      0      0      2       0.229252       0.229252        100.166        9.99961        19.7857              0              0              0              0      3681      3681
     1     66     52   3733     60      0      0      8    287      0      0      0      0      2       0.228807       0.228807        81.2237        5.68418        13.5616              0              0              0              0      3733      3733
     1     67     53   3786     60      0      0      7    294      0      0      0      0      2       0.228807       0.228807        54.0006        3.87521        11.6789              0              0              0              0      3786      3786
     1     68     58   3844     60      0      0      2    296      0      0      0      0      2       0.207973       0.207973        258.701         22.177        56.0319              0              0              0              0      3844      3844
     1     69     54   3898     60      0      0      6    302      0      0      0      0      2       0.206682       0.206682        124.864        12.4406        26.7847              0              0              0              0      3898      3898
     1     70     52   3950     60      0      0      8    310      0      0      0      0      2        0.20415        0.20415        259.729        12.3049         41.277              0              0              0              0      3950      3950
     1     71     55   4005     60      0      0      5    315      0      0      0      0      2       0.203401       0.203401        225.044        7.09124        30.1857              0              0              0              0      4005      4005
     1     72     56   4061     60      0      0      4    319      0      0      0      0      2       0.202561       0.202561        137.889        12.6968        30.8737              0              0              0              0      4061      4061
     1     73     51   4112     60      0      0      9    328      0      0      0      0      2        0.20159        0.20159        172.966         6.2978        23.5601              0              0              0              0      4112      4112
     1     74     53   4165     60      0      0      7    335      0      0      0      0      2        0.20159        0.20159        284.911        10.2492         39.986              0              0              0              0      4165      4165
     1     75     57   4222     60      0      0      3    338      0      0      0      0      2       0.201555       0.201555        326.882        24.6524        59.7494              0              0              0              0      4222      4222
     1     76     58   4280     60      0      0      2    340      0      0      0      0      2       0.201555       0.201555        279.106        18.0223        44.5434              0              0              0              0      4280      4280
     1     77     54   4334     60      0      0      6    346      0      0      0      0      2       0.200999       0.200999        112.101        8.84907        22.4303              0              0              0              0      4334      4334
     1     78     53   4387     60      0      0      7    353      0      0      0      0      2        0.20075        0.20075        145.104        12.8868        31.7992              0              0              0              0      4387      4387
     1     79     54   4441     60      0      0      6    359      0      0      0      0      2       0.199693       0.199693        277.244        15.3542        44.4569              0              0              0              0      4441      4441
     1     80     52   4493     60      0      0      8    367      0      0      0      0      2       0.195717       0.195717        176.607        10.0552        31.0846              0              0              0              0      4493      4493
     1     81     57   4550     60      0      0      3    370      0      0      0      0      2       0.194198       0.194198        84.7948        5.23341        15.1178              0              0              0              0      4550      4550
     1     82     58   4608     60      0      0      2    372      0      0      0      0      2       0.194198       0.194198        100.801        6.65346        16.8615              0              0              0              0      4608      4608
     1     83     58   4666     60      0      0      2    374      0      0      0      0      2       0.194198       0.194198        201.185         9.2369        33.1197              0              0              0              0      4666      4666
     1     84     54   4720     60      0      0      6    380      0      0      0      0      2       0.194198       0.194198        196.796        17.2407        43.7243              0              0              0              0      4720      4720
     1     85     58   4778     60      0      0      2    382      0      0      0      0      2       0.194198       0.194198        140.285        12.6207        30.5256              0              0              0              0      4778      4778
     1     86     58   4836     60      0      0      2    384      0      0      0      0      2       0.194178       0.194178        348.935        15.5113        52.4153              0              0              0              0      4836      4836
     1     87     54   4890     60      0      0      6    390      0      0      0      0      2       0.194178       0.194178        118.811        8.71858        25.1214              0              0              0              0      4890      4890
     1     88     58   4948     60      0      0      2    392      0      0      0      0      2       0.194178       0.194178        152.325        7.48037        26.6395              0              0              0              0      4948      4948
     1     89     55   5003     60      0      0      5    397      0      0      0      0      2        0.19376        0.19376        99.2936        9.12057        21.3971              0              0              0              0      5003      5003
     1     90     53   5056     60      0      0      7    404      0      0      0      0      2       0.190946       0.190946        51.7189        3.36041        8.68908              0              0              0              0      5056      5056
     1     91     56   5112     60      0      0      4    408      0      0      0      0      2       0.190946       0.190946        45.1333         3.7719        9.18804              0              0              0              0      5112      5112
     1     92     56   5168     60      0      0      4    412      0      0      0      0      2       0.190829       0.190829        48.8109        3.96381        9.45903              0              0              0              0      5168      5168
     1     93     56   5224     60      0      0      4    416      0      0      0      0      2       0.190825       0.190825        159.305         13.785        33.3349              0              0              0              0      5224      5224
     1     94     56   5280     60      0      0      4    420      0      0      0      0      2       0.190825       0.190825        92.1585        7.69881        18.8844              0              0              0              0      5280      5280
     1     95     57   5337     60      0      0      3    423      0      0      0      0      2       0.190816       0.190816        94.9855        7.71728        18.9953              0              0              0              0      5337      5337
     1     96     49   5386     60      0      0     11    434      0      0      0      0      2       0.190019       0.190019        33.8023        2.64254        6.31007              0              0              0              0      5386      5386
     1     97     55   5441     60      0      0      5    439      0      0      0      0      2       0.189368       0.189368        155.427        4.75605          21.86              0              0              0              0      5441      5441
     1     98     54   5495     60      0      0      6    445      0      0      0      0      2        0.18914        0.18914        87.5231        3.92042        12.9487              0              0              0              0      5495      5495
     1     99     56   5551     60      0      0      4    449      0      0      0      0      2        0.18914        0.18914        124.875        6.76442        19.0271              0              0              0              0      5551      5551
     1    100     54   5605     60      0      0      6    455      0      0      0      0      2       0.187374       0.187374         32.265        2.64789        5.63143              0              0              0              0      5605      5605
     1    101     57   5662     60      0      0      3    458      0      0      0      0      2       0.187102       0.187102        107.827        6.30837        16.8059              0              0              0              0      5662      5662
     1    102     54   5716     60      0      0      6    464      0      0      0      0      2       0.186906       0.186906         149.52        6.21574        24.6717              0              0              0              0      5716      5716
     1    103     58   5774     60      0      0      2    466      0      0      0      0      2       0.186844       0.186844        239.166        13.8902          43.13              0              0              0              0      5774      5774
     1    104     53   5827     60      0      0      7    473      0      0      0      0      2       0.185808       0.185808        65.8874        7.04925        15.3322              0              0              0              0      5827      5827
     1    105     54   5881     60      0      0      6    479      0      0      0      0      2       0.184862       0.184862        70.0437        5.88062        15.5721              0              0              0              0      5881      5881
     1    106     58   5939     60      0      0      2    481      0      0      0      0      2       0.182258       0.182258        122.573        6.59269        19.3959              0              0              0              0      5939      5939
     1    107     58   5997     60      0      0      2    483      0      0      0      0      2       0.182258       0.182258        48.7803        3.36592        8.79594              0              0              0              0      5997      5997
     1    108     55   6052     60      0      0      5    488      0      0      0      0      2       0.181913       0.181913        104.163        7.68744        19.0181              0              0              0              0      6052      6052
     1    109     54   6106     60      0      0      6    494      0      0      0      0      2       0.181779       0.181779        88.4997        3.40497         14.359              0              0              0              0      6106      6106
     1    110     52   6158     60      0      0      8    502      0      0      0      0      2       0.181545       0.181545        182.712        13.9717        34.4839              0              0              0              0      6158      6158
     1    111     58   6216     60      0      0      2    504      0      0      0      0      2       0.181394       0.181394        172.451        7.18552        27.2289              0              0              0              0      6216      6216
     1    112     55   6271     60      0      0      5    509      0      0      0      0      2        0.18132        0.18132        55.5995        6.26096        12.5502              0              0              0              0      6271      6271
     1    113     54   6325     60      0      0      6    515      0      0      0      0      2       0.181159       0.181159        37.7128        3.45404        7.51565              0              0              0              0      6325      6325
     1    114     57   6382     60      0      0      3    518      0      0      0      0      2       0.181122       0.181122        72.8273        4.12036        12.8616              0              0              0              0      6382      6382
     1    115     51   6433     60      0      0      9    527      0      0      0      0      2        0.17915        0.17915        229.729        12.0704        36.3069              0              0              0              0      6433      6433
     1    116     55   6488     60      0      0      5    532      0      0      0      0      2       0.179077       0.179077        146.989        9.36177        24.5281              0              0              0              0      6488      6488
     1    117     54   6542     60      0      0      6    538      0      0      0      0      2       0.178861       0.178861        283.197        16.7053        46.1117              0              0              0              0      6542      6542
     1    118     57   6599     60      0      0      3    541      0      0      0      0      2       0.178692       0.178692        161.957        16.2058        36.9219              0              0              0              0      6599      6599
     1    119     57   6656     60      0      0      3    544      0      0      0      0      2       0.178633       0.178633        44.3662        3.77114        8.83702              0              0              0              0      6656      6656
     1    120     57   6713     60      0      0      3    547      0      0      0      0      2        0.17719        0.17719        149.503        7.30497        25.3671              0              0              0              0      6713      6713
     1    121     56   6769     60      0      0      4    551      0      0      0      0      2        0.17719        0.17719        166.711        6.00801        24.5678              0              0              0              0      6769      6769
     1    122     53   6822     60      0      0      7    558      0      0      0      0      2        0.17719        0.17719        65.2201        4.14649         12.156              0              0              0              0      6822      6822
     1    123     59   6881     60      0      0      1    559      0      0      0      0      2        0.17719        0.17719         106.54         10.969        26.4988              0              0              0              0      6881      6881
     1    124     54   6935     60      0      0      6    565      0      0      0      0      2       0.176788       0.176788        112.341        10.0943        26.2167              0              0              0              0      6935      6935
     1    125     58   6993     60      0      0      2    567      0      0      0      0      2       0.176788       0.176788        52.7635        3.92212        10.8989              0              0              0              0      6993      6993
     1    126     55   7048     60      0      0      5    572      0      0      0      0      2       0.176216       0.176216        34.2052        2.52777        6.85604              0              0              0              0      7048      7048
     1    127     52   7100     60      0      0      8    580      0      0      0      0      2       0.176104       0.176104        183.648        5.01854        24.2838              0              0              0              0      7100      7100
     1    128     58   7158     60      0      0      2    582      0      0      0      0      2       0.175435       0.175435        116.706        6.36034        21.3581              0              0              0              0      7158      7158
     1    129     59   7217     60      0      0      1    583      0      0      0      0      2       0.174514       0.174514        73.7213        6.57058        16.3755              0              0              0              0      7217      7217
     1    130     58   7275     60      0      0      2    585      0      0      0      0      2       0.174511       0.174511        142.559        8.60599        22.4978              0              0              0              0      7275      7275
     1    131     52   7327     60      0      0      8    593      0      0      0      0      2       0.174019       0.174019        140.553        4.71882        19.1085              0              0              0              0      7327      7327
     1    132     56   7383     60      0      0      4    597      0      0      0      0      2       0.170018       0.170018         267.06        8.97348        35.7968              0              0              0              0      7383      7383
     1    133     54   7437     60      0      0      6    603      0      0      0      0      2       0.169677       0.169677        313.767        23.3033        59.3973              0              0              0              0      7437      7437
     1    134     52   7489     60      0      0      8    611      0      0      0      0      2       0.168922       0.168922        141.881        8.79177        30.2933              0              0              0              0      7489      7489
     1    135     56   7545     60      0      0      4    615      0      0      0      0      2       0.168922       0.168922         184.65        13.8801        37.9599              0              0              0              0      7545      7545
     1    136     60   7605     60      0      0      0    615      0      0      0      0      2       0.168101       0.168101        125.675        11.2056        25.9825              0              0              0              0      7605      7605
     1    137     56   7661     60      0      0      4    619      0      0      0      0      2       0.167607       0.167607        137.174        9.34978        27.6155              0              0              0              0      7661      7661
     1    138     56   7717     60      0      0      4    623      0      0      0      0      2       0.167235       0.167235        28.4754        1.18509        3.83706              0              0              0              0      7717      7717
     1    139     53   7770     60      0      0      7    630      0      0      0      0      2       0.167235       0.167235        97.8084        4.70924        14.4846              0              0              0              0      7770      7770
     1    140     56   7826     60      0      0      4    634      0      0      0      0      2       0.166903       0.166903         76.198        6.19214        16.9316              0              0              0              0      7826      7826
     1    141     58   7884     60      0      0      2    636      0      0      0      0      2       0.166903       0.166903        86.8389        4.32089        13.5346              0              0              0              0      7884      7884
     1    142     57   7941     60      0      0      3    639      0      0      0      0      2       0.166903       0.166903        86.6425        6.01562        14.7152              0              0              0              0      7941      7941
     1    143     57   7998     60      0      0      3    642      0      0      0      0      2       0.166903       0.166903        137.785        3.89022        17.8656              0              0              0              0      7998      7998
     1    144     57   8055     60      0      0      3    645      0      0      0      0      2       0.165804       0.165804        176.244        7.30227        31.2677              0              0              0              0      8055      8055
     1    145     52   8107     60      0      0      8    653      0      0      0      0      2       0.165704       0.165704        132.028        8.93511        26.3478              0              0              0              0      8107      8107
     1    146     58   8165     60      0      0      2    655      0      0      0      0      2       0.165603       0.165603        98.0039        7.99112        22.5893              0              0              0              0      8165      8165
     1    147     59   8224     60      0      0      1    656      0      0      0      0      2       0.163823       0.163823        26.6002        2.10385        5.49962              0              0              0              0      8224      8224
     1    148     55   8279     60      0      0      5    661      0      0      0      0      2       0.163823       0.163823        133.127        9.29355        27.2142              0              0              0              0      8279      8279
     1    149     57   8336     60      0      0      3    664      0      0      0      0      2       0.162931       0.162931        121.282        13.0126        26.5091              0              0              0              0      8336      8336
     1    150     52   8388     60      0      0      8    672      0      0      0      0      2       0.162779       0.162779        95.0685         5.1763        14.7881              0              0              0              0      8388      8388
     1    151     53   8441     60      0      0      7    679      0      0      0      0      2       0.162546       0.162546        36.8352        3.74505        9.19234              0              0              0              0      8441      8441
     1    152     55   8496     60      0      0      5    684      0      0      0      0      2       0.160974       0.160974        86.2683         5.6174        15.8116              0              0              0              0      8496      8496
     1    153     53   8549     60      0      0      7    691      0      0      0      0      2       0.160974       0.160974        90.6327          5.047        14.2076              0              0              0              0      8549      8549
     1    154     55   8604     60      0      0      5    696      0      0      0      0      2       0.160501       0.160501        48.8102         2.8304        8.43419              0              0              0              0      8604      8604
     1    155     54   8658     60      0      0      6    702      0      0      0      0      2       0.160501       0.160501        33.5945        2.47456        4.97409              0              0              0              0      8658      8658
     1    156     57   8715     60      0      0      3    705      0      0      0      0      2       0.160331       0.160331        151.505         8.8164          26.93              0              0              0              0      8715      8715
     1    157     57   8772     60      0      0      3    708      0      0      0      0      2       0.159992       0.159992        99.4457        4.99849        14.4098              0              0              0              0      8772      8772
     1    158     58   8830     60      0      0      2    710      0      0      0      0      2        0.15958        0.15958        104.212        9.59537        23.1263              0              0              0              0      8830      8830
     1    159     56   8886     60      0      0      4    714      0      0      0      0      2       0.159409       0.159409         107.22        3.53836        14.2092              0              0              0              0      8886      8886
     1    160     51   8937     60      0      0      9    723      0      0      0      0      2       0.155665       0.155665        51.6253        3.31313        9.66275              0              0              0              0      8937      8937
     1    161     54   8991     60      0      0      6    729      0      0      0      0      2       0.155665       0.155665        122.242        7.92888        23.3133              0              0              0              0      8991      8991
     1    162     55   9046     60      0      0      5    734      0      0      0      0      2       0.152927       0.152927        88.6184         8.5425        19.2729              0              0              0              0      9046      9046
     1    163     59   9105     60      0      0      1    735      0      0      0      0      2       0.152927       0.152927        103.948        7.99944        21.4617              0              0              0              0      9105      9105
     1    164     56   9161     60      0      0      4    739      0      0      0      0      2       0.152927       0.152927         62.474        4.60828        12.0747              0              0              0              0      9161      9161
     1    165     54   9215     60      0      0      6    745      0      0      0      0      2       0.152927       0.152927        31.2339        3.27777        8.15589              0              0              0              0      9215      9215
     1    166     56   9271     60      0      0      4    749      0      0      0      0      2       0.152337       0.152337        70.2952        4.98516        13.2223              0              0              0              0      9271      9271
     1    167     59   9330     60      0      0      1    750      0      0      0      0      2       0.144659       0.144659        44.9573        2.51476        7.74842              0              0              0              0      9330      9330
     1    168     53   9383     60      0      0      7    757      0      0      0      0      2       0.144287       0.144287        32.7497        1.51831        4.99323              0              0              0              0      9383      9383
     1    169     56   9439     60      0      0      4    761      0      0      0      0      2        0.14263        0.14263        38.3526        2.53101         6.0243              0              0              0              0      9439      9439
     1    170     53   9492     60      0      0      7    768      0      0      0      0      2        0.14173        0.14173        7.04252       0.498337        1.02606              0              0              0              0      9492      9492
     1    171     55   9547     60      0      0      5    773      0      0      0      0      2       0.140964       0.140964        30.7571        1.99839        5.92491              0              0              0              0      9547      9547
     1    172     54   9601     60      0      0      6    779      0      0      0      0      2        0.13924        0.13924         34.388        2.47892        6.07466              0              0              0              0      9601      9601
     1    173     51   9652     60      0      0      9    788      0      0      0      0      2       0.138542       0.138542        40.4118        3.46827        8.23321              0              0              0              0      9652      9652
     1    174     52   9704     60      0      0      8    796      0      0      0      0      2       0.138542       0.138542        51.8646        3.80442        9.68388              0              0              0              0      9704      9704
     1    175     58   9762     60      0      0      2    798      0      0      0      0      2        0.13811        0.13811        54.1547        4.30751        10.9378              0              0              0              0      9762      9762
     1    176     60   9822     60      0      0      0    798      0      0      0      0      2        0.13811        0.13811        33.0511        2.27083        5.71444              0              0              0              0      9822      9822
     1    177     60   9882     60      0      0      0    798      0      0      0      0      2       0.136749       0.136749        65.0213        5.72769        13.1086              0              0              0              0      9882      9882
     1    178     57   9939     60      0      0      3    801      0      0      0      0      2       0.136091       0.136091        24.8099        1.69518        4.40807              0              0              0              0      9939      9939
     1    179     57   9996     60      0      0      3    804      0      0      0      0      2       0.135339       0.135339        16.2426       0.742112        2.17242              0              0              0              0      9996      9996
     1    180      4  10000     10      0      0      5    809      0      0      0      0      2       0.135339       0.135339       0.329385       0.165414      0.0632018              0              0              0              0     10000     10000
