     1      0     60     60     60      0      0      0      0      0      0      0      0      2        2.86531        2.86531        2181.56        389.618        455.472              0              0              0              0        60        60
     1      1     60    120     60      0      0      0      0      0      0      0      0      2        2.86531        2.86531        674.056        103.813        165.449              0              0              0              0       120       120
     1      2     57    177     60      0      0      3      3      0      0      0      0      2        2.53709        2.53709         499.95        63.5851        122.541              0              0              0              0       177       177
     1      3     56    233     60      0      0      4      7      0      0      0      0      2        2.25227        2.25227        218.521        34.0442        53.6128              0              0              0              0       233       233
     1      4     53    286     60      0      0      7     14      0      0      0      0      2        2.15804        2.15804        323.128        26.3716        59.8613              0              0              0              0       286       286
     1      5     56    342     60      0      0      4     18      0      0      0      0      2        2.15804        2.15804         1099.7        56.5437        176.947              0              0              0              0       342       342
     1      6     57    399     60      0      0      3     21      0      0      0      0      2        2.11234        2.11234        90.9482        18.8974        25.5165              0              0              0              0       399       399
     1      7     54    453     60      0      0      6     27      0      0      0      0      2         2.0454         2.0454        123.918        16.7062        25.1399              0              0              0              0       453       453
     1      8     57    510     60      0      0      3     30      0      0      0      0      2        2.01524        2.01524        213.215        20.2631        39.9097              0              0              0              0       510       510
     1      9     55    565     60      0      0      5     35      0      0      0      0      2        1.78083        1.78083        138.543         11.812        24.4184              0              0              0              0       565       565
     1     10     57    622     60      0      0      3     38      0      0      0      0      2        1.39679        1.39679        133.436        10.3363        20.9341              0              0              0              0       622       622
     1     11     58    680     60      0      0      2     40      0      0      0      0      2        1.20974        1.20974        2528.76         66.521         331.85              0              0              0              0       680       680
     1     12     56    736     60      0      0      4     44      0      0      0      0      2        1.20494        1.20494        1339.07        45.6567        183.663              0              0              0              0       736       736
     1     13     56    792     60      0      0      4     48      0      0      0      0      2        1.20494        1.20494        728.492        31.2165        109.032              0              0              0              0       792       792
     1     14     57    849     60      0      0      3     51      0      0      0      0      2         1.1477         1.1477        511.863        29.6288         82.029              0              0              0              0       849       849
     1     15     57    906     60      0      0      3     54      0      0      0      0      2         1.1477         1.1477        71.4217        6.31973        11.8268              0              0              0              0       906       906
     1     16     60    966     60      0      0      0     54      0      0      0      0      2         1.1477         1.1477        975.971        77.1489        205.855              0              0              0              0       966       966
     1     17     58   1024     60      0      0      2     56      0      0      0      0      2        1.07107        1.07107        106.997        8.77631         18.179              0              0              0              0      1024      1024
     1     18     57   1081     60      0      0      3     59      0      0      0      0      2        1.03948        1.03948        428.274        30.1846        71.9701              0              0              0              0      1081      1081
     1     19     55   1136     60      0      0      5     64      0      0      0      0      2        1.03072        1.03072         145.57        12.5024        26.6754              0              0              0              0      1136      1136
     1     20     58   1194     60      0      0      2     66      0      0      0      0      2        1.03072        1.03072        71.4192        7.15905        14.4088              0              0              0              0      1194      1194
     1     21     55   1249     60      0      0      5     71      0      0      0      0      2        1.01418        1.01418        261.021        21.8081        60.3314              0              0              0              0      1249      1249
     1     22     52   1301     60      0      0      8     79      0      0      0      0      2        1.00839        1.00839        332.189        26.5472        67.6488              0              0              0              0      1301      1301
     1     23     55   1356     60      0      0      5     84      0      0      0      0      2       0.940014       0.940014        240.484        24.1044        52.2917              0              0              0              0      1356      1356
     1     24     54   1410     60      0      0      6     90      0      0      0      0      2       0.940014       0.940014        202.699        16.1947        37.3107              0              0              0              0      1410      1410
     1     25     55   1465     60      0      0      5     95      0      0      0      0      2       0.940014       0.940014        1292.74        49.9046        177.775              0              0              0              0      1465      1465
     1     26     57   1522     60      0      0      3     98      0      0      0      0      2       0.940014       0.940014        1399.92        69.1156        260.604              0              0              0              0      1522      1522
     1     27     55   1577     60      0      0      5    103      0      0      0      0      2       0.940014       0.940014        1261.14        53.2876        178.924              0              0              0              0      1577      1577
     1     28     59   1636     60      0      0      1    104      0      0      0      0      2       0.889927       0.889927        1233.14        84.9281        283.364              0              0              0              0      1636      1636
     1     29     59   1695     60      0      0      1    105      0      0      0      0      2       0.887394       0.887394        716.445        43.1925        110.659              0              0              0              0      1695      1695
     1     30     56   1751     60      0      0      4    109      0      0      0      0      2       0.887394       0.887394        271.951        36.6153        74.2419              0              0              0              0      1751      1751
     1     31     55   1806     60      0      0      5    114      0      0      0      0      2       0.887394       0.887394        151.786        8.94357        28.4981              0              0              0              0      1806      1806
     1     32     59   1865     60      0      0      1    115      0      0      0      0      2        0.85691        0.85691        221.618        13.9465        33.8387              0              0              0              0      1865      1865
     1     33     56   1921     60      0      0      4    119      0      0      0      0      2       0.756911       0.756911        222.911        20.8764         52.205              0              0              0              0      1921      1921
     1     34     55   1976     60      0      0      5    124      0      0      0      0      2       0.755253       0.755253        123.066        6.84338        19.2119              0              0              0              0      1976      1976
     1     35     56   2032     60      0      0      4    128      0      0      0      0      2       0.724246       0.724246        1243.17        29.1505         161.76              0              0              0              0      2032      2032
     1     36     55   2087     60      0      0      5    133      0      0      0      0      2         0.7191         0.7191        157.017        9.51808        25.1242              0              0              0              0      2087      2087
     1     37     53   2140     60      0      0      7    140      0      0      0      0      2       0.685531       0.685531        557.396        26.5211        86.7167              0              0              0              0      2140      2140
     1     38     53   2193     60      0      0      7    147      0      0      0      0      2       0.666486       0.666486        569.961        42.7641        128.643              0              0              0              0      2193      2193
     1     39     53   2246     60      0      0      7    154      0      0      0      0      2       0.649973       0.649973         570.65        22.5013        82.7104              0              0              0              0      2246      2246
     1     40     56   2302     60      0      0      4    158      0      0      0      0      2       0.649973       0.649973         43.199        4.17011        8.00056              0              0              0              0      2302      2302
     1     41     57   2359     60      0      0      3    161      0      0      0      0      2       0.647937       0.647937        181.694        9.63782        26.2449              0              0              0              0      2359      2359
     1     42     55   2414     60      0      0      5    166      0      0      0      0      2       0.647937       0.647937        664.016        27.5034        103.417              0              0              0              0      2414      2414
     1     43     53   2467     60      0      0      7    173      0      0      0      0      2       0.644052       0.644052        397.379        37.6122        96.8165              0              0              0              0      2467      2467
     1     44     53   2520     60      0      0      7    180      0      0      0      0      2        0.63016        0.63016        651.669        24.3002        89.8134              0              0              0              0      2520      2520
     1     45     59   2579     60      0      0      1    181      0      0      0      0      2       0.599845       0.599845        147.679        18.1549        34.2196              0              0              0              0      2579      2579
     1     46     57   2636     60      0      0      3    184      0      0      0      0      2       0.571184       0.571184        752.702        33.3352        112.462              0              0              0              0      2636      2636
     1     47     54   2690     60      0      0      6    190      0      0      0      0      2       0.533602       0.533602        2847.84        65.0752        368.292              0              0              0              0      2690      2690
     1     48     55   2745     60      0      0      5    195      0      0      0      0      2       0.522524       0.522524        142.575        8.63503        22.9337              0              0              0              0      2745      2745
     1     49     53   2798     60      0      0      7    202      0      0      0      0      2       0.522524       0.522524        969.002        23.8507        126.979              0              0              0              0      2798      2798
     1     50     56   2854     60      0      0      4    206      0      0      0      0      2       0.522524       0.522524        218.186        29.6159        61.0989              0              0              0              0      2854      2854
     1     51     55   2909     60      0      0      5    211      0      0      0      0      2       0.495559       0.495559        174.672        18.0072        33.9473              0              0              0              0      2909      2909
     1     52     55   2964     60      0      0      5    216      0      0      0      0      2       0.368393       0.368393        56.1327        6.26368        12.4598              0              0              0              0      2964      2964
     1     53     57   3021     60      0      0      3    219      0      0      0      0      2       0.368393       0.368393        149.316        16.3931        37.7478              0              0              0              0      3021      3021
     1     54     54   3075     60      0      0      6    225      0      0      0      0      2       0.368393       0.368393        183.291         10.457        26.2544              0              0              0              0      3075      3075
     1     55     56   3131     60      0      0      4    229      0      0      0      0      2       0.368393       0.368393           1328        56.7401        207.001              0              0              0              0      3131      3131
     1     56     57   3188     60      0      0      3    232      0      0      0      0      2       0.368393       0.368393         695.73        34.7169        102.274              0              0              0              0      3188      3188
     1     57     56   3244     60      0      0      4    236      0      0      0      0      2       0.368393       0.368393        1140.41        74.6508        237.701              0              0              0              0      3244      3244
     1     58     55   3299     60      0      0      5    241      0      0      0      0      2       0.368393       0.368393        1187.27        65.3696         217.11              0              0              0              0      3299      3299
     1     59     57   3356     60      0      0      3    244      0      0      0      0      2       0.365975       0.365975        1249.66        34.8115        162.084              0              0              0              0      3356      3356
     1     60     54   3410     60      0      0      6    250      0      0      0      0      2       0.364438       0.364438        458.521        36.9709         91.463              0              0              0              0      3410      3410
     1     61     53   3463     60      0      0      7    257      0      0      0      0      2       0.364259       0.364259        2778.51        122.134         484.47              0              0              0              0      3463      3463
     1     62     53   3516     60      0      0      7    264      0      0      0      0      2       0.362933       0.362933        384.191        35.9659        85.2182              0              0              0              0      3516      3516
     1     63     55   3571     60      0      0      5    269      0      0      0      0      2       0.349268       0.349268        143.306        17.0539        32.9956              0              0              0              0      3571      3571
     1     64     54   3625     60      0      0      6    275      0      0      0      0      2       0.344211       0.344211        81.3654        12.4682        21.0819              0              0              0              0      3625      3625
     1     65     56   3681     60      0      0      4    279      0      0      0      0      2       0.344211       0.344211        262.373        24.1454         50.333              0              0              0              0      3681      3681
     1     66     55   3736     60      0      0      5    284      0      0      0      0      2       0.339086       0.339086        235.231        21.0662        50.0533              0              0              0              0      3736      3736
     1     67     55   3791     60      0      0      5    289      0      0      0      0      2       0.332794       0.332794        321.325        11.6461        43.7287              0              0              0              0      3791      3791
     1     68     55   3846     60      0      0      5    294      0      0      0      0      2       0.332794       0.332794         277.04        15.3193        47.4099              0              0              0              0      3846      3846
     1     69     55   3901     60      0      0      5    299      0      0      0      0      2       0.332794       0.332794        141.488        13.5467         27.861              0              0              0              0      3901      3901
     1     70     53   3954     60      0      0      7    306      0      0      0      0      2        0.32758        0.32758        178.898        11.8149        30.3129              0              0              0              0      3954      3954
     1     71     54   4008     60      0      0      6    312      0      0      0      0      2        0.32758        0.32758        224.234        19.5682        49.0119              0              0              0              0      4008      4008
     1     72     58   4066     60      0      0      2    314      0      0      0      0      2       0.323424       0.323424        332.407        18.6872        58.7011              0              0              0              0      4066      4066
     1     73     53   4119     60      0      0      7    321      0      0      0      0      2       0.323424       0.323424        677.315         18.379        89.6576              0              0              0              0      4119      4119
     1     74     57   4176     60      0      0      3    324      0      0      0      0      2       0.320749       0.320749         1191.5        42.7862        197.132              0              0              0              0      4176      4176
     1     75     59   4235     60      0      0      1    325      0      0      0      0      2       0.318335       0.318335        355.596        21.2518        61.2578              0              0              0              0      4235      4235
     1     76     56   4291     60      0      0      4    329      0      0      0      0      2       0.318335       0.318335         554.23         25.173        86.2282              0              0              0              0      4291      4291
     1     77     57   4348     60      0      0      3    332      0      0      0      0      2        0.30149        0.30149        589.616         23.686        93.1367              0              0              0              0      4348      4348
     1     78     59   4407     60      0      0      1    333      0      0      0      0      2       0.300022       0.300022        140.821         8.4669        25.6091              0              0              0              0      4407      4407
     1     79     55   4462     60      0      0      5    338      0      0      0      0      2       0.300022       0.300022        222.952        16.7616        38.6027              0              0              0              0      4462      4462
     1     80     57   4519     60      0      0      3    341      0      0      0      0      2       0.300022       0.300022        125.859        11.8417        25.9526              0              0              0              0      4519      4519
     1     81     55   4574     60      0      0      5    346      0      0      0      0      2       0.300022       0.300022         124.78        9.41772        21.1459              0              0              0              0      4574      4574
     1     82     53   4627     60      0      0      7    353      0      0      0      0      2       0.290361       0.290361        153.482        11.0872        31.4195              0              0              0              0      4627      4627
     1     83     54   4681     60      0      0      6    359      0      0      0      0      2       0.289449       0.289449        62.9566        5.57481        13.3959              0              0              0              0      4681      4681
     1     84     54   4735     60      0      0      6    365      0      0      0      0      2       0.289449       0.289449        737.849         20.604        97.2165              0              0              0              0      4735      4735
     1     85     56   4791     60      0      0      4    369      0      0      0      0      2       0.289449       0.289449        646.438        43.9633        138.172              0              0              0              0      4791      4791
     1     86     55   4846     60      0      0      5    374      0      0      0      0      2       0.289449       0.289449         742.28        42.6856        131.071              0              0              0              0      4846      4846
     1     87     55   4901     60      0      0      5    379      0      0      0      0      2       0.251422       0.251422        771.025        41.3544        140.033              0              0              0              0      4901      4901
     1     88     57   4958     60      0      0      3    382      0      0      0      0      2       0.251422       0.251422        308.147        26.7271        59.9814              0              0              0              0      4958      4958
     1     89     57   5015     60      0      0      3    385      0      0      0      0      2       0.251422       0.251422        92.6184        10.6204        21.7585              0              0              0              0      5015      5015
     1     90     55   5070     60      0      0      5    390      0      0      0      0      2       0.251422       0.251422        181.973        9.87054        30.9823              0              0              0              0      5070      5070
     1     91     53   5123     60      0      0      7    397      0      0      0      0      2       0.251422       0.251422        178.828        13.5213        34.5626              0              0              0              0      5123      5123
     1     92     55   5178     60      0      0      5    402      0      0      0      0      2       0.240539       0.240539         182.16          22.62          38.51              0              0              0              0      5178      5178
     1     93     57   5235     60      0      0      3    405      0      0      0      0      2       0.240539       0.240539        440.205        26.0605        85.3166              0              0              0              0      5235      5235
     1     94     56   5291     60      0      0      4    409      0      0      0      0      2       0.234497       0.234497        129.257        7.72119         21.452              0              0              0              0      5291      5291
     1     95     57   5348     60      0      0      3    412      0      0      0      0      2       0.234404       0.234404        35.5342         4.3028         8.5757              0              0              0              0      5348      5348
     1     96     53   5401     60      0      0      7    419      0      0      0      0      2       0.233544       0.233544        110.633        7.57037        20.5678              0              0              0              0      5401      5401
     1     97     57   5458     60      0      0      3    422      0      0      0      0      2       0.231106       0.231106        219.066        14.5409        39.9595              0              0              0              0      5458      5458
     1     98     55   5513     60      0      0      5    427      0      0      0      0      2        0.22467        0.22467        143.073        8.81724        26.7289              0              0              0              0      5513      5513
     1     99     59   5572     60      0      0      1    428      0      0      0      0      2       0.208278       0.208278        144.734         7.6729         24.078              0              0              0              0      5572      5572
     1    100     57   5629     60      0      0      3    431      0      0      0      0      2       0.208278       0.208278        126.398        9.89548        26.1104              0              0              0              0      5629      5629
     1    101     53   5682     60      0      0      7    438      0      0      0      0      2       0.208278       0.208278        273.965        19.2499        53.2456              0              0              0              0      5682      5682
     1    102     58   5740     60      0      0      2    440      0      0      0      0      2        0.19509        0.19509        473.094        30.0395         82.453              0              0              0              0      5740      5740
     1    103     55   5795     60      0      0      5    445      0      0      0      0      2        0.19509        0.19509        112.376        10.5072        22.7145              0              0              0              0      5795      5795
     1    104     57   5852     60      0      0      3    448      0      0      0      0      2       0.165502       0.165502        255.178         16.795        42.2691              0              0              0              0      5852      5852
     1    105     55   5907     60      0      0      5    453      0      0      0      0      2       0.165502       0.165502        86.4775        10.8046        18.0701              0              0              0              0      5907      5907
     1    106     59   5966     60      0      0      1    454      0      0      0      0      2       0.141388       0.141388        490.516        16.3518        66.5712              0              0              0              0      5966      5966
     1    107     54   6020     60      0      0      6    460      0      0      0      0      2       0.141388       0.141388        122.384         10.611        20.6587              0              0              0              0      6020      6020
     1    108     56   6076     60      0      0      4    464      0      0      0      0      2       0.136883       0.136883        1261.53        48.4534        224.721              0              0              0              0      6076      6076
     1    109     57   6133     60      0      0      3    467      0      0      0      0      2       0.136471       0.136471        73.1316        3.43949        11.5147              0              0              0              0      6133      6133
     1    110     54   6187     60      0      0      6    473      0      0      0      0      2       0.136471       0.136471        208.758        15.6253          37.14              0              0              0              0      6187      6187
     1    111     56   6243     60      0      0      4    477      0      0      0      0      2       0.132322       0.132322        386.212        22.9673        68.0332              0              0              0              0      6243      6243
     1    112     54   6297     60      0      0      6    483      0      0      0      0      2       0.132322       0.132322        85.0529        10.6659        20.5044              0              0              0              0      6297      6297
     1    113     55   6352     60      0      0      5    488      0      0      0      0      2         0.1306         0.1306        307.215        28.8923        55.6261              0              0              0              0      6352      6352
     1    114     54   6406     60      0      0      6    494      0      0      0      0      2      0.0878446      0.0878446        98.4345        10.1975         19.078              0              0              0              0      6406      6406
     1    115     52   6458     60      0      0      8    502      0      0      0      0      2      0.0878446      0.0878446        148.623        11.9157        28.7075              0              0              0              0      6458      6458
     1    116     57   6515     60      0      0      3    505      0      0      0      0      2      0.0878446      0.0878446        149.306        10.4181        28.6513              0              0              0              0      6515      6515
     1    117     57   6572     60      0      0      3    508      0      0      0      0      2      0.0878446      0.0878446        92.0183        10.1091        18.8551              0              0              0              0      6572      6572
     1    118     58   6630     60      0      0      2    510      0      0      0      0      2      0.0878446      0.0878446        224.292        21.1933        49.1361              0              0              0              0      6630      6630
     1    119     54   6684     60      0      0      6    516      0      0      0      0      2      0.0878446      0.0878446        103.219        6.15209        17.5155              0              0              0              0      6684      6684
     1    120     55   6739     60      0      0      5    521      0      0      0      0      2      0.0872336      0.0872336        358.659        16.9194        56.8409              0              0              0              0      6739      6739
     1    121     56   6795     60      0      0      4    525      0      0      0      0      2      0.0861862      0.0861862        57.9733         6.4616        13.6911              0              0              0              0      6795      6795
     1    122     55   6850     60      0      0      5    530      0      0      0      0      2      0.0861862      0.0861862        254.495        8.28292        34.2704              0              0              0              0      6850      6850
     1    123     58   6908     60      0      0      2    532      0      0      0      0      2      0.0847218      0.0847218        245.911        9.38817        41.9734              0              0              0              0      6908      6908
     1    124     55   6963     60      0      0      5    537      0      0      0      0      2      0.0778224      0.0778224        372.483        22.4495        71.2078              0              0              0              0      6963      6963
     1    125     57   7020     60      0      0      3    540      0      0      0      0      2      0.0778224      0.0778224        322.133        24.8966        65.5819              0              0              0              0      7020      7020
     1    126     56   7076     60      0      0      4    544      0      0      0      0      2      0.0778224      0.0778224        557.467        39.5181        123.416              0              0              0              0      7076      7076
     1    127     56   7132     60      0      0      4    548      0      0      0      0      2      0.0675795      0.0675795        248.391         8.5743        33.3301              0              0              0              0      7132      7132
     1    128     55   7187     60      0      0      5    553      0      0      0      0      2      0.0675795      0.0675795        97.5752        7.00521        16.6626              0              0              0              0      7187      7187
     1    129     59   7246     60      0      0      1    554      0      0      0      0      2       0.066552       0.066552        477.714        33.7463        101.267              0              0              0              0      7246      7246
     1    130     60   7306     60      0      0      0    554      0      0      0      0      2       0.065775       0.065775        2530.89        128.102        520.923              0              0              0              0      7306      7306
     1    131     55   7361     60      0      0      5    559      0      0      0      0      2      0.0654248      0.0654248        265.372        11.0872         41.825              0              0              0              0      7361      7361
     1    132     59   7420     60      0      0      1    560      0      0      0      0      2      0.0653624      0.0653624        55.7489        5.00209        11.2892              0              0              0              0      7420      7420
     1    133     55   7475     60      0      0      5    565      0      0      0      0      2      0.0639808      0.0639808        124.452        8.91446        23.4961              0              0              0              0      7475      7475
     1    134     53   7528     60      0      0      7    572      0      0      0      0      2      0.0633806      0.0633806        76.1068        4.20304         13.036              0              0              0              0      7528      7528
     1    135     54   7582     60      0      0      6    578      0      0      0      0      2      0.0629238      0.0629238        489.786        16.7193        77.5834              0              0              0              0      7582      7582
     1    136     57   7639     60      0      0      3    581      0      0      0      0      2      0.0628935      0.0628935        114.964        8.93486        24.5933              0              0              0              0      7639      7639
     1    137     56   7695     60      0      0      4    585      0      0      0      0      2      0.0622149      0.0622149        216.907        12.8862        40.9006              0              0              0              0      7695      7695
     1    138     57   7752     60      0      0      3    588      0      0      0      0      2      0.0580237      0.0580237        137.358        7.65766        27.0529              0              0              0              0      7752      7752
     1    139     58   7810     60      0      0      2    590      0      0      0      0      2      0.0580237      0.0580237         49.204        8.21703        13.2298              0              0              0              0      7810      7810
     1    140     54   7864     60      0      0      6    596      0      0      0      0      2      0.0539781      0.0539781         86.614        6.89639        14.5565              0              0              0              0      7864      7864
     1    141     54   7918     60      0      0      6    602      0      0      0      0      2       0.050248       0.050248        156.769         15.614        37.2088              0              0              0              0      7918      7918
     1    142     57   7975     60      0      0      3    605      0      0      0      0      2       0.050248       0.050248        549.003        10.8803        71.1064              0              0              0              0      7975      7975
     1    143     54   8029     60      0      0      6    611      0      0      0      0      2       0.050248       0.050248        8.59652       0.913326        1.70494              0              0              0              0      8029      8029
     1    144     53   8082     60      0      0      7    618      0      0      0      0      2      0.0468942      0.0468942        28.8542         1.9076        4.95522              0              0              0              0      8082      8082
     1    145     52   8134     60      0      0      8    626      0      0      0      0      2      0.0468942      0.0468942        939.595        34.0886        161.768              0              0              0              0      8134      8134
     1    146     54   8188     60      0      0      6    632      0      0      0      0      2      0.0468942      0.0468942        248.423        13.6865        42.3313              0              0              0              0      8188      8188
     1    147     53   8241     60      0      0      7    639      0      0      0      0      2      0.0468942      0.0468942        165.922        17.3902        40.9268              0              0              0              0      8241      8241
     1    148     54   8295     60      0      0      6    645      0      0      0      0      2      0.0468942      0.0468942        123.207        16.4932        26.6348              0              0              0              0      8295      8295
     1    149     54   8349     60      0      0      6    651      0      0      0      0      2      0.0468942      0.0468942         262.16        28.3455        60.2391              0              0              0              0      8349      8349
     1    150     59   8408     60      0      0      1    652      0      0      0      0      2      0.0468942      0.0468942        185.101        20.4043         41.524              0              0              0              0      8408      8408
     1    151     57   8465     60      0      0      3    655      0      0      0      0      2      0.0468942      0.0468942        219.738        16.2049        35.8279              0              0              0              0      8465      8465
     1    152     53   8518     60      0      0      7    662      0      0      0      0      2      0.0468942      0.0468942        341.004        11.0264        47.2004              0              0              0              0      8518      8518
     1    153     54   8572     60      0      0      6    668      0      0      0      0      2      0.0468942      0.0468942        73.3583         5.0251        14.2072              0              0              0              0      8572      8572
     1    154     56   8628     60      0      0      4    672      0      0      0      0      2      0.0468942      0.0468942        120.215        7.21754        18.9753              0              0              0              0      8628      8628
     1    155     54   8682     60      0      0      6    678      0      0      0      0      2      0.0468942      0.0468942        434.352        27.9589         89.261              0              0              0              0      8682      8682
     1    156     54   8736     60      0      0      6    684      0      0      0      0      2      0.0468942      0.0468942        438.636         35.701        102.174              0              0              0              0      8736      8736
     1    157     58   8794     60      0      0      2    686      0      0      0      0      2      0.0468942      0.0468942        519.804        45.5685        113.275              0              0              0              0      8794      8794
     1    158     57   8851     60      0      0      3    689      0      0      0      0      2      0.0468942      0.0468942        117.863        6.62171        18.7582              0              0              0              0      8851      8851
     1    159     54   8905     60      0      0      6    695      0      0      0      0      2      0.0460491      0.0460491        325.927        18.8097        64.1971              0              0              0              0      8905      8905
     1    160     58   8963     60      0      0      2    697      0      0      0      0      2      0.0458496      0.0458496        128.325        8.22971        23.6269              0              0              0              0      8963      8963
     1    161     57   9020     60      0      0      3    700      0      0      0      0      2      0.0458496      0.0458496        119.894        9.90712        21.7296              0              0              0              0      9020      9020
     1    162     57   9077     60      0      0      3    703      0      0      0      0      2      0.0458415      0.0458415        2625.79        105.149        443.023              0              0              0              0      9077      9077
     1    163     54   9131     60      0      0      6    709      0      0      0      0      2      0.0455673      0.0455673        228.925        19.2116         52.834              0              0              0              0      9131      9131
     1    164     56   9187     60      0      0      4    713      0      0      0      0      2      0.0436303      0.0436303        332.032        9.63103        44.1902              0              0              0              0      9187      9187
     1    165     57   9244     60      0      0      3    716      0      0      0      0      2      0.0435399      0.0435399        390.061        13.4992        60.5938              0              0              0              0      9244      9244
     1    166     58   9302     60      0      0      2    718      0      0      0      0      2      0.0431453      0.0431453        76.8029        7.27234        18.0154              0              0              0              0      9302      9302
     1    167     58   9360     60      0      0      2    720      0      0      0      0      2      0.0430073      0.0430073        69.8143        6.55993        14.5481              0              0              0              0      9360      9360
     1    168     53   9413     60      0      0      7    727      0      0      0      0      2      0.0322365      0.0322365        457.659         14.142        60.4103              0              0              0              0      9413      9413
     1    169     57   9470     60      0      0      3    730      0      0      0      0      2      0.0322365      0.0322365        426.272        17.6181        74.1438              0              0              0              0      9470      9470
     1    170     53   9523     60      0      0      7    737      0      0      0      0      2      0.0298869      0.0298869        44.2949        4.10763        7.93497              0              0              0              0      9523      9523
     1    171     54   9577     60      0      0      6    743      0      0      0      0      2      0.0245682      0.0245682        65.0767        3.89173        10.4443              0              0              0              0      9577      9577
     1    172     55   9632     60      0      0      5    748      0      0      0      0      2      0.0245682      0.0245682        21.3237        2.36186        4.44746              0              0              0              0      9632      9632
     1    173     54   9686     60      0      0      6    754      0      0      0      0      2      0.0232554      0.0232554         76.596        6.58366        14.4738              0              0              0              0      9686      9686
     1    174     55   9741     60      0      0      5    759      0      0      0      0      2      0.0232554      0.0232554        106.671        4.54146        15.1405              0              0              0              0      9741      9741
     1    175     57   9798     60      0      0      3    762      0      0      0      0      2      0.0205752      0.0205752        2923.91        97.4615        504.805              0              0              0              0      9798      9798
     1    176     57   9855     60      0      0      3    765      0      0      0      0      2       0.014993       0.014993        129.872        5.25168        19.9394              0              0              0              0      9855      9855
     1    177     53   9908     60      0      0      7    772      0      0      0      0      2      0.0112374      0.0112374        144.823        5.36852        19.9994              0              0              0              0      9908      9908
     1    178     53   9961     60      0      0      7    779      0      0      0      0      2      0.0112374      0.0112374        787.535        15.0737        101.523              0              0              0              0      9961      9961
     1    179     39  10000     45      0      0      5    784      0      0      0      0      2      0.0108135      0.0108135        22.9388        1.68662        4.78279              0              0              0              0     10000     10000
