     1      0     60     60     60      0      0      0      0      0      0      0      0      2        2.86531        2.86531        2181.56        389.618        455.472              0              0              0              0        60        60
     1      1     59    119     60      0      0      1      1      0      0      0      0      2        2.80968        2.80968        713.829        88.8077        142.047              0              0              0              0       119       119
     1      2     49    168     60      0      0     11     12      0      0      0      0      2        2.02195        2.02195        510.038        37.4391        89.5916              0              0              0              0       168       168
     1      3     57    225     60      0      0      3     15      0      0      0      0      2        1.12161        1.12161        220.441        25.0259        40.9721              0              0              0              0       225       225
     1      4     54    279     60      0      0      6     21      0      0      0      0      2        1.12161        1.12161         292.83        20.4093        46.2389              0              0              0              0       279       279
     1      5     54    333     60      0      0      6     27      0      0      0      0      2        1.12161        1.12161        574.835        24.2005        78.4012              0              0              0              0       333       333
     1      6     57    390     60      0      0      3     30      0      0      0      0      2        1.12161        1.12161        810.547        36.8825        126.191              0              0              0              0       390       390
     1      7     54    444     60      0      0      6     36      0      0      0      0      2        1.12161        1.12161        109.722        14.9482        21.7673              0              0              0              0       444       444
     1      8     56    500     60      0      0      4     40      0      0      0      0      2        1.12161        1.12161        416.598        24.9065        67.9468              0              0              0              0       500       500
     1      9     52    552     60      0      0      8     48      0      0      0      0      2        1.12161        1.12161        149.814         17.081        30.6174              0              0              0              0       552       552
     1     10     55    607     60      0      0      5     53      0      0      0      0      2        1.12161        1.12161        218.404        14.5177        36.8108              0              0              0              0       607       607
     1     11     56    663     60      0      0      4     57      0      0      0      0      2        1.11823        1.11823        148.477        21.6657        36.2516              0              0              0              0       663       663
     1     12     55    718     60      0      0      5     62      0      0      0      0      2       0.809069       0.809069        250.263        17.8734        39.9001              0              0              0              0       718       718
     1     13     57    775     60      0      0      3     65      0      0      0      0      2       0.756395       0.756395        78.5094         9.9134        14.6658              0              0              0              0       775       775
     1     14     55    830     60      0      0      5     70      0      0      0      0      2       0.756395       0.756395        249.937        16.0628        39.8713              0              0              0              0       830       830
     1     15     56    886     60      0      0      4     74      0      0      0      0      2       0.313898       0.313898        158.532        8.66675         24.963              0              0              0              0       886       886
     1     16     58    944     60      0      0      2     76      0      0      0      0      2       0.276117       0.276117        93.4434        11.2833        24.6069              0              0              0              0       944       944
     1     17     52    996     60      0      0      8     84      0      0      0      0      2       0.276117       0.276117        97.4109        9.46551        19.1435              0              0              0              0       996       996
     1     18     56   1052     60      0      0      4     88      0      0      0      0      2       0.276117       0.276117        396.369        23.2028         76.833              0              0              0              0      1052      1052
     1     19     54   1106     60      0      0      6     94      0      0      0      0      2       0.263179       0.263179        296.753        17.3524        52.7731              0              0              0              0      1106      1106
     1     20     55   1161     60      0      0      5     99      0      0      0      0      2        0.19598        0.19598        826.258        50.6048        175.154              0              0              0              0      1161      1161
     1     21     55   1216     60      0      0      5    104      0      0      0      0      2       0.174075       0.174075        190.839        25.4649        55.6753              0              0              0              0      1216      1216
     1     22     54   1270     60      0      0      6    110      0      0      0      0      2       0.174075       0.174075         116.93        12.0127         26.495              0              0              0              0      1270      1270
     1     23     54   1324     60      0      0      6    116      0      0      0      0      2       0.174075       0.174075        70.6241         6.4205        13.5101              0              0              0              0      1324      1324
     1     24     57   1381     60      0      0      3    119      0      0      0      0      2       0.174075       0.174075        88.8621        10.4898        19.9249              0              0              0              0      1381      1381
     1     25     56   1437     60      0      0      4    123      0      0      0      0      2       0.174075       0.174075         175.17         21.443        39.5364              0              0              0              0      1437      1437
     1     26     59   1496     60      0      0      1    124      0      0      0      0      2       0.174075       0.174075        55.9079        6.79765        11.8138              0              0              0              0      1496      1496
     1     27     58   1554     60      0      0      2    126      0      0      0      0      2       0.174075       0.174075        334.775        33.3424        66.9245              0              0              0              0      1554      1554
     1     28     59   1613     60      0      0      1    127      0      0      0      0      2       0.174075       0.174075        422.114        27.1813        76.4766              0              0              0              0      1613      1613
     1     29     57   1670     60      0      0      3    130      0      0      0      0      2       0.174075       0.174075        112.582        18.5866        24.9969              0              0              0              0      1670      1670
     1     30     57   1727     60      0      0      3    133      0      0      0      0      2       0.141886       0.141886        99.3117        16.4745        25.3033              0              0              0              0      1727      1727
     1     31     53   1780     60      0      0      7    140      0      0      0      0      2       0.141886       0.141886        813.604        46.6111        167.807              0              0              0              0      1780      1780
     1     32     56   1836     60      0      0      4    144      0      0      0      0      2       0.141886       0.141886        295.223        18.6531        46.9808              0              0              0              0      1836      1836
     1     33     55   1891     60      0      0      5    149      0      0      0      0      2       0.141886       0.141886        198.862        9.91516        29.0141              0              0              0              0      1891      1891
     1     34     57   1948     60      0      0      3    152      0      0      0      0      2       0.141886       0.141886        458.329        13.7087        61.0429              0              0              0              0      1948      1948
     1     35     55   2003     60      0      0      5    157      0      0      0      0      2       0.141886       0.141886        578.238        23.9167        89.1668              0              0              0              0      2003      2003
     1     36     54   2057     60      0      0      6    163      0      0      0      0      2       0.141886       0.141886        283.714        10.4971        38.2423              0              0              0              0      2057      2057
     1     37     51   2108     60      0      0      9    172      0      0      0      0      2       0.141886       0.141886        761.168        51.1232         132.47              0              0              0              0      2108      2108
     1     38     55   2163     60      0      0      5    177      0      0      0      0      2       0.141886       0.141886        269.687        9.54289        35.6319              0              0              0              0      2163      2163
     1     39     56   2219     60      0      0      4    181      0      0      0      0      2       0.137075       0.137075        117.936        10.5284        24.9615              0              0              0              0      2219      2219
     1     40     55   2274     60      0      0      5    186      0      0      0      0      2        0.12944        0.12944        727.996        18.1459        100.736              0              0              0              0      2274      2274
     1     41     54   2328     60      0      0      6    192      0      0      0      0      2        0.12944        0.12944        460.017        27.6957        89.1486              0              0              0              0      2328      2328
     1     42     54   2382     60      0      0      6    198      0      0      0      0      2       0.128406       0.128406        1147.14        61.9914         201.64              0              0              0              0      2382      2382
     1     43     55   2437     60      0      0      5    203      0      0      0      0      2       0.128095       0.128095        179.818        9.18425        30.4983              0              0              0              0      2437      2437
     1     44     53   2490     60      0      0      7    210      0      0      0      0      2       0.124989       0.124989        184.003        8.26477        29.9268              0              0              0              0      2490      2490
     1     45     58   2548     60      0      0      2    212      0      0      0      0      2       0.124989       0.124989        204.383        9.45133        29.3381              0              0              0              0      2548      2548
     1     46     57   2605     60      0      0      3    215      0      0      0      0      2       0.124989       0.124989        47.1388        5.84881        10.7724              0              0              0              0      2605      2605
     1     47     54   2659     60      0      0      6    221      0      0      0      0      2       0.124989       0.124989        52.4013        5.33071        11.4366              0              0              0              0      2659      2659
     1     48     58   2717     60      0      0      2    223      0      0      0      0      2       0.124989       0.124989        238.287        21.1453        50.1541              0              0              0              0      2717      2717
     1     49     55   2772     60      0      0      5    228      0      0      0      0      2       0.124989       0.124989        223.842        22.5298        50.4748              0              0              0              0      2772      2772
     1     50     56   2828     60      0      0      4    232      0      0      0      0      2       0.124989       0.124989        72.1569        5.76629        13.5162              0              0              0              0      2828      2828
     1     51     55   2883     60      0      0      5    237      0      0      0      0      2        0.10458        0.10458        99.0989        9.63148        19.9096              0              0              0              0      2883      2883
     1     52     53   2936     60      0      0      7    244      0      0      0      0      2       0.097035       0.097035        442.657        17.2275        75.3933              0              0              0              0      2936      2936
     1     53     56   2992     60      0      0      4    248      0      0      0      0      2       0.097035       0.097035        17.4521        2.28208        4.24891              0              0              0              0      2992      2992
     1     54     52   3044     60      0      0      8    256      0      0      0      0      2       0.097035       0.097035        90.5128        9.67695        20.3516              0              0              0              0      3044      3044
     1     55     53   3097     60      0      0      7    263      0      0      0      0      2       0.097035       0.097035        955.395        44.2977        168.384              0              0              0              0      3097      3097
     1     56     57   3154     60      0      0      3    266      0      0      0      0      2       0.097035       0.097035        1193.56        61.0108         220.07              0              0              0              0      3154      3154
     1     57     58   3212     60      0      0      2    268      0      0      0      0      2       0.097035       0.097035        902.513        39.3322        122.066              0              0              0              0      3212      3212
     1     58     56   3268     60      0      0      4    272      0      0      0      0      2       0.097035       0.097035        981.502        61.8624        207.786              0              0              0              0      3268      3268
     1     59     55   3323     60      0      0      5    277      0      0      0      0      2       0.097035       0.097035        1155.34        47.0417        207.094              0              0              0              0      3323      3323
     1     60     55   3378     60      0      0      5    282      0      0      0      0      2       0.097035       0.097035        47.4239        6.72548        12.2067              0              0              0              0      3378      3378
     1     61     55   3433     60      0      0      5    287      0      0      0      0      2       0.097035       0.097035        95.8933        11.6913        23.4473              0              0              0              0      3433      3433
     1     62     57   3490     60      0      0      3    290      0      0      0      0      2       0.097035       0.097035        967.221        24.1898        124.803              0              0              0              0      3490      3490
     1     63     54   3544     60      0      0      6    296      0      0      0      0      2      0.0821081      0.0821081        80.2483        6.93336        15.9221              0              0              0              0      3544      3544
     1     64     54   3598     60      0      0      6    302      0      0      0      0      2      0.0798723      0.0798723        189.858        6.75465         26.236              0              0              0              0      3598      3598
     1     65     52   3650     60      0      0      8    310      0      0      0      0      2      0.0798723      0.0798723        107.518        6.12364        17.2839              0              0              0              0      3650      3650
     1     66     57   3707     60      0      0      3    313      0      0      0      0      2      0.0798723      0.0798723        57.5076        6.22504        11.6363              0              0              0              0      3707      3707
     1     67     59   3766     60      0      0      1    314      0      0      0      0      2      0.0671419      0.0671419        267.134        25.8085        65.8799              0              0              0              0      3766      3766
     1     68     55   3821     60      0      0      5    319      0      0      0      0      2      0.0671419      0.0671419        320.668        21.6491        58.5154              0              0              0              0      3821      3821
     1     69     55   3876     60      0      0      5    324      0      0      0      0      2      0.0664849      0.0664849        174.195        14.6201        28.7037              0              0              0              0      3876      3876
     1     70     58   3934     60      0      0      2    326      0      0      0      0      2      0.0664849      0.0664849        898.108        43.5747        137.712              0              0              0              0      3934      3934
     1     71     55   3989     60      0      0      5    331      0      0      0      0      2      0.0648558      0.0648558        1437.97        76.9858        283.065              0              0              0              0      3989      3989
     1     72     57   4046     60      0      0      3    334      0      0      0      0      2      0.0648558      0.0648558        98.2536        6.38218        17.7086              0              0              0              0      4046      4046
     1     73     53   4099     60      0      0      7    341      0      0      0      0      2      0.0481468      0.0481468        500.605        18.9988        89.4799              0              0              0              0      4099      4099
     1     74     55   4154     60      0      0      5    346      0      0      0      0      2      0.0433571      0.0433571        150.688        6.99746        24.4698              0              0              0              0      4154      4154
     1     75     59   4213     60      0      0      1    347      0      0      0      0      2      0.0433571      0.0433571        191.292         8.2532        28.3994              0              0              0              0      4213      4213
     1     76     57   4270     60      0      0      3    350      0      0      0      0      2      0.0413952      0.0413952        27.6301        2.56398        5.81079              0              0              0              0      4270      4270
     1     77     58   4328     60      0      0      2    352      0      0      0      0      2      0.0413952      0.0413952        132.837        14.5354        29.2001              0              0              0              0      4328      4328
     1     78     53   4381     60      0      0      7    359      0      0      0      0      2      0.0407242      0.0407242        155.835        8.88793        28.3223              0              0              0              0      4381      4381
     1     79     60   4441     60      0      0      0    359      0      0      0      0      2      0.0407242      0.0407242        91.6082        8.14979        18.6034              0              0              0              0      4441      4441
     1     80     51   4492     60      0      0      9    368      0      0      0      0      2      0.0400419      0.0400419        125.797        10.4229         23.842              0              0              0              0      4492      4492
     1     81     54   4546     60      0      0      6    374      0      0      0      0      2       0.039834       0.039834        191.585        22.6357        49.1423              0              0              0              0      4546      4546
     1     82     54   4600     60      0      0      6    380      0      0      0      0      2      0.0397945      0.0397945        119.157        15.3323        31.7942              0              0              0              0      4600      4600
     1     83     55   4655     60      0      0      5    385      0      0      0      0      2      0.0391571      0.0391571        222.596        15.0657        40.0692              0              0              0              0      4655      4655
     1     84     56   4711     60      0      0      4    389      0      0      0      0      2      0.0368843      0.0368843        143.721        7.74254        25.3256              0              0              0              0      4711      4711
     1     85     58   4769     60      0      0      2    391      0      0      0      0      2      0.0364692      0.0364692        255.658        14.3982        46.4047              0              0              0              0      4769      4769
     1     86     59   4828     60      0      0      1    392      0      0      0      0      2      0.0364692      0.0364692        1055.88        87.3828        254.563              0              0              0              0      4828      4828
     1     87     57   4885     60      0      0      3    395      0      0      0      0      2      0.0364692      0.0364692        122.902        10.3393        23.5889              0              0              0              0      4885      4885
     1     88     53   4938     60      0      0      7    402      0      0      0      0      2      0.0364692      0.0364692        188.073        21.8392        41.4396              0              0              0              0      4938      4938
     1     89     55   4993     60      0      0      5    407      0      0      0      0      2      0.0364692      0.0364692        149.554        17.9843        34.1601              0              0              0              0      4993      4993
     1     90     56   5049     60      0      0      4    411      0      0      0      0      2      0.0360013      0.0360013        119.096        12.5512        23.8671              0              0              0              0      5049      5049
     1     91     52   5101     60      0      0      8    419      0      0      0      0      2      0.0359132      0.0359132         323.79        21.4632        63.5441              0              0              0              0      5101      5101
     1     92     56   5157     60      0      0      4    423      0      0      0      0      2      0.0358698      0.0358698        628.537         18.854         85.033              0              0              0              0      5157      5157
     1     93     55   5212     60      0      0      5    428      0      0      0      0      2      0.0358655      0.0358655        118.904        12.1928        27.4802              0              0              0              0      5212      5212
     1     94     51   5263     60      0      0      9    437      0      0      0      0      2      0.0355301      0.0355301        375.301        14.7338        54.0318              0              0              0              0      5263      5263
     1     95     56   5319     60      0      0      4    441      0      0      0      0      2      0.0355301      0.0355301        246.304        15.8115        48.1047              0              0              0              0      5319      5319
     1     96     54   5373     60      0      0      6    447      0      0      0      0      2      0.0355053      0.0355053        234.321        20.7087         57.067              0              0              0              0      5373      5373
     1     97     55   5428     60      0      0      5    452      0      0      0      0      2        0.03527        0.03527        113.592        8.28764        23.4387              0              0              0              0      5428      5428
     1     98     53   5481     60      0      0      7    459      0      0      0      0      2      0.0345957      0.0345957        181.717         13.136        38.2412              0              0              0              0      5481      5481
     1     99     57   5538     60      0      0      3    462      0      0      0      0      2      0.0345957      0.0345957         303.82        12.4699        46.8664              0              0              0              0      5538      5538
     1    100     58   5596     60      0      0      2    464      0      0      0      0      2      0.0333478      0.0333478        1617.13        29.6856          208.6              0              0              0              0      5596      5596
     1    101     56   5652     60      0      0      4    468      0      0      0      0      2      0.0322093      0.0322093        144.164        5.43581         19.071              0              0              0              0      5652      5652
     1    102     52   5704     60      0      0      8    476      0      0      0      0      2      0.0306298      0.0306298        454.481        23.7652        81.9033              0              0              0              0      5704      5704
     1    103     57   5761     60      0      0      3    479      0      0      0      0      2      0.0306298      0.0306298         116.22        12.5762        25.0816              0              0              0              0      5761      5761
     1    104     57   5818     60      0      0      3    482      0      0      0      0      2      0.0303827      0.0303827        523.831        19.6736        77.8056              0              0              0              0      5818      5818
     1    105     53   5871     60      0      0      7    489      0      0      0      0      2      0.0232231      0.0232231        150.107        9.61455        23.8403              0              0              0              0      5871      5871
     1    106     55   5926     60      0      0      5    494      0      0      0      0      2      0.0227262      0.0227262        394.887        10.6885        51.9135              0              0              0              0      5926      5926
     1    107     58   5984     60      0      0      2    496      0      0      0      0      2      0.0227262      0.0227262        3322.28        61.2844        428.294              0              0              0              0      5984      5984
     1    108     59   6043     60      0      0      1    497      0      0      0      0      2      0.0225352      0.0225352        381.735         7.9504        49.2196              0              0              0              0      6043      6043
     1    109     55   6098     60      0      0      5    502      0      0      0      0      2      0.0224714      0.0224714        72.1693        5.21557        14.8609              0              0              0              0      6098      6098
     1    110     54   6152     60      0      0      6    508      0      0      0      0      2      0.0224714      0.0224714        102.967        5.12762        15.0717              0              0              0              0      6152      6152
     1    111     53   6205     60      0      0      7    515      0      0      0      0      2      0.0224569      0.0224569        116.628        7.30942        19.4826              0              0              0              0      6205      6205
     1    112     56   6261     60      0      0      4    519      0      0      0      0      2      0.0224569      0.0224569        231.243        14.0304        34.7489              0              0              0              0      6261      6261
     1    113     49   6310     60      0      0     11    530      0      0      0      0      2      0.0224569      0.0224569        142.373         9.3827        26.7852              0              0              0              0      6310      6310
     1    114     53   6363     60      0      0      7    537      0      0      0      0      2      0.0224411      0.0224411         93.947        7.63907        20.2405              0              0              0              0      6363      6363
     1    115     58   6421     60      0      0      2    539      0      0      0      0      2      0.0218717      0.0218717        768.374        24.5652        106.059              0              0              0              0      6421      6421
     1    116     52   6473     60      0      0      8    547      0      0      0      0      2      0.0218629      0.0218629         105.37        11.9042         24.613              0              0              0              0      6473      6473
     1    117     56   6529     60      0      0      4    551      0      0      0      0      2      0.0218629      0.0218629        1067.35         53.169        185.356              0              0              0              0      6529      6529
     1    118     55   6584     60      0      0      5    556      0      0      0      0      2      0.0218629      0.0218629         1043.9        69.4182         204.27              0              0              0              0      6584      6584
     1    119     53   6637     60      0      0      7    563      0      0      0      0      2      0.0218577      0.0218577         134.65        9.91313        26.4547              0              0              0              0      6637      6637
     1    120     54   6691     60      0      0      6    569      0      0      0      0      2      0.0205362      0.0205362        1324.22        80.3181        239.942              0              0              0              0      6691      6691
     1    121     53   6744     60      0      0      7    576      0      0      0      0      2      0.0205362      0.0205362        135.597        13.2985        33.1153              0              0              0              0      6744      6744
     1    122     56   6800     60      0      0      4    580      0      0      0      0      2      0.0203736      0.0203736        302.676        17.1749        52.8942              0              0              0              0      6800      6800
     1    123     57   6857     60      0      0      3    583      0      0      0      0      2      0.0201774      0.0201774        1347.07        41.9023        215.127              0              0              0              0      6857      6857
     1    124     57   6914     60      0      0      3    586      0      0      0      0      2      0.0197871      0.0197871        139.652        10.3289        26.4808              0              0              0              0      6914      6914
     1    125     56   6970     60      0      0      4    590      0      0      0      0      2      0.0196772      0.0196772        219.136        16.7448        39.0885              0              0              0              0      6970      6970
     1    126     55   7025     60      0      0      5    595      0      0      0      0      2      0.0196444      0.0196444        148.021        13.1982        34.0483              0              0              0              0      7025      7025
     1    127     53   7078     60      0      0      7    602      0      0      0      0      2      0.0195169      0.0195169        187.446        7.78399        28.2157              0              0              0              0      7078      7078
     1    128     58   7136     60      0      0      2    604      0      0      0      0      2      0.0195169      0.0195169        66.4122        4.36455        12.5371              0              0              0              0      7136      7136
     1    129     53   7189     60      0      0      7    611      0      0      0      0      2      0.0195169      0.0195169        27.0741        1.90679        5.00425              0              0              0              0      7189      7189
     1    130     58   7247     60      0      0      2    613      0      0      0      0      2      0.0193487      0.0193487        172.856        10.3666        32.0981              0              0              0              0      7247      7247
     1    131     54   7301     60      0      0      6    619      0      0      0      0      2      0.0184606      0.0184606        56.7132        4.72681        11.8129              0              0              0              0      7301      7301
     1    132     51   7352     60      0      0      9    628      0      0      0      0      2      0.0184606      0.0184606        613.334        34.3628        113.282              0              0              0              0      7352      7352
     1    133     58   7410     60      0      0      2    630      0      0      0      0      2      0.0183787      0.0183787        66.9774        8.69341        17.3627              0              0              0              0      7410      7410
     1    134     59   7469     60      0      0      1    631      0      0      0      0      2      0.0183787      0.0183787        138.548        6.28859        22.6671              0              0              0              0      7469      7469
     1    135     58   7527     60      0      0      2    633      0      0      0      0      2      0.0183787      0.0183787        959.515        22.8345        125.527              0              0              0              0      7527      7527
     1    136     58   7585     60      0      0      2    635      0      0      0      0      2      0.0177177      0.0177177        1015.25        39.4041        180.277              0              0              0              0      7585      7585
     1    137     57   7642     60      0      0      3    638      0      0      0      0      2      0.0177082      0.0177082        202.394        18.0216        40.0504              0              0              0              0      7642      7642
     1    138     55   7697     60      0      0      5    643      0      0      0      0      2      0.0177067      0.0177067        280.972        17.7508        49.4652              0              0              0              0      7697      7697
     1    139     53   7750     60      0      0      7    650      0      0      0      0      2      0.0177067      0.0177067        75.1886        6.15354        16.1773              0              0              0              0      7750      7750
     1    140     54   7804     60      0      0      6    656      0      0      0      0      2      0.0177067      0.0177067         172.38        13.5013        28.7966              0              0              0              0      7804      7804
     1    141     56   7860     60      0      0      4    660      0      0      0      0      2      0.0167001      0.0167001        118.626        11.4679        23.4024              0              0              0              0      7860      7860
     1    142     54   7914     60      0      0      6    666      0      0      0      0      2      0.0167001      0.0167001        166.092        12.5311        35.2387              0              0              0              0      7914      7914
     1    143     58   7972     60      0      0      2    668      0      0      0      0      2      0.0167001      0.0167001        36.8045        3.17604        6.73242              0              0              0              0      7972      7972
     1    144     53   8025     60      0      0      7    675      0      0      0      0      2      0.0167001      0.0167001        33.6259        3.03229        6.63375              0              0              0              0      8025      8025
     1    145     53   8078     60      0      0      7    682      0      0      0      0      2      0.0167001      0.0167001        1087.25        40.5807        184.321              0              0              0              0      8078      8078
     1    146     55   8133     60      0      0      5    687      0      0      0      0      2       0.016665       0.016665        1118.17        78.3806        240.804              0              0              0              0      8133      8133
     1    147     59   8192     60      0      0      1    688      0      0      0      0      2      0.0129007      0.0129007         155.71        7.35028        24.5284              0              0              0              0      8192      8192
     1    148     58   8250     60      0      0      2    690      0      0      0      0      2      0.0129007      0.0129007        448.261        19.3167        64.8681              0              0              0              0      8250      8250
     1    149     59   8309     60      0      0      1    691      0      0      0      0      2      0.0129007      0.0129007        444.253        20.1305        82.3367              0              0              0              0      8309      8309
     1    150     59   8368     60      0      0      1    692      0      0      0      0      2      0.0129007      0.0129007        110.366        6.63742        18.4356              0              0              0              0      8368      8368
     1    151     59   8427     60      0      0      1    693      0      0      0      0      2      0.0128719      0.0128719        577.552        35.7715        116.104              0              0              0              0      8427      8427
     1    152     57   8484     60      0      0      3    696      0      0      0      0      2      0.0127616      0.0127616        38.0192        2.51823        7.07423              0              0              0              0      8484      8484
     1    153     58   8542     60      0      0      2    698      0      0      0      0      2       0.012512       0.012512        62.1549        3.06513        8.83984              0              0              0              0      8542      8542
     1    154     56   8598     60      0      0      4    702      0      0      0      0      2       0.012512       0.012512        235.555        10.0685        38.7137              0              0              0              0      8598      8598
     1    155     55   8653     60      0      0      5    707      0      0      0      0      2       0.012512       0.012512        1973.39        44.9892         255.69              0              0              0              0      8653      8653
     1    156     52   8705     60      0      0      8    715      0      0      0      0      2       0.012512       0.012512        1755.03        56.3877         266.08              0              0              0              0      8705      8705
     1    157     51   8756     60      0      0      9    724      0      0      0      0      2       0.012512       0.012512        2057.49         35.889        265.447              0              0              0              0      8756      8756
     1    158     57   8813     60      0      0      3    727      0      0      0      0      2      0.0124302      0.0124302        1958.23        63.6576        330.719              0              0              0              0      8813      8813
     1    159     59   8872     60      0      0      1    728      0      0      0      0      2      0.0117594      0.0117594        2293.76        155.259        517.672              0              0              0              0      8872      8872
     1    160     53   8925     60      0      0      7    735      0      0      0      0      2      0.0116221      0.0116221          268.9        9.74227        36.2748              0              0              0              0      8925      8925
     1    161     57   8982     60      0      0      3    738      0      0      0      0      2      0.0116221      0.0116221        52.0019        5.31619        11.4592              0              0              0              0      8982      8982
     1    162     57   9039     60      0      0      3    741      0      0      0      0      2      0.0116221      0.0116221        1017.78        21.0732        131.428              0              0              0              0      9039      9039
     1    163     56   9095     60      0      0      4    745      0      0      0      0      2      0.0116221      0.0116221        1027.01        48.7858         200.56              0              0              0              0      9095      9095
     1    164     58   9153     60      0      0      2    747      0      0      0      0      2      0.0116221      0.0116221        919.073        19.4188        118.498              0              0              0              0      9153      9153
     1    165     55   9208     60      0      0      5    752      0      0      0      0      2      0.0116041      0.0116041         873.91         16.877        112.731              0              0              0              0      9208      9208
     1    166     58   9266     60      0      0      2    754      0      0      0      0      2      0.0115122      0.0115122        145.009        9.36577        23.7406              0              0              0              0      9266      9266
     1    167     58   9324     60      0      0      2    756      0      0      0      0      2      0.0114599      0.0114599        78.3669        4.03161        12.4666              0              0              0              0      9324      9324
     1    168     59   9383     60      0      0      1    757      0      0      0      0      2       0.010963       0.010963        70.1706        4.35341        11.0861              0              0              0              0      9383      9383
     1    169     55   9438     60      0      0      5    762      0      0      0      0      2      0.0108717      0.0108717        1467.74        31.5522        189.605              0              0              0              0      9438      9438
     1    170     55   9493     60      0      0      5    767      0      0      0      0      2      0.0107061      0.0107061        518.555        19.9523        78.4957              0              0              0              0      9493      9493
     1    171     54   9547     60      0      0      6    773      0      0      0      0      2      0.0105731      0.0105731        84.3561        5.01457        17.0163              0              0              0              0      9547      9547
     1    172     55   9602     60      0      0      5    778      0      0      0      0      2      0.0103932      0.0103932         205.11         19.322        48.9562              0              0              0              0      9602      9602
     1    173     53   9655     60      0      0      7    785      0      0      0      0      2     0.00997992     0.00997992        54.7125        4.40959        11.6645              0              0              0              0      9655      9655
     1    174     59   9714     60      0      0      1    786      0      0      0      0      2     0.00997992     0.00997992        17.7872        2.03355        4.08297              0              0              0              0      9714      9714
     1    175     54   9768     60      0      0      6    792      0      0      0      0      2     0.00884679     0.00884679        8.07602       0.801283        1.54147              0              0              0              0      9768      9768
     1    176     56   9824     60      0      0      4    796      0      0      0      0      2     0.00884679     0.00884679        77.1819        4.60067        13.2321              0              0              0              0      9824      9824
     1    177     58   9882     60      0      0      2    798      0      0      0      0      2      0.0086405      0.0086405        25.5633        1.88731        4.64174              0              0              0              0      9882      9882
     1    178     59   9941     60      0      0      1    799      0      0      0      0      2     0.00842875     0.00842875        72.4296         4.4538        13.3902              0              0              0              0      9941      9941
     1    179     53   9994     60      0      0      7    806      0      0      0      0      2     0.00842426     0.00842426        17.8517        1.41446        3.62133              0              0              0              0      9994      9994
     1    180      6  10000      8      0      0      1    807      0      0      0      0      2     0.00842426     0.00842426        3.70632       0.890059        1.48909              0              0              0              0     10000     10000
