     1      0     60     60     60      0      0      0      0      0      0      0      0      2        3.00768        3.00768        893.468        266.947        272.347              0              0              0              0        60        60
     1      1     59    119     60      0      0      1      1      0      0      0      0      2        3.00768        3.00768        299.618        74.2903        91.0875              0              0              0              0       119       119
     1      2     50    169     60      0      0     10     11      0      0      0      0      2        1.90227        1.90227        243.335        23.6165        51.6645              0              0              0              0       169       169
     1      3     55    224     60      0      0      5     16      0      0      0      0      2        1.33074        1.33074        144.495        7.97551        23.6537              0              0              0              0       224       224
     1      4     54    278     60      0      0      6     22      0      0      0      0      2        1.25895        1.25895        89.9298         4.1704        11.2933              0              0              0              0       278       278
     1      5     54    332     60      0      0      6     28      0      0      0      0      2        1.25895        1.25895        316.847         7.6428         40.602              0              0              0              0       332       332
     1      6     54    386     60      0      0      6     34      0      0      0      0      2        1.24424        1.24424        124.041        4.47847        15.9663              0              0              0              0       386       386
     1      7     57    443     60      0      0      3     37      0      0      0      0      2       0.961832       0.961832         2.8052        1.68805       0.450033              0              0              0              0       443       443
     1      8     54    497     60      0      0      6     43      0      0      0      0      2       0.877986       0.877986        419.741        16.4898        69.0154              0              0              0              0       497       497
     1      9     56    553     60      0      0      4     47      0      0      0      0      2        0.79496        0.79496        718.264        23.8906        107.703              0              0              0              0       553       553
     1     10     52    605     60      0      0      8     55      0      0      0      0      2       0.777923       0.777923        26.4973        1.72046        3.28053              0              0              0              0       605       605
     1     11     57    662     60      0      0      3     58      0      0      0      0      2       0.647632       0.647632        2.24288         1.1726       0.436559              0              0              0              0       662       662
     1     12     54    716     60      0      0      6     64      0      0      0      0      2       0.605603       0.605603        15.7468        1.29129        2.03422              0              0              0              0       716       716
     1     13     57    773     60      0      0      3     67      0      0      0      0      2       0.572474       0.572474        1.81865       0.937034       0.323339              0              0              0              0       773       773
     1     14     58    831     60      0      0      2     69      0      0      0      0      2       0.398318       0.398318         102.68        2.50012        13.1554              0              0              0              0       831       831
     1     15     58    889     60      0      0      2     71      0      0      0      0      2       0.398318       0.398318        121.843         5.2973        20.3847              0              0              0              0       889       889
     1     16     57    946     60      0      0      3     74      0      0      0      0      2       0.372058       0.372058        255.011        6.33854         34.037              0              0              0              0       946       946
     1     17     55   1001     60      0      0      5     79      0      0      0      0      2       0.372058       0.372058         1.7355       0.680791       0.265997              0              0              0              0      1001      1001
     1     18     58   1059     60      0      0      2     81      0      0      0      0      2       0.283602       0.283602        328.964         7.9783        43.7824              0              0              0              0      1059      1059
     1     19     50   1109     60      0      0     10     91      0      0      0      0      2       0.240037       0.240037        97.5837        3.53755        15.8641              0              0              0              0      1109      1109
     1     20     51   1160     60      0      0      9    100      0      0      0      0      2        0.23452        0.23452        441.163        11.6973        60.5708              0              0              0              0      1160      1160
     1     21     57   1217     60      0      0      3    103      0      0      0      0      2       0.225222       0.225222        413.127        16.4365        72.7435              0              0              0              0      1217      1217
     1     22     51   1268     60      0      0      9    112      0      0      0      0      2       0.205267       0.205267        193.004        3.78353        24.8862              0              0              0              0      1268      1268
     1     23     56   1324     60      0      0      4    116      0      0      0      0      2       0.183259       0.183259         1.4197       0.514082       0.387697              0              0              0              0      1324      1324
     1     24     53   1377     60      0      0      7    123      0      0      0      0      2       0.183259       0.183259        731.921        14.5318         95.107              0              0              0              0      1377      1377
     1     25     56   1433     60      0      0      4    127      0      0      0      0      2       0.178737       0.178737        22.6539       0.740202        2.88788              0              0              0              0      1433      1433
     1     26     57   1490     60      0      0      3    130      0      0      0      0      2       0.177332       0.177332        593.703        36.9502        128.243              0              0              0              0      1490      1490
     1     27     58   1548     60      0      0      2    132      0      0      0      0      2       0.175482       0.175482        749.227        24.8798        111.343              0              0              0              0      1548      1548
     1     28     58   1606     60      0      0      2    134      0      0      0      0      2       0.175181       0.175181        1.66214       0.367947        0.29122              0              0              0              0      1606      1606
     1     29     56   1662     60      0      0      4    138      0      0      0      0      2       0.159089       0.159089        756.648        16.6794        101.356              0              0              0              0      1662      1662
     1     30     57   1719     60      0      0      3    141      0      0      0      0      2       0.159089       0.159089        190.202        5.45268        28.1382              0              0              0              0      1719      1719
     1     31     55   1774     60      0      0      5    146      0      0      0      0      2      0.0846811      0.0846811         690.63        27.6074        112.869              0              0              0              0      1774      1774
     1     32     56   1830     60      0      0      4    150      0      0      0      0      2      0.0746892      0.0746892        262.434        9.86376        44.2356              0              0              0              0      1830      1830
     1     33     57   1887     60      0      0      3    153      0      0      0      0      2      0.0673661      0.0673661        4.85024       0.439184       0.672947              0              0              0              0      1887      1887
     1     34     55   1942     60      0      0      5    158      0      0      0      0      2      0.0619088      0.0619088        1.19397       0.253227       0.234464              0              0              0              0      1942      1942
     1     35     58   2000     60      0      0      2    160      0      0      0      0      2      0.0552585      0.0552585        27.2465       0.906214        3.56659              0              0              0              0      2000      2000
     1     36     55   2055     60      0      0      5    165      0      0      0      0      2      0.0486285      0.0486285        115.433        2.17296        14.8718              0              0              0              0      2055      2055
     1     37     55   2110     60      0      0      5    170      0      0      0      0      2      0.0345832      0.0345832        174.383        4.58983        25.0235              0              0              0              0      2110      2110
     1     38     54   2164     60      0      0      6    176      0      0      0      0      2      0.0336062      0.0336062        532.092        15.7931         85.615              0              0              0              0      2164      2164
     1     39     58   2222     60      0      0      2    178      0      0      0      0      2      0.0328289      0.0328289        278.221        8.65358        46.5364              0              0              0              0      2222      2222
     1     40     60   2282     60      0      0      0    178      0      0      0      0      2      0.0326959      0.0326959        516.237        16.3366        82.0042              0              0              0              0      2282      2282
     1     41     58   2340     60      0      0      2    180      0      0      0      0      2      0.0326959      0.0326959        161.568        4.37796        21.7546              0              0              0              0      2340      2340
     1     42     57   2397     60      0      0      3    183      0      0      0      0      2      0.0304696      0.0304696        185.787        3.30683        23.9604              0              0              0              0      2397      2397
     1     43     52   2449     60      0      0      8    191      0      0      0      0      2      0.0303994      0.0303994        193.267        5.78155        30.8143              0              0              0              0      2449      2449
     1     44     56   2505     60      0      0      4    195      0      0      0      0      2      0.0289677      0.0289677        396.071        9.32677        52.8483              0              0              0              0      2505      2505
     1     45     55   2560     60      0      0      5    200      0      0      0      0      2      0.0205561      0.0205561        53.4508        1.08553        6.87979              0              0              0              0      2560      2560
     1     46     54   2614     60      0      0      6    206      0      0      0      0      2      0.0197844      0.0197844       0.854907       0.127611       0.197724              0              0              0              0      2614      2614
     1     47     54   2668     60      0      0      6    212      0      0      0      0      2      0.0197844      0.0197844        590.499        14.0074        80.2899              0              0              0              0      2668      2668
     1     48     55   2723     60      0      0      5    217      0      0      0      0      2      0.0052516      0.0052516        87.2246        1.59636        11.2449              0              0              0              0      2723      2723
     1     49     58   2781     60      0      0      2    219      0      0      0      0      2      0.0052516      0.0052516        33.6966         0.7426        4.33663              0              0              0              0      2781      2781
     1     50     52   2833     60      0      0      8    227      0      0      0      0      2      0.0052516      0.0052516        1.95792       0.266776       0.426091              0              0              0              0      2833      2833
     1     51     58   2891     60      0      0      2    229      0      0      0      0      2        0.00523        0.00523        2.42743       0.220545       0.446187              0              0              0              0      2891      2891
     1     52     55   2946     60      0      0      5    234      0      0      0      0      2        0.00523        0.00523        661.582        11.7168        85.4105              0              0              0              0      2946      2946
     1     53     54   3000     60      0      0      6    240      0      0      0      0      2     0.00502257     0.00502257        1.01461       0.138138       0.228334              0              0              0              0      3000      3000
     1     54     56   3056     60      0      0      4    244      0      0      0      0      2     0.00452009     0.00452009         572.39        16.6208        90.7603              0              0              0              0      3056      3056
     1     55     49   3105     60      0      0     11    255      0      0      0      0      2     0.00446391     0.00446391       0.857996       0.191059        0.25607              0              0              0              0      3105      3105
     1     56     52   3157     60      0      0      8    263      0      0      0      0      2     0.00446391     0.00446391        20.8829       0.507994        2.69064              0              0              0              0      3157      3157
     1     57     60   3217     60      0      0      0    263      0      0      0      0      2     0.00325993     0.00325993        302.734        8.93382        44.3277              0              0              0              0      3217      3217
     1     58     58   3275     60      0      0      2    265      0      0      0      0      2     0.00313565     0.00313565        123.567        3.95971        17.9649              0              0              0              0      3275      3275
     1     59     58   3333     60      0      0      2    267      0      0      0      0      2     0.00267753     0.00267753        7.76381       0.878572        1.92203              0              0              0              0      3333      3333
     1     60     58   3391     60      0      0      2    269      0      0      0      0      2     0.00263843     0.00263843        371.736         11.451        54.8925              0              0              0              0      3391      3391
     1     61     59   3450     60      0      0      1    270      0      0      0      0      2     0.00252783     0.00252783        463.899        25.5439        97.5831              0              0              0              0      3450      3450
     1     62     56   3506     60      0      0      4    274      0      0      0      0      2     0.00210211     0.00210211        72.8364        2.26412        11.2638              0              0              0              0      3506      3506
     1     63     56   3562     60      0      0      4    278      0      0      0      0      2     0.00210211     0.00210211        756.018        39.9761        143.582              0              0              0              0      3562      3562
     1     64     53   3615     60      0      0      7    285      0      0      0      0      2      0.0020316      0.0020316         243.58        4.20993        31.4274              0              0              0              0      3615      3615
     1     65     57   3672     60      0      0      3    288      0      0      0      0      2     0.00200809     0.00200809        254.244        7.28451        36.1234              0              0              0              0      3672      3672
     1     66     52   3724     60      0      0      8    296      0      0      0      0      2     0.00193735     0.00193735        98.8216        1.78935        12.7414              0              0              0              0      3724      3724
     1     67     53   3777     60      0      0      7    303      0      0      0      0      2     0.00192482     0.00192482         682.95        11.4637         88.158              0              0              0              0      3777      3777
     1     68     56   3833     60      0      0      4    307      0      0      0      0      2     0.00191783     0.00191783       0.847589       0.155271       0.244716              0              0              0              0      3833      3833
     1     69     54   3887     60      0      0      6    313      0      0      0      0      2     0.00189057     0.00189057         123.47        2.83825        16.3414              0              0              0              0      3887      3887
     1     70     51   3938     60      0      0      9    322      0      0      0      0      2     0.00188582     0.00188582        1.09363       0.129306       0.240572              0              0              0              0      3938      3938
     1     71     53   3991     60      0      0      7    329      0      0      0      0      2     0.00188548     0.00188548        374.599        23.1739        82.7582              0              0              0              0      3991      3991
     1     72     57   4048     60      0      0      3    332      0      0      0      0      2     0.00188106     0.00188106        381.974         8.2049        49.4864              0              0              0              0      4048      4048
     1     73     50   4098     60      0      0     10    342      0      0      0      0      2     0.00187742     0.00187742       0.783754       0.118743       0.205884              0              0              0              0      4098      4098
     1     74     52   4150     60      0      0      8    350      0      0      0      0      2       0.001757       0.001757         132.32        2.47972        17.0786              0              0              0              0      4150      4150
     1     75     57   4207     60      0      0      3    353      0      0      0      0      2     0.00175204     0.00175204        214.453        5.32406        29.0884              0              0              0              0      4207      4207
     1     76     57   4264     60      0      0      3    356      0      0      0      0      2     0.00175204     0.00175204        3.06151       0.230243       0.453161              0              0              0              0      4264      4264
     1     77     52   4316     60      0      0      8    364      0      0      0      0      2     0.00175204     0.00175204        469.567         14.949        80.7331              0              0              0              0      4316      4316
     1     78     53   4369     60      0      0      7    371      0      0      0      0      2     0.00175204     0.00175204        259.263        6.30301        36.1033              0              0              0              0      4369      4369
     1     79     53   4422     60      0      0      7    378      0      0      0      0      2     0.00175204     0.00175204        173.748        3.83601        22.9632              0              0              0              0      4422      4422
     1     80     51   4473     60      0      0      9    387      0      0      0      0      2     0.00169897     0.00169897        326.269        16.5235        63.2007              0              0              0              0      4473      4473
     1     81     58   4531     60      0      0      2    389      0      0      0      0      2     0.00145475     0.00145475        233.979        11.0437        42.4943              0              0              0              0      4531      4531
     1     82     58   4589     60      0      0      2    391      0      0      0      0      2     0.00145475     0.00145475        102.845        2.00332        13.2492              0              0              0              0      4589      4589
     1     83     58   4647     60      0      0      2    393      0      0      0      0      2     0.00145475     0.00145475        222.202        9.30844        39.5917              0              0              0              0      4647      4647
     1     84     55   4702     60      0      0      5    398      0      0      0      0      2     0.00145475     0.00145475        222.242        11.7935        46.0908              0              0              0              0      4702      4702
     1     85     57   4759     60      0      0      3    401      0      0      0      0      2     0.00145475     0.00145475        467.705        13.2995        67.3831              0              0              0              0      4759      4759
     1     86     58   4817     60      0      0      2    403      0      0      0      0      2     0.00145442     0.00145442         530.22        24.6579        107.949              0              0              0              0      4817      4817
     1     87     54   4871     60      0      0      6    409      0      0      0      0      2     0.00142239     0.00142239        476.968         12.011        68.1317              0              0              0              0      4871      4871
     1     88     57   4928     60      0      0      3    412      0      0      0      0      2     0.00138006     0.00138006        246.841         5.9767        34.1945              0              0              0              0      4928      4928
     1     89     54   4982     60      0      0      6    418      0      0      0      0      2     0.00137712     0.00137712        282.385        4.94675        36.4255              0              0              0              0      4982      4982
     1     90     54   5036     60      0      0      6    424      0      0      0      0      2     0.00137712     0.00137712        42.5647       0.890488        5.47673              0              0              0              0      5036      5036
     1     91     55   5091     60      0      0      5    429      0      0      0      0      2     0.00136684     0.00136684        330.176         11.602        52.9648              0              0              0              0      5091      5091
     1     92     56   5147     60      0      0      4    433      0      0      0      0      2     0.00135948     0.00135948       0.890932       0.145318       0.258229              0              0              0              0      5147      5147
     1     93     56   5203     60      0      0      4    437      0      0      0      0      2     0.00135948     0.00135948        587.772        25.9756        106.106              0              0              0              0      5203      5203
     1     94     57   5260     60      0      0      3    440      0      0      0      0      2     0.00135163     0.00135163        527.616        26.8605         94.103              0              0              0              0      5260      5260
     1     95     57   5317     60      0      0      3    443      0      0      0      0      2     0.00135163     0.00135163         54.033        1.11663        6.95586              0              0              0              0      5317      5317
     1     96     49   5366     60      0      0     11    454      0      0      0      0      2     0.00135163     0.00135163        5.84488       0.257179       0.777737              0              0              0              0      5366      5366
     1     97     55   5421     60      0      0      5    459      0      0      0      0      2     0.00125556     0.00125556        5.05784       0.163723       0.665033              0              0              0              0      5421      5421
     1     98     55   5476     60      0      0      5    464      0      0      0      0      2     0.00124025     0.00124025         81.943        1.48783        10.5656              0              0              0              0      5476      5476
     1     99     57   5533     60      0      0      3    467      0      0      0      0      2     0.00124025     0.00124025         590.71        13.9945        78.7575              0              0              0              0      5533      5533
     1    100     54   5587     60      0      0      6    473      0      0      0      0      2     0.00124025     0.00124025        36.1158       0.826439        4.73023              0              0              0              0      5587      5587
     1    101     55   5642     60      0      0      5    478      0      0      0      0      2     0.00123566     0.00123566        25.0262       0.578901        3.23132              0              0              0              0      5642      5642
     1    102     56   5698     60      0      0      4    482      0      0      0      0      2     0.00123566     0.00123566        1.36335       0.154054       0.303516              0              0              0              0      5698      5698
     1    103     58   5756     60      0      0      2    484      0      0      0      0      2     0.00123566     0.00123566        370.218        6.35608        47.7713              0              0              0              0      5756      5756
     1    104     53   5809     60      0      0      7    491      0      0      0      0      2     0.00122389     0.00122389        524.508        11.1679        68.4723              0              0              0              0      5809      5809
     1    105     51   5860     60      0      0      9    500      0      0      0      0      2     0.00121912     0.00121912        55.2545        1.10016        7.11615              0              0              0              0      5860      5860
     1    106     57   5917     60      0      0      3    503      0      0      0      0      2     0.00121826     0.00121826        286.794        6.97713        39.8803              0              0              0              0      5917      5917
     1    107     57   5974     60      0      0      3    506      0      0      0      0      2     0.00121573     0.00121573        291.444        4.95776        37.6124              0              0              0              0      5974      5974
     1    108     56   6030     60      0      0      4    510      0      0      0      0      2     0.00121573     0.00121573        381.182         25.988        84.6791              0              0              0              0      6030      6030
     1    109     54   6084     60      0      0      6    516      0      0      0      0      2     0.00120632     0.00120632        132.482        4.15393        20.2496              0              0              0              0      6084      6084
     1    110     51   6135     60      0      0      9    525      0      0      0      0      2     0.00120632     0.00120632       0.772169       0.107469       0.193018              0              0              0              0      6135      6135
     1    111     58   6193     60      0      0      2    527      0      0      0      0      2     0.00120437     0.00120437       0.630107      0.0617066       0.161482              0              0              0              0      6193      6193
     1    112     55   6248     60      0      0      5    532      0      0      0      0      2     0.00120067     0.00120067        613.613        27.2665         113.62              0              0              0              0      6248      6248
     1    113     56   6304     60      0      0      4    536      0      0      0      0      2     0.00119811     0.00119811        483.946        9.33238        62.6056              0              0              0              0      6304      6304
     1    114     57   6361     60      0      0      3    539      0      0      0      0      2     0.00119624     0.00119624         1.2062       0.163777       0.275433              0              0              0              0      6361      6361
     1    115     51   6412     60      0      0      9    548      0      0      0      0      2     0.00119184     0.00119184        283.006        4.82347        36.5224              0              0              0              0      6412      6412
     1    116     56   6468     60      0      0      4    552      0      0      0      0      2     0.00119176     0.00119176        227.643        5.47981        31.4939              0              0              0              0      6468      6468
     1    117     53   6521     60      0      0      7    559      0      0      0      0      2     0.00118996     0.00118996       0.601396      0.0757084       0.149142              0              0              0              0      6521      6521
     1    118     58   6579     60      0      0      2    561      0      0      0      0      2      0.0011884      0.0011884       0.907047       0.156904       0.245129              0              0              0              0      6579      6579
     1    119     56   6635     60      0      0      4    565      0      0      0      0      2      0.0011884      0.0011884       0.633275      0.0988483       0.185125              0              0              0              0      6635      6635
     1    120     57   6692     60      0      0      3    568      0      0      0      0      2      0.0011846      0.0011846        297.619        5.05411        38.4106              0              0              0              0      6692      6692
     1    121     56   6748     60      0      0      4    572      0      0      0      0      2     0.00118384     0.00118384        388.559         8.1403        51.4321              0              0              0              0      6748      6748
     1    122     54   6802     60      0      0      6    578      0      0      0      0      2     0.00118083     0.00118083        43.9038        0.85405        5.66812              0              0              0              0      6802      6802
     1    123     59   6861     60      0      0      1    579      0      0      0      0      2     0.00118003     0.00118003        118.681        2.32779         15.363              0              0              0              0      6861      6861
     1    124     54   6915     60      0      0      6    585      0      0      0      0      2     0.00117861     0.00117861        73.6182        1.37282        9.48827              0              0              0              0      6915      6915
     1    125     59   6974     60      0      0      1    586      0      0      0      0      2     0.00116088     0.00116088        61.5821         2.1757        10.5714              0              0              0              0      6974      6974
     1    126     56   7030     60      0      0      4    590      0      0      0      0      2     0.00116088     0.00116088        314.424        11.9306        52.5564              0              0              0              0      7030      7030
     1    127     54   7084     60      0      0      6    596      0      0      0      0      2     0.00115971     0.00115971        347.539        8.31647        48.2464              0              0              0              0      7084      7084
     1    128     57   7141     60      0      0      3    599      0      0      0      0      2     0.00115945     0.00115945        166.644        3.28288        21.6948              0              0              0              0      7141      7141
     1    129     59   7200     60      0      0      1    600      0      0      0      0      2     0.00115748     0.00115748         398.58        10.2942         54.999              0              0              0              0      7200      7200
     1    130     57   7257     60      0      0      3    603      0      0      0      0      2     0.00115542     0.00115542        536.679        10.2118        69.4484              0              0              0              0      7257      7257
     1    131     52   7309     60      0      0      8    611      0      0      0      0      2     0.00115542     0.00115542        196.231        10.7567         34.539              0              0              0              0      7309      7309
     1    132     55   7364     60      0      0      5    616      0      0      0      0      2     0.00115394     0.00115394        141.579        6.66625         26.133              0              0              0              0      7364      7364
     1    133     53   7417     60      0      0      7    623      0      0      0      0      2     0.00115394     0.00115394         314.66        8.77199        45.9963              0              0              0              0      7417      7417
     1    134     54   7471     60      0      0      6    629      0      0      0      0      2       0.001151       0.001151        0.49876      0.0605869       0.119709              0              0              0              0      7471      7471
     1    135     57   7528     60      0      0      3    632      0      0      0      0      2       0.001151       0.001151        3.15934       0.161092       0.439877              0              0              0              0      7528      7528
     1    136     60   7588     60      0      0      0    632      0      0      0      0      2     0.00115058     0.00115058        246.894         4.2383        31.8581              0              0              0              0      7588      7588
     1    137     56   7644     60      0      0      4    636      0      0      0      0      2     0.00115058     0.00115058        10.3796       0.379036        1.64131              0              0              0              0      7644      7644
     1    138     55   7699     60      0      0      5    641      0      0      0      0      2     0.00114721     0.00114721       0.409352      0.0452728       0.102659              0              0              0              0      7699      7699
     1    139     53   7752     60      0      0      7    648      0      0      0      0      2     0.00114649     0.00114649        36.8701       0.692122        4.75186              0              0              0              0      7752      7752
     1    140     56   7808     60      0      0      4    652      0      0      0      0      2     0.00114631     0.00114631       0.475354      0.0863889       0.141664              0              0              0              0      7808      7808
     1    141     58   7866     60      0      0      2    654      0      0      0      0      2     0.00114624     0.00114624        66.1473        1.18324        8.53002              0              0              0              0      7866      7866
     1    142     58   7924     60      0      0      2    656      0      0      0      0      2     0.00114615     0.00114615        96.2392          2.581        14.0364              0              0              0              0      7924      7924
     1    143     57   7981     60      0      0      3    659      0      0      0      0      2     0.00114615     0.00114615        16.3607       0.415974        2.13119              0              0              0              0      7981      7981
     1    144     57   8038     60      0      0      3    662      0      0      0      0      2     0.00114606     0.00114606        34.1897        0.64672        4.40637              0              0              0              0      8038      8038
     1    145     54   8092     60      0      0      6    668      0      0      0      0      2     0.00114583     0.00114583        170.084        2.91812        21.9473              0              0              0              0      8092      8092
     1    146     57   8149     60      0      0      3    671      0      0      0      0      2     0.00114561     0.00114561       0.516067      0.0795967       0.149322              0              0              0              0      8149      8149
     1    147     59   8208     60      0      0      1    672      0      0      0      0      2     0.00114561     0.00114561        332.152        11.3989        48.5426              0              0              0              0      8208      8208
     1    148     54   8262     60      0      0      6    678      0      0      0      0      2     0.00114561     0.00114561        156.452        8.93861        33.8656              0              0              0              0      8262      8262
     1    149     56   8318     60      0      0      4    682      0      0      0      0      2     0.00114561     0.00114561        209.977        6.56334        30.9981              0              0              0              0      8318      8318
     1    150     57   8375     60      0      0      3    685      0      0      0      0      2     0.00113903     0.00113903        90.7281        3.18274        13.7223              0              0              0              0      8375      8375
     1    151     53   8428     60      0      0      7    692      0      0      0      0      2     0.00106232     0.00106232       0.429056      0.0548123        0.11064              0              0              0              0      8428      8428
     1    152     57   8485     60      0      0      3    695      0      0      0      0      2     0.00104614     0.00104614       0.519322       0.075081       0.135138              0              0              0              0      8485      8485
     1    153     53   8538     60      0      0      7    702      0      0      0      0      2     0.00103471     0.00103471       0.627014      0.0767396       0.140461              0              0              0              0      8538      8538
     1    154     55   8593     60      0      0      5    707      0      0      0      0      2     0.00103029     0.00103029        341.884        13.1941        62.6801              0              0              0              0      8593      8593
     1    155     56   8649     60      0      0      4    711      0      0      0      0      2     0.00103029     0.00103029        36.4142       0.705808        4.69075              0              0              0              0      8649      8649
     1    156     57   8706     60      0      0      3    714      0      0      0      0      2      0.0010295      0.0010295        250.955        5.41975        33.3974              0              0              0              0      8706      8706
     1    157     57   8763     60      0      0      3    717      0      0      0      0      2     0.00102848     0.00102848        223.318        5.30507        30.1995              0              0              0              0      8763      8763
     1    158     58   8821     60      0      0      2    719      0      0      0      0      2     0.00102623     0.00102623        14.7799       0.322941        1.90232              0              0              0              0      8821      8821
     1    159     56   8877     60      0      0      4    723      0      0      0      0      2     0.00102335     0.00102335        28.0926       0.532124        3.61984              0              0              0              0      8877      8877
     1    160     53   8930     60      0      0      7    730      0      0      0      0      2     0.00102083     0.00102083       0.495302      0.0596361        0.11504              0              0              0              0      8930      8930
     1    161     53   8983     60      0      0      7    737      0      0      0      0      2     0.00101912     0.00101912        116.807        2.01276        15.0715              0              0              0              0      8983      8983
     1    162     55   9038     60      0      0      5    742      0      0      0      0      2     0.00101912     0.00101912         89.501        1.60971          11.54              0              0              0              0      9038      9038
     1    163     59   9097     60      0      0      1    743      0      0      0      0      2     0.00101912     0.00101912        120.772        2.08949        15.5821              0              0              0              0      9097      9097
     1    164     56   9153     60      0      0      4    747      0      0      0      0      2     0.00101912     0.00101912       0.558726      0.0992633       0.142591              0              0              0              0      9153      9153
     1    165     54   9207     60      0      0      6    753      0      0      0      0      2     0.00101912     0.00101912       0.483956      0.0592774       0.100862              0              0              0              0      9207      9207
     1    166     55   9262     60      0      0      5    758      0      0      0      0      2     0.00101912     0.00101912        176.467        8.05163        35.2753              0              0              0              0      9262      9262
     1    167     59   9321     60      0      0      1    759      0      0      0      0      2      0.0010182      0.0010182        183.866        3.11517        23.7305              0              0              0              0      9321      9321
     1    168     55   9376     60      0      0      5    764      0      0      0      0      2     0.00101792     0.00101792        117.098        3.55658        19.2246              0              0              0              0      9376      9376
     1    169     56   9432     60      0      0      4    768      0      0      0      0      2     0.00101786     0.00101786        102.465        2.34374        13.4097              0              0              0              0      9432      9432
     1    170     54   9486     60      0      0      6    774      0      0      0      0      2     0.00101668     0.00101668        218.977        4.49308        28.7796              0              0              0              0      9486      9486
     1    171     58   9544     60      0      0      2    776      0      0      0      0      2     0.00101491     0.00101491        134.969         2.4063         17.425              0              0              0              0      9544      9544
     1    172     55   9599     60      0      0      5    781      0      0      0      0      2     0.00101411     0.00101411        93.6019        2.81147        14.6848              0              0              0              0      9599      9599
     1    173     52   9651     60      0      0      8    789      0      0      0      0      2      0.0010139      0.0010139        29.0939       0.771057        4.03315              0              0              0              0      9651      9651
     1    174     51   9702     60      0      0      9    798      0      0      0      0      2     0.00101262     0.00101262       0.459411      0.0545557       0.105686              0              0              0              0      9702      9702
     1    175     57   9759     60      0      0      3    801      0      0      0      0      2     0.00101252     0.00101252        52.8084       0.930149        6.81146              0              0              0              0      9759      9759
     1    176     58   9817     60      0      0      2    803      0      0      0      0      2     0.00101233     0.00101233        133.253         6.1924         24.292              0              0              0              0      9817      9817
     1    177     60   9877     60      0      0      0    803      0      0      0      0      2     0.00101227     0.00101227       0.296633      0.0531739      0.0776305              0              0              0              0      9877      9877
     1    178     55   9932     60      0      0      5    808      0      0      0      0      2     0.00101222     0.00101222        2.57033      0.0886856        0.34111              0              0              0              0      9932      9932
     1    179     56   9988     60      0      0      4    812      0      0      0      0      2     0.00101222     0.00101222       0.156892      0.0201366      0.0350639              0              0              0              0      9988      9988
     1    180     12  10000     17      0      0      4    816      0      0      0      0      2     0.00101222     0.00101222        17.3583        1.03258        4.20711              0              0              0              0     10000     10000
