This is pdfTeXk, Version 3.1415926-1.40.9 (Web2C 7.5.7) (format=latex 2010.7.21)  2 FEB 2011 10:05
entering extended mode
 %&-line parsing enabled.
**Report_EcoVar_Development.tex
(./Report_EcoVar_Development.tex
LaTeX2e <2005/12/01>
Babel <v3.8l> and hyphenation patterns for english, usenglishmax, dumylang, noh
yphenation, german-x-2008-06-18, ngerman-x-2008-06-18, german, ngerman, loaded.

(/usr/share/texmf-dist/tex/latex/base/article.cls
Document Class: article 2005/09/16 v1.4f Standard LaTeX document class
(/usr/share/texmf-dist/tex/latex/base/size10.clo
File: size10.clo 2005/09/16 v1.4f Standard LaTeX file (size option)
)
\c@part=\count79
\c@section=\count80
\c@subsection=\count81
\c@subsubsection=\count82
\c@paragraph=\count83
\c@subparagraph=\count84
\c@figure=\count85
\c@table=\count86
\abovecaptionskip=\skip41
\belowcaptionskip=\skip42
\bibindent=\dimen102
)
(/usr/share/texmf-dist/tex/latex/graphics/epsfig.sty
Package: epsfig 1999/02/16 v1.7a (e)psfig emulation (SPQR)

(/usr/share/texmf-dist/tex/latex/graphics/graphicx.sty
Package: graphicx 1999/02/16 v1.0f Enhanced LaTeX Graphics (DPC,SPQR)

(/usr/share/texmf-dist/tex/latex/graphics/keyval.sty
Package: keyval 1999/03/16 v1.13 key=value parser (DPC)
\KV@toks@=\toks14
)
(/usr/share/texmf-dist/tex/latex/graphics/graphics.sty
Package: graphics 2006/02/20 v1.0o Standard LaTeX Graphics (DPC,SPQR)

(/usr/share/texmf-dist/tex/latex/graphics/trig.sty
Package: trig 1999/03/16 v1.09 sin cos tan (DPC)
)
(/usr/share/texmf/tex/latex/config/graphics.cfg
File: graphics.cfg 2007/01/18 v1.5 graphics configuration of teTeX/TeXLive
)
Package graphics Info: Driver file: dvips.def on input line 90.

(/usr/share/texmf-dist/tex/latex/graphics/dvips.def
File: dvips.def 1999/02/16 v3.0i Driver-dependant file (DPC,SPQR)
))
\Gin@req@height=\dimen103
\Gin@req@width=\dimen104
)
\epsfxsize=\dimen105
\epsfysize=\dimen106
)
(/usr/share/texmf-dist/tex/latex/fancyhdr/fancyhdr.sty
\fancy@headwidth=\skip43
\f@ncyO@elh=\skip44
\f@ncyO@erh=\skip45
\f@ncyO@olh=\skip46
\f@ncyO@orh=\skip47
\f@ncyO@elf=\skip48
\f@ncyO@erf=\skip49
\f@ncyO@olf=\skip50
\f@ncyO@orf=\skip51
)
No file Report_EcoVar_Development.aux.
\openout1 = `Report_EcoVar_Development.aux'.

LaTeX Font Info:    Checking defaults for OML/cmm/m/it on input line 19.
LaTeX Font Info:    ... okay on input line 19.
LaTeX Font Info:    Checking defaults for T1/cmr/m/n on input line 19.
LaTeX Font Info:    ... okay on input line 19.
LaTeX Font Info:    Checking defaults for OT1/cmr/m/n on input line 19.
LaTeX Font Info:    ... okay on input line 19.
LaTeX Font Info:    Checking defaults for OMS/cmsy/m/n on input line 19.
LaTeX Font Info:    ... okay on input line 19.
LaTeX Font Info:    Checking defaults for OMX/cmex/m/n on input line 19.
LaTeX Font Info:    ... okay on input line 19.
LaTeX Font Info:    Checking defaults for U/cmr/m/n on input line 19.
LaTeX Font Info:    ... okay on input line 19.
LaTeX Font Info:    External font `cmex10' loaded for size
(Font)              <12> on input line 23.
LaTeX Font Info:    External font `cmex10' loaded for size
(Font)              <8> on input line 23.
LaTeX Font Info:    External font `cmex10' loaded for size
(Font)              <6> on input line 23.
File: MeridCont.eps Graphic file (type eps)
<MeridCont.eps> [1

]
\openout2 = `reportStatistics.aux'.

 (./reportStatistics.tex
LaTeX Font Info:    External font `cmex10' loaded for size
(Font)              <7> on input line 3.
LaTeX Font Info:    External font `cmex10' loaded for size
(Font)              <5> on input line 3.
) [2

] [3]
File: InletKC.eps Graphic file (type eps)
 <InletKC.eps>
File: InterfaceKC.eps Graphic file (type eps)

<InterfaceKC.eps>
File: OutletKC.eps Graphic file (type eps)
 <OutletKC.eps>
Underfull \hbox (badness 10000) in paragraph at lines 31--39

 []

[4

]
File: AllPress.eps Graphic file (type eps)
 <AllPress.eps> [5]
File: BladeLoadStator.eps Graphic file (type eps)
 <BladeLoadStator.eps> [6]
File: BladeLoadRotor.eps Graphic file (type eps)
 <BladeLoadRotor.eps> [7]
File: ConfMapStator0.eps Graphic file (type eps)

<ConfMapStator0.eps> [8]
File: ConfMapStator1.eps Graphic file (type eps)
 <ConfMapStator1.eps> [9]
File: ConfMapStator2.eps Graphic file (type eps)
 <ConfMapStator2.eps> [10]
File: ConfMapRotor0.eps Graphic file (type eps)

<ConfMapRotor0.eps> [11]
File: ConfMapRotor1.eps Graphic file (type eps)
 <ConfMapRotor1.eps> [12]
File: ConfMapRotor2.eps Graphic file (type eps)
 <ConfMapRotor2.eps> [13]
File: ConfMapRotor3.eps Graphic file (type eps)

<ConfMapRotor3.eps> [14]
File: BladeZylStator1.eps Graphic file (type eps)
 <BladeZylStator1.eps> [15]
File: BladeZylStator2.eps Graphic file (type eps)
 <BladeZylStator2.eps>
[16]
File: BladeZylRotor1.eps Graphic file (type eps)
 <BladeZylRotor1.eps> [17]
File: BladeZylRotor2.eps Graphic file (type eps)
 <BladeZylRotor2.eps> [18]
(./Report_EcoVar_Development.aux (./reportStatistics.aux)) ) 
Here is how much of TeX's memory you used:
 738 strings out of 495030
 8818 string characters out of 1181544
 69320 words of memory out of 3000000
 3957 multiletter control sequences out of 10000+50000
 7496 words of font info for 27 fonts, out of 3000000 for 5000
 28 hyphenation exceptions out of 8191
 32i,10n,43p,238b,218s stack positions out of 5000i,500n,10000p,200000b,50000s

Output written on Report_EcoVar_Development.dvi (18 pages, 14336 bytes).
