 # Generations Evaluations Score
           1          80   7064.00000000000     
           2         160   4690.00000000000     
           3         232   4312.00000000000     
           4         244   4312.00000000000     
           5         256   4312.00000000000     
           6         267   4312.00000000000     
           7         279   4300.00000000000     
           8         302   4171.00000000000     
           9         326   3892.00000000000     
          10         339   3892.00000000000     
          11         354   3728.00000000000     
          12         371   3728.00000000000     
          13         383   3728.00000000000     
          14         396   3728.00000000000     
          15         411   3457.00000000000     
          16         427   3457.00000000000     
          17         439   3057.00000000000     
          18         451   3057.00000000000     
          19         462   3032.00000000000     
          20         475   2983.00000000000     
          21         488   2968.00000000000     
          22         499   2925.00000000000     
          23         511   2925.00000000000     
          24         525   2925.00000000000     
          25         536   2919.00000000000     
          26         546   2919.00000000000     
          27         556   2818.00000000000     
          28         568   2818.00000000000     
          29         582   2816.00000000000     
          30         594   2814.00000000000     
          31         606   2813.00000000000     
          32         617   2813.00000000000     
          33         627   2813.00000000000     
          34         638   2813.00000000000     
          35         646   2806.00000000000     
          36         658   2806.00000000000     
          37         668   2806.00000000000     
          38         680   2806.00000000000     
          39         690   2806.00000000000     
          40         702   2806.00000000000     
          41         715   2806.00000000000     
          42         728   2804.00000000000     
          43         737   2804.00000000000     
          44         746   2804.00000000000     
          45         757   2804.00000000000     
          46         769   2804.00000000000     
          47         777   2804.00000000000     
          48         787   2804.00000000000     
          49         799   2781.00000000000     
          50         811   2781.00000000000     
          51         824   2749.00000000000     
          52         835   2749.00000000000     
          53         847   2748.00000000000     
          54         857   2748.00000000000     
          55         867   2733.00000000000     
          56         877   2733.00000000000     
          57         887   2733.00000000000     
          58         900   2706.00000000000     
          59         910   2600.00000000000     
          60         920   2600.00000000000     
          61         933   2600.00000000000     
          62         943   2600.00000000000     
          63         955   2598.00000000000     
          64         966   2563.00000000000     
          65         979   2563.00000000000     
          66         989   2563.00000000000     
          67         999   2563.00000000000     
          68        1010   2563.00000000000     
          69        1022   2563.00000000000     
          70        1033   2563.00000000000     
          71        1044   2563.00000000000     
          72        1054   2563.00000000000     
          73        1065   2563.00000000000     
          74        1075   2563.00000000000     
          75        1085   2563.00000000000     
          76        1096   2563.00000000000     
          77        1109   2561.00000000000     
          78        1121   2561.00000000000     
          79        1134   2561.00000000000     
          80        1147   2561.00000000000     
          81        1158   2507.00000000000     
          82        1170   2456.00000000000     
          83        1181   2441.00000000000     
          84        1191   2441.00000000000     
          85        1201   2441.00000000000     
          86        1212   2441.00000000000     
          87        1223   2441.00000000000     
          88        1235   2360.00000000000     
          89        1245   2358.00000000000     
          90        1260   2317.00000000000     
          91        1270   2317.00000000000     
          92        1280   2305.00000000000     
          93        1290   2287.00000000000     
          94        1302   2287.00000000000     
          95        1315   2181.00000000000     
          96        1325   2178.00000000000     
          97        1337   2178.00000000000     
          98        1349   2176.00000000000     
          99        1359   2175.00000000000     
         100        1374   2170.00000000000     
         101        1386   2170.00000000000     
         102        1398   2170.00000000000     
         103        1408   2117.00000000000     
         104        1420   2117.00000000000     
         105        1430   2116.00000000000     
         106        1441   2116.00000000000     
         107        1453   2105.00000000000     
         108        1463   2105.00000000000     
         109        1474   2105.00000000000     
         110        1485   2105.00000000000     
         111        1502   2105.00000000000     
         112        1514   2091.00000000000     
         113        1524   2084.00000000000     
         114        1535   2084.00000000000     
         115        1548   2084.00000000000     
         116        1558   2084.00000000000     
         117        1569   2084.00000000000     
         118        1579   2084.00000000000     
         119        1589   2071.00000000000     
         120        1601   2071.00000000000     
         121        1611   2071.00000000000     
         122        1621   2071.00000000000     
         123        1634   2071.00000000000     
         124        1644   2068.00000000000     
         125        1658   2060.00000000000     
         126        1668   2060.00000000000     
         127        1678   2060.00000000000     
         128        1688   2043.00000000000     
         129        1700   2043.00000000000     
         130        1712   2043.00000000000     
         131        1722   2043.00000000000     
         132        1738   2043.00000000000     
         133        1748   2043.00000000000     
         134        1760   2043.00000000000     
         135        1772   2043.00000000000     
         136        1782   2043.00000000000     
         137        1794   2025.00000000000     
         138        1805   2025.00000000000     
         139        1818   2025.00000000000     
         140        1830   2025.00000000000     
         141        1845   2025.00000000000     
         142        1857   2025.00000000000     
         143        1868   2025.00000000000     
         144        1880   2025.00000000000     
         145        1896   2025.00000000000     
         146        1907   2025.00000000000     
         147        1918   2014.00000000000     
         148        1924   2014.00000000000     
         149        1935   2014.00000000000     
         150        1949   2014.00000000000     
         151        1962   2014.00000000000     
         152        1972   2014.00000000000     
         153        1986   2014.00000000000     
         154        1991   2014.00000000000     
         155        2004   2014.00000000000     
         155        2004   2014.00000000000     
