 # Generations Evaluations Score
           1          80   7064.00000000000     
           2         160   4690.00000000000     
           3         234   4312.00000000000     
           4         242   4312.00000000000     
           5         250   3975.00000000000     
           6         258   3975.00000000000     
           7         266   3973.00000000000     
           8         275   3877.00000000000     
           9         284   3870.00000000000     
          10         293   3870.00000000000     
          11         307   3753.00000000000     
          12         321   3739.00000000000     
          13         338   3739.00000000000     
          14         352   3739.00000000000     
          15         365   3733.00000000000     
          16         378   3701.00000000000     
          17         388   3699.00000000000     
          18         400   3696.00000000000     
          19         412   3671.00000000000     
          20         423   3671.00000000000     
          21         431   3671.00000000000     
          22         440   3671.00000000000     
          23         451   3558.00000000000     
          24         462   3542.00000000000     
          25         473   3542.00000000000     
          26         486   3530.00000000000     
          27         495   3530.00000000000     
          28         510   3519.00000000000     
          29         520   3506.00000000000     
          30         531   3506.00000000000     
          31         539   3506.00000000000     
          32         551   3506.00000000000     
          33         560   3506.00000000000     
          34         568   3506.00000000000     
          35         578   3506.00000000000     
          36         587   3506.00000000000     
          37         596   3506.00000000000     
          38         604   3506.00000000000     
          39         616   3503.00000000000     
          40         626   3503.00000000000     
          41         634   3503.00000000000     
          42         642   3452.00000000000     
          43         652   3185.00000000000     
          44         662   3185.00000000000     
          45         672   3185.00000000000     
          46         683   3128.00000000000     
          47         696   3128.00000000000     
          48         707   3127.00000000000     
          49         718   3126.00000000000     
          50         729   3126.00000000000     
          51         740   3126.00000000000     
          52         753   3113.00000000000     
          53         763   2949.00000000000     
          54         773   2949.00000000000     
          55         786   2940.00000000000     
          56         799   2939.00000000000     
          57         807   2939.00000000000     
          58         817   2939.00000000000     
          59         829   2939.00000000000     
          60         837   2939.00000000000     
          61         845   2939.00000000000     
          62         855   2939.00000000000     
          63         863   2939.00000000000     
          64         873   2939.00000000000     
          65         881   2939.00000000000     
          66         889   2939.00000000000     
          67         898   2939.00000000000     
          68         906   2939.00000000000     
          69         914   2939.00000000000     
          70         922   2939.00000000000     
          71         930   2939.00000000000     
          72         938   2939.00000000000     
          73         946   2939.00000000000     
          74         954   2939.00000000000     
          75         963   2935.00000000000     
          76         971   2934.00000000000     
          77         979   2934.00000000000     
          78         989   2934.00000000000     
          79         998   2934.00000000000     
          80        1009   2934.00000000000     
          81        1019   2824.00000000000     
          82        1031   2822.00000000000     
          83        1042   2806.00000000000     
          84        1054   2665.00000000000     
          85        1064   2663.00000000000     
          86        1075   2663.00000000000     
          87        1088   2663.00000000000     
          88        1098   2622.00000000000     
          89        1109   2621.00000000000     
          90        1119   2621.00000000000     
          91        1129   2621.00000000000     
          92        1140   2621.00000000000     
          93        1150   2621.00000000000     
          94        1160   2621.00000000000     
          95        1170   2621.00000000000     
          96        1180   2621.00000000000     
          97        1188   2621.00000000000     
          98        1196   2621.00000000000     
          99        1204   2620.00000000000     
         100        1214   2620.00000000000     
         101        1225   2612.00000000000     
         102        1235   2612.00000000000     
         103        1243   2612.00000000000     
         104        1253   2607.00000000000     
         105        1263   2461.00000000000     
         106        1275   2460.00000000000     
         107        1286   2460.00000000000     
         108        1299   2458.00000000000     
         109        1308   2442.00000000000     
         110        1318   2442.00000000000     
         111        1328   2442.00000000000     
         112        1339   2442.00000000000     
         113        1350   2442.00000000000     
         114        1360   2438.00000000000     
         115        1370   2438.00000000000     
         116        1381   2380.00000000000     
         117        1391   2380.00000000000     
         118        1402   2380.00000000000     
         119        1413   2371.00000000000     
         120        1423   2371.00000000000     
         121        1434   2371.00000000000     
         122        1445   2370.00000000000     
         123        1456   2369.00000000000     
         124        1465   2369.00000000000     
         125        1476   2364.00000000000     
         126        1487   2364.00000000000     
         127        1497   2364.00000000000     
         128        1508   2364.00000000000     
         129        1519   2364.00000000000     
         130        1529   2364.00000000000     
         131        1540   2364.00000000000     
         132        1552   2364.00000000000     
         133        1563   2364.00000000000     
         134        1573   2364.00000000000     
         135        1583   2359.00000000000     
         136        1592   2359.00000000000     
         137        1605   2359.00000000000     
         138        1613   2359.00000000000     
         139        1621   2359.00000000000     
         140        1631   2358.00000000000     
         141        1640   2358.00000000000     
         142        1648   2358.00000000000     
         143        1656   2358.00000000000     
         144        1666   2358.00000000000     
         145        1676   2358.00000000000     
         146        1684   2358.00000000000     
         147        1697   2358.00000000000     
         148        1707   2327.00000000000     
         149        1717   2323.00000000000     
         150        1727   2323.00000000000     
         151        1738   2315.00000000000     
         152        1748   2315.00000000000     
         153        1761   2315.00000000000     
         154        1774   2315.00000000000     
         155        1784   2315.00000000000     
         156        1794   2315.00000000000     
         157        1805   2315.00000000000     
         158        1813   2315.00000000000     
         159        1821   2294.00000000000     
         160        1829   2294.00000000000     
         161        1837   2168.00000000000     
         162        1845   2168.00000000000     
         163        1853   2168.00000000000     
         164        1861   2168.00000000000     
         165        1869   2168.00000000000     
         166        1877   2168.00000000000     
         167        1885   2168.00000000000     
         168        1893   2168.00000000000     
         169        1901   2168.00000000000     
         170        1909   2168.00000000000     
         171        1917   2168.00000000000     
         172        1925   2168.00000000000     
         173        1933   2168.00000000000     
         174        1941   2164.00000000000     
         175        1949   2164.00000000000     
         176        1957   2164.00000000000     
         177        1965   2164.00000000000     
         178        1973   2164.00000000000     
         179        1981   2164.00000000000     
         180        1989   2164.00000000000     
         181        1997   2164.00000000000     
         182        2006   2117.00000000000     
         182        2006   2117.00000000000     
