 # Generations Evaluations Score
           1          80   7064.00000000000     
           2         160   4511.00000000000     
           3         239   4329.00000000000     
           4         319   4119.00000000000     
           5         397   3890.00000000000     
           6         477   3885.00000000000     
           7         555   3879.00000000000     
           8         635   3874.00000000000     
           9         715   3772.00000000000     
          10         795   3763.00000000000     
          11         873   3760.00000000000     
          12         953   3754.00000000000     
          13        1032   3566.00000000000     
          14        1112   3561.00000000000     
          15        1190   3541.00000000000     
          16        1269   3006.00000000000     
          17        1349   3006.00000000000     
          18        1429   2957.00000000000     
          19        1509   2932.00000000000     
          20        1588   2931.00000000000     
          21        1668   2927.00000000000     
          22        1748   2873.00000000000     
          23        1828   2864.00000000000     
          24        1906   2854.00000000000     
          25        1985   2842.00000000000     
          26        2063   2690.00000000000     
          26        2063   2690.00000000000     
