This is e-TeX, Version 3.141592-2.2 (MiKTeX 2.4) (preloaded format=latex 2008.3.12)  11 APR 2012 17:20
entering extended mode
**ls12eas.tex
(ls12eas.tex
LaTeX2e <2005/12/01>
Babel <v3.8g> and hyphenation patterns for english, dumylang, nohyphenation, ge
rman, ngerman, french, greek, loaded.
(vki_ls.cls
Document Class: vki_ls 1
(c) 2003 Luca Formaggia, MOX, Italy; Original layout Raimondo Giammanco, VKI, B
elgium
(C:\texmf\tex\latex\base\article.cls
Document Class: article 2005/09/16 v1.4f Standard LaTeX document class
(C:\texmf\tex\latex\base\size12.clo
File: size12.clo 2005/09/16 v1.4f Standard LaTeX file (size option)
)
\c@part=\count79
\c@section=\count80
\c@subsection=\count81
\c@subsubsection=\count82
\c@paragraph=\count83
\c@subparagraph=\count84
\c@figure=\count85
\c@table=\count86
\abovecaptionskip=\skip41
\belowcaptionskip=\skip42
\bibindent=\dimen102
) (C:\texmf\tex\latex\ntgclass\a4.sty
Package: a4 2004/04/15 v1.2g A4 based page layout
)
(C:\texmf\tex\latex\base\flafter.sty
Package: flafter 2000/07/23 v1.2i Standard LaTeX floats after reference (FMi)
) (C:\texmf\tex\latex\tools\layout.sty
Package: layout 2000/09/25 v1.2c Show layout parameters
\oneinch=\count87
\cnt@paperwidth=\count88
\cnt@paperheight=\count89
\cnt@hoffset=\count90
\cnt@voffset=\count91
\cnt@textheight=\count92
\cnt@textwidth=\count93
\cnt@topmargin=\count94
\cnt@oddsidemargin=\count95
\cnt@evensidemargin=\count96
\cnt@headheight=\count97
\cnt@headsep=\count98
\cnt@marginparsep=\count99
\cnt@marginparwidth=\count100
\cnt@marginparpush=\count101
\cnt@footskip=\count102
\fheight=\count103
\ref@top=\count104
\ref@hoffset=\count105
\ref@voffset=\count106
\ref@head=\count107
\ref@body=\count108
\ref@foot=\count109
\ref@margin=\count110
\ref@marginwidth=\count111
\ref@marginpar=\count112
\Interval=\count113
\ExtraYPos=\count114
\PositionX=\count115
\PositionY=\count116
\ArrowLength=\count117
)
(C:\texmf\tex\latex\fancyhdr\fancyhdr.sty
\fancy@headwidth=\skip43
\f@ncyO@elh=\skip44
\f@ncyO@erh=\skip45
\f@ncyO@olh=\skip46
\f@ncyO@orh=\skip47
\f@ncyO@elf=\skip48
\f@ncyO@erf=\skip49
\f@ncyO@olf=\skip50
\f@ncyO@orf=\skip51
)
(C:\texmf\tex\latex\amsmath\amsmath.sty
Package: amsmath 2000/07/18 v2.13 AMS math features
\@mathmargin=\skip52

For additional information on amsmath, use the `?' option.
(C:\texmf\tex\latex\amsmath\amstext.sty
Package: amstext 2000/06/29 v2.01
 (C:\texmf\tex\latex\amsmath\amsgen.sty
File: amsgen.sty 1999/11/30 v2.0
\@emptytoks=\toks14
\ex@=\dimen103
)) (C:\texmf\tex\latex\amsmath\amsbsy.sty
Package: amsbsy 1999/11/29 v1.2d
\pmbraise@=\dimen104
)
(C:\texmf\tex\latex\amsmath\amsopn.sty
Package: amsopn 1999/12/14 v2.01 operator names
)
\inf@bad=\count118
LaTeX Info: Redefining \frac on input line 211.
\uproot@=\count119
\leftroot@=\count120
LaTeX Info: Redefining \overline on input line 307.
\classnum@=\count121
\DOTSCASE@=\count122
LaTeX Info: Redefining \ldots on input line 379.
LaTeX Info: Redefining \dots on input line 382.
LaTeX Info: Redefining \cdots on input line 467.
\Mathstrutbox@=\box26
\strutbox@=\box27
\big@size=\dimen105
LaTeX Font Info:    Redeclaring font encoding OML on input line 567.
LaTeX Font Info:    Redeclaring font encoding OMS on input line 568.
\macc@depth=\count123
\c@MaxMatrixCols=\count124
\dotsspace@=\muskip10
\c@parentequation=\count125
\dspbrk@lvl=\count126
\tag@help=\toks15
\row@=\count127
\column@=\count128
\maxfields@=\count129
\andhelp@=\toks16
\eqnshift@=\dimen106
\alignsep@=\dimen107
\tagshift@=\dimen108
\tagwidth@=\dimen109
\totwidth@=\dimen110
\lineht@=\dimen111
\@envbody=\toks17
\multlinegap=\skip53
\multlinetaggap=\skip54
\mathdisplay@stack=\toks18
LaTeX Info: Redefining \[ on input line 2666.
LaTeX Info: Redefining \] on input line 2667.
)
(C:\texmf\tex\latex\amsfonts\amsfonts.sty
Package: amsfonts 2001/10/25 v2.2f
\symAMSa=\mathgroup4
\symAMSb=\mathgroup5
LaTeX Font Info:    Overwriting math alphabet `\mathfrak' in version `bold'
(Font)                  U/euf/m/n --> U/euf/b/n on input line 132.
)
(C:\texmf\tex\latex\graphics\graphicx.sty
Package: graphicx 1999/02/16 v1.0f Enhanced LaTeX Graphics (DPC,SPQR)

(C:\texmf\tex\latex\graphics\keyval.sty
Package: keyval 1999/03/16 v1.13 key=value parser (DPC)
\KV@toks@=\toks19
)
(C:\texmf\tex\latex\graphics\graphics.sty
Package: graphics 2006/02/20 v1.0o Standard LaTeX Graphics (DPC,SPQR)
 (C:\texmf\tex\latex\graphics\trig.sty
Package: trig 1999/03/16 v1.09 sin cos tan (DPC)
) (C:\texmf\tex\latex\00miktex\graphics.cfg
File: graphics.cfg 2005/12/29 v1.2 MiKTeX 'graphics' configuration
)
Package graphics Info: Driver file: dvips.def on input line 90.

(C:\texmf\tex\latex\graphics\dvips.def
File: dvips.def 1999/02/16 v3.0i Driver-dependant file (DPC,SPQR)
))
\Gin@req@height=\dimen112
\Gin@req@width=\dimen113
)
(C:\texmf\tex\latex\subfigure\subfigure.sty
Package: subfigure 2002/07/30 v2.1.4 subfigure package
\subfigtopskip=\skip55
\subfigcapskip=\skip56
\subfigcaptopadj=\dimen114
\subfigbottomskip=\skip57
\subfigcapmargin=\dimen115
\subfiglabelskip=\skip58
\c@subfigure=\count130
\c@lofdepth=\count131
\c@subtable=\count132
\c@lotdepth=\count133

****************************************
* Local config file subfigure.cfg used *
****************************************
(C:\texmf\tex\latex\subfigure\subfigure.cfg)
\subfig@top=\skip59
\subfig@bottom=\skip60
)
(C:\texmf\tex\latex\caption\caption2.sty
Package: caption2 2005/10/03 v2.1d Customising captions (AS)


Package caption2 Warning: THIS PACKAGE IS OBSOLETE, PLEASE USE caption INSTEAD 
on input line 32.

\captionmargin=\dimen116
\captionwidth=\dimen117
\captionindent=\dimen118
Package caption2 Info: Running in caption2 v2.0 compatibility mode on input lin
e 199.
\captionlinewidth=\dimen119
\realcaptionwidth=\dimen120
Package caption2 Info: subfigure package v2.1 (or newer) detected on input line
 419.
\subfigcapwidth=\dimen121
\subcapindent=\dimen122
) (C:\texmf\tex\latex\placeins\placeins.sty
Package: placeins 2005/04/18  v 2.2
)
(C:\texmf\tex\latex\footmisc\footmisc.sty
Package: footmisc 2005/03/17 v5.3d a miscellany of footnote facilities
\FN@temptoken=\toks20
\footnotemargin=\dimen123
\c@pp@next@reset=\count134
Package footmisc Info: Declaring symbol style bringhurst on input line 817.
Package footmisc Info: Declaring symbol style chicago on input line 818.
Package footmisc Info: Declaring symbol style wiley on input line 819.
Package footmisc Info: Declaring symbol style lamport-robust on input line 823.

Package footmisc Info: Declaring symbol style lamport* on input line 831.
Package footmisc Info: Declaring symbol style lamport*-robust on input line 840
.
)
(C:\texmf\tex\latex\natbib\natbib.sty
Package: natbib 2006/03/22 7.3 (PWD)
\bibhang=\skip61
\bibsep=\skip62
LaTeX Info: Redefining \cite on input line 541.
\c@NAT@ctr=\count135
)
(C:\texmf\tex\latex\ltxmisc\threeparttable.sty
Package: threeparttable 2003/06/13  v 3.0
\@tempboxb=\box28
))
(C:\texmf\tex\latex\base\fontenc.sty
Package: fontenc 2005/09/27 v1.99g Standard LaTeX package
 (C:\texmf\tex\latex\base\t1enc.def
File: t1enc.def 2005/09/27 v1.99g Standard LaTeX file
LaTeX Font Info:    Redeclaring font encoding T1 on input line 43.
))
(C:\texmf\tex\latex\sidecap\sidecap.sty
Package: sidecap 2003/06/06 v1.6f SideCap Package (RN/HjG)
 (C:\texmf\tex\latex\base\ifthen.sty
Package: ifthen 2001/05/26 v1.1c Standard LaTeX ifthen package (DPC)
)
\SC@BOXWD=\dimen124
\SC@CAPWD=\dimen125
\SC@tempdima=\dimen126
\SC@tempdimb=\dimen127
\c@SC@C=\count136
\SC@BOX=\box29
)
(C:\texmf\tex\latex\tools\xspace.sty
Package: xspace 2006/05/08 v1.12 Space after command names (DPC,MH)
) (C:\texmf\tex\latex\tools\calc.sty
Package: calc 2005/08/06 v4.2 Infix arithmetic (KKT,FJ)
\calc@Acount=\count137
\calc@Bcount=\count138
\calc@Adimen=\dimen128
\calc@Bdimen=\dimen129
\calc@Askip=\skip63
\calc@Bskip=\skip64
LaTeX Info: Redefining \setlength on input line 75.
LaTeX Info: Redefining \addtolength on input line 76.
\calc@Ccount=\count139
\calc@Cskip=\skip65
)
(C:\texmf\tex\latex\tools\array.sty
Package: array 2005/08/23 v2.4b Tabular extension package (FMi)
\col@sep=\dimen130
\extrarowheight=\dimen131
\NC@list=\toks21
\extratabsurround=\skip66
\backup@length=\skip67
) (C:\texmf\tex\latex\multirow\multirow.sty
\bigstrutjot=\dimen132
) (C:\texmf\tex\latex\tools\tabularx.sty
Package: tabularx 1999/01/07 v2.07 `tabularx' package (DPC)
\TX@col@width=\dimen133
\TX@old@table=\dimen134
\TX@old@col=\dimen135
\TX@target=\dimen136
\TX@delta=\dimen137
\TX@cols=\count140
\TX@ftn=\toks22
)
(C:\texmf\tex\latex\siunits\SIunits.sty
Package: SIunits 2002/08/01 v1.33 Support for the International System of units
 (MH)


\@qskwidth=\skip68
\symgreek=\mathgroup6
(C:\texmf\tex\latex\siunits\SIunits.cfg)
Option `textstyle' provided!
Option `squaren' provided!
) (C:\texmf\tex\latex\paralist\paralist.sty
Package: paralist 2002/03/18 v2.3b Extended list environments (BS)
\pltopsep=\skip69
\plpartopsep=\skip70
\plitemsep=\skip71
\plparsep=\skip72
\pl@lab=\toks23
) (mkkalgo.sty
Package: mkkalgo 2005/09/18 Algorithmic environment
 (enumlist.sty
Package: enumlist 2005/06/10 Enumeration List
\par@deathcycles=\count141
)
(C:\texmf\tex\latex\amscls\amsthm.sty
Package: amsthm 2004/08/06 v2.20
\thm@style=\toks24
\thm@bodyfont=\toks25
\thm@headfont=\toks26
\thm@notefont=\toks27
\thm@headpunct=\toks28
\thm@preskip=\skip73
\thm@postskip=\skip74
\thm@headsep=\skip75
\dth@everypar=\toks29
) (C:\texmf\tex\latex\psnfss\pifont.sty
Package: pifont 2005/04/12 PSNFSS-v9.2a Pi font support (SPQR) 
LaTeX Font Info:    Try loading font information for U+pzd on input line 63.

(C:\texmf\tex\latex\psnfss\upzd.fd
File: upzd.fd 2001/06/04 font definitions for U/pzd.
)
LaTeX Font Info:    Try loading font information for U+psy on input line 64.
 (C:\texmf\tex\latex\psnfss\upsy.fd
File: upsy.fd 2001/06/04 font definitions for U/psy.
))
\c@@algoi=\count142
\c@@algoii=\count143
\bracksep=\skip76
\c@@depth=\count144
\@len=\skip77
\c@@alg=\count145
)
(C:\texmf\tex\latex\amsfonts\amssymb.sty
Package: amssymb 2002/01/22 v2.2d
) (C:\texmf\tex\latex\base\latexsym.sty
Package: latexsym 1998/08/17 v2.2e Standard LaTeX package (lasy symbols)
\symlasy=\mathgroup7
LaTeX Font Info:    Overwriting symbol font `lasy' in version `bold'
(Font)                  U/lasy/m/n --> U/lasy/b/n on input line 47.
) (C:\texmf\tex\latex\marvosym\marvosym.sty
Package: marvosym 2006/05/11 v2.1 Martin Vogel's Symbols font definitions
) (C:\texmf\tex\latex\tools\bm.sty
Package: bm 2004/02/26 v1.1c Bold Symbol Support (DPC/FMi)
\symboldoperators=\mathgroup8
\symboldletters=\mathgroup9
\symboldsymbols=\mathgroup10
\symboldlasy=\mathgroup11
LaTeX Font Info:    Redeclaring math alphabet \mathbf on input line 137.
LaTeX Info: Redefining \bm on input line 203.
)
(C:\texmf\tex\latex\graphics\color.sty
Package: color 2005/11/14 v1.0j Standard LaTeX Color (DPC)
 (C:\texmf\tex\latex\00miktex\color.cfg
File: color.cfg 2005/12/29 v1.1 MiKTeX 'color' configuration
)
Package color Info: Driver file: dvips.def on input line 130.

(C:\texmf\tex\latex\graphics\dvipsnam.def
File: dvipsnam.def 1999/02/16 v3.0i Driver-dependant file (DPC,SPQR)
)) (definitions.tex)

LaTeX Warning: Unused global option(s):
    [dvips].

(ls12eas.aux)
LaTeX Font Info:    Checking defaults for OML/cmm/m/it on input line 75.
LaTeX Font Info:    ... okay on input line 75.
LaTeX Font Info:    Checking defaults for T1/cmr/m/n on input line 75.
LaTeX Font Info:    ... okay on input line 75.
LaTeX Font Info:    Checking defaults for OT1/cmr/m/n on input line 75.
LaTeX Font Info:    ... okay on input line 75.
LaTeX Font Info:    Checking defaults for OMS/cmsy/m/n on input line 75.
LaTeX Font Info:    ... okay on input line 75.
LaTeX Font Info:    Checking defaults for OMX/cmex/m/n on input line 75.
LaTeX Font Info:    ... okay on input line 75.
LaTeX Font Info:    Checking defaults for U/cmr/m/n on input line 75.
LaTeX Font Info:    ... okay on input line 75.
LaTeX Font Info:    Checking defaults for TS1/cmr/m/n on input line 75.
LaTeX Font Info:    Try loading font information for TS1+cmr on input line 75.
 (C:\texmf\tex\latex\base\ts1cmr.fd
File: ts1cmr.fd 1999/05/25 v2.5h Standard LaTeX font definitions
)
LaTeX Font Info:    ... okay on input line 75.

(C:\texmf\tex\latex\ms\ragged2e.sty
Package: ragged2e 2003/03/25 v2.04 ragged2e Package (MS)
 (C:\texmf\tex\latex\ms\everysel.sty
Package: everysel 1999/06/08 v1.03 EverySelectfont Package (MS)
LaTeX Info: Redefining \selectfont on input line 125.
)
\CenteringLeftskip=\skip78
\RaggedLeftLeftskip=\skip79
\RaggedRightLeftskip=\skip80
\CenteringRightskip=\skip81
\RaggedLeftRightskip=\skip82
\RaggedRightRightskip=\skip83
\CenteringParfillskip=\skip84
\RaggedLeftParfillskip=\skip85
\RaggedRightParfillskip=\skip86
\JustifyingParfillskip=\skip87
\CenteringParindent=\skip88
\RaggedLeftParindent=\skip89
\RaggedRightParindent=\skip90
\JustifyingParindent=\skip91
)
Option `squaren' provided! 
 Command \squaren defined by SIunits package!

LaTeX Info: Redefining \micro on input line 75.
LaTeX Font Info:    Try loading font information for U+msa on input line 78.
(C:\texmf\tex\latex\amsfonts\umsa.fd
File: umsa.fd 2002/01/19 v2.2g AMS font definitions
)
LaTeX Font Info:    Try loading font information for U+msb on input line 78.
 (C:\texmf\tex\latex\amsfonts\umsb.fd
File: umsb.fd 2002/01/19 v2.2g AMS font definitions
)
LaTeX Font Info:    Try loading font information for U+lasy on input line 78.

(C:\texmf\tex\latex\base\ulasy.fd
File: ulasy.fd 1998/08/17 v2.2e LaTeX symbol font definitions
)
LaTeX Font Info:    Font shape `U/lasy/b/n' in size <7> not available
(Font)              Font shape `U/lasy/m/n' tried instead on input line 78.
LaTeX Font Info:    Font shape `U/lasy/b/n' in size <5> not available
(Font)              Font shape `U/lasy/m/n' tried instead on input line 78.
 [1

] (ls12eas.toc
LaTeX Font Info:    Font shape `U/lasy/b/n' in size <8> not available
(Font)              Font shape `U/lasy/m/n' tried instead on input line 3.
LaTeX Font Info:    Font shape `U/lasy/b/n' in size <6> not available
(Font)              Font shape `U/lasy/m/n' tried instead on input line 3.
)
\tf@toc=\write3


Package Fancyhdr Warning: \headheight is too small (14.0pt): 
 Make it at least 14.49998pt.
 We now make it that large for the rest of the document.
 This may cause the page layout to be inconsistent, however.

[2

]
File: ./figs/off-line-closed.eps Graphic file (type eps)
 <./figs/off-line-closed.eps> [3


]
Underfull \vbox (badness 1609) has occurred while \output is active []

 [4]
File: ./figs/rbfn.eps Graphic file (type eps)

<./figs/rbfn.eps> [5]
File: ./figs/rbf-som.eps Graphic file (type eps)
 <./figs/rbf-som.eps> [6]

Package amsmath Warning: Foreign command \over;
(amsmath)                \frac or \genfrac should be used instead
(amsmath)                 on input line 301.

File: ./figs/mlp.eps Graphic file (type eps)
<./figs/mlp.eps> [7] [8]
Overfull \hbox (15.81181pt too wide) in paragraph at lines 344--345
[]\T1/cmr/m/n/12 The MLP net-works are trained in a su-per-vised man-ner throug
h the er-ror back-propagation
 []

[9]
File: ./figs/krig.eps Graphic file (type eps)
 <./figs/krig.eps>
LaTeX Font Info:    Try loading font information for OMS+cmr on input line 468.

 (C:\texmf\tex\latex\base\omscmr.fd
File: omscmr.fd 1999/05/25 v2.5h Standard LaTeX font definitions
)
LaTeX Font Info:    Font shape `OMS/cmr/m/n' in size <12> not available
(Font)              Font shape `OMS/cmsy/m/n' tried instead on input line 468.
 [10] [11]
Overfull \hbox (3.569pt too wide) in paragraph at lines 578--585
\T1/cmr/m/n/12 Based on the $\OML/cmm/m/it/12 \OT1/cmr/m/n/12 (\OML/cmm/b/it/1
2 x\OT1/cmr/m/n/12 )$ \T1/cmr/m/n/12 val-ues the best off-spring (cur-rent best
 for SOO and non--dominated
 []

[12]
File: ./figs/on-line_ipe.eps Graphic file (type eps)
 <./figs/on-line_ipe.eps> [13]
File: ./figs/tpsExample.eps Graphic file (type eps)
 <./figs/tpsExample.eps> [14] [15]
File: ./figs/stp_goodrbf_st1.eps Graphic file (type eps)

<./figs/stp_goodrbf_st1.eps>
File: ./figs/stp_goodrbf_st2.eps Graphic file (type eps)
 <./figs/stp_goodrbf_st2.eps>
File: ./figs/stp_badrbf_st2.eps Graphic file (type eps)

<./figs/stp_badrbf_st2.eps>
File: ./figs/stp_outrbf_st2.eps Graphic file (type eps)
 <./figs/stp_outrbf_st2.eps> [16]
LaTeX Font Info:    Try loading font information for U+ding on input line 827.

(C:\texmf\tex\latex\bbding\uding.fd
File: Uding.fd 1996/02/01 v1.0 BBding font definitions
)
File: ./figs/maeas/4elemDesc.eps Graphic file (type eps)
 <./figs/maeas/4elemDesc.eps>
File: ./figs/maeas/4elemEaMaea.eps Graphic file (type eps)

<./figs/maeas/4elemEaMaea.eps>
File: ./figs/maeas/4elemRes.eps Graphic file (type eps)
 <./figs/maeas/4elemRes.eps> [17]
File: ./figs/maeas/manConv.eps Graphic file (type eps)

<./figs/maeas/manConv.eps> [18]
File: ./figs/maeas/manFront.eps Graphic file (type eps)
 <./figs/maeas/manFront.eps>
Underfull \vbox (badness 2205) has occurred while \output is active []

 [19]
[20]
File: ./figs/maeas/CascPCA.eps Graphic file (type eps)
 <./figs/maeas/CascPCA.eps>
LaTeX Font Info:    Font shape `OMS/cmr/m/n' in size <10> not available
(Font)              Font shape `OMS/cmsy/m/n' tried instead on input line 955.
 [21]
File: ./figs/maeas/MatrixParam.eps Graphic file (type eps)
 <./figs/maeas/MatrixParam.eps> [22]
File: ./figs/maeas/MatrixPareto.eps Graphic file (type eps)

<./figs/maeas/MatrixPareto.eps>
File: ./figs/maeas/MatrixFlow.eps Graphic file (type eps)
 <./figs/maeas/MatrixFlow.eps> [23]
File: ./figs/multimodes.eps Graphic file (type eps)

<./figs/multimodes.eps> [24]
File: ./figs/dhmaea.eps Graphic file (type eps)
 <./figs/dhmaea.eps> [25]
File: ./figs/hmaeas/4elemEaDhea.eps Graphic file (type eps)

<./figs/hmaeas/4elemEaDhea.eps> [26]
File: ./figs/hmaeas/ntua_res.eps Graphic file (type eps)
 <./figs/hmaeas/ntua_res.eps>
File: ./figs/hmaeas/r_b_img.eps Graphic file (type eps)

<./figs/hmaeas/r_b_img.eps>
File: ./figs/hmaeas/b_b_img.eps Graphic file (type eps)
 <./figs/hmaeas/b_b_img.eps>
File: ./figs/hmaeas/ntuaBv2.eps Graphic file (type eps)

<./figs/hmaeas/ntuaBv2.eps>

LaTeX Warning: `!h' float specifier changed to `!ht'.


LaTeX Warning: `!h' float specifier changed to `!ht'.


Underfull \vbox (badness 2818) has occurred while \output is active []

 [27]
File: ./figs/topo.eps Graphic file (type eps)

<./figs/topo.eps>
Underfull \vbox (badness 10000) has occurred while \output is active []

 [28]
[29]
Overfull \hbox (6.95387pt too wide) in paragraph at lines 1227--1230
[]$\OML/cmm/m/it/12 N[]$ \T1/cmr/m/n/12 ran-domly gen-er-ated in-di-vid-u-als a
re as-so-ci-ated with $\OML/cmm/m/it/12 N[]$
 []

[30]
Overfull \hbox (0.73105pt too wide) in paragraph at lines 1323--1327
[]\T1/cmr/m/n/12 For each trial
 []

[31]
File: ./figs/amaea/amaeaVsAea.eps Graphic file (type eps)
 <./figs/amaea/amaeaVsAea.eps>
File: ./figs/amaea/paretoGeamaea.eps Graphic file (type eps)
 <./figs/amaea/paretoGeamaea.eps>
File: ./figs/amaea/airfoil01.eps Graphic file (type eps)

<./figs/amaea/airfoil01.eps>
Underfull \hbox (badness 10000) in paragraph at lines 1376--1378
[][]
 []

File: ./figs/amaea/airfoil02.eps Graphic file (type eps)
<./figs/amaea/airfoil02.eps>
Underfull \hbox (badness 10000) in paragraph at lines 1380--1382
[][]
 []

File: ./figs/amaea/airfoil03.eps Graphic file (type eps)
<./figs/amaea/airfoil03.eps>
Underfull \hbox (badness 10000) in paragraph at lines 1384--1386
[][]
 []

[32]
File: ./figs/amaea/paretoA.eps Graphic file (type eps)
 <./figs/amaea/paretoA.eps>
File: ./figs/amaea/matrixRes.eps Graphic file (type eps)
 <./figs/amaea/matrixRes.eps>
File: ./figs/amaea/agent_evals.eps Graphic file (type eps)

<./figs/amaea/agent_evals.eps>
Overfull \hbox (37.09593pt too wide) in paragraph at lines 1442--1443
[][] 
 []

File: ./figs/amaea/demes_evals.eps Graphic file (type eps)
<./figs/amaea/demes_evals.eps>
Overfull \hbox (37.09593pt too wide) in paragraph at lines 1445--1446
[][] 
 []


LaTeX Warning: `!h' float specifier changed to `!ht'.

(ls12eas.bbl [33] [34] [35] [36]
Underfull \hbox (badness 1270) in paragraph at lines 177--181
[]\T1/cmr/m/n/12 I.C. Kam-po-lis and K.C. Gi-an-nakoglou.  Dis-tributed evo-lu-
tion-ary al-go-rithms
 []


Underfull \hbox (badness 1112) in paragraph at lines 248--252
[]\T1/cmr/m/n/12 E.A Kon-toleon-tos, V.G. Asouti, and K.C. Gi-an-nakoglou.  An 
asyn-chronous
 []

[37] [38] [39]) [40] (ls12eas.aux) ) 
Here is how much of TeX's memory you used:
 5105 strings out of 95840
 55810 string characters out of 1194748
 105707 words of memory out of 1103694
 7477 multiletter control sequences out of 60000
 34658 words of font info for 112 fonts, out of 1000000 for 2000
 55 hyphenation exceptions out of 4999
 36i,14n,45p,1442b,503s stack positions out of 5000i,500n,10000p,200000b,32768s

Output written on ls12eas.dvi (40 pages, 148472 bytes).
