     1      0     60     60     60      0      0      0      0      0      0     38      0     21        0.01871        0.01871        0.02263        0.02014     0.00107758              0              0              0              0        60        60
     1      1     59    119     60      0      0      1      1      0      0     30      0     30        0.01871        0.01871         0.0231       0.020319     0.00120034              0              0              0              0       119       119
     1      2     59    178     60      0      0      1      2      0      0     13      0     30        0.01871        0.01871        0.02302      0.0200917     0.00101138              0              0              0              0       178       178
     1      3     60    238     60      0      0      0      2      0      0     11      0     30        0.01838        0.01838        0.02141      0.0196357    0.000724879              0              0              0              0       238       238
     1      4     60    298     60      0      0      0      2      0      0     12      0     30        0.01825        0.01825        0.02153      0.0192473    0.000659035              0              0              0              0       298       298
     1      5     56    354     60      0      0      4      6      0      0      9      0     30        0.01825        0.01825         0.0203      0.0191039    0.000429884              0              0              0              0       354       354
     1      6     57    411     60      0      0      3      9      0      0     14      0     30        0.01822        0.01822        0.02085       0.018972     0.00054669              0              0              0              0       411       411
     1      7      4    415      5      0      0      0      9     56     56      1      0     30        0.01822        0.01822        0.01888      0.0185775    0.000299374        1.65853        753.724        218.987        360.684       415       415
     1      8      6    421      7      0      0      1     10     53    109      1      0     30        0.01821        0.01821        0.01894      0.0185433    0.000311684       0.182234        238.362        114.985         111.58       421       421
     1      9      8    429      8      0      0      0     10     52    161      1      0     30        0.01814        0.01814        0.01841      0.0182429    0.000107968        68.3285        1437.88        518.874        572.062       429       429
     1     10      8    437      8      0      0      0     10     52    213      0      0     30        0.01814        0.01814        0.02129      0.0189812      0.0010125        343.147        2473.95         1083.5         755.43       437       437
     1     11      5    442      5      0      0      0     10     55    268      1      0     30        0.01814        0.01814        0.01925      0.0185375    0.000503413        1.65582        468.026        156.756        211.568       442       442
     1     12      8    450      9      0      0      0     10     52    320      0      0     30        0.01814        0.01814        0.01977      0.0189689    0.000477636       0.690256        2586.08        690.097        872.565       450       450
     1     13      8    458      9      0      0      1     11     51    371      1      0     30        0.01814        0.01814        0.01983      0.0190188    0.000578655       0.273902        675.004        142.783         248.02       458       458
     1     14      7    465      7      0      0      0     11     53    424      0      0     30        0.01814        0.01814         0.0194      0.0188043    0.000402569         3.6074        1220.25        215.371        492.695       465       465
     1     15      8    473      8      0      0      0     11     52    476      2      0     30        0.01814        0.01814        0.02016       0.019165    0.000695924        4.67933        6561.08        1352.04        2490.99       473       473
     1     16      8    481      9      0      0      0     11     52    528      0      0     30        0.01814        0.01814        0.01992      0.0191122    0.000500644       0.461441        1487.17        188.946        524.568       481       481
     1     17      4    485      5      0      0      0     11     56    584      0      0     30        0.01814        0.01814        0.02049       0.018966    0.000910428       0.855913        1562.53        414.984         765.93       485       485
     1     18      8    493      8      0      0      0     11     52    636      0      0     30        0.01814        0.01814        0.01998        0.01937    0.000637002       0.391116         1115.4        212.256        418.241       493       493
     1     19      5    498      5      0      0      0     11     55    691      1      0     30        0.01814        0.01814        0.01863      0.0184725    0.000224258        3.26802        997.813        332.403        452.712       498       498
     1     20      4    502      5      0      0      0     11     56    747      0      0     30        0.01814        0.01814        0.02195       0.019364     0.00152909        1.03251        400.077        153.613        187.766       502       502
     1     21      8    510      8      0      0      0     11     52    799      2      0     30        0.01814        0.01814        0.01946      0.0188217    0.000513826       0.474684        248.938        111.339        79.7431       510       510
     1     22      8    518      9      0      0      0     11     52    851      1      0     30        0.01814        0.01814        0.02083       0.019315    0.000961056        44.9559        1210.63        423.204        467.907       518       518
     1     23      8    526      8      0      0      0     11     52    903      4      0     30        0.01814        0.01814        0.01995      0.0188375    0.000789108         101.22         2129.5        708.206          939.9       526       526
     1     24      8    534      9      0      0      0     11     52    955      4      0     30        0.01814        0.01814        0.02048       0.019162    0.000856925        107.012        2014.54        595.649        675.586       534       534
     1     25      4    538      5      0      0      1     12     55   1010      0      0     30        0.01814        0.01814        0.01919       0.018508    0.000431822        3.03801          665.6        402.016         351.42       538       538
     1     26      8    546      8      0      0      0     12     52   1062      1      0     30        0.01814        0.01814        0.01923      0.0186886    0.000389548        7.72571        4984.89        1372.86        1721.33       546       546
     1     27      8    554      8      0      0      0     12     52   1114      1      0     30        0.01814        0.01814          0.019        0.01862    0.000296929        106.536        2654.28        751.197        899.753       554       554
     1     28      4    558      5      0      0      0     12     56   1170      0      0     30        0.01814        0.01814         0.0194       0.018764    0.000541415        1.95649        240.579        81.8202        111.596       558       558
     1     29      8    566      8      0      0      0     12     52   1222      0      0     30        0.01814        0.01814        0.02073      0.0192625     0.00077121        1.93829        1266.77         275.29        464.151       566       566
     1     30      8    574      8      0      0      0     12     52   1274      2      0     30        0.01814        0.01814        0.02071      0.0192317    0.000932661       0.816481        766.505        141.395        279.267       574       574
     1     31      6    580      7      0      0      1     13     53   1327      1      0     30        0.01814        0.01814        0.01992      0.0188083    0.000702066        98.3696        849.316        472.738        340.712       580       580
     1     32      8    588     10      0      0      1     14     51   1378      0      0     30        0.01814        0.01814        0.02079       0.019007    0.000894254         12.357        569.189        186.867        203.279       588       588
     1     33      8    596      8      0      0      0     14     52   1430      0      0     30        0.01814        0.01814        0.01993      0.0187125    0.000563681        10.6042        929.824        274.023        317.952       596       596
     1     34      6    602      8      0      0      1     15     53   1483      1      0     30        0.01814        0.01814        0.02011      0.0189986     0.00077596       0.163636        232.297         59.452        92.3327       602       602
     1     35      6    608      7      0      0      0     15     54   1537      0      0     30        0.01814        0.01814        0.02012      0.0190629    0.000831198        8.11067         4701.1        1142.35        1859.27       608       608
     1     36      8    616      8      0      0      0     15     52   1589      0      0     30        0.01814        0.01814        0.01912      0.0187125    0.000321858        0.73918        1849.23        307.283        686.763       616       616
     1     37      8    624      9      0      0      0     15     52   1641      0      0     30        0.01814        0.01814        0.02022      0.0188333     0.00064041       0.266052        815.988        277.566        306.865       624       624
     1     38      8    632      8      0      0      0     15     52   1693      0      0     30        0.01806        0.01806        0.01949      0.0186275    0.000474515         1.4567        481.437        75.9918        179.117       632       632
     1     39      6    638      7      0      0      0     15     54   1747      0      0     30        0.01806        0.01806        0.01922      0.0185243    0.000410401       0.131373        1080.29         256.23        441.493       638       638
     1     40      8    646      8      0      0      0     15     52   1799      0      0     30        0.01806        0.01806        0.01981         0.0187    0.000512222       0.139626         158.85        25.1348        59.0344       646       646
     1     41      8    654      9      0      0      1     16     51   1850      0      0     30        0.01806        0.01806        0.02246      0.0192433     0.00129972       0.769422        31.5466        8.79939        10.8019       654       654
     1     42      4    658      5      0      0      1     17     55   1905      0      0     30        0.01806        0.01806        0.01953       0.018598    0.000552693       0.113689        6.60299         2.5772        3.51544       658       658
     1     43      5    663      5      0      0      0     17     55   1960      2      0     30        0.01806        0.01806        0.01836      0.0182067    0.000150111       0.628233        136.792          59.27        69.0796       663       663
     1     44      7    670      7      0      0      0     17     53   2013      2      0     30        0.01806        0.01806        0.01852       0.018318    0.000203027       0.371165        1111.44        235.434        431.869       670       670
     1     45      8    678      9      0      0      0     17     52   2065      1      0     30        0.01806        0.01806        0.02196      0.0189275     0.00125087         0.6699        15823.7        2317.25        5471.73       678       678
     1     46      8    686      8      0      0      0     17     52   2117      1      0     30        0.01806        0.01806        0.01895      0.0187243    0.000309508        1.18876        344.173        90.0071         129.18       686       686
     1     47      7    693      9      0      0      1     18     52   2169      2      0     30        0.01806        0.01806        0.01921      0.0185514    0.000438878        42.1781        4094.82        749.536        1482.79       693       693
     1     48      8    701      9      0      0      0     18     52   2221      1      0     30        0.01806        0.01806        0.01987         0.0188    0.000515142         9.8601        3237.98        826.376        1173.19       701       701
     1     49      8    709     10      0      0      2     20     50   2271      2      0     30        0.01806        0.01806        0.02037      0.0188562    0.000681593       0.200051        1322.07        382.707         497.73       709       709
     1     50      7    716      7      0      0      0     20     53   2324      1      0     30        0.01806        0.01806        0.01981        0.01881    0.000660848         4.1017        1878.51        603.989        758.614       716       716
     1     51      8    724      8      0      0      0     20     52   2376      4      0     30        0.01806        0.01806        0.01931      0.0188475    0.000543775        3.54163         165.14        81.4974        65.3896       724       724
     1     52      8    732      8      0      0      0     20     52   2428      2      0     30        0.01806        0.01806        0.01901      0.0187533     0.00036037        1.69164        515.329        126.611        181.987       732       732
     1     53      8    740      8      0      0      0     20     52   2480      3      0     30        0.01806        0.01806        0.01935       0.018748     0.00046219        3.59737        1298.76        455.018        532.647       740       740
     1     54      8    748     10      0      0      1     21     51   2531      1      0     30        0.01806        0.01806        0.01973        0.01895     0.00057352        159.843        23204.7        3550.49        7946.66       748       748
     1     55      8    756      8      0      0      0     21     52   2583      0      0     30        0.01806        0.01806        0.02092       0.018925    0.000863812        168.839        803.968        320.448         231.27       756       756
     1     56      4    760      4      0      0      0     21     56   2639      0      0     30        0.01806        0.01806        0.01919      0.0186775    0.000487946        215.282        639.582        381.773         226.41       760       760
     1     57      8    768      9      0      0      0     21     52   2691      0      0     30        0.01806        0.01806        0.02065      0.0191078    0.000742239         7.8309        5134.86        911.625        1726.43       768       768
     1     58      8    776      8      0      0      0     21     52   2743      0      0     30        0.01806        0.01806         0.0192      0.0186713    0.000318319        1.27071        3170.47        751.925        1154.96       776       776
     1     59      5    781      6      0      0      0     21     55   2798      1      0     30        0.01806        0.01806         0.0201       0.018874    0.000764742        1.00048        98.8506        31.2607        39.8187       781       781
     1     60      5    786      5      0      0      0     21     55   2853      0      0     30        0.01806        0.01806        0.01958       0.018844    0.000610025        388.734        1362.64        649.237        475.871       786       786
     1     61      4    790      6      0      0      1     22     55   2908      0      0     30        0.01806        0.01806        0.02033      0.0188933    0.000780965        1.21607        1079.02        304.691         520.11       790       790
     1     62     60    850     60      0      0      0     22      0   2908     13      0     30        0.01806        0.01806        0.02082      0.0191557    0.000614523              0              0              0              0       850       850
     1     63      4    854      6      0      0      1     23     55   2963      0      0     30        0.01806        0.01806        0.01916      0.0186567    0.000476599        68.3586        8941.93        2349.43        4395.62       854       854
     1     64      8    862      8      0      0      0     23     52   3015      0      0     30        0.01806        0.01806        0.02019      0.0191525     0.00063493        5.29131        782.461        255.483        264.839       862       862
     1     65      8    870      9      0      0      0     23     52   3067      1      0     30        0.01806        0.01806        0.02052        0.01883    0.000863051        3.24312        489.976         120.89        165.044       870       870
     1     66      8    878      8      0      0      0     23     52   3119      1      0     30        0.01806        0.01806        0.02231      0.0192314     0.00145315        14.7844        2087.92        447.274        746.027       878       878
     1     67      8    886      9      0      0      0     23     52   3171      2      0     30        0.01806        0.01806        0.02207      0.0192329     0.00147478       0.263266        3515.81        974.279        1372.72       886       886
     1     68      4    890      6      0      0      1     24     55   3226      0      0     30        0.01806        0.01806        0.02207         0.0194     0.00175849       0.409996        141.603        53.4602        63.2027       890       890
     1     69      8    898      9      0      0      0     24     52   3278      0      0     30        0.01806        0.01806         0.0209      0.0193222     0.00106964       0.116363        152.377        30.5686        50.9931       898       898
     1     70      8    906      8      0      0      0     24     52   3330      1      0     30        0.01806        0.01806        0.01949      0.0185229    0.000466109     0.00865923        791.554        128.624        294.518       906       906
     1     71      5    911      5      0      0      0     24     55   3385      0      0     30        0.01806        0.01806        0.01867       0.018278    0.000294313       0.475642        171.611         82.675        92.5774       911       911
     1     72      8    919      8      0      0      0     24     52   3437      1      0     30        0.01806        0.01806        0.01896      0.0184757    0.000316378       0.300719        2654.48        497.742        975.131       919       919
     1     73      6    925      6      0      0      0     24     54   3491      2      0     30        0.01806        0.01806        0.01876        0.01844    0.000362583        1.07865        480.469        209.793        204.741       925       925
     1     74      8    933     10      0      0      2     26     50   3541      1      0     30        0.01806        0.01806        0.01887      0.0182867    0.000317923         11.271        1494.61        444.006        513.996       933       933
     1     75      8    941      9      0      0      0     26     52   3593      3      0     30        0.01806        0.01806        0.01923        0.01837    0.000449978       0.025533        702.538        192.281        264.442       941       941
     1     76      8    949      9      0      0      1     27     51   3644      1      0     30        0.01806        0.01806        0.02035      0.0188887    0.000826428        21.0397        830.584        327.485        298.082       949       949
     1     77      8    957     10      0      0      1     28     51   3695      1      0     30        0.01806        0.01806        0.01956      0.0187767       0.000565        114.979        2892.76        1082.78        1011.26       957       957
     1     78      8    965      8      0      0      0     28     52   3747      1      0     30        0.01806        0.01806        0.01982        0.01897     0.00062311        101.183        2075.81        723.261        723.869       965       965
     1     79      8    973      9      0      0      0     28     52   3799      2      0     30        0.01806        0.01806        0.02096      0.0191986    0.000921076        142.907        2681.85        936.113        1051.72       973       973
     1     80      8    981      8      0      0      0     28     52   3851      1      0     30        0.01806        0.01806        0.01874      0.0183257    0.000243848       0.922118         3202.7        494.294        1195.76       981       981
     1     81      8    989      8      0      0      0     28     52   3903      1      0     30        0.01806        0.01806        0.01876      0.0184286    0.000261051        1.74358        809.341        142.744        296.857       989       989
     1     82      8    997      8      0      0      0     28     52   3955      0      0     30        0.01801        0.01801        0.01914      0.0183125    0.000366986       0.432259        1171.84        270.837        420.392       997       997
     1     83      3   1000      6      0      0      2     30     50   4005      1      0     30        0.01801        0.01801        0.02146       0.018776     0.00150382        117.948        1463.66         694.73        693.124      1000      1000
