     1      0     60     60     60      0      0      0      0      0      0     38      0     21        0.01871        0.01871        0.02263        0.02014     0.00107758              0              0              0              0        60        60
     1      1     59    119     60      0      0      1      1      0      0     30      0     30        0.01871        0.01871         0.0231       0.020319     0.00120034              0              0              0              0       119       119
     1      2     58    177     60      0      0      2      3      0      0     15      0     30         0.0187         0.0187        0.02267      0.0201002    0.000905974              0              0              0              0       177       177
     1      3     60    237     60      0      0      0      3      0      0     11      0     30         0.0187         0.0187        0.02333      0.0201543     0.00104115              0              0              0              0       237       237
     1      4     59    296     60      0      0      1      4      0      0      7      0     30         0.0187         0.0187        0.02333       0.020046    0.000935462              0              0              0              0       296       296
     1      5     57    353     60      0      0      3      7      0      0      5      0     30        0.01867        0.01867        0.02231      0.0199758    0.000849055              0              0              0              0       353       353
     1      6     59    412     60      0      0      1      8      0      0      6      0     30        0.01841        0.01841        0.02196      0.0195115    0.000740187              0              0              0              0       412       412
     1      7      7    419      9      0      0      1      9     52     52      0      0     30        0.01841        0.01841        0.02092      0.0194733    0.000735731        13.7495        429.443        187.236        162.099       419       419
     1      8      8    427      9      0      0      1     10     51    103      1      0     30        0.01841        0.01841        0.02092        0.01957    0.000731847        108.748        892.861        450.154        294.427       427       427
     1      9      5    432      6      0      0      0     10     55    158      0      0     30        0.01841        0.01841        0.02044      0.0193667    0.000887664        61.2545        1500.14        577.722        672.368       432       432
     1     10      8    440      9      0      0      1     11     51    209      0      0     30        0.01841        0.01841        0.02028      0.0194911    0.000524558      0.0117325        759.596            174        307.726       440       440
     1     11      5    445      6      0      0      0     11     55    264      0      0     30        0.01841        0.01841        0.02045       0.019315     0.00074934        1.23216        858.034        237.369        371.673       445       445
     1     12      8    453      9      0      0      0     11     52    316      0      0     30        0.01841        0.01841        0.02069      0.0194056    0.000746041        9.10736        506.203        133.893        206.507       453       453
     1     13      6    459      6      0      0      0     11     54    370      0      0     30        0.01841        0.01841        0.01944      0.0188683      0.0004306        1.19123        28.2775        8.13131        11.6271       459       459
     1     14      8    467     10      0      0      1     12     51    421      0      0     30        0.01841        0.01841        0.01996       0.019066    0.000479008       0.371734        365.695        91.4296        130.288       467       467
     1     15      4    471      5      0      0      1     13     55    476      0      0     30        0.01841        0.01841        0.01876       0.018528    0.000147207           1.06        445.899        210.404        223.569       471       471
     1     16      8    479      9      0      0      0     13     52    528      0      0     30        0.01841        0.01841        0.02037      0.0189033    0.000593401      0.0572466         812.71         228.28        300.677       479       479
     1     17      8    487      8      0      0      0     13     52    580      1      0     30        0.01841        0.01841        0.02111      0.0192886    0.000885879        6.27073        981.237         197.23        352.418       487       487
     1     18      8    495      8      0      0      0     13     52    632      0      0     30        0.01841        0.01841        0.02077      0.0190237    0.000774891       0.770974        341.593        185.734        124.949       495       495
     1     19      8    503      8      0      0      0     13     52    684      1      0     30        0.01841        0.01841        0.01915        0.01867    0.000244609       0.666971        296.098         97.143        130.378       503       503
     1     20      4    507      4      0      0      0     13     56    740      0      0     30        0.01841        0.01841        0.01914        0.01877    0.000310161        1.95034        244.128        131.496        121.972       507       507
     1     21      6    513      8      0      0      2     15     52    792      0      0     30        0.01841        0.01841        0.01895       0.018615    0.000189962       0.912124        1119.95        273.405        477.118       513       513
     1     22      8    521      9      0      0      1     16     51    843      2      0     30        0.01841        0.01841        0.02013         0.0189    0.000574427        77.9242        667.773        223.598        212.609       521       521
     1     23      8    529      8      0      0      0     16     52    895      1      0     30        0.01841        0.01841         0.0197      0.0189371    0.000466001        22.5493        1669.04        364.166         595.02       529       529
     1     24      8    537      8      0      0      0     16     52    947      0      0     30        0.01841        0.01841        0.02032      0.0190762    0.000772065        14.1499        1751.39        420.115        643.438       537       537
     1     25      8    545      8      0      0      0     16     52    999      3      0     30        0.01841        0.01841        0.01949       0.018896    0.000433624        3.65344        246.831        107.675        84.7815       545       545
     1     26      8    553      8      0      0      0     16     52   1051      0      0     30        0.01841        0.01841        0.02064      0.0195712    0.000988916        32.9611        516.647        208.122         152.93       553       553
     1     27      8    561      8      0      0      0     16     52   1103      0      0     30        0.01841        0.01841        0.02098      0.0194787     0.00111443        168.418        1005.06        423.312        303.986       561       561
     1     28      8    569     10      0      0      1     17     51   1154      0      0     30        0.01841        0.01841        0.02062       0.019144    0.000703076         7.4415        601.422        306.507        191.973       569       569
     1     29      8    577      8      0      0      0     17     52   1206      0      0     30        0.01841        0.01841        0.02101       0.019515     0.00105868        38.6539        3079.01        765.139        1048.52       577       577
     1     30      8    585      9      0      0      0     17     52   1258      0      0     30        0.01841        0.01841        0.02125      0.0202333     0.00103821         2.0823        498.957        142.831         200.87       585       585
     1     31      5    590      6      0      0      1     18     54   1312      0      0     30         0.0184         0.0184        0.02141      0.0196383     0.00115415        7.46095        785.468        203.656        387.882       590       590
     1     32      8    598      8      0      0      0     18     52   1364      2      0     30         0.0184         0.0184        0.02102      0.0198433     0.00088165        7.09312        100.917         38.399        42.3168       598       598
     1     33      8    606      8      0      0      0     18     52   1416      1      0     30         0.0184         0.0184        0.02158      0.0197443     0.00125883       0.854724        746.389        135.924        271.779       606       606
     1     34      4    610      4      0      0      0     18     56   1472      0      0     30         0.0184         0.0184           0.02       0.019005    0.000704722       0.968911        213.926        72.4045        122.563       610       610
     1     35      8    618      8      0      0      0     18     52   1524      1      0     30         0.0184         0.0184        0.02189      0.0195071     0.00133491       0.217384        98.2443        23.1977        36.4943       618       618
     1     36      7    625      8      0      0      0     18     53   1577      0      0     30         0.0184         0.0184        0.02145      0.0197162     0.00116279        2.39694        154.576        59.8354        56.3967       625       625
     1     37      4    629      6      0      0      1     19     55   1632      0      0     30         0.0184         0.0184        0.02059        0.01897    0.000883538      0.0642406        82.3683        24.0024        39.4111       629       629
     1     38      6    635      7      0      0      0     19     54   1686      0      0     30         0.0184         0.0184        0.01894        0.01863    0.000194079        1.24674        3124.53        552.435        1262.17       635       635
     1     39      7    642      7      0      0      0     19     53   1739      1      0     30         0.0184         0.0184        0.01939      0.0187817    0.000341609       0.539861        98.1845        33.6981        48.9564       642       642
     1     40      4    646      4      0      0      0     19     56   1795      1      0     30         0.0184         0.0184        0.01893        0.01861    0.000281603        3.79548        166.573         89.524        81.7351       646       646
     1     41      8    654     10      0      0      1     20     51   1846      0      0     30         0.0184         0.0184        0.02011       0.018918    0.000484006        2.78463        211.376        66.8749        88.8067       654       654
     1     42      8    662      9      0      0      0     20     52   1898      0      0     30         0.0184         0.0184        0.01929      0.0188956    0.000274505        2.21145        142.504        63.0409        55.0737       662       662
     1     43      8    670     10      0      0      1     21     51   1949      0      0     30         0.0184         0.0184        0.01938       0.018881    0.000323709        122.251        928.554        334.751        278.177       670       670
     1     44      8    678      9      0      0      0     21     52   2001      0      0     30         0.0184         0.0184        0.01947      0.0189856     0.00038207       0.485366        1392.66        250.987        465.051       678       678
     1     45      7    685      7      0      0      0     21     53   2054      0      0     30        0.01836        0.01836        0.01966      0.0186671    0.000456571         13.498        566.161        300.376        196.512       685       685
     1     46      8    693      9      0      0      0     21     52   2106      0      0     30        0.01836        0.01836        0.01983      0.0188189    0.000440836        1.52887        72.9004        25.9896        25.9101       693       693
     1     47      7    700      7      0      0      0     21     53   2159      0      0     30        0.01828        0.01828        0.01984      0.0186886     0.00055493        30.9224        375.907        129.538         134.58       700       700
     1     48      7    707      7      0      0      0     21     53   2212      1      0     30        0.01827        0.01827        0.01966      0.0187067    0.000532529        3.78911        191.891        91.3824        77.2033       707       707
     1     49      5    712      6      0      0      0     21     55   2267      0      0     30        0.01827        0.01827        0.01913      0.0185933    0.000324818        2.00653        347.932        101.967        149.337       712       712
     1     50      5    717      6      0      0      1     22     54   2321      0      0     30        0.01827        0.01827        0.01913       0.018665    0.000354894       0.568881        1510.49        381.586        752.616       717       717
     1     51      8    725      8      0      0      0     22     52   2373      1      0     30        0.01827        0.01827        0.01916      0.0187057    0.000283482        59.3105        951.244        390.831        360.401       725       725
     1     52      5    730      6      0      0      0     22     55   2428      0      0     30        0.01827        0.01827        0.01926       0.018735     0.00032807      0.0413961        987.512        198.568        441.034       730       730
     1     53      8    738      8      0      0      0     22     52   2480      1      0     30        0.01827        0.01827        0.01909      0.0187757    0.000301599        3.76256        671.178        214.792        230.901       738       738
     1     54      8    746      8      0      0      0     22     52   2532      0      0     30        0.01827        0.01827        0.02025        0.01895    0.000593537         78.097        973.855        377.029        297.832       746       746
     1     55      8    754     10      0      0      1     23     51   2583      0      0     30        0.01827        0.01827        0.01959       0.019073    0.000446917         1.8791        115.331        30.7923        40.5173       754       754
     1     56      8    762      8      0      0      0     23     52   2635      0      0     30        0.01827        0.01827        0.01942      0.0187637    0.000332391        165.985        699.543        401.699        207.071       762       762
     1     57      8    770      9      0      0      1     24     51   2686      1      0     30        0.01827        0.01827        0.01931        0.01886    0.000330886        75.7826        557.712        218.433        184.754       770       770
     1     58      8    778     11      0      0      3     27     49   2735      1      0     30        0.01827        0.01827        0.01919       0.018893    0.000311307       0.104235        286.304        115.887        103.305       778       778
     1     59      4    782      5      0      0      0     27     56   2791      0      0     30        0.01827        0.01827         0.0189         0.0186    0.000267582        1.03748        2701.03        704.312        1331.41       782       782
     1     60      6    788      6      0      0      0     27     54   2845      0      0     30        0.01827        0.01827          0.019        0.01865    0.000346179        61.0435        445.795        233.858        149.283       788       788
     1     61      8    796      9      0      0      0     27     52   2897      0      0     30        0.01827        0.01827        0.01897      0.0185311     0.00022458        2.21284        1504.65        424.749        476.114       796       796
     1     62      8    804      8      0      0      0     27     52   2949      1      0     30        0.01827        0.01827        0.01987      0.0187457    0.000556323        4.77127        795.214        241.498        267.284       804       804
     1     63      4    808      5      0      0      0     27     56   3005      0      0     30        0.01827        0.01827        0.01859       0.018462    0.000154822       0.805261        480.453        175.382        227.352       808       808
     1     64      8    816      9      0      0      1     28     51   3056      2      0     30        0.01821        0.01821        0.01891      0.0185029     0.00030723        25.9948        2219.78         553.81        792.011       816       816
     1     65      4    820      5      0      0      0     28     56   3112      0      0     30        0.01821        0.01821        0.01876       0.018348    0.000233923       0.451618        468.037        136.225        222.409       820       820
     1     66      6    826      6      0      0      0     28     54   3166      2      0     30        0.01821        0.01821        0.01894      0.0184725    0.000323252       0.798993        101.538        46.1548        49.4716       826       826
     1     67      8    834      8      0      0      0     28     52   3218      4      0     30        0.01821        0.01821        0.01916      0.0185375    0.000427424        100.473        383.788        197.075        131.866       834       834
     1     68      6    840      6      0      0      0     28     54   3272      0      0     30        0.01821        0.01821        0.01949        0.01865    0.000475941        13.5731        8202.31        1697.77        3637.03       840       840
     1     69      8    848      8      0      0      0     28     52   3324      1      0     30        0.01821        0.01821        0.01915      0.0187514    0.000298073       0.750762        108.021         32.204        49.6715       848       848
     1     70      4    852      4      0      0      0     28     56   3380      0      0     30        0.01821        0.01821        0.01965      0.0187475    0.000681781       0.155874          7.547        2.91917        4.03293       852       852
     1     71      4    856      6      0      0      1     29     55   3435      0      0     30        0.01821        0.01821        0.01925       0.018845    0.000419655        1.10369        68.9664        18.6193        33.5701       856       856
     1     72      5    861      6      0      0      1     30     54   3489      0      0     30        0.01821        0.01821        0.01915       0.018735    0.000423025        64.0048        719.783        320.125        280.253       861       861
     1     73      8    869      9      0      0      0     30     52   3541      0      0     30        0.01821        0.01821        0.02041      0.0191078    0.000590292        5.08883        452.563         175.12        173.083       869       869
     1     74      6    875      9      0      0      3     33     51   3592      0      0     30        0.01821        0.01821        0.01996      0.0188667    0.000456837        2.39435        112.903        40.5238        46.2655       875       875
     1     75      6    881      7      0      0      1     34     53   3645      0      0     30        0.01821        0.01821        0.02098        0.01948     0.00101152        2.48839        287.181        63.8556        124.945       881       881
     1     76      4    885      5      0      0      0     34     56   3701      0      0     30        0.01821        0.01821        0.01929       0.018782    0.000419845        2.07065        18.7266        8.47466        7.17615       885       885
     1     77      5    890      6      0      0      0     34     55   3756      0      0     30        0.01821        0.01821        0.01979      0.0190133    0.000601786        2.16555        941.079        234.317        399.181       890       890
     1     78      8    898      8      0      0      0     34     52   3808      0      0     30        0.01821        0.01821        0.01965        0.01894    0.000443203       0.271823        934.751         365.45        354.824       898       898
     1     79      7    905      8      0      0      0     34     53   3861      0      0     30        0.01821        0.01821        0.01977      0.0189525    0.000533633        6.56067        625.454        183.106        236.686       905       905
     1     80      8    913      8      0      0      0     34     52   3913      0      0     30        0.01821        0.01821        0.02092      0.0194138    0.000895256       0.130089        120.159        26.6542        41.7354       913       913
     1     81      6    919      7      0      0      0     34     54   3967      0      0     30        0.01821        0.01821        0.02043      0.0191257    0.000693009         1.7752        249.934        51.7052        98.3471       919       919
     1     82     59    978     60      0      0      1     35      0   3967      0      0     30        0.01821        0.01821        0.02062      0.0191042    0.000468109              0              0              0              0       978       978
     1     83      4    982      7      0      0      3     38     53   4020      0      0     30        0.01821        0.01821        0.01903      0.0185686    0.000336275        30.8791        656.692        336.704        313.147       982       982
     1     84      4    986      6      0      0      2     40     54   4074      0      0     30        0.01821        0.01821        0.01886      0.0184467    0.000277176      0.0199175        75.3977        34.4019        38.1217       986       986
     1     85      4    990      5      0      0      1     41     55   4129      0      0     30        0.01821        0.01821        0.01905       0.018544    0.000357183        2.67426        35.8686        13.9667        18.9707       990       990
     1     86      8    998      8      0      0      0     41     52   4181      1      0     30        0.01821        0.01821        0.01882      0.0186243    0.000211255       0.791374        580.661        104.663        212.922       998       998
     1     87      2   1000      3      0      0      0     41     52   4233      1      0     30        0.01821        0.01821        0.01941        0.01881    0.000848528        103.883        247.415        175.649        101.493      1000      1000
