     1      0     60     60     60      0      0      0      0      0      0      0      0      2        2.54665        2.54665        220.139        41.6711        45.3699              0              0              0              0        60        60
     1      1     59    119     60      0      0      1      1      0      0      0      0      2        1.82475        1.82475        83.9508        13.2959        17.0646              0              0              0              0       119       119
     1      2     58    177     60      0      0      2      3      0      0      0      0      2        1.82475        1.82475        35.6684        7.75804        6.97461              0              0              0              0       177       177
     1      3     52    229     60      0      0      8     11      0      0      0      0      2        1.37943        1.37943        16.3243        4.37733        2.93428              0              0              0              0       229       229
     1      4     56    285     60      0      0      4     15      0      0      0      0      2        1.35935        1.35935        15.9581        4.34032         3.4635              0              0              0              0       285       285
     1      5     58    343     60      0      0      2     17      0      0      0      0      2       0.968111       0.968111        56.2903         4.5815        7.69645              0              0              0              0       343       343
     1      6     56    399     60      0      0      4     21      0      0      0      0      2       0.953261       0.953261        170.496        11.4889        31.9752              0              0              0              0       399       399
     1      7     53    452     60      0      0      7     28      0      0      0      0      2       0.860327       0.860327        28.7366        3.26832        4.88107              0              0              0              0       452       452
     1      8     55    507     60      0      0      5     33      0      0      0      0      2       0.840545       0.840545        22.8691        3.30233        4.51276              0              0              0              0       507       507
     1      9     57    564     60      0      0      3     36      0      0      0      0      2        0.64688        0.64688        84.6593        3.88332        10.8916              0              0              0              0       564       564
     1     10     57    621     60      0      0      3     39      0      0      0      0      2       0.579728       0.579728        20.7103         2.2917        3.81516              0              0              0              0       621       621
     1     11     57    678     60      0      0      3     42      0      0      0      0      2       0.579728       0.579728        107.849         7.2358        20.2915              0              0              0              0       678       678
     1     12     53    731     60      0      0      7     49      0      0      0      0      2       0.452467       0.452467        128.575        5.02022        17.5183              0              0              0              0       731       731
     1     13     56    787     60      0      0      4     53      0      0      0      0      2       0.452467       0.452467        81.1077        2.91671        10.4239              0              0              0              0       787       787
     1     14     56    843     60      0      0      4     57      0      0      0      0      2       0.452467       0.452467        20.5363        2.47559        4.34907              0              0              0              0       843       843
     1     15     57    900     60      0      0      3     60      0      0      0      0      2       0.452467       0.452467        19.7959         1.9509        3.44464              0              0              0              0       900       900
     1     16     58    958     60      0      0      2     62      0      0      0      0      2       0.452467       0.452467        21.6474        3.12806        5.05821              0              0              0              0       958       958
     1     17     57   1015     60      0      0      3     65      0      0      0      0      2       0.448081       0.448081        19.0773        1.93597        2.85884              0              0              0              0      1015      1015
     1     18     56   1071     60      0      0      4     69      0      0      0      0      2       0.434507       0.434507        12.9813        1.65099        2.48698              0              0              0              0      1071      1071
     1     19     56   1127     60      0      0      4     73      0      0      0      0      2       0.416006       0.416006        43.6594        3.23727        7.13127              0              0              0              0      1127      1127
     1     20     52   1179     60      0      0      8     81      0      0      0      0      2       0.370622       0.370622        43.7319        3.02251        7.91262              0              0              0              0      1179      1179
     1     21     53   1232     60      0      0      7     88      0      0      0      0      2       0.343033       0.343033         9.0152        1.01975        1.64986              0              0              0              0      1232      1232
     1     22     53   1285     60      0      0      7     95      0      0      0      0      2       0.323321       0.323321        8.39602         1.1899         1.8644              0              0              0              0      1285      1285
     1     23     57   1342     60      0      0      3     98      0      0      0      0      2       0.274768       0.274768        33.4557         3.5455        7.83717              0              0              0              0      1342      1342
     1     24     59   1401     60      0      0      1     99      0      0      0      0      2       0.271064       0.271064        10.2304        1.08419        1.78287              0              0              0              0      1401      1401
     1     25     58   1459     60      0      0      2    101      0      0      0      0      2       0.271064       0.271064        31.1436        3.18484          6.596              0              0              0              0      1459      1459
     1     26     56   1515     60      0      0      4    105      0      0      0      0      2       0.271064       0.271064        21.1158        1.81976        3.88549              0              0              0              0      1515      1515
     1     27     56   1571     60      0      0      4    109      0      0      0      0      2       0.271064       0.271064        25.3365        1.58756        4.38632              0              0              0              0      1571      1571
     1     28     59   1630     60      0      0      1    110      0      0      0      0      2       0.271064       0.271064        28.9796        2.51433        5.58912              0              0              0              0      1630      1630
     1     29     59   1689     60      0      0      1    111      0      0      0      0      2       0.266674       0.266674        16.4242        2.46192        4.01771              0              0              0              0      1689      1689
     1     30     55   1744     60      0      0      5    116      0      0      0      0      2       0.266674       0.266674        299.239        7.10813        38.6062              0              0              0              0      1744      1744
     1     31     56   1800     60      0      0      4    120      0      0      0      0      2       0.261642       0.261642         14.079       0.963346        2.11986              0              0              0              0      1800      1800
     1     32     58   1858     60      0      0      2    122      0      0      0      0      2        0.25559        0.25559        5.99277       0.700448       0.945324              0              0              0              0      1858      1858
     1     33     55   1913     60      0      0      5    127      0      0      0      0      2       0.250189       0.250189        11.0902        1.14761        2.20229              0              0              0              0      1913      1913
     1     34     57   1970     60      0      0      3    130      0      0      0      0      2       0.239372       0.239372        9.22257       0.976347        1.64705              0              0              0              0      1970      1970
     1     35     56   2026     60      0      0      4    134      0      0      0      0      2       0.239372       0.239372        185.211        4.14958        23.9055              0              0              0              0      2026      2026
     1     36     56   2082     60      0      0      4    138      0      0      0      0      2       0.227639       0.227639        18.2492        1.81599        3.66946              0              0              0              0      2082      2082
     1     37     54   2136     60      0      0      6    144      0      0      0      0      2       0.191741       0.191741        152.711         4.0368        20.1213              0              0              0              0      2136      2136
     1     38     54   2190     60      0      0      6    150      0      0      0      0      2       0.191741       0.191741        233.092        22.1365        62.5486              0              0              0              0      2190      2190
     1     39     53   2243     60      0      0      7    157      0      0      0      0      2       0.191741       0.191741        92.8083        4.87098        14.8726              0              0              0              0      2243      2243
     1     40     55   2298     60      0      0      5    162      0      0      0      0      2       0.191237       0.191237        38.9756        1.70853        5.19767              0              0              0              0      2298      2298
     1     41     57   2355     60      0      0      3    165      0      0      0      0      2        0.17154        0.17154        47.3273        2.45758        7.15446              0              0              0              0      2355      2355
     1     42     55   2410     60      0      0      5    170      0      0      0      0      2        0.17154        0.17154        24.2966        2.02699        4.03251              0              0              0              0      2410      2410
     1     43     54   2464     60      0      0      6    176      0      0      0      0      2       0.159035       0.159035        15.4522        1.09904         2.3364              0              0              0              0      2464      2464
     1     44     55   2519     60      0      0      5    181      0      0      0      0      2       0.159035       0.159035        15.5964        1.11198        2.15525              0              0              0              0      2519      2519
     1     45     59   2578     60      0      0      1    182      0      0      0      0      2       0.159035       0.159035        9.62481        1.16196         2.0891              0              0              0              0      2578      2578
     1     46     57   2635     60      0      0      3    185      0      0      0      0      2       0.159035       0.159035        36.6272        2.21675        5.55217              0              0              0              0      2635      2635
     1     47     55   2690     60      0      0      5    190      0      0      0      0      2       0.158846       0.158846        12.0948         1.2946        2.08402              0              0              0              0      2690      2690
     1     48     55   2745     60      0      0      5    195      0      0      0      0      2       0.146282       0.146282        71.0895          2.999        10.2527              0              0              0              0      2745      2745
     1     49     53   2798     60      0      0      7    202      0      0      0      0      2       0.125417       0.125417        246.189        5.12505        31.7801              0              0              0              0      2798      2798
     1     50     56   2854     60      0      0      4    206      0      0      0      0      2       0.125417       0.125417        56.0646        3.11909        8.26365              0              0              0              0      2854      2854
     1     51     56   2910     60      0      0      4    210      0      0      0      0      2       0.101507       0.101507          65.12        3.74867        11.7409              0              0              0              0      2910      2910
     1     52     56   2966     60      0      0      4    214      0      0      0      0      2      0.0877273      0.0877273        46.2811        2.78057        7.53464              0              0              0              0      2966      2966
     1     53     55   3021     60      0      0      5    219      0      0      0      0      2      0.0783706      0.0783706        5.22518       0.572919        1.09309              0              0              0              0      3021      3021
     1     54     56   3077     60      0      0      4    223      0      0      0      0      2      0.0769251      0.0769251        4.37447       0.620779        1.00233              0              0              0              0      3077      3077
     1     55     57   3134     60      0      0      3    226      0      0      0      0      2      0.0763093      0.0763093        83.2289        4.57362        14.4455              0              0              0              0      3134      3134
     1     56     57   3191     60      0      0      3    229      0      0      0      0      2      0.0725647      0.0725647        41.1103        2.65629        7.69171              0              0              0              0      3191      3191
     1     57     58   3249     60      0      0      2    231      0      0      0      0      2      0.0656575      0.0656575        16.5435         1.8021        3.67229              0              0              0              0      3249      3249
     1     58     56   3305     60      0      0      4    235      0      0      0      0      2      0.0587493      0.0587493         43.457        2.13095        7.45845              0              0              0              0      3305      3305
     1     59     56   3361     60      0      0      4    239      0      0      0      0      2        0.05536        0.05536         18.818        1.61852        3.93664              0              0              0              0      3361      3361
     1     60     53   3414     60      0      0      7    246      0      0      0      0      2      0.0530622      0.0530622        78.8775        2.93042        11.1301              0              0              0              0      3414      3414
     1     61     55   3469     60      0      0      5    251      0      0      0      0      2      0.0495292      0.0495292        38.3211        2.85039        7.88292              0              0              0              0      3469      3469
     1     62     53   3522     60      0      0      7    258      0      0      0      0      2      0.0495292      0.0495292        31.3423        2.39394        5.71119              0              0              0              0      3522      3522
     1     63     52   3574     60      0      0      8    266      0      0      0      0      2      0.0495292      0.0495292        23.9351        1.86365        4.19542              0              0              0              0      3574      3574
     1     64     53   3627     60      0      0      7    273      0      0      0      0      2      0.0493286      0.0493286        11.5875        1.25958        2.29877              0              0              0              0      3627      3627
     1     65     57   3684     60      0      0      3    276      0      0      0      0      2      0.0460121      0.0460121        36.3271        1.44847        4.87686              0              0              0              0      3684      3684
     1     66     58   3742     60      0      0      2    278      0      0      0      0      2      0.0460121      0.0460121        13.7016        1.05535        2.28628              0              0              0              0      3742      3742
     1     67     54   3796     60      0      0      6    284      0      0      0      0      2      0.0448751      0.0448751        11.6263       0.896849        2.14431              0              0              0              0      3796      3796
     1     68     57   3853     60      0      0      3    287      0      0      0      0      2      0.0448164      0.0448164        30.3243        2.07423        5.89923              0              0              0              0      3853      3853
     1     69     59   3912     60      0      0      1    288      0      0      0      0      2      0.0444074      0.0444074         10.206        0.95226        1.90459              0              0              0              0      3912      3912
     1     70     54   3966     60      0      0      6    294      0      0      0      0      2      0.0444074      0.0444074        16.8519        1.37498        3.00177              0              0              0              0      3966      3966
     1     71     53   4019     60      0      0      7    301      0      0      0      0      2       0.043148       0.043148        15.3087        1.10711        2.68127              0              0              0              0      4019      4019
     1     72     56   4075     60      0      0      4    305      0      0      0      0      2       0.042371       0.042371        14.1464        0.50607        1.86055              0              0              0              0      4075      4075
     1     73     55   4130     60      0      0      5    310      0      0      0      0      2      0.0334827      0.0334827        38.3013        1.79111         5.8095              0              0              0              0      4130      4130
     1     74     57   4187     60      0      0      3    313      0      0      0      0      2      0.0332573      0.0332573        27.8978        1.48523        4.77181              0              0              0              0      4187      4187
     1     75     59   4246     60      0      0      1    314      0      0      0      0      2      0.0324543      0.0324543         30.773        2.15177        5.36927              0              0              0              0      4246      4246
     1     76     57   4303     60      0      0      3    317      0      0      0      0      2      0.0317428      0.0317428        83.1677        3.99872         15.289              0              0              0              0      4303      4303
     1     77     57   4360     60      0      0      3    320      0      0      0      0      2      0.0302078      0.0302078        68.6737        3.70125        12.3182              0              0              0              0      4360      4360
     1     78     55   4415     60      0      0      5    325      0      0      0      0      2      0.0297543      0.0297543         32.152        2.08397        5.16109              0              0              0              0      4415      4415
     1     79     55   4470     60      0      0      5    330      0      0      0      0      2      0.0283815      0.0283815         16.974        1.81331        3.34662              0              0              0              0      4470      4470
     1     80     52   4522     60      0      0      8    338      0      0      0      0      2      0.0231887      0.0231887        15.7282        1.84072        3.70462              0              0              0              0      4522      4522
     1     81     54   4576     60      0      0      6    344      0      0      0      0      2      0.0204555      0.0204555        57.1835        2.18821        8.77359              0              0              0              0      4576      4576
     1     82     57   4633     60      0      0      3    347      0      0      0      0      2      0.0185795      0.0185795         49.993        1.54481        6.54214              0              0              0              0      4633      4633
     1     83     56   4689     60      0      0      4    351      0      0      0      0      2      0.0185795      0.0185795        10.0932       0.562619        1.61565              0              0              0              0      4689      4689
     1     84     57   4746     60      0      0      3    354      0      0      0      0      2      0.0185795      0.0185795        14.8195       0.867878        2.50484              0              0              0              0      4746      4746
     1     85     55   4801     60      0      0      5    359      0      0      0      0      2      0.0185795      0.0185795        25.9418        2.09651        4.98097              0              0              0              0      4801      4801
     1     86     57   4858     60      0      0      3    362      0      0      0      0      2      0.0185795      0.0185795        27.2411        2.37353        5.51021              0              0              0              0      4858      4858
     1     87     58   4916     60      0      0      2    364      0      0      0      0      2      0.0185717      0.0185717        33.9975        1.90529         5.6173              0              0              0              0      4916      4916
     1     88     57   4973     60      0      0      3    367      0      0      0      0      2      0.0179294      0.0179294        36.5999        2.01847        5.37372              0              0              0              0      4973      4973
     1     89     56   5029     60      0      0      4    371      0      0      0      0      2      0.0179294      0.0179294        13.9798        2.29171        3.97921              0              0              0              0      5029      5029
     1     90     56   5085     60      0      0      4    375      0      0      0      0      2      0.0179294      0.0179294        11.3589        1.09031        2.79665              0              0              0              0      5085      5085
     1     91     53   5138     60      0      0      7    382      0      0      0      0      2      0.0179294      0.0179294        9.19785        1.08901        2.06648              0              0              0              0      5138      5138
     1     92     55   5193     60      0      0      5    387      0      0      0      0      2      0.0143311      0.0143311        8.77328        1.22805        2.30322              0              0              0              0      5193      5193
     1     93     58   5251     60      0      0      2    389      0      0      0      0      2      0.0143256      0.0143256        20.6278        2.35118        5.11368              0              0              0              0      5251      5251
     1     94     56   5307     60      0      0      4    393      0      0      0      0      2      0.0139032      0.0139032        18.7542        1.47786        3.70039              0              0              0              0      5307      5307
     1     95     56   5363     60      0      0      4    397      0      0      0      0      2      0.0139032      0.0139032        46.4635         2.2794        8.38605              0              0              0              0      5363      5363
     1     96     52   5415     60      0      0      8    405      0      0      0      0      2       0.013003       0.013003          9.931           0.73        1.79509              0              0              0              0      5415      5415
     1     97     57   5472     60      0      0      3    408      0      0      0      0      2      0.0128736      0.0128736        117.622        6.25848        23.5599              0              0              0              0      5472      5472
     1     98     55   5527     60      0      0      5    413      0      0      0      0      2      0.0128272      0.0128272        62.0087        2.12042        8.81815              0              0              0              0      5527      5527
     1     99     59   5586     60      0      0      1    414      0      0      0      0      2      0.0128272      0.0128272         47.416        1.52808        6.42181              0              0              0              0      5586      5586
     1    100     57   5643     60      0      0      3    417      0      0      0      0      2      0.0124934      0.0124934        14.2638       0.577656        1.93636              0              0              0              0      5643      5643
     1    101     53   5696     60      0      0      7    424      0      0      0      0      2      0.0124934      0.0124934        18.6123        1.62678        3.49131              0              0              0              0      5696      5696
     1    102     58   5754     60      0      0      2    426      0      0      0      0      2      0.0122781      0.0122781        27.0447        1.67221        4.96285              0              0              0              0      5754      5754
     1    103     55   5809     60      0      0      5    431      0      0      0      0      2      0.0122781      0.0122781        20.0282        1.77215        4.34274              0              0              0              0      5809      5809
     1    104     55   5864     60      0      0      5    436      0      0      0      0      2      0.0113935      0.0113935        22.9125         1.5207        4.00341              0              0              0              0      5864      5864
     1    105     54   5918     60      0      0      6    442      0      0      0      0      2      0.0113935      0.0113935         44.377        1.81288        6.08401              0              0              0              0      5918      5918
     1    106     57   5975     60      0      0      3    445      0      0      0      0      2      0.0113935      0.0113935         5.1995       0.647737        1.19516              0              0              0              0      5975      5975
     1    107     58   6033     60      0      0      2    447      0      0      0      0      2      0.0103702      0.0103702         36.366        1.25382        4.96217              0              0              0              0      6033      6033
     1    108     57   6090     60      0      0      3    450      0      0      0      0      2      0.0103403      0.0103403         283.52        7.34124        36.9719              0              0              0              0      6090      6090
     1    109     56   6146     60      0      0      4    454      0      0      0      0      2     0.00996086     0.00996086         6.4997       0.399571        1.08229              0              0              0              0      6146      6146
     1    110     54   6200     60      0      0      6    460      0      0      0      0      2     0.00958542     0.00958542        8.37558       0.691454        1.55445              0              0              0              0      6200      6200
     1    111     56   6256     60      0      0      4    464      0      0      0      0      2     0.00693709     0.00693709        18.6201        1.05862        3.42161              0              0              0              0      6256      6256
     1    112     55   6311     60      0      0      5    469      0      0      0      0      2     0.00678352     0.00678352        28.6083        2.01139        4.79654              0              0              0              0      6311      6311
     1    113     56   6367     60      0      0      4    473      0      0      0      0      2     0.00678352     0.00678352        21.9218        3.56122        6.19365              0              0              0              0      6367      6367
     1    114     54   6421     60      0      0      6    479      0      0      0      0      2     0.00678352     0.00678352        15.3971        1.36322        3.30728              0              0              0              0      6421      6421
     1    115     51   6472     60      0      0      9    488      0      0      0      0      2     0.00678352     0.00678352        14.9756        1.14391        2.94743              0              0              0              0      6472      6472
     1    116     57   6529     60      0      0      3    491      0      0      0      0      2     0.00678352     0.00678352        10.8285       0.910084        2.45364              0              0              0              0      6529      6529
     1    117     57   6586     60      0      0      3    494      0      0      0      0      2     0.00678352     0.00678352        18.8814        1.49246        4.04799              0              0              0              0      6586      6586
     1    118     58   6644     60      0      0      2    496      0      0      0      0      2     0.00642029     0.00642029        16.2751        1.90143        3.75429              0              0              0              0      6644      6644
     1    119     54   6698     60      0      0      6    502      0      0      0      0      2     0.00618293     0.00618293        10.2947        1.11096        2.60495              0              0              0              0      6698      6698
     1    120     54   6752     60      0      0      6    508      0      0      0      0      2     0.00520559     0.00520559        95.7716        1.96919         12.345              0              0              0              0      6752      6752
     1    121     56   6808     60      0      0      4    512      0      0      0      0      2     0.00520011     0.00520011        9.85126        0.97887        2.18192              0              0              0              0      6808      6808
     1    122     56   6864     60      0      0      4    516      0      0      0      0      2     0.00520011     0.00520011        14.8354        1.45303        3.32886              0              0              0              0      6864      6864
     1    123     56   6920     60      0      0      4    520      0      0      0      0      2     0.00473043     0.00473043        15.8326        1.82336        3.81581              0              0              0              0      6920      6920
     1    124     56   6976     60      0      0      4    524      0      0      0      0      2     0.00465185     0.00465185        8.01504       0.746617        1.43342              0              0              0              0      6976      6976
     1    125     58   7034     60      0      0      2    526      0      0      0      0      2     0.00465185     0.00465185        106.226        4.08679        16.5977              0              0              0              0      7034      7034
     1    126     56   7090     60      0      0      4    530      0      0      0      0      2     0.00465185     0.00465185        132.038        8.91824        30.6219              0              0              0              0      7090      7090
     1    127     56   7146     60      0      0      4    534      0      0      0      0      2     0.00465185     0.00465185        45.4511         1.2099        6.06455              0              0              0              0      7146      7146
     1    128     55   7201     60      0      0      5    539      0      0      0      0      2     0.00465185     0.00465185         16.905        1.08755        3.20358              0              0              0              0      7201      7201
     1    129     59   7260     60      0      0      1    540      0      0      0      0      2     0.00465185     0.00465185        116.472         6.2857        23.5721              0              0              0              0      7260      7260
     1    130     60   7320     60      0      0      0    540      0      0      0      0      2     0.00465185     0.00465185        139.863        8.68028         29.999              0              0              0              0      7320      7320
     1    131     54   7374     60      0      0      6    546      0      0      0      0      2     0.00456915     0.00456915        125.013          3.657        16.5534              0              0              0              0      7374      7374
     1    132     58   7432     60      0      0      2    548      0      0      0      0      2     0.00456915     0.00456915        71.9086        2.07862        9.44792              0              0              0              0      7432      7432
     1    133     55   7487     60      0      0      5    553      0      0      0      0      2     0.00456915     0.00456915        54.7482        2.00723         7.5938              0              0              0              0      7487      7487
     1    134     55   7542     60      0      0      5    558      0      0      0      0      2     0.00432725     0.00432725        89.5513        2.34122        11.6833              0              0              0              0      7542      7542
     1    135     53   7595     60      0      0      7    565      0      0      0      0      2     0.00432725     0.00432725        10.5584        1.05961        2.26342              0              0              0              0      7595      7595
     1    136     59   7654     60      0      0      1    566      0      0      0      0      2     0.00432725     0.00432725        19.5929        1.48317         3.9842              0              0              0              0      7654      7654
     1    137     56   7710     60      0      0      4    570      0      0      0      0      2     0.00431642     0.00431642        4.04765       0.306679       0.705573              0              0              0              0      7710      7710
     1    138     58   7768     60      0      0      2    572      0      0      0      0      2      0.0034151      0.0034151        32.4649        1.87836         5.7564              0              0              0              0      7768      7768
     1    139     54   7822     60      0      0      6    578      0      0      0      0      2      0.0034151      0.0034151        9.76522        1.03518        2.14191              0              0              0              0      7822      7822
     1    140     57   7879     60      0      0      3    581      0      0      0      0      2     0.00325205     0.00325205         7.0812        1.06344        1.76749              0              0              0              0      7879      7879
     1    141     56   7935     60      0      0      4    585      0      0      0      0      2     0.00325205     0.00325205        36.1105        2.14223        5.82819              0              0              0              0      7935      7935
     1    142     56   7991     60      0      0      4    589      0      0      0      0      2      0.0030713      0.0030713        45.7107        2.36201        7.92171              0              0              0              0      7991      7991
     1    143     58   8049     60      0      0      2    591      0      0      0      0      2      0.0030713      0.0030713         4.1926        0.33816        0.73274              0              0              0              0      8049      8049
     1    144     56   8105     60      0      0      4    595      0      0      0      0      2     0.00230885     0.00230885        10.1711       0.722247        1.99438              0              0              0              0      8105      8105
     1    145     53   8158     60      0      0      7    602      0      0      0      0      2     0.00224306     0.00224306        9.85532        1.11093        2.13953              0              0              0              0      8158      8158
     1    146     57   8215     60      0      0      3    605      0      0      0      0      2     0.00207486     0.00207486        108.394         3.0973        14.2183              0              0              0              0      8215      8215
     1    147     54   8269     60      0      0      6    611      0      0      0      0      2     0.00192816     0.00192816          13.34       0.491342        1.75304              0              0              0              0      8269      8269
     1    148     56   8325     60      0      0      4    615      0      0      0      0      2     0.00192816     0.00192816        4.94441       0.243019       0.774605              0              0              0              0      8325      8325
     1    149     57   8382     60      0      0      3    618      0      0      0      0      2     0.00192816     0.00192816        47.4326        2.16891        7.61278              0              0              0              0      8382      8382
     1    150     59   8441     60      0      0      1    619      0      0      0      0      2     0.00192816     0.00192816        5.74422       0.626449        1.32075              0              0              0              0      8441      8441
     1    151     55   8496     60      0      0      5    624      0      0      0      0      2     0.00192816     0.00192816        7.12849        0.75057        1.66611              0              0              0              0      8496      8496
     1    152     57   8553     60      0      0      3    627      0      0      0      0      2     0.00185854     0.00185854        29.3173        1.29827        4.29485              0              0              0              0      8553      8553
     1    153     57   8610     60      0      0      3    630      0      0      0      0      2     0.00185854     0.00185854        13.0072       0.995082        2.95911              0              0              0              0      8610      8610
     1    154     57   8667     60      0      0      3    633      0      0      0      0      2     0.00185854     0.00185854        10.3147        1.09931        2.47865              0              0              0              0      8667      8667
     1    155     56   8723     60      0      0      4    637      0      0      0      0      2     0.00185854     0.00185854        9.10219       0.990731        2.12542              0              0              0              0      8723      8723
     1    156     54   8777     60      0      0      6    643      0      0      0      0      2     0.00185854     0.00185854        11.0628           1.22        2.54784              0              0              0              0      8777      8777
     1    157     58   8835     60      0      0      2    645      0      0      0      0      2     0.00182119     0.00182119        253.103        25.4476        68.9558              0              0              0              0      8835      8835
     1    158     58   8893     60      0      0      2    647      0      0      0      0      2     0.00181222     0.00181222        21.7465       0.953587        3.48934              0              0              0              0      8893      8893
     1    159     55   8948     60      0      0      5    652      0      0      0      0      2     0.00175379     0.00175379        8.63057        1.08182         2.2805              0              0              0              0      8948      8948
     1    160     57   9005     60      0      0      3    655      0      0      0      0      2     0.00157463     0.00157463        116.375        4.47122         20.407              0              0              0              0      9005      9005
     1    161     53   9058     60      0      0      7    662      0      0      0      0      2     0.00156455     0.00156455        4.10199       0.379978       0.812136              0              0              0              0      9058      9058
     1    162     54   9112     60      0      0      6    668      0      0      0      0      2     0.00150311     0.00150311        10.1542       0.477013        1.77725              0              0              0              0      9112      9112
     1    163     56   9168     60      0      0      4    672      0      0      0      0      2     0.00143279     0.00143279        9.35199       0.721419        1.96403              0              0              0              0      9168      9168
     1    164     55   9223     60      0      0      5    677      0      0      0      0      2     0.00143279     0.00143279        89.5765         2.0582        11.7205              0              0              0              0      9223      9223
     1    165     57   9280     60      0      0      3    680      0      0      0      0      2     0.00142932     0.00142932        26.3666        1.28791        4.75003              0              0              0              0      9280      9280
     1    166     57   9337     60      0      0      3    683      0      0      0      0      2     0.00139156     0.00139156        5.98433        0.62564        1.49338              0              0              0              0      9337      9337
     1    167     59   9396     60      0      0      1    684      0      0      0      0      2     0.00137693     0.00137693        179.689        3.22726        23.1728              0              0              0              0      9396      9396
     1    168     58   9454     60      0      0      2    686      0      0      0      0      2     0.00135903     0.00135903        7.63098       0.702404        1.67246              0              0              0              0      9454      9454
     1    169     57   9511     60      0      0      3    689      0      0      0      0      2     0.00135903     0.00135903        12.9965       0.609979        1.79536              0              0              0              0      9511      9511
     1    170     54   9565     60      0      0      6    695      0      0      0      0      2     0.00135839     0.00135839        4.95181        0.45727        1.03463              0              0              0              0      9565      9565
     1    171     54   9619     60      0      0      6    701      0      0      0      0      2     0.00110657     0.00110657        16.6415        1.09402        2.79884              0              0              0              0      9619      9619
     1    172     56   9675     60      0      0      4    705      0      0      0      0      2     0.00110657     0.00110657        6.88475       0.469663        1.24745              0              0              0              0      9675      9675
     1    173     56   9731     60      0      0      4    709      0      0      0      0      2     0.00110657     0.00110657         10.915       0.999965        2.28771              0              0              0              0      9731      9731
     1    174     60   9791     60      0      0      0    709      0      0      0      0      2     0.00110657     0.00110657        29.0404        1.46124        5.19974              0              0              0              0      9791      9791
     1    175     52   9843     60      0      0      8    717      0      0      0      0      2     0.00110631     0.00110631        5.89185       0.511737        1.18651              0              0              0              0      9843      9843
     1    176     55   9898     60      0      0      5    722      0      0      0      0      2     0.00110631     0.00110631        10.3578       0.533568        1.57982              0              0              0              0      9898      9898
     1    177     54   9952     60      0      0      6    728      0      0      0      0      2     0.00107875     0.00107875        2.37118       0.157911       0.466895              0              0              0              0      9952      9952
     1    178     48  10000     51      0      0      2    730      0      0      0      0      2    0.000973604    0.000973604        1.32495       0.127733       0.292079              0              0              0              0     10000     10000
