     1      0     60     60     60      0      0      0      0      0      0      0      0      2        2.54665        2.54665        220.139        41.6711        45.3699              0              0              0              0        60        60
     1      1     58    118     60      0      0      2      2      0      0      0      0      2        2.20608        2.20608        74.3096         12.091        14.2508              0              0              0              0       118       118
     1      2     49    167     60      0      0     11     13      0      0      0      0      2        1.53009        1.53009         53.164        6.02567        8.94623              0              0              0              0       167       167
     1      3     57    224     60      0      0      3     16      0      0      0      0      2        1.41483        1.41483         28.075        4.89459        4.85587              0              0              0              0       224       224
     1      4     54    278     60      0      0      6     22      0      0      0      0      2        1.08966        1.08966        40.0568        3.83783        5.16278              0              0              0              0       278       278
     1      5     54    332     60      0      0      6     28      0      0      0      0      2        1.08335        1.08335        26.8484        3.99676        4.97986              0              0              0              0       332       332
     1      6     54    386     60      0      0      6     34      0      0      0      0      2        1.00854        1.00854        24.9806        4.09385        4.37729              0              0              0              0       386       386
     1      7     55    441     60      0      0      5     39      0      0      0      0      2       0.843292       0.843292        12.5755        3.09576        2.73833              0              0              0              0       441       441
     1      8     53    494     60      0      0      7     46      0      0      0      0      2       0.790985       0.790985        17.2918        2.75683        2.76452              0              0              0              0       494       494
     1      9     54    548     60      0      0      6     52      0      0      0      0      2       0.671209       0.671209        22.2112        1.82809        3.07381              0              0              0              0       548       548
     1     10     54    602     60      0      0      6     58      0      0      0      0      2       0.649077       0.649077         25.331        2.17022         3.5531              0              0              0              0       602       602
     1     11     57    659     60      0      0      3     61      0      0      0      0      2        0.64019        0.64019        6.40707        1.39718        1.21968              0              0              0              0       659       659
     1     12     56    715     60      0      0      4     65      0      0      0      0      2        0.63445        0.63445        32.2296        2.69929        5.74309              0              0              0              0       715       715
     1     13     57    772     60      0      0      3     68      0      0      0      0      2        0.58172        0.58172        23.1473        2.24542        3.44287              0              0              0              0       772       772
     1     14     57    829     60      0      0      3     71      0      0      0      0      2       0.505664       0.505664        7.40584        1.63389         1.4004              0              0              0              0       829       829
     1     15     58    887     60      0      0      2     73      0      0      0      0      2       0.445861       0.445861        18.4467        1.83608        2.66622              0              0              0              0       887       887
     1     16     58    945     60      0      0      2     75      0      0      0      0      2       0.410108       0.410108        34.5822        4.31922        8.41517              0              0              0              0       945       945
     1     17     54    999     60      0      0      6     81      0      0      0      0      2       0.392312       0.392312        24.3885        2.69427        5.21106              0              0              0              0       999       999
     1     18     58   1057     60      0      0      2     83      0      0      0      0      2       0.387289       0.387289        21.2617        2.02111        4.30189              0              0              0              0      1057      1057
     1     19     51   1108     60      0      0      9     92      0      0      0      0      2       0.386087       0.386087        38.2972        2.40432        6.18467              0              0              0              0      1108      1108
     1     20     55   1163     60      0      0      5     97      0      0      0      0      2       0.354664       0.354664         17.274        1.41348        2.61388              0              0              0              0      1163      1163
     1     21     56   1219     60      0      0      4    101      0      0      0      0      2       0.354664       0.354664        12.0763        1.43841        2.18089              0              0              0              0      1219      1219
     1     22     52   1271     60      0      0      8    109      0      0      0      0      2       0.354664       0.354664        3.86296       0.889257       0.895633              0              0              0              0      1271      1271
     1     23     55   1326     60      0      0      5    114      0      0      0      0      2       0.327311       0.327311         16.262         1.5689        2.82727              0              0              0              0      1326      1326
     1     24     54   1380     60      0      0      6    120      0      0      0      0      2        0.32237        0.32237        28.4065        1.58423        4.07592              0              0              0              0      1380      1380
     1     25     57   1437     60      0      0      3    123      0      0      0      0      2       0.306371       0.306371        16.2159        2.02854        3.80765              0              0              0              0      1437      1437
     1     26     56   1493     60      0      0      4    127      0      0      0      0      2       0.238563       0.238563        26.3091        2.03304         5.1066              0              0              0              0      1493      1493
     1     27     57   1550     60      0      0      3    130      0      0      0      0      2       0.234916       0.234916        6.26553        1.08922        1.35642              0              0              0              0      1550      1550
     1     28     58   1608     60      0      0      2    132      0      0      0      0      2       0.227191       0.227191        8.91643        1.12455        1.91217              0              0              0              0      1608      1608
     1     29     57   1665     60      0      0      3    135      0      0      0      0      2       0.227191       0.227191        14.2774         1.1566        2.34798              0              0              0              0      1665      1665
     1     30     57   1722     60      0      0      3    138      0      0      0      0      2       0.222327       0.222327        20.9794        1.74938        3.41739              0              0              0              0      1722      1722
     1     31     56   1778     60      0      0      4    142      0      0      0      0      2       0.209721       0.209721        30.8528        2.34855        6.09456              0              0              0              0      1778      1778
     1     32     57   1835     60      0      0      3    145      0      0      0      0      2       0.209721       0.209721        16.9442        1.67684        3.40422              0              0              0              0      1835      1835
     1     33     58   1893     60      0      0      2    147      0      0      0      0      2       0.172595       0.172595        38.5803        3.13098        8.04683              0              0              0              0      1893      1893
     1     34     55   1948     60      0      0      5    152      0      0      0      0      2       0.165201       0.165201        21.4517        1.05811        3.16333              0              0              0              0      1948      1948
     1     35     59   2007     60      0      0      1    153      0      0      0      0      2       0.163488       0.163488         48.014        3.28978        8.27898              0              0              0              0      2007      2007
     1     36     56   2063     60      0      0      4    157      0      0      0      0      2        0.16132        0.16132        18.8101        1.45422        3.18866              0              0              0              0      2063      2063
     1     37     50   2113     60      0      0     10    167      0      0      0      0      2       0.143348       0.143348        12.5247        1.18503        2.63273              0              0              0              0      2113      2113
     1     38     50   2163     60      0      0     10    177      0      0      0      0      2       0.139705       0.139705        5.63473       0.680343        1.15665              0              0              0              0      2163      2163
     1     39     58   2221     60      0      0      2    179      0      0      0      0      2       0.124142       0.124142        16.1676       0.793802        2.36259              0              0              0              0      2221      2221
     1     40     59   2280     60      0      0      1    180      0      0      0      0      2       0.119926       0.119926        5.65252       0.738497        1.27343              0              0              0              0      2280      2280
     1     41     59   2339     60      0      0      1    181      0      0      0      0      2       0.119926       0.119926        17.5333        1.54808        3.55441              0              0              0              0      2339      2339
     1     42     56   2395     60      0      0      4    185      0      0      0      0      2       0.119758       0.119758        19.2988        1.03177        2.75361              0              0              0              0      2395      2395
     1     43     52   2447     60      0      0      8    193      0      0      0      0      2       0.119758       0.119758        3.95732        0.51049       0.838433              0              0              0              0      2447      2447
     1     44     57   2504     60      0      0      3    196      0      0      0      0      2       0.108786       0.108786        18.9653        1.13688        3.20214              0              0              0              0      2504      2504
     1     45     56   2560     60      0      0      4    200      0      0      0      0      2       0.104062       0.104062        31.9027        3.09896         7.1058              0              0              0              0      2560      2560
     1     46     55   2615     60      0      0      5    205      0      0      0      0      2       0.101696       0.101696        13.9333        1.21568        2.80203              0              0              0              0      2615      2615
     1     47     55   2670     60      0      0      5    210      0      0      0      0      2       0.101696       0.101696         34.955        1.60939        5.74556              0              0              0              0      2670      2670
     1     48     55   2725     60      0      0      5    215      0      0      0      0      2       0.101696       0.101696        9.31746       0.921461        2.11961              0              0              0              0      2725      2725
     1     49     58   2783     60      0      0      2    217      0      0      0      0      2       0.100662       0.100662        22.7302        1.68823        4.19245              0              0              0              0      2783      2783
     1     50     52   2835     60      0      0      8    225      0      0      0      0      2        0.10047        0.10047         47.181        3.89814        9.40895              0              0              0              0      2835      2835
     1     51     58   2893     60      0      0      2    227      0      0      0      0      2      0.0969752      0.0969752        16.5496        1.16823        2.87635              0              0              0              0      2893      2893
     1     52     56   2949     60      0      0      4    231      0      0      0      0      2      0.0969752      0.0969752        6.64677       0.642622        1.11633              0              0              0              0      2949      2949
     1     53     53   3002     60      0      0      7    238      0      0      0      0      2      0.0959908      0.0959908        32.6184        2.04752        6.51604              0              0              0              0      3002      3002
     1     54     56   3058     60      0      0      4    242      0      0      0      0      2      0.0941257      0.0941257        18.1994        1.36993        3.41713              0              0              0              0      3058      3058
     1     55     51   3109     60      0      0      9    251      0      0      0      0      2      0.0926898      0.0926898        33.9493        2.40505        5.46016              0              0              0              0      3109      3109
     1     56     52   3161     60      0      0      8    259      0      0      0      0      2      0.0926898      0.0926898         18.878        1.42684        3.53404              0              0              0              0      3161      3161
     1     57     60   3221     60      0      0      0    259      0      0      0      0      2      0.0915408      0.0915408         29.632        2.29126        5.27749              0              0              0              0      3221      3221
     1     58     57   3278     60      0      0      3    262      0      0      0      0      2      0.0849545      0.0849545         32.992        1.61731        5.01601              0              0              0              0      3278      3278
     1     59     58   3336     60      0      0      2    264      0      0      0      0      2      0.0823455      0.0823455        40.4369        2.67778        7.68685              0              0              0              0      3336      3336
     1     60     57   3393     60      0      0      3    267      0      0      0      0      2      0.0811415      0.0811415        24.9423        1.28854        4.09574              0              0              0              0      3393      3393
     1     61     58   3451     60      0      0      2    269      0      0      0      0      2      0.0811415      0.0811415        23.2076        2.24663        4.63766              0              0              0              0      3451      3451
     1     62     53   3504     60      0      0      7    276      0      0      0      0      2      0.0791763      0.0791763        12.6415          1.252        2.79768              0              0              0              0      3504      3504
     1     63     57   3561     60      0      0      3    279      0      0      0      0      2      0.0727361      0.0727361        27.7877        1.80535        4.67608              0              0              0              0      3561      3561
     1     64     54   3615     60      0      0      6    285      0      0      0      0      2      0.0721074      0.0721074        20.0309        1.79555        4.22543              0              0              0              0      3615      3615
     1     65     58   3673     60      0      0      2    287      0      0      0      0      2      0.0721074      0.0721074        11.3315        1.13517        2.09375              0              0              0              0      3673      3673
     1     66     52   3725     60      0      0      8    295      0      0      0      0      2      0.0716137      0.0716137         7.2308       0.777179        1.42704              0              0              0              0      3725      3725
     1     67     53   3778     60      0      0      7    302      0      0      0      0      2      0.0716086      0.0716086        9.30653       0.585133        1.48154              0              0              0              0      3778      3778
     1     68     57   3835     60      0      0      3    305      0      0      0      0      2      0.0715014      0.0715014        28.5223        2.40008        5.52665              0              0              0              0      3835      3835
     1     69     53   3888     60      0      0      7    312      0      0      0      0      2      0.0687552      0.0687552        13.8914        1.40247        2.87852              0              0              0              0      3888      3888
     1     70     52   3940     60      0      0      8    320      0      0      0      0      2      0.0664817      0.0664817        24.3977        1.27575         3.7588              0              0              0              0      3940      3940
     1     71     53   3993     60      0      0      7    327      0      0      0      0      2      0.0653365      0.0653365        25.0162       0.885743         3.3368              0              0              0              0      3993      3993
     1     72     57   4050     60      0      0      3    330      0      0      0      0      2      0.0640946      0.0640946        15.9944        1.50055        3.29508              0              0              0              0      4050      4050
     1     73     52   4102     60      0      0      8    338      0      0      0      0      2      0.0640471      0.0640471        23.6281       0.889704        3.14774              0              0              0              0      4102      4102
     1     74     53   4155     60      0      0      7    345      0      0      0      0      2      0.0634185      0.0634185        32.8235        1.33926        4.58891              0              0              0              0      4155      4155
     1     75     58   4213     60      0      0      2    347      0      0      0      0      2      0.0631192      0.0631192        30.5303        2.76857        6.38489              0              0              0              0      4213      4213
     1     76     58   4271     60      0      0      2    349      0      0      0      0      2      0.0627895      0.0627895        31.1924        1.91552        4.73237              0              0              0              0      4271      4271
     1     77     54   4325     60      0      0      6    355      0      0      0      0      2       0.062617       0.062617        12.3889       0.991249        2.36738              0              0              0              0      4325      4325
     1     78     53   4378     60      0      0      7    362      0      0      0      0      2       0.062617       0.062617        15.4081        1.31184        3.20935              0              0              0              0      4378      4378
     1     79     54   4432     60      0      0      6    368      0      0      0      0      2      0.0617975      0.0617975        25.4808        1.80363         4.2659              0              0              0              0      4432      4432
     1     80     50   4482     60      0      0     10    378      0      0      0      0      2      0.0590686      0.0590686        15.1316        1.03599        2.79851              0              0              0              0      4482      4482
     1     81     58   4540     60      0      0      2    380      0      0      0      0      2      0.0580072      0.0580072        10.8938       0.841293        2.01282              0              0              0              0      4540      4540
     1     82     58   4598     60      0      0      2    382      0      0      0      0      2      0.0580072      0.0580072        13.6553       0.904471        2.00642              0              0              0              0      4598      4598
     1     83     58   4656     60      0      0      2    384      0      0      0      0      2      0.0580072      0.0580072        22.8035        1.14327        3.89694              0              0              0              0      4656      4656
     1     84     56   4712     60      0      0      4    388      0      0      0      0      2      0.0580072      0.0580072        19.1804        1.89645        4.65212              0              0              0              0      4712      4712
     1     85     59   4771     60      0      0      1    389      0      0      0      0      2      0.0578159      0.0578159        18.4954        1.43554        3.34061              0              0              0              0      4771      4771
     1     86     58   4829     60      0      0      2    391      0      0      0      0      2      0.0570771      0.0570771        35.7387        1.81709        5.65618              0              0              0              0      4829      4829
     1     87     53   4882     60      0      0      7    398      0      0      0      0      2      0.0570771      0.0570771        13.7286         1.1152        2.62718              0              0              0              0      4882      4882
     1     88     56   4938     60      0      0      4    402      0      0      0      0      2      0.0567948      0.0567948        13.0741       0.856755        2.45729              0              0              0              0      4938      4938
     1     89     55   4993     60      0      0      5    407      0      0      0      0      2       0.056701       0.056701        10.4961        1.15785        2.26328              0              0              0              0      4993      4993
     1     90     53   5046     60      0      0      7    414      0      0      0      0      2      0.0556578      0.0556578        7.53918        1.08099        2.05554              0              0              0              0      5046      5046
     1     91     56   5102     60      0      0      4    418      0      0      0      0      2       0.052959       0.052959        6.94823       0.649641        1.28734              0              0              0              0      5102      5102
     1     92     56   5158     60      0      0      4    422      0      0      0      0      2       0.052623       0.052623        5.62016       0.658782        1.21348              0              0              0              0      5158      5158
     1     93     56   5214     60      0      0      4    426      0      0      0      0      2       0.052623       0.052623        16.5708         1.5115         3.2937              0              0              0              0      5214      5214
     1     94     56   5270     60      0      0      4    430      0      0      0      0      2       0.052623       0.052623        8.89037       0.968064        1.96306              0              0              0              0      5270      5270
     1     95     56   5326     60      0      0      4    434      0      0      0      0      2      0.0519222      0.0519222        8.09128       0.948694        1.82045              0              0              0              0      5326      5326
     1     96     48   5374     60      0      0     12    446      0      0      0      0      2      0.0515586      0.0515586        2.87063       0.437107        0.67233              0              0              0              0      5374      5374
     1     97     56   5430     60      0      0      4    450      0      0      0      0      2      0.0512135      0.0512135        12.1789       0.535607        1.93819              0              0              0              0      5430      5430
     1     98     55   5485     60      0      0      5    455      0      0      0      0      2      0.0509368      0.0509368        7.03225       0.479124        1.12689              0              0              0              0      5485      5485
     1     99     56   5541     60      0      0      4    459      0      0      0      0      2      0.0509368      0.0509368        13.8542       0.722621        1.95023              0              0              0              0      5541      5541
     1    100     54   5595     60      0      0      6    465      0      0      0      0      2      0.0471375      0.0471375        4.74835       0.433599       0.925602              0              0              0              0      5595      5595
     1    101     57   5652     60      0      0      3    468      0      0      0      0      2      0.0468299      0.0468299        16.9054        0.95103        2.51688              0              0              0              0      5652      5652
     1    102     56   5708     60      0      0      4    472      0      0      0      0      2      0.0441046      0.0441046        15.9786       0.859955         2.7778              0              0              0              0      5708      5708
     1    103     57   5765     60      0      0      3    475      0      0      0      0      2      0.0434127      0.0434127        22.1523         1.5754        4.19107              0              0              0              0      5765      5765
     1    104     53   5818     60      0      0      7    482      0      0      0      0      2      0.0413312      0.0413312        10.1656       0.931856        1.96435              0              0              0              0      5818      5818
     1    105     54   5872     60      0      0      6    488      0      0      0      0      2      0.0408613      0.0408613        7.38281       0.715431        1.52287              0              0              0              0      5872      5872
     1    106     58   5930     60      0      0      2    490      0      0      0      0      2      0.0393082      0.0393082          14.19       0.756864        2.06543              0              0              0              0      5930      5930
     1    107     58   5988     60      0      0      2    492      0      0      0      0      2      0.0382882      0.0382882        3.99521       0.420953       0.791778              0              0              0              0      5988      5988
     1    108     56   6044     60      0      0      4    496      0      0      0      0      2      0.0362518      0.0362518        10.8555       0.890334        1.89874              0              0              0              0      6044      6044
     1    109     53   6097     60      0      0      7    503      0      0      0      0      2      0.0358597      0.0358597        7.93547       0.386395         1.3978              0              0              0              0      6097      6097
     1    110     52   6149     60      0      0      8    511      0      0      0      0      2      0.0356934      0.0356934        20.2851        1.48262        3.67424              0              0              0              0      6149      6149
     1    111     57   6206     60      0      0      3    514      0      0      0      0      2      0.0356345      0.0356345        14.5857       0.701845        2.48437              0              0              0              0      6206      6206
     1    112     55   6261     60      0      0      5    519      0      0      0      0      2       0.035451       0.035451        6.19304       0.727483        1.26865              0              0              0              0      6261      6261
     1    113     54   6315     60      0      0      6    525      0      0      0      0      2      0.0340375      0.0340375        2.94155       0.478159       0.802128              0              0              0              0      6315      6315
     1    114     57   6372     60      0      0      3    528      0      0      0      0      2      0.0339149      0.0339149        11.3201       0.590913        1.70046              0              0              0              0      6372      6372
     1    115     51   6423     60      0      0      9    537      0      0      0      0      2      0.0338549      0.0338549        24.9404        1.32235        3.77222              0              0              0              0      6423      6423
     1    116     55   6478     60      0      0      5    542      0      0      0      0      2      0.0335047      0.0335047         13.792        1.09088        2.60492              0              0              0              0      6478      6478
     1    117     54   6532     60      0      0      6    548      0      0      0      0      2      0.0327109      0.0327109        26.8617        1.65619        4.44472              0              0              0              0      6532      6532
     1    118     59   6591     60      0      0      1    549      0      0      0      0      2      0.0325331      0.0325331        17.8024        1.80248        4.17207              0              0              0              0      6591      6591
     1    119     56   6647     60      0      0      4    553      0      0      0      0      2      0.0281314      0.0281314        4.21117       0.436067       0.881659              0              0              0              0      6647      6647
     1    120     57   6704     60      0      0      3    556      0      0      0      0      2      0.0281314      0.0281314        16.4244       0.890836        2.84183              0              0              0              0      6704      6704
     1    121     57   6761     60      0      0      3    559      0      0      0      0      2      0.0278342      0.0278342        14.1704       0.609136         2.0662              0              0              0              0      6761      6761
     1    122     54   6815     60      0      0      6    565      0      0      0      0      2      0.0278342      0.0278342        5.22389        0.42684        1.04063              0              0              0              0      6815      6815
     1    123     59   6874     60      0      0      1    566      0      0      0      0      2      0.0277807      0.0277807        11.2854        1.20839         2.7737              0              0              0              0      6874      6874
     1    124     54   6928     60      0      0      6    572      0      0      0      0      2      0.0276676      0.0276676        12.3162        1.09667        2.76221              0              0              0              0      6928      6928
     1    125     58   6986     60      0      0      2    574      0      0      0      0      2      0.0275496      0.0275496        6.86621       0.530286        1.35988              0              0              0              0      6986      6986
     1    126     54   7040     60      0      0      6    580      0      0      0      0      2      0.0274028      0.0274028        3.84086       0.344099       0.776166              0              0              0              0      7040      7040
     1    127     55   7095     60      0      0      5    585      0      0      0      0      2      0.0272966      0.0272966        20.3198       0.592561        2.67412              0              0              0              0      7095      7095
     1    128     57   7152     60      0      0      3    588      0      0      0      0      2      0.0262364      0.0262364        15.0615       0.694599        2.30025              0              0              0              0      7152      7152
     1    129     60   7212     60      0      0      0    588      0      0      0      0      2      0.0262338      0.0262338        6.87441       0.734116        1.55719              0              0              0              0      7212      7212
     1    130     58   7270     60      0      0      2    590      0      0      0      0      2      0.0262338      0.0262338        15.7952       0.891959        2.29923              0              0              0              0      7270      7270
     1    131     52   7322     60      0      0      8    598      0      0      0      0      2      0.0261758      0.0261758        11.6425       0.506373         1.7182              0              0              0              0      7322      7322
     1    132     56   7378     60      0      0      4    602      0      0      0      0      2      0.0257164      0.0257164         24.975        1.04836        3.48109              0              0              0              0      7378      7378
     1    133     54   7432     60      0      0      6    608      0      0      0      0      2       0.025704       0.025704        27.7954        2.47014        5.76391              0              0              0              0      7432      7432
     1    134     52   7484     60      0      0      8    616      0      0      0      0      2      0.0255726      0.0255726         12.975       0.840791        2.69835              0              0              0              0      7484      7484
     1    135     56   7540     60      0      0      4    620      0      0      0      0      2      0.0255726      0.0255726        20.7469        1.54636        3.99615              0              0              0              0      7540      7540
     1    136     60   7600     60      0      0      0    620      0      0      0      0      2      0.0255602      0.0255602        15.9055         1.2496        2.91102              0              0              0              0      7600      7600
     1    137     56   7656     60      0      0      4    624      0      0      0      0      2      0.0255131      0.0255131        12.5342       0.938966        2.53391              0              0              0              0      7656      7656
     1    138     56   7712     60      0      0      4    628      0      0      0      0      2      0.0254916      0.0254916        2.36878       0.158972       0.361478              0              0              0              0      7712      7712
     1    139     53   7765     60      0      0      7    635      0      0      0      0      2      0.0254912      0.0254912        12.3325       0.628708        1.81628              0              0              0              0      7765      7765
     1    140     56   7821     60      0      0      4    639      0      0      0      0      2      0.0254912      0.0254912        8.70547       0.750872         1.8868              0              0              0              0      7821      7821
     1    141     57   7878     60      0      0      3    642      0      0      0      0      2      0.0254912      0.0254912         10.907       0.589324        1.68288              0              0              0              0      7878      7878
     1    142     57   7935     60      0      0      3    645      0      0      0      0      2      0.0253636      0.0253636        8.25081       0.747451        1.51787              0              0              0              0      7935      7935
     1    143     57   7992     60      0      0      3    648      0      0      0      0      2      0.0252821      0.0252821        12.5969       0.453361        1.64237              0              0              0              0      7992      7992
     1    144     57   8049     60      0      0      3    651      0      0      0      0      2      0.0251968      0.0251968        16.1487       0.729513        2.88446              0              0              0              0      8049      8049
     1    145     52   8101     60      0      0      8    659      0      0      0      0      2      0.0251234      0.0251234        14.8922       0.955201         2.7061              0              0              0              0      8101      8101
     1    146     57   8158     60      0      0      3    662      0      0      0      0      2      0.0250908      0.0250908        12.4938       0.938569        2.68649              0              0              0              0      8158      8158
     1    147     59   8217     60      0      0      1    663      0      0      0      0      2      0.0248992      0.0248992        2.44307       0.255039       0.524412              0              0              0              0      8217      8217
     1    148     55   8272     60      0      0      5    668      0      0      0      0      2      0.0248691      0.0248691        13.7648       0.960661        2.73309              0              0              0              0      8272      8272
     1    149     56   8328     60      0      0      4    672      0      0      0      0      2      0.0248691      0.0248691        11.1166        1.35128        2.65673              0              0              0              0      8328      8328
     1    150     54   8382     60      0      0      6    678      0      0      0      0      2      0.0245457      0.0245457        9.40232       0.579657        1.51048              0              0              0              0      8382      8382
     1    151     54   8436     60      0      0      6    684      0      0      0      0      2      0.0244755      0.0244755        3.82133       0.446919       0.997309              0              0              0              0      8436      8436
     1    152     56   8492     60      0      0      4    688      0      0      0      0      2      0.0243885      0.0243885        9.01992       0.613976        1.60469              0              0              0              0      8492      8492
     1    153     53   8545     60      0      0      7    695      0      0      0      0      2      0.0241817      0.0241817        7.33072       0.562802        1.28525              0              0              0              0      8545      8545
     1    154     55   8600     60      0      0      5    700      0      0      0      0      2      0.0227355      0.0227355        7.13162       0.409209        1.07016              0              0              0              0      8600      8600
     1    155     56   8656     60      0      0      4    704      0      0      0      0      2       0.022707       0.022707        3.52046        0.33601       0.576618              0              0              0              0      8656      8656
     1    156     57   8713     60      0      0      3    707      0      0      0      0      2       0.022707       0.022707        14.2673       0.910062        2.52773              0              0              0              0      8713      8713
     1    157     57   8770     60      0      0      3    710      0      0      0      0      2       0.022707       0.022707        8.03799       0.488141        1.19937              0              0              0              0      8770      8770
     1    158     58   8828     60      0      0      2    712      0      0      0      0      2      0.0225662      0.0225662        9.73203        0.99982        2.31373              0              0              0              0      8828      8828
     1    159     56   8884     60      0      0      4    716      0      0      0      0      2      0.0225662      0.0225662        12.2369       0.458692        1.60404              0              0              0              0      8884      8884
     1    160     53   8937     60      0      0      7    723      0      0      0      0      2      0.0225239      0.0225239        6.95365       0.442812        1.17147              0              0              0              0      8937      8937
     1    161     53   8990     60      0      0      7    730      0      0      0      0      2      0.0223618      0.0223618        13.2332       0.866858        2.41857              0              0              0              0      8990      8990
     1    162     54   9044     60      0      0      6    736      0      0      0      0      2      0.0220645      0.0220645        9.18193       0.978716        2.09136              0              0              0              0      9044      9044
     1    163     59   9103     60      0      0      1    737      0      0      0      0      2      0.0220645      0.0220645        8.95884       0.850681        2.09483              0              0              0              0      9103      9103
     1    164     55   9158     60      0      0      5    742      0      0      0      0      2      0.0218239      0.0218239        6.80361       0.554072        1.20542              0              0              0              0      9158      9158
     1    165     53   9211     60      0      0      7    749      0      0      0      0      2      0.0217302      0.0217302        4.07873       0.397421       0.864546              0              0              0              0      9211      9211
     1    166     56   9267     60      0      0      4    753      0      0      0      0      2      0.0216892      0.0216892        8.88818       0.590676        1.52686              0              0              0              0      9267      9267
     1    167     59   9326     60      0      0      1    754      0      0      0      0      2      0.0215141      0.0215141        4.58397       0.300818       0.775103              0              0              0              0      9326      9326
     1    168     54   9380     60      0      0      6    760      0      0      0      0      2      0.0214676      0.0214676        4.12695       0.233777       0.653245              0              0              0              0      9380      9380
     1    169     56   9436     60      0      0      4    764      0      0      0      0      2      0.0214301      0.0214301        3.27355       0.318524       0.592558              0              0              0              0      9436      9436
     1    170     53   9489     60      0      0      7    771      0      0      0      0      2      0.0213013      0.0213013       0.816656      0.0918981       0.148191              0              0              0              0      9489      9489
     1    171     54   9543     60      0      0      6    777      0      0      0      0      2      0.0213013      0.0213013        3.61228       0.262662       0.693293              0              0              0              0      9543      9543
     1    172     55   9598     60      0      0      5    782      0      0      0      0      2      0.0213013      0.0213013         2.9816       0.272607       0.553319              0              0              0              0      9598      9598
     1    173     52   9650     60      0      0      8    790      0      0      0      0      2      0.0213013      0.0213013        3.41341       0.381002       0.767617              0              0              0              0      9650      9650
     1    174     52   9702     60      0      0      8    798      0      0      0      0      2      0.0210675      0.0210675        5.31772       0.447979        1.07668              0              0              0              0      9702      9702
     1    175     57   9759     60      0      0      3    801      0      0      0      0      2      0.0210675      0.0210675        6.83972       0.486748        1.26925              0              0              0              0      9759      9759
     1    176     59   9818     60      0      0      1    802      0      0      0      0      2      0.0210675      0.0210675        4.16887       0.294178       0.690046              0              0              0              0      9818      9818
     1    177     60   9878     60      0      0      0    802      0      0      0      0      2       0.020439       0.020439        6.54806       0.701854        1.51777              0              0              0              0      9878      9878
     1    178     58   9936     60      0      0      2    804      0      0      0      0      2       0.019743       0.019743        2.19185       0.198897       0.441031              0              0              0              0      9936      9936
     1    179     57   9993     60      0      0      3    807      0      0      0      0      2       0.019743       0.019743        1.46661       0.102954       0.214245              0              0              0              0      9993      9993
     1    180      7  10000     13      0      0      5    812      0      0      0      0      2       0.019743       0.019743        2.13037       0.189133       0.583511              0              0              0              0     10000     10000
