     1      0     60     60     60      0      0      0      0      0      0      0      0      2        1.80531        1.80531        92.7472        29.5388        27.3541              0              0              0              0        60        60
     1      1     59    119     60      0      0      1      1      0      0      0      0      2        1.65106        1.65106        32.2516         10.227        9.31148              0              0              0              0       119       119
     1      2     50    169     60      0      0     10     11      0      0      0      0      2        1.65106        1.65106        26.5584        4.82776        5.43121              0              0              0              0       169       169
     1      3     55    224     60      0      0      5     16      0      0      0      0      2       0.905784       0.905784        16.5203        2.62456        2.23068              0              0              0              0       224       224
     1      4     55    279     60      0      0      5     21      0      0      0      0      2       0.842567       0.842567        8.51103        1.96171       0.942221              0              0              0              0       279       279
     1      5     55    334     60      0      0      5     26      0      0      0      0      2       0.727022       0.727022          33.22        2.23227        4.08927              0              0              0              0       334       334
     1      6     54    388     60      0      0      6     32      0      0      0      0      2       0.727022       0.727022        14.6518        1.77354         1.8385              0              0              0              0       388       388
     1      7     57    445     60      0      0      3     35      0      0      0      0      2         0.7176         0.7176        2.64661        1.19292       0.464415              0              0              0              0       445       445
     1      8     55    500     60      0      0      5     40      0      0      0      0      2       0.675597       0.675597        42.2456        2.57732        6.85382              0              0              0              0       500       500
     1      9     57    557     60      0      0      3     43      0      0      0      0      2       0.588419       0.588419        72.9219        3.21665        10.8305              0              0              0              0       557       557
     1     10     53    610     60      0      0      7     50      0      0      0      0      2       0.566253       0.566253        3.51544       0.975225       0.432945              0              0              0              0       610       610
     1     11     56    666     60      0      0      4     54      0      0      0      0      2       0.324587       0.324587        1.74579       0.881188        0.33958              0              0              0              0       666       666
     1     12     53    719     60      0      0      7     61      0      0      0      0      2       0.315362       0.315362        2.54809       0.721648       0.358297              0              0              0              0       719       719
     1     13     57    776     60      0      0      3     64      0      0      0      0      2        0.30667        0.30667        1.48447       0.677485        0.29059              0              0              0              0       776       776
     1     14     56    832     60      0      0      4     68      0      0      0      0      2       0.302317       0.302317        10.1992       0.726873        1.27579              0              0              0              0       832       832
     1     15     58    890     60      0      0      2     70      0      0      0      0      2        0.29402        0.29402        12.1173        1.00864        2.01527              0              0              0              0       890       890
     1     16     58    948     60      0      0      2     72      0      0      0      0      2       0.274734       0.274734        26.4823        1.15573        3.48915              0              0              0              0       948       948
     1     17     56   1004     60      0      0      4     76      0      0      0      0      2        0.14179        0.14179        1.15547       0.449387       0.253269              0              0              0              0      1004      1004
     1     18     58   1062     60      0      0      2     78      0      0      0      0      2       0.135546       0.135546        33.6104        1.24794        4.43213              0              0              0              0      1062      1062
     1     19     50   1112     60      0      0     10     88      0      0      0      0      2       0.129843       0.129843        10.3205       0.764389        1.59933              0              0              0              0      1112      1112
     1     20     51   1163     60      0      0      9     97      0      0      0      0      2       0.129843       0.129843         43.961        1.43892        6.00758              0              0              0              0      1163      1163
     1     21     57   1220     60      0      0      3    100      0      0      0      0      2       0.129843       0.129843        42.1193        1.91706        7.32156              0              0              0              0      1220      1220
     1     22     52   1272     60      0      0      8    108      0      0      0      0      2       0.129843       0.129843        19.7654       0.611904        2.52723              0              0              0              0      1272      1272
     1     23     56   1328     60      0      0      4    112      0      0      0      0      2       0.128559       0.128559        1.38162       0.395942       0.365002              0              0              0              0      1328      1328
     1     24     53   1381     60      0      0      7    119      0      0      0      0      2       0.128559       0.128559        73.0946        1.73151        9.46128              0              0              0              0      1381      1381
     1     25     58   1439     60      0      0      2    121      0      0      0      0      2      0.0837826      0.0837826        2.53247       0.318817       0.378096              0              0              0              0      1439      1439
     1     26     57   1496     60      0      0      3    124      0      0      0      0      2      0.0691324      0.0691324        59.1509        3.87356        12.7926              0              0              0              0      1496      1496
     1     27     58   1554     60      0      0      2    126      0      0      0      0      2      0.0636283      0.0636283        75.1071        2.79014        11.1249              0              0              0              0      1554      1554
     1     28     56   1610     60      0      0      4    130      0      0      0      0      2      0.0582263      0.0582263        1.68776       0.287281       0.305458              0              0              0              0      1610      1610
     1     29     57   1667     60      0      0      3    133      0      0      0      0      2      0.0582263      0.0582263        75.9027        1.89125        10.1311              0              0              0              0      1667      1667
     1     30     57   1724     60      0      0      3    136      0      0      0      0      2       0.056564       0.056564         19.461       0.795664        2.81933              0              0              0              0      1724      1724
     1     31     55   1779     60      0      0      5    141      0      0      0      0      2      0.0562357      0.0562357        68.9191        2.99694        11.2796              0              0              0              0      1779      1779
     1     32     55   1834     60      0      0      5    146      0      0      0      0      2      0.0510558      0.0510558        27.1376        1.21758        4.48399              0              0              0              0      1834      1834
     1     33     58   1892     60      0      0      2    148      0      0      0      0      2      0.0485814      0.0485814        1.46401       0.294873       0.377565              0              0              0              0      1892      1892
     1     34     55   1947     60      0      0      5    153      0      0      0      0      2      0.0485814      0.0485814         1.0878       0.165151       0.225173              0              0              0              0      1947      1947
     1     35     58   2005     60      0      0      2    155      0      0      0      0      2      0.0475371      0.0475371        2.53633       0.332144       0.483394              0              0              0              0      2005      2005
     1     36     55   2060     60      0      0      5    160      0      0      0      0      2      0.0452031      0.0452031        12.8159       0.406357        1.64432              0              0              0              0      2060      2060
     1     37     54   2114     60      0      0      6    166      0      0      0      0      2      0.0334663      0.0334663        16.6202       0.601183        2.35995              0              0              0              0      2114      2114
     1     38     53   2167     60      0      0      7    173      0      0      0      0      2      0.0298345      0.0298345        53.6489        1.74511         8.6751              0              0              0              0      2167      2167
     1     39     58   2225     60      0      0      2    175      0      0      0      0      2      0.0270858      0.0270858        27.2941       0.971158        4.69394              0              0              0              0      2225      2225
     1     40     59   2284     60      0      0      1    176      0      0      0      0      2      0.0267091      0.0267091        52.0856        1.76138        8.24457              0              0              0              0      2284      2284
     1     41     57   2341     60      0      0      3    179      0      0      0      0      2      0.0249692      0.0249692        15.6667        0.59577        2.12198              0              0              0              0      2341      2341
     1     42     57   2398     60      0      0      3    182      0      0      0      0      2      0.0242192      0.0242192        19.1038       0.494298        2.45964              0              0              0              0      2398      2398
     1     43     52   2450     60      0      0      8    190      0      0      0      0      2      0.0206235      0.0206235         19.855       0.696769        3.16322              0              0              0              0      2450      2450
     1     44     57   2507     60      0      0      3    193      0      0      0      0      2      0.0186259      0.0186259        39.1292         1.0535        5.19697              0              0              0              0      2507      2507
     1     45     56   2563     60      0      0      4    197      0      0      0      0      2      0.0184872      0.0184872         6.2181       0.290124        0.81959              0              0              0              0      2563      2563
     1     46     55   2618     60      0      0      5    202      0      0      0      0      2      0.0184872      0.0184872       0.842997       0.126263       0.197782              0              0              0              0      2618      2618
     1     47     55   2673     60      0      0      5    207      0      0      0      0      2      0.0132756      0.0132756        59.4164        1.56275        8.07995              0              0              0              0      2673      2673
     1     48     56   2729     60      0      0      4    211      0      0      0      0      2      0.0132756      0.0132756        9.16522       0.289029         1.1923              0              0              0              0      2729      2729
     1     49     59   2788     60      0      0      1    212      0      0      0      0      2      0.0114577      0.0114577        3.07763       0.230105        0.47755              0              0              0              0      2788      2788
     1     50     53   2841     60      0      0      7    219      0      0      0      0      2      0.0105839      0.0105839        1.96364        0.25705       0.424889              0              0              0              0      2841      2841
     1     51     58   2899     60      0      0      2    221      0      0      0      0      2     0.00971133     0.00971133        2.44116       0.219536       0.447159              0              0              0              0      2899      2899
     1     52     56   2955     60      0      0      4    225      0      0      0      0      2     0.00907219     0.00907219        65.9917        1.32958        8.50016              0              0              0              0      2955      2955
     1     53     53   3008     60      0      0      7    232      0      0      0      0      2     0.00841303     0.00841303        1.00665       0.135849       0.229053              0              0              0              0      3008      3008
     1     54     56   3064     60      0      0      4    236      0      0      0      0      2     0.00748395     0.00748395        57.4626        1.76599        9.07695              0              0              0              0      3064      3064
     1     55     50   3114     60      0      0     10    246      0      0      0      0      2     0.00742686     0.00742686       0.818634       0.196162       0.254485              0              0              0              0      3114      3114
     1     56     51   3165     60      0      0      9    255      0      0      0      0      2      0.0069019      0.0069019        2.12832       0.196463       0.381833              0              0              0              0      3165      3165
     1     57     59   3224     60      0      0      1    256      0      0      0      0      2     0.00630097     0.00630097        30.4395        1.10131        4.43759              0              0              0              0      3224      3224
     1     58     57   3281     60      0      0      3    259      0      0      0      0      2     0.00630097     0.00630097        12.2672       0.566966        1.77353              0              0              0              0      3281      3281
     1     59     58   3339     60      0      0      2    261      0      0      0      0      2     0.00599355     0.00599355        1.41506        0.31297       0.373456              0              0              0              0      3339      3339
     1     60     58   3397     60      0      0      2    263      0      0      0      0      2      0.0052276      0.0052276        37.3495        1.28087        5.49839              0              0              0              0      3397      3397
     1     61     59   3456     60      0      0      1    264      0      0      0      0      2      0.0052276      0.0052276        46.3229        2.71101        9.69929              0              0              0              0      3456      3456
     1     62     55   3511     60      0      0      5    269      0      0      0      0      2      0.0052276      0.0052276        7.25845       0.433604        1.15101              0              0              0              0      3511      3511
     1     63     57   3568     60      0      0      3    272      0      0      0      0      2     0.00522026     0.00522026         75.605        4.14142         14.307              0              0              0              0      3568      3568
     1     64     55   3623     60      0      0      5    277      0      0      0      0      2     0.00505526     0.00505526        25.0234       0.572669        3.22182              0              0              0              0      3623      3623
     1     65     58   3681     60      0      0      2    279      0      0      0      0      2     0.00482664     0.00482664        25.5518       0.868879        3.61787              0              0              0              0      3681      3681
     1     66     53   3734     60      0      0      7    286      0      0      0      0      2     0.00440143     0.00440143        9.83564       0.308712        1.27422              0              0              0              0      3734      3734
     1     67     53   3787     60      0      0      7    293      0      0      0      0      2      0.0043913      0.0043913        68.3166        1.21163        8.81145              0              0              0              0      3787      3787
     1     68     57   3844     60      0      0      3    296      0      0      0      0      2     0.00437313     0.00437313       0.864168       0.159137       0.244803              0              0              0              0      3844      3844
     1     69     54   3898     60      0      0      6    302      0      0      0      0      2     0.00432599     0.00432599        12.8459       0.414549         1.6976              0              0              0              0      3898      3898
     1     70     51   3949     60      0      0      9    311      0      0      0      0      2     0.00429707     0.00429707        1.09044       0.134428       0.242532              0              0              0              0      3949      3949
     1     71     55   4004     60      0      0      5    316      0      0      0      0      2     0.00405943     0.00405943        37.3173         2.4123        8.31231              0              0              0              0      4004      4004
     1     72     57   4061     60      0      0      3    319      0      0      0      0      2     0.00389811     0.00389811          38.33       0.980023        4.96328              0              0              0              0      4061      4061
     1     73     52   4113     60      0      0      8    327      0      0      0      0      2     0.00322225     0.00322225       0.790024        0.12138       0.205279              0              0              0              0      4113      4113
     1     74     54   4167     60      0      0      6    333      0      0      0      0      2     0.00227781     0.00227781         13.104       0.372307        1.68994              0              0              0              0      4167      4167
     1     75     54   4221     60      0      0      6    339      0      0      0      0      2     0.00204752     0.00204752        21.2964       0.661682        2.87443              0              0              0              0      4221      4221
     1     76     57   4278     60      0      0      3    342      0      0      0      0      2     0.00195778     0.00195778       0.976978        0.18545       0.260266              0              0              0              0      4278      4278
     1     77     52   4330     60      0      0      8    350      0      0      0      0      2      0.0016359      0.0016359        46.9433        1.58638        8.04314              0              0              0              0      4330      4330
     1     78     53   4383     60      0      0      7    357      0      0      0      0      2     0.00162071     0.00162071        25.7786        0.76886        3.58822              0              0              0              0      4383      4383
     1     79     51   4434     60      0      0      9    366      0      0      0      0      2     0.00162071     0.00162071         17.521       0.604576        2.31581              0              0              0              0      4434      4434
     1     80     48   4482     60      0      0     12    378      0      0      0      0      2     0.00162071     0.00162071        32.5734        1.77772        6.30678              0              0              0              0      4482      4482
     1     81     56   4538     60      0      0      4    382      0      0      0      0      2     0.00156828     0.00156828        23.3087        1.23054        4.23043              0              0              0              0      4538      4538
     1     82     56   4594     60      0      0      4    386      0      0      0      0      2     0.00149413     0.00149413         10.392       0.388027        1.34489              0              0              0              0      4594      4594
     1     83     58   4652     60      0      0      2    388      0      0      0      0      2     0.00149413     0.00149413        22.5378         1.0798        4.02416              0              0              0              0      4652      4652
     1     84     55   4707     60      0      0      5    393      0      0      0      0      2     0.00148358     0.00148358        22.5736        1.31075        4.70677              0              0              0              0      4707      4707
     1     85     58   4765     60      0      0      2    395      0      0      0      0      2     0.00135778     0.00135778        46.8645        1.47785        6.74663              0              0              0              0      4765      4765
     1     86     58   4823     60      0      0      2    397      0      0      0      0      2     0.00135778     0.00135778        52.9021        2.64927        10.7674              0              0              0              0      4823      4823
     1     87     55   4878     60      0      0      5    402      0      0      0      0      2     0.00135725     0.00135725        47.8988        1.34183        6.81568              0              0              0              0      4878      4878
     1     88     56   4934     60      0      0      4    406      0      0      0      0      2     0.00134512     0.00134512        25.7178       0.776814        3.53283              0              0              0              0      4934      4934
     1     89     55   4989     60      0      0      5    411      0      0      0      0      2     0.00133273     0.00133273        28.1024       0.706913        3.61021              0              0              0              0      4989      4989
     1     90     53   5042     60      0      0      7    418      0      0      0      0      2     0.00133273     0.00133273        4.68663       0.257553       0.629673              0              0              0              0      5042      5042
     1     91     55   5097     60      0      0      5    423      0      0      0      0      2     0.00105146     0.00105146        33.1274        1.28521         5.2832              0              0              0              0      5097      5097
     1     92     56   5153     60      0      0      4    427      0      0      0      0      2    0.000906585    0.000906585       0.884394       0.144915       0.258456              0              0              0              0      5153      5153
     1     93     56   5209     60      0      0      4    431      0      0      0      0      2    0.000869099    0.000869099        58.8405        2.73439        10.5829              0              0              0              0      5209      5209
     1     94     57   5266     60      0      0      3    434      0      0      0      0      2    0.000689432    0.000689432         52.638        2.86921        9.38712              0              0              0              0      5266      5266
     1     95     56   5322     60      0      0      4    438      0      0      0      0      2     0.00066063     0.00066063        5.31231       0.305509       0.743319              0              0              0              0      5322      5322
     1     96     49   5371     60      0      0     11    449      0      0      0      0      2    0.000606411    0.000606411       0.927324       0.167972       0.261478              0              0              0              0      5371      5371
     1     97     54   5425     60      0      0      6    455      0      0      0      0      2    0.000601078    0.000601078       0.728926      0.0910307       0.191147              0              0              0              0      5425      5425
     1     98     56   5481     60      0      0      4    459      0      0      0      0      2    0.000585889    0.000585889        8.29633       0.260115        1.08334              0              0              0              0      5481      5481
     1     99     56   5537     60      0      0      4    463      0      0      0      0      2    0.000576956    0.000576956        59.1361        1.47667         7.8708              0              0              0              0      5537      5537
     1    100     53   5590     60      0      0      7    470      0      0      0      0      2    0.000571634    0.000571634        3.53242        0.17333       0.504857              0              0              0              0      5590      5590
     1    101     57   5647     60      0      0      3    473      0      0      0      0      2    0.000521714    0.000521714        2.43464       0.168401       0.400508              0              0              0              0      5647      5647
     1    102     56   5703     60      0      0      4    477      0      0      0      0      2    0.000503476    0.000503476       0.758069       0.102437        0.17368              0              0              0              0      5703      5703
     1    103     59   5762     60      0      0      1    478      0      0      0      0      2     0.00050342     0.00050342        37.0441       0.794339        4.76634              0              0              0              0      5762      5762
     1    104     53   5815     60      0      0      7    485      0      0      0      0      2    0.000455821    0.000455821        52.5233        1.28504        6.84728              0              0              0              0      5815      5815
     1    105     52   5867     60      0      0      8    493      0      0      0      0      2    0.000407893    0.000407893         5.6145       0.243214       0.752506              0              0              0              0      5867      5867
     1    106     58   5925     60      0      0      2    495      0      0      0      0      2    0.000401896    0.000401896        29.0964         0.8093        4.02307              0              0              0              0      5925      5925
     1    107     57   5982     60      0      0      3    498      0      0      0      0      2    0.000394171    0.000394171        28.9949       0.582653        3.73342              0              0              0              0      5982      5982
     1    108     56   6038     60      0      0      4    502      0      0      0      0      2     0.00037454     0.00037454        38.1259        2.70826        8.42171              0              0              0              0      6038      6038
     1    109     53   6091     60      0      0      7    509      0      0      0      0      2     0.00037454     0.00037454        13.1198       0.453965        2.03354              0              0              0              0      6091      6091
     1    110     51   6142     60      0      0      9    518      0      0      0      0      2    0.000374439    0.000374439       0.768878       0.106661       0.192982              0              0              0              0      6142      6142
     1    111     57   6199     60      0      0      3    521      0      0      0      0      2    0.000372644    0.000372644       0.628735      0.0606511       0.161429              0              0              0              0      6199      6199
     1    112     55   6254     60      0      0      5    526      0      0      0      0      2    0.000369488    0.000369488        61.4445        2.83733        11.3655              0              0              0              0      6254      6254
     1    113     54   6308     60      0      0      6    532      0      0      0      0      2    0.000368313    0.000368313         48.472        1.05931        6.25726              0              0              0              0      6308      6308
     1    114     57   6365     60      0      0      3    535      0      0      0      0      2    0.000364271    0.000364271        1.20392       0.163071       0.275633              0              0              0              0      6365      6365
     1    115     51   6416     60      0      0      9    544      0      0      0      0      2    0.000340296    0.000340296         28.844       0.586566        3.71516              0              0              0              0      6416      6416
     1    116     56   6472     60      0      0      4    548      0      0      0      0      2     0.00033935     0.00033935        22.8806       0.684893        3.15704              0              0              0              0      6472      6472
     1    117     53   6525     60      0      0      7    555      0      0      0      0      2     0.00033935     0.00033935       0.603954      0.0742249       0.147943              0              0              0              0      6525      6525
     1    118     57   6582     60      0      0      3    558      0      0      0      0      2    0.000326908    0.000326908       0.906435       0.155967       0.244868              0              0              0              0      6582      6582
     1    119     56   6638     60      0      0      4    562      0      0      0      0      2    0.000326501    0.000326501       0.632665      0.0981165       0.185083              0              0              0              0      6638      6638
     1    120     57   6695     60      0      0      3    565      0      0      0      0      2    0.000293309    0.000293309        29.6265       0.587396         3.8172              0              0              0              0      6695      6695
     1    121     56   6751     60      0      0      4    569      0      0      0      0      2    0.000289724    0.000289724        39.3237       0.886367        5.19808              0              0              0              0      6751      6751
     1    122     54   6805     60      0      0      6    575      0      0      0      0      2    0.000289724    0.000289724        4.47363       0.154434       0.591901              0              0              0              0      6805      6805
     1    123     59   6864     60      0      0      1    576      0      0      0      0      2    0.000287975    0.000287975        11.9778       0.357498        1.55208              0              0              0              0      6864      6864
     1    124     54   6918     60      0      0      6    582      0      0      0      0      2    0.000287851    0.000287851        7.25962       0.264101       0.952587              0              0              0              0      6918      6918
     1    125     58   6976     60      0      0      2    584      0      0      0      0      2    0.000286987    0.000286987        6.25043       0.298994        1.07737              0              0              0              0      6976      6976
     1    126     56   7032     60      0      0      4    588      0      0      0      0      2    0.000279939    0.000279939         31.558        1.26886        5.26799              0              0              0              0      7032      7032
     1    127     53   7085     60      0      0      7    595      0      0      0      0      2     0.00027926     0.00027926        34.8703       0.891254        4.84318              0              0              0              0      7085      7085
     1    128     57   7142     60      0      0      3    598      0      0      0      0      2       0.000279       0.000279        16.8063        0.40274        2.18141              0              0              0              0      7142      7142
     1    129     60   7202     60      0      0      0    598      0      0      0      0      2       0.000279       0.000279        40.0142        1.14874        5.51314              0              0              0              0      7202      7202
     1    130     58   7260     60      0      0      2    600      0      0      0      0      2    0.000278761    0.000278761        53.5545        1.11504        6.91994              0              0              0              0      7260      7260
     1    131     52   7312     60      0      0      8    608      0      0      0      0      2    0.000278761    0.000278761        19.5144        1.14306        3.45632              0              0              0              0      7312      7312
     1    132     55   7367     60      0      0      5    613      0      0      0      0      2    0.000278681    0.000278681        14.0442       0.771153        2.58982              0              0              0              0      7367      7367
     1    133     53   7420     60      0      0      7    620      0      0      0      0      2    0.000278676    0.000278676        31.6552        1.04083        4.61601              0              0              0              0      7420      7420
     1    134     52   7472     60      0      0      8    628      0      0      0      0      2     0.00027578     0.00027578       0.497026      0.0597583         0.1197              0              0              0              0      7472      7472
     1    135     57   7529     60      0      0      3    631      0      0      0      0      2     0.00027578     0.00027578       0.954103       0.120987       0.215403              0              0              0              0      7529      7529
     1    136     60   7589     60      0      0      0    631      0      0      0      0      2    0.000275465    0.000275465        25.0693       0.540304        3.22542              0              0              0              0      7589      7589
     1    137     56   7645     60      0      0      4    635      0      0      0      0      2    0.000275228    0.000275228       0.992366       0.108072       0.209228              0              0              0              0      7645      7645
     1    138     55   7700     60      0      0      5    640      0      0      0      0      2     0.00027502     0.00027502       0.403294      0.0442442       0.102275              0              0              0              0      7700      7700
     1    139     52   7752     60      0      0      8    648      0      0      0      0      2     0.00027502     0.00027502        3.76467       0.139594       0.496934              0              0              0              0      7752      7752
     1    140     56   7808     60      0      0      4    652      0      0      0      0      2     0.00027502     0.00027502       0.472832      0.0855123       0.141779              0              0              0              0      7808      7808
     1    141     58   7866     60      0      0      2    654      0      0      0      0      2    0.000274996    0.000274996        6.89275       0.186245       0.888101              0              0              0              0      7866      7866
     1    142     58   7924     60      0      0      2    656      0      0      0      0      2     0.00027495     0.00027495         9.5167       0.343399         1.4013              0              0              0              0      7924      7924
     1    143     57   7981     60      0      0      3    659      0      0      0      0      2    0.000274867    0.000274867        1.58091       0.124307       0.245163              0              0              0              0      7981      7981
     1    144     57   8038     60      0      0      3    662      0      0      0      0      2    0.000274333    0.000274333        3.97016       0.141985       0.524696              0              0              0              0      8038      8038
     1    145     54   8092     60      0      0      6    668      0      0      0      0      2    0.000274333    0.000274333        16.8869       0.363943        2.17476              0              0              0              0      8092      8092
     1    146     57   8149     60      0      0      3    671      0      0      0      0      2    0.000274116    0.000274116        0.51544      0.0772308       0.149243              0              0              0              0      8149      8149
     1    147     59   8208     60      0      0      1    672      0      0      0      0      2    0.000261128    0.000261128         33.197        1.20184         4.8484              0              0              0              0      8208      8208
     1    148     55   8263     60      0      0      5    677      0      0      0      0      2     0.00023075     0.00023075        15.5253        0.95729        3.35319              0              0              0              0      8263      8263
     1    149     56   8319     60      0      0      4    681      0      0      0      0      2     8.4031e-05     8.4031e-05        21.1721        0.76051        3.09655              0              0              0              0      8319      8319
     1    150     56   8375     60      0      0      4    685      0      0      0      0      2    6.74639e-05    6.74639e-05        8.96522       0.405411        1.35596              0              0              0              0      8375      8375
     1    151     50   8425     60      0      0     10    695      0      0      0      0      2     6.5562e-05     6.5562e-05       0.428655      0.0540702       0.111102              0              0              0              0      8425      8425
     1    152     56   8481     60      0      0      4    699      0      0      0      0      2     6.5562e-05     6.5562e-05       0.518658      0.0730153       0.135436              0              0              0              0      8481      8481
     1    153     53   8534     60      0      0      7    706      0      0      0      0      2    6.54063e-05    6.54063e-05       0.626777      0.0758714       0.140506              0              0              0              0      8534      8534
     1    154     55   8589     60      0      0      5    711      0      0      0      0      2    6.45514e-05    6.45514e-05        34.4604        1.38189        6.27803              0              0              0              0      8589      8589
     1    155     56   8645     60      0      0      4    715      0      0      0      0      2    6.17415e-05    6.17415e-05        3.97047       0.164583       0.524461              0              0              0              0      8645      8645
     1    156     55   8700     60      0      0      5    720      0      0      0      0      2    5.65428e-05    5.65428e-05        25.4447       0.645071        3.37358              0              0              0              0      8700      8700
     1    157     57   8757     60      0      0      3    723      0      0      0      0      2    5.56626e-05    5.56626e-05         22.417        0.59572         3.0233              0              0              0              0      8757      8757
     1    158     58   8815     60      0      0      2    725      0      0      0      0      2    5.29143e-05    5.29143e-05         1.6885        0.10408       0.244364              0              0              0              0      8815      8815
     1    159     56   8871     60      0      0      4    729      0      0      0      0      2     5.2875e-05     5.2875e-05        2.87777       0.111239       0.377918              0              0              0              0      8871      8871
     1    160     53   8924     60      0      0      7    736      0      0      0      0      2    5.15911e-05    5.15911e-05       0.502264      0.0591419       0.115858              0              0              0              0      8924      8924
     1    161     53   8977     60      0      0      7    743      0      0      0      0      2    5.14511e-05    5.14511e-05        12.0257       0.265612        1.54843              0              0              0              0      8977      8977
     1    162     55   9032     60      0      0      5    748      0      0      0      0      2    5.13232e-05    5.13232e-05        9.18291       0.270906        1.17992              0              0              0              0      9032      9032
     1    163     59   9091     60      0      0      1    749      0      0      0      0      2    5.09974e-05    5.09974e-05        12.1498       0.278366        1.56361              0              0              0              0      9091      9091
     1    164     56   9147     60      0      0      4    753      0      0      0      0      2    3.20963e-05    3.20963e-05       0.559277      0.0986002       0.143077              0              0              0              0      9147      9147
     1    165     54   9201     60      0      0      6    759      0      0      0      0      2    2.55511e-05    2.55511e-05       0.486049      0.0583216        0.10128              0              0              0              0      9201      9201
     1    166     56   9257     60      0      0      4    763      0      0      0      0      2    2.55511e-05    2.55511e-05         17.655       0.866958        3.54772              0              0              0              0      9257      9257
     1    167     59   9316     60      0      0      1    764      0      0      0      0      2    2.19253e-05    2.19253e-05        18.6169       0.360437        2.39931              0              0              0              0      9316      9316
     1    168     55   9371     60      0      0      5    769      0      0      0      0      2    9.09076e-06    9.09076e-06        11.7026        0.38944        1.92588              0              0              0              0      9371      9371
     1    169     57   9428     60      0      0      3    772      0      0      0      0      2    9.09076e-06    9.09076e-06         10.239       0.297224        1.34425              0              0              0              0      9428      9428
     1    170     54   9482     60      0      0      6    778      0      0      0      0      2    8.55041e-06    8.55041e-06        22.0056       0.517945        2.88528              0              0              0              0      9482      9482
     1    171     57   9539     60      0      0      3    781      0      0      0      0      2     5.6739e-06     5.6739e-06        13.5196       0.281599        1.74222              0              0              0              0      9539      9539
     1    172     55   9594     60      0      0      5    786      0      0      0      0      2    5.63071e-06    5.63071e-06        9.44807       0.328349        1.47679              0              0              0              0      9594      9594
     1    173     51   9645     60      0      0      9    795      0      0      0      0      2    5.53728e-06    5.53728e-06        2.95017       0.129605       0.412688              0              0              0              0      9645      9645
     1    174     51   9696     60      0      0      9    804      0      0      0      0      2     5.3867e-06     5.3867e-06       0.461466      0.0539385       0.106366              0              0              0              0      9696      9696
     1    175     56   9752     60      0      0      4    808      0      0      0      0      2     5.3867e-06     5.3867e-06        5.52975       0.141549       0.712176              0              0              0              0      9752      9752
     1    176     57   9809     60      0      0      3    811      0      0      0      0      2    5.25922e-06    5.25922e-06        13.4354         0.6499        2.44861              0              0              0              0      9809      9809
     1    177     60   9869     60      0      0      0    811      0      0      0      0      2    5.25922e-06    5.25922e-06        0.30039      0.0530327      0.0788932              0              0              0              0      9869      9869
     1    178     57   9926     60      0      0      3    814      0      0      0      0      2     5.0807e-06     5.0807e-06          0.347      0.0419464       0.076941              0              0              0              0      9926      9926
     1    179     57   9983     60      0      0      3    817      0      0      0      0      2    5.01829e-06    5.01829e-06       0.160326      0.0196954      0.0360984              0              0              0              0      9983      9983
     1    180     17  10000     23      0      0      5    822      0      0      0      0      2    5.01584e-06    5.01584e-06        2.01985       0.102737       0.419098              0              0              0              0     10000     10000
