# EASY A2.0-S(PCA)
# FINAL SOLUTION FILE
# Level id:1  -  Level type: EA
# Number of entries: 50
# Number of objectives: 2
# Total variables: 3 - Free variables: 2
# Number of constraints: 7
# Obj / <id> / Free Vars / Constraints
6.6522917428905 0.050772822958038  	 7678 	 3.1139887910594 2.5642519580749  	 -69.192799681785 -108.44907693228 -1.9642519580749 -44.188432297763 -0.475 -0.19922717704196 -4419928.5197678 
6.7363623644535 0.049028161901476  	 8140 	 3.0981284877503 2.5867658605909  	 -98.841745941938 -882.15870590911 -1.9867658605909 -44.098054103359 -0.475 -0.20097183809852 -4577422.6464245 
6.8019259633871 0.047795213779632  	 3385 	 3.0912482937427 2.6032892283244  	 -137.94916106101 -1433.0896229132 -2.0032892283244 -44.029754281542 -0.475 -0.20220478622037 -4695657.3037369 
6.9123280990462 0.045424536114407  	 2132 	 3.0459531843159 2.6366100204539  	 -98.621188973995 -2502.5233713406 -2.0366100204539 -43.901338480162 -0.475 -0.20457546388559 -4941030.6301983 
7.0702938300666 0.04303344387933  	 6267 	 3.0482783894861 2.6724955929418  	 -245.70592899328 -3595.4030089401 -2.0724955929418 -43.744297473007 -0.475 -0.20696655612067 -5215901.7516554 
7.1564448338345 0.040871325719678  	 5794 	 2.9592471416308 2.7071594879252  	 -42.770535230196 -4596.7659475775 -2.1071594879252 -43.622739133705 -0.475 -0.20912867428032 -5492139.8759269 
7.25864493382 0.039386097495262  	 6989 	 2.9466958100589 2.7323277040049  	 -91.40298118057 -5292.3079578959 -2.1323277040049 -43.515547424379 -0.475 -0.21061390250474 -5699468.9578186 
7.3310477704175 0.038201959517634  	 5448 	 2.9188725182105 2.7532592913464  	 -64.182718190337 -5851.5535738246 -2.1532592913464 -43.432079387036 -0.475 -0.21179804048237 -5876317.7852015 
7.4470222412486 0.036617915979869  	 9248 	 2.8980069098414 2.7825637148159  	 -94.845946056044 -6606.5010494935 -2.1825637148159 -43.307806755565 -0.475 -0.21338208402013 -6130775.7521373 
7.6172349703067 0.034579789701867  	 9279 	 2.8818357624727 2.8226883874334  	 -183.11314205638 -7590.0066968844 -2.2226883874334 -43.131162832351 -0.475 -0.21542021029813 -6492471.1270561 
7.7868385482455 0.032536833706431  	 9992 	 2.8434155712054 2.865990203677  	 -194.57206306121 -8590.504593069 -2.265990203677 -42.946279713394 -0.475 -0.21746316629357 -6900498.0105787 
7.943499990623 0.030391636650167  	 9587 	 2.7513701201119 2.9152781756541  	 -10.147317333356 -9658.1460347506 -2.3152781756541 -42.753012200117 -0.475 -0.21960836334983 -7387986.9119322 
8.1649390568495 0.028604425349686  	 9770 	 2.7644422775974 2.9597853528937  	 -225.75427357145 -10562.075698942 -2.3597853528937 -42.536771873405 -0.475 -0.22139557465031 -7849958.2287873 
8.2852038708647 0.02710760503408  	 8034 	 2.6775382123127 2.9998237295126  	 -16.96942839266 -11330.042564199 -2.3998237295126 -42.381945695004 -0.475 -0.22289239496592 -8283739.9779628 
8.5095614969503 0.02534986054011  	 9055 	 2.6517810458301 3.0505252906158  	 -92.432004287144 -12245.573565799 -2.4505252906158 -42.14734455714 -0.475 -0.22465013945989 -8858537.0271198 
8.817905686537 0.023367642256113  	 9768 	 2.6501453190364 3.1132557557996  	 -306.20223121879 -13297.320898475 -2.5132557557996 -41.838349846204 -0.475 -0.22663235774389 -9610481.7579713 
9.0082388714203 0.022132773475191  	 9233 	 2.6235528840915 3.1558006677319  	 -342.88864355753 -13963.785923319 -2.5558006677319 -41.63744096695 -0.475 -0.22786722652481 -10147012.288413 
9.3180140164892 0.020008528478449  	 9160 	 2.5100187581346 3.2364189549559  	 -134.72156059854 -15132.555422044 -2.6364189549559 -41.282513799538 -0.475 -0.22999147152155 -11224909.452911 
9.6867657365853 0.018501554062933  	 9960 	 2.5496776141488 3.300399185281  	 -517.1479856794 -15980.545265265 -2.700399185281 -40.92953423198 -0.475 -0.23149844593707 -12139665.901282 
10.068171342481 0.016900615030898  	 9909 	 2.5284586490783 3.3759258275367  	 -669.8794593311 -16900.5866057 -2.7759258275367 -40.53968993704 -0.475 -0.2330993849691 -13290165.051932 
10.360041556605 0.015560755901338  	 9594 	 2.4353405110628 3.4463616661335  	 -492.73840401047 -17687.450670666 -2.8463616661335 -40.210787049147 -0.475 -0.23443924409866 -14435011.930791 
10.70196746746 0.014390010697209  	 9424 	 2.4024313091421 3.5144166218658  	 -558.42406472195 -18388.968493677 -2.9144166218658 -39.855773293488 -0.475 -0.23560998930279 -15609886.003498 
11.189737686033 0.012985053045148  	 9763 	 2.3770526730025 3.6058494600267  	 -721.12566080938 -19250.017382618 -3.0058494600267 -39.357910102989 -0.475 -0.23701494695485 -17299464.177663 
11.82193690087 0.011502976728495  	 9623 	 2.3697386005593 3.7167723634322  	 -1008.5409003995 -20184.04300982 -3.1167723634322 -38.722802113722 -0.475 -0.2384970232715 -19529107.722329 
12.898000372126 0.0098362508082718  	 9892 	 2.540253372765 3.8651034735555  	 -2080.7762436276 -21271.348354787 -3.2651034735555 -37.714551617108 -0.475 -0.24016374919173 -22839213.176466 
13.561974786162 0.0084591762633528  	 9986 	 2.3124336720977 4.0136223360476  	 -1547.4441312073 -22204.912011316 -3.4136223360476 -36.959974310523 -0.475 -0.24154082373665 -26558123.481548 
14.733075381395 0.0069892850106134  	 9893 	 2.2365385445562 4.209789066609  	 -1693.9132431709 -23244.623964545 -3.609789066609 -35.758690557006 -0.475 -0.24301071498939 -32144606.561189 
15.682230050924 0.0061377048683165  	 9945 	 2.2518094535348 4.3487758482483  	 -2075.3626780905 -23871.848871043 -3.7487758482483 -34.815609060785 -0.475 -0.24386229513168 -36605266.735404 
17.010223970557 0.0050076844808946  	 9721 	 2.069904654155 4.5757183472022  	 -1752.2658827089 -24739.189188621 -3.9757183472022 -33.41527240282 -0.475 -0.24499231551911 -44866668.644388 
17.950984777238 0.0044605386110943  	 9859 	 2.0539930743257 4.7100085743961  	 -1957.011724961 -25176.464899436 -4.1100085743961 -32.468183630852 -0.475 -0.24553946138891 -50370782.692159 
19.317971980146 0.0037510551134651  	 10000 	 1.9366253312277 4.9184715338347  	 -1795.1433648459 -25764.15509753 -4.3184715338347 -31.054519792932 -0.475 -0.24624894488653 -59898926.457727 
20.225914899566 0.0033826518163848  	 9978 	 1.8898215286861 5.0472428235101  	 -1800.5132413486 -26080.163623925 -4.4472428235101 -30.127963207177 -0.475 -0.24661734818362 -66422983.751405 
21.491447452732 0.0029831387917644  	 9889 	 1.8912634056901 5.2083499709721  	 -2106.5620613254 -26432.77863379 -4.6083499709721 -28.863004082152 -0.475 -0.24701686120824 -75319165.843106 
23.387197244384 0.0024084574366766  	 9953 	 1.6500360561522 5.4945708727894  	 -1226.2738348064 -26961.710185734 -4.8945708727894 -26.871319234989 -0.475 -0.24759154256332 -93291967.47336 
24.87065779844 0.002101795649374  	 9624 	 1.5894074995665 5.6848747583094  	 -1160.6387793823 -27256.734558463 -5.0848747583094 -25.363746970745 -0.475 -0.24789820435063 -106904183.57376 
26.383063172295 0.0018798348180377  	 9993 	 1.6488386367646 5.8457279635082  	 -1817.063068742 -27477.014625938 -5.2457279635082 -23.874977098657 -0.475 -0.24812016518196 -119527194.79407 
28.169299517843 0.0016103281846952  	 9885 	 1.5184804917111 6.0763100342122  	 -1318.6101760587 -27753.477557058 -5.4763100342122 -22.036897892397 -0.475 -0.2483896718153 -139531806.11594 
29.57292720392 0.0014530041826137  	 9907 	 1.4962779890633 6.2345025569624  	 -1406.5647310063 -27920.183045254 -5.6345025569624 -20.624440368707 -0.475 -0.24854699581739 -154639787.68365 
30.622187972074 0.0013305595710426  	 9543 	 1.3879617706573 6.3732351494674  	 -787.84162165176 -28053.068335723 -5.7732351494674 -19.532102717085 -0.475 -0.24866944042896 -168870598.8963 
32.082980142374 0.0012095186067999  	 9884 	 1.3847109023307 6.5270266368916  	 -995.6839719101 -28187.473431643 -5.9270266368916 -18.070017690755 -0.475 -0.2487904813932 -185770148.55092 
33.867788776765 0.0010712820747221  	 9737 	 1.3117465559436 6.7281019551518  	 -674.2813888314 -28345.1720614 -6.1281019551518 -16.256191456849 -0.475 -0.24892871792528 -209741593.19311 
36.306146261501 0.00091644492361526  	 9803 	 1.2141046005973 6.9958732278032  	 -143.58521852067 -28528.010394059 -6.3958732278032 -13.779002196096 -0.475 -0.24908355507638 -245178047.99866 
37.826516612347 0.00083886732932838  	 9363 	 1.1793139058981 7.1522914509943  	 -10.610518065943 -28622.489473146 -6.5522914509943 -12.244795739048 -0.475 -0.24916113267067 -267851610.23663 
38.944537324651 0.0007953631474748  	 9508 	 1.2168996507569 7.2481497486999  	 -523.26261871668 -28676.423449555 -6.6481497486999 -11.141722712096 -0.475 -0.24920463685253 -282502164.16588 
40.449915251621 0.0007346948912403  	 7741 	 1.2000240400468 7.3933585528253  	 -549.87089768217 -28752.88865253 -6.7933585528253 -9.629633429 -0.475 -0.24926530510876 -305829736.58212 
42.051790034491 0.00067437153103146  	 8144 	 1.1530430337705 7.5534214373682  	 -277.66823657149 -28830.502259867 -6.9534214373682 -8.0090745066504 -0.475 -0.24932562846897 -333186089.35716 
43.068272441648 0.00065117297973038  	 9886 	 1.2414375694064 7.6198150590056  	 -1224.6547076899 -28860.807166002 -7.0198150590056 -7.0277462173798 -0.475 -0.24934882702027 -345055878.54246 
44.09892585652 0.00063026564158297  	 9517 	 1.3434666247836 7.6822354818713  	 -2147.4870595333 -28888.350977731 -7.0822354818713 -6.0376693089033 -0.475 -0.24936973435842 -356501932.93124 
45.472875780113 0.00058508913868763  	 3066 	 1.260747733825 7.8264175515439  	 -1633.4042313675 -28948.664103618 -7.2264175515439 -4.6308224463394 -0.475 -0.24941491086131 -384027921.08771 
46.869801983358 0.0005359375  	 826 	 1.0824067217991 8  	 -57.895850125409 -29015.625 -7.4 -3.1629708073117 -0.475 -0.2494640625 -419246848.91759 
