     1      0     48     48      6     10     10      0      0      0      0      0      0      3       -3.89596       -3.89596       -3.73417       -3.80325      0.0746352              0              0              0       0.656204        48     25.08
     1      1     46     94      8     12     22      2      2      0      0      0      0      8       -3.89617       -3.89617       -3.73417       -3.83229      0.0573827              0              0              0       0.613964        94     48.24
     1      2     48    142      6      3     25      0      2      0      0      0      0     11       -3.89617       -3.89617       -3.82552        -3.8632      0.0315499              0              0              0       0.315216       142     72.84
     1      3     46    188      8      2     27      2      4      0      0      0      0     16       -3.90816       -3.90816       -3.82067       -3.86277      0.0356599              0              0              0       0.304848       188      98.4
     1      4     46    234      8      0     27      2      6      0      0      0      0     21       -3.93424       -3.93424        -3.8677       -3.89543      0.0275192              0              0              0       0.305361       234    122.52
     1      5     47    281      7      3     30      1      7      0      0      0      0     25       -3.95909       -3.95909        -3.8677        -3.9144      0.0346525              0              0              0       0.247584       281     147.6
     1      6     48    329      6      1     31      0      7      0      0      0      0     28       -3.96801       -3.96801       -3.90619       -3.93006      0.0297221              0              0              0       0.211925       329    171.72
     1      7     47    376      7      2     33      1      8      0      0      0      0     32       -3.96846       -3.96846       -3.92224       -3.94628      0.0215003              0              0              0       0.246011       376    195.36
     1      8     46    422      8      0     33      2     10      0      0      0      0     37       -3.97143       -3.97143       -3.92182       -3.94117      0.0204858              0              0              0       0.171356       422     216.6
     1      9     47    469      7      2     35      1     11      0      0      0      0     53       -3.97143       -3.97143       -3.94269       -3.96401       0.011413              0              0              0      0.0708799       469    240.72
     1     10     46    515      8      1     36      2     13      0      0      0      0     58       -3.97452       -3.97452       -3.93855       -3.96639      0.0124335              0              0              0        0.15554       515    264.36
     1     11     48    563      6      6     42      0     13      0      0      0      0     61       -3.97503       -3.97503       -3.84811       -3.94845      0.0500776              0              0              0      0.0614156       563    288.96
     1     12     46    609      8      3     45      2     15      0      0      0      0     66       -3.97503       -3.97503       -3.86052       -3.95303      0.0409052              0              0              0       0.109391       609    314.04
     1     13     48    657      6      0     45      0     15      0      0      0      0     69       -3.97503       -3.97503       -3.94703       -3.96408      0.0112834              0              0              0       0.106684       657     339.6
     1     14     45    702      8      4     49      3     18      0      0      0      0     74       -3.97503       -3.97503       -3.95663       -3.96816     0.00632055              0              0              0      0.0820705       702     364.2
     1     15     47    749      7      2     51      1     19      0      0      0      0     78       -3.97536       -3.97536        -3.9579       -3.97045     0.00636933              0              0              0       0.136821       749    390.24
     1     16     47    796      6      0     51      1     20      0      0      0      0     81       -3.97536       -3.97536       -3.95143       -3.96638     0.00907217              0              0              0      0.0254341       796     408.6
     1     17     46    842      8      2     53      2     22      0      0      0      0     98       -3.97536       -3.97536       -3.96342       -3.97276     0.00485375              0              0              0      0.0846053       842    432.72
     1     18     45    887      8      2     55      3     25      0      0      0      0    103       -3.98966       -3.98966       -3.97011       -3.97858     0.00713871              0              0              0       0.120329       887    457.32
     1     19     47    934      6      4     59      1     26      0      0      0      0    106       -3.98966       -3.98966       -3.94461       -3.97385      0.0156648              0              0              0       0.132752       934    479.52
     1     20     48    982      6      0     59      0     26      0      0      0      0    109       -3.98966       -3.98966       -3.93883        -3.9733      0.0186536              0              0              0       0.217418       982    504.12
     1     21     48   1030      6      3     62      0     26      0      0      0      0    112       -3.98966       -3.98966       -3.92867       -3.96847      0.0229128              0              0              0        0.33665      1030    528.72
     1     22     48   1078      6      0     62      0     26      0      0      0      0    115       -3.98966       -3.98966       -3.94624       -3.97491      0.0149128              0              0              0      0.0924714      1078     553.8
     1     23     48   1126      6      0     62      0     26      0      0      0      0    118       -3.98966       -3.98966       -3.97346       -3.98096     0.00577967              0              0              0       0.193172      1126    581.28
     1     24     46   1172      8      2     64      2     28      0      0      0      0    123       -3.98966       -3.98966       -3.96488       -3.98132     0.00851578              0              0              0       0.103807      1172    601.56
     1     25     44   1216     10      0     64      4     32      0      0      0      0    142       -3.98966       -3.98966       -3.98044       -3.98727     0.00343085              0              0              0       0.271547      1216    626.16
     1     26     45   1261      9      2     66      3     35      0      0      0      0    145       -3.98966       -3.98966       -3.97394       -3.98742     0.00518102              0              0              0       0.154183      1261    650.28
     1     27     47   1308      7      0     66      1     36      0      0      0      0    147       -3.98966       -3.98966       -3.97386       -3.98529     0.00747121              0              0              0       0.182097      1308    676.32
     1     28     48   1356      6      3     69      0     36      0      0      0      0    148       -3.98966       -3.98966       -3.97855       -3.98602     0.00558379              0              0              0       0.189854      1356    700.44
     1     29     48   1404      6      0     69      0     36      0      0      0      0    149       -3.98966       -3.98966       -3.97112       -3.98324     0.00770977              0              0              0       0.172137      1404    720.72
     1     30     48   1452      6      0     69      0     36      0      0      0      0    150       -3.99807       -3.99807       -3.96724       -3.98792      0.0113963              0              0              0       0.315301      1452    745.32
     1     31     47   1499      7      0     69      1     37      0      0      0      0    150       -4.00423       -4.00423       -3.98123       -3.99367     0.00871023              0              0              0       0.243066      1499    769.44
     1     32     48   1547      6      2     71      0     37      0      0      0      0    150       -4.00423       -4.00423       -3.97257       -3.99031      0.0111144              0              0              0       0.275658      1547    794.04
     1     33     47   1594      7      2     73      1     38      0      0      0      0    150       -4.00423       -4.00423       -3.99831       -4.00188     0.00295843              0              0              0       0.313664      1594    818.64
     1     34     47   1641      6      4     77      1     39      0      0      0      0    150       -4.00583       -4.00583       -3.99277       -4.00235     0.00498684              0              0              0       0.332418      1641     844.2
     1     35     44   1685     10      1     78      4     43      0      0      0      0    150       -4.00583       -4.00583       -3.97682       -3.99853     0.00957638              0              0              0         0.3398      1685     868.8
     1     36     45   1730      9      0     78      3     46      0      0      0      0    150       -4.00583       -4.00583       -3.99417       -4.00298     0.00423661              0              0              0       0.338136      1730     893.4
     1     37     44   1774     10      2     80      4     50      0      0      0      0    150       -4.00583       -4.00583       -3.99201       -4.00124     0.00497955              0              0              0       0.312946      1774    916.08
     1     38     47   1821      7      1     81      1     51      0      0      0      0    150       -4.00583       -4.00583       -4.00056       -4.00292     0.00220518              0              0              0       0.394994      1821    940.68
     1     39     47   1868      7      1     82      1     52      0      0      0      0    150       -4.00723       -4.00723       -3.99477       -4.00284      0.0046102              0              0              0       0.405544      1868    959.04
     1     40     48   1916      6      0     82      0     52      0      0      0      0    150       -4.00723       -4.00723       -3.99981       -4.00372     0.00267616              0              0              0       0.391249      1916    983.64
     1     41     10   1926      7      0     82      1     53      0      0      0      0    150       -4.00723       -4.00723       -3.93483       -3.99113      0.0276446              0              0              0       0.286737      1926       990
