     1      0     48     48      6     10     10      0      0      0      0      0      0      3       -3.89596       -3.89596       -3.73417       -3.80325      0.0746352              0              0              0       0.656204        48        27
     1      1     46     94      8     12     22      2      2      0      0      0      0      8       -3.89617       -3.89617       -3.73417       -3.83229      0.0573827              0              0              0       0.613964        94     48.24
     1      2     48    142      6      3     25      0      2      0      0      0      0     11       -3.89617       -3.89617       -3.82552        -3.8632      0.0315499              0              0              0       0.315216       142     72.84
     1      3     30    172      8      1     26      2      4     43     43      0      0     16       -3.90816       -3.90816       -3.82067       -3.86277      0.0356599      0.0802269        6.05952         1.8736       0.304848       172     89.76
     1      4     30    202      8      0     26      2      6     43     86      0      0     21       -3.94606       -3.94606       -3.85309       -3.89608      0.0366189      0.0209305        6.57494         1.7503       0.305869       202    106.68
     1      5     30    232      7      3     29      1      7     44    130      0      0     25        -3.9625        -3.9625       -3.85309       -3.90535      0.0445228     0.00666415        4.74809         1.3244       0.223421       232    124.56
     1      6     30    262      6      0     29      0      7     45    175      0      0     28       -3.96435       -3.96435       -3.88089       -3.91899      0.0377449     0.00393933        7.07656        1.61189       0.215627       262       141
     1      7     30    292      8      0     29      2      9     43    218      0      0     33       -3.96883       -3.96883       -3.88089       -3.92762      0.0402795    0.000371877        9.50424        2.33706       0.280506       292    157.92
     1      8     30    322      8      1     30      2     11     43    261      0      0     38       -3.96883       -3.96883        -3.8816        -3.9263      0.0334637      0.0323954        25.4222        2.04531       0.221848       322     168.6
     1      9     30    352      6      0     30      0     11     45    306      0      0     54       -3.96883       -3.96883       -3.94244       -3.96205      0.0102275      0.0865413        14.1622        2.53663       0.137423       352    184.56
     1     10     30    382      7      1     31      1     12     44    350      0      0     58       -3.97801       -3.97801       -3.93355       -3.96187      0.0169271      0.0250287        22.8625        3.32418       0.103045       382    200.52
     1     11     30    412      6      5     36      0     12     45    395      0      0     61       -3.98787       -3.98787       -3.83372       -3.93094      0.0739623      0.0123436        14.8111        5.37717        0.30214       412    216.48
     1     12     30    442      6      2     38      0     12     45    440      0      0     64       -3.99612       -3.99612       -3.87829       -3.95199      0.0494425      0.0463243        31.0494        5.34342       0.165102       442    234.84
     1     13     30    472      6      1     39      0     12     45    485      0      0     67       -3.99898       -3.99898       -3.94099       -3.97287      0.0226417       0.150188        21.1555        3.43902       0.227575       472    252.72
     1     14     30    502      6      1     40      0     12     45    530      0      0     70       -3.99898       -3.99898       -3.95959       -3.97545      0.0170643      0.0351503        15.5119        1.91363       0.134304       502     268.2
     1     15     30    532      6      2     42      0     12     45    575      0      0     73       -3.99898       -3.99898       -3.96693       -3.97651      0.0133561      0.0299302        17.9657        3.61042       0.139525       532    284.16
     1     16     30    562      6      0     42      0     12     45    620      0      0     76       -3.99898       -3.99898       -3.96001       -3.97597      0.0171301       0.104535         17.263        1.95434       0.108083       562    296.28
     1     17     30    592      8      1     43      2     14     43    663      0      0     92       -3.99898       -3.99898       -3.97233       -3.99486     0.00927759      0.0504194        10.2719        2.30736       0.189642       592    312.24
     1     18     30    622      8      0     43      2     16     43    706      0      0     97       -3.99898       -3.99898       -3.97914       -3.99417      0.0073814     0.00458033        7.09281        1.56938       0.175755       622    329.16
     1     19     30    652      7      1     44      2     18     43    749      0      0    101       -3.99942       -3.99942       -3.98502       -3.99667     0.00525754     0.00153655        11.1136         2.2935       0.157125       652    344.16
     1     20     30    682      6      0     44      0     18     45    794      0      0    104       -3.99942       -3.99942       -3.98276       -3.99458     0.00683956         0.0657         4.5665        1.30033       0.253533       682    360.12
     1     21     30    712      6      0     44      0     18     45    839      0      0    107       -3.99942       -3.99942       -3.92327       -3.97541      0.0361553       0.023505        20.8996        3.95794        0.13767       712    377.04
     1     22     30    742      6      0     44      0     18     45    884      0      0    110       -3.99942       -3.99942       -3.98641       -3.99487     0.00630997      0.0169066        12.0848        1.89956       0.218311       742       393
     1     23     30    772      6      1     45      0     18     45    929      0      0    113       -3.99942       -3.99942       -3.97188       -3.99195      0.0112486      0.0304235        5.63723        1.30184       0.157302       772    410.88
     1     24     30    802      8      0     45      2     20     43    972      0      0    118       -3.99942       -3.99942       -3.96469       -3.99145      0.0136755       0.030725        13.0817        2.63417       0.123742       802    423.96
     1     25     30    832     14      1     46      8     28     37   1009      0      0    137       -3.99945       -3.99945       -3.97911       -3.99768     0.00543537     0.00169093        13.7484        2.12239       0.247997       832    439.92
     1     26     30    862     12      0     46      6     34     39   1048      0      0    140       -3.99945       -3.99945        -3.9939       -3.99863     0.00169852     0.00677059        14.2316        1.72064       0.226131       862    456.84
     1     27     30    892      8      2     48      2     36     43   1091      0      0    142       -4.00075       -4.00075       -3.99177       -3.99813     0.00332858    0.000795009        6.60893        1.35608       0.292615       892    474.24
     1     28     30    922      7      2     50      1     37     44   1135      0      0    144       -4.00215       -4.00215       -3.98843       -3.99816     0.00496711      0.0117046        8.15789        2.02513       0.218306       922    491.16
     1     29     30    952      9      0     50      3     40     42   1177      0      0    147       -4.00215       -4.00215       -3.96377       -3.99321      0.0126833      0.0212722        6.99669        1.42593       0.119136       952    503.76
     1     30     30    982      8      0     50      2     42     43   1220      0      0    150       -4.00215       -4.00215       -3.98798       -3.99817     0.00546896     0.00923526        6.88064        1.55667       0.222655       982    519.72
     1     31     30   1012      8      0     50      2     44     43   1263      0      0    150       -4.00495       -4.00495       -3.99119       -3.99972     0.00531077       0.017437        3.81074       0.524124       0.197796      1012    536.64
     1     32     30   1042      7      0     50      1     45     44   1307      0      0    150       -4.00495       -4.00495       -3.99641       -4.00029     0.00348328       0.003844        18.2224        1.98607       0.194176      1042    551.64
     1     33     30   1072      8      0     50      2     47     43   1350      0      0    150       -4.00495       -4.00495       -3.98979       -4.00278     0.00530144     0.00170442        4.25001       0.992708       0.246125      1072    568.56
     1     34     30   1102      7      0     50      1     48     44   1394      0      0    150       -4.00495       -4.00495       -3.99739       -4.00227     0.00299476      0.0223497        6.10616       0.957345       0.229142      1102    584.52
     1     35     30   1132      7      0     50      1     49     44   1438      0      0    150       -4.00793       -4.00793        -3.9897       -4.00221     0.00645055      0.0765575        19.5634        1.49962       0.241035      1132    602.88
     1     36     30   1162      8      1     51      2     51     43   1481      0      0    150       -4.00914       -4.00914       -3.97521       -4.00102      0.0108937      0.0140271        81.5161        4.09194        0.29155      1162     619.8
     1     37     30   1192     10      3     54      5     56     40   1521      0      0    150       -4.00914       -4.00914       -3.97521       -3.99921      0.0128153     0.00288623        61.0308        3.65196       0.137967      1192     637.2
     1     38     30   1222      6      0     54      0     56     45   1566      0      0    150       -4.00914       -4.00914       -4.00053       -4.00516     0.00306371      0.0421544        6.79456       0.789754       0.211599      1222    654.12
     1     39     30   1252      8      1     55      2     58     43   1609      0      0    150       -4.01195       -4.01195       -3.99105       -4.00424     0.00737472      0.0147792        2.99042       0.814364       0.163651      1252    663.36
     1     40     30   1282      6      0     55      0     58     45   1654      0      0    150       -4.01195       -4.01195       -3.99607       -4.00338     0.00632702       0.125363        4.68027        1.12608       0.176203      1282    679.32
     1     41     28   1310      6      0     55      2     60     45   1699      0      0    150       -4.01195       -4.01195       -3.99558       -4.00436     0.00834605      0.0204654        4.87916       0.766931       0.135555      1310    694.32
     1     42     30   1340      7      0     55      1     61     44   1743      0      0    150       -4.01195       -4.01195       -3.99645       -4.00744     0.00696579      0.0279266        2.23266       0.637832       0.159986      1340    711.24
     1     43     30   1370      6      1     56      0     61     45   1788      0      0    150       -4.01195       -4.01195       -3.98351       -4.00462      0.0111995      0.0708847        3.65571       0.711664        0.19834      1370     727.2
     1     44     30   1400      6      0     56      0     61     45   1833      0      0    150       -4.01195       -4.01195       -3.97936       -4.00478      0.0127198     0.00660249        19.3444        1.49553       0.197305      1400    744.12
     1     45     30   1432      6      0     55      0     60     45   1877      0      0    150       -4.01195       -4.01195       -3.97822       -3.99951      0.0149562      0.0378987        3.24483         1.0665       0.246867      1432    761.12
     1     46     29   1461      6      0     55      1     61     45   1922      0      0    150       -4.01195       -4.01195       -3.96789       -3.99887      0.0174841      0.0360959        13.2664        1.24652       0.250571      1461    776.17
     1     47     30   1491      6      0     55      0     61     45   1967      0      0    150       -4.01195       -4.01195       -3.98762       -4.00253      0.0107632      0.0140376        5.45905        1.38629       0.221539      1491    791.32
     1     48     30   1521      6      0     55      0     61     45   2012      0      0    150       -4.01195       -4.01195       -3.99209       -4.00339     0.00950403       0.121267         3.4817       0.911011       0.273881      1521    802.16
     1     49     30   1551      7      0     55      1     62     44   2056      0      0    150       -4.01195       -4.01195       -3.98886       -4.00595     0.00876948      0.0600019        3.62204       0.943648        0.10112      1551    818.12
     1     50     30   1581      7      1     56      1     63     44   2100      0      0    150       -4.01195       -4.01195       -3.97903       -4.00153      0.0148853      0.0134714        7.19949        2.03613       0.181129      1581    836.04
     1     51     30   1611      6      0     56      0     63     45   2145      0      0    150       -4.01195       -4.01195        -3.9947       -4.00722     0.00672535      0.0235289        3.79827       0.985916       0.212756      1611    853.92
     1     52     30   1641      6      4     60      0     63     45   2190      0      0    150       -4.01195       -4.01195       -3.98746       -4.00135      0.0117461      0.0758174        3.40423       0.950289       0.256116      1641    871.08
     1     53     30   1671      6      3     63      0     63     45   2235      0      0    150       -4.01195       -4.01195       -3.98514       -4.00085      0.0128819      0.0353325        9.63292        1.72678       0.213724      1671    887.28
     1     54     30   1701      6      0     63      0     63     45   2280      0      0    150       -4.01195       -4.01195       -3.99666       -4.00704     0.00652046      0.0839393        1.25924       0.590526       0.219497      1701    902.76
     1     55     30   1731      6      0     63      0     63     45   2325      0      0    150       -4.01195       -4.01195       -3.99235       -4.00323     0.00964173      0.0632896        2.46947        0.70123       0.158979      1731    919.02
     1     56     30   1761      6      2     65      0     63     45   2370      0      0    150       -4.01195       -4.01195       -3.99939       -4.00686     0.00577792      0.0413227        21.6323         1.2212       0.203408      1761    930.84
     1     57     30   1791      9      1     66      3     66     42   2412      0      0    150       -4.01195       -4.01195         -3.981       -4.00642       0.010365     0.00219552         2.7974       0.513964       0.227055      1791    947.76
     1     58     30   1821      7      1     67      1     67     44   2456      0      0    150       -4.01195       -4.01195       -3.97172       -4.00219       0.015013      0.0122485        3.06717       0.889074       0.203698      1821    967.68
     1     59     30   1851      6      0     67      1     68     44   2500      0      0    150       -4.01195       -4.01195       -3.99408        -4.0066     0.00717463      0.0968316        41.8217        2.19425       0.158768      1851    980.72
     1     59     30   1851      6      0     67      1     68     44   2500      0      0    150       -4.01195       -4.01195       -3.99408        -4.0066     0.00717463      0.0968316        41.8217        2.19425       0.158768      1851    1000.0
