     1      0     50     50     42     11     11      0      0      0      0      0      0     39       -3.80078       -3.80078       -2.73519       -3.46374        0.27567              0              0              0              0        50        50
     1      1     50    100     50      3     14      0      0      0      0      0      0     50        -3.8331        -3.8331        -3.0221       -3.63082       0.179142              0              0              0              0       100       100
     1      2     50    150     50      3     17      0      0      0      0      0      0     50       -3.86017       -3.86017       -3.12009       -3.69348       0.187732              0              0              0              0       150       150
     1      3     50    200     49      4     21      0      0      0      0      0      0     50       -3.93107       -3.93107       -2.95699        -3.7266        0.24264              0              0              0              0       200       200
     1      4     50    250     50      2     23      0      0      0      0      0      0     50       -3.94441       -3.94441       -3.05611       -3.72408       0.198147              0              0              0              0       250       250
     1      5     49    299     50      2     25      1      1      0      0      0      0     50       -3.95301       -3.95301       -3.20258       -3.73863       0.204181              0              0              0              0       299       299
     1      6     49    348     50      3     28      1      2      0      0      0      0     50       -3.96217       -3.96217       -3.13007       -3.77109       0.193479              0              0              0              0       348       348
     1      7     50    398     50      0     28      0      2      0      0      0      0     50       -3.96217       -3.96217       -3.50762       -3.84785       0.103899              0              0              0              0       398       398
     1      8     50    448     50      0     28      0      2      0      0      0      0     50       -3.96276       -3.96276       -3.62967       -3.87384      0.0822775              0              0              0              0       448       448
     1      9     50    498     50      2     30      0      2      0      0      0      0     50       -3.97352       -3.97352       -3.31613       -3.82361       0.145782              0              0              0              0       498       498
     1     10     50    548     50      2     32      0      2      0      0      0      0     50       -3.97816       -3.97816       -3.39409       -3.85323       0.124239              0              0              0              0       548       548
     1     11     49    597     50      0     32      1      3      0      0      0      0     50       -3.97816       -3.97816       -3.59231       -3.86551        0.10467              0              0              0              0       597       597
     1     12     50    647     50      1     33      0      3      0      0      0      0     50       -3.98061       -3.98061       -3.30719       -3.87587       0.144929              0              0              0              0       647       647
     1     13     50    697     50      1     34      0      3      0      0      0      0     50       -3.98736       -3.98736       -3.61155       -3.89191      0.0837202              0              0              0              0       697       697
     1     14     49    746     50      2     36      1      4      0      0      0      0     50       -3.98736       -3.98736       -3.41878       -3.87299        0.12358              0              0              0              0       746       746
     1     15     49    795     50      1     37      1      5      0      0      0      0     50       -3.98736       -3.98736       -3.47801       -3.86893       0.132556              0              0              0              0       795       795
     1     16     50    845     50      0     37      0      5      0      0      0      0     50       -3.98736       -3.98736       -3.63697        -3.8965      0.0850074              0              0              0              0       845       845
     1     17     49    894     50      1     38      1      6      0      0      0      0     50       -3.98736       -3.98736       -3.52746       -3.87816       0.100938              0              0              0              0       894       894
     1     18     50    944     50      1     39      0      6      0      0      0      0     50       -3.98736       -3.98736       -3.62723        -3.9246      0.0689375              0              0              0              0       944       944
     1     19     50    994     50      0     39      0      6      0      0      0      0     50       -3.98736       -3.98736       -3.85646       -3.94698      0.0316954              0              0              0              0       994       994
     1     20      6   1000      9      0     39      0      6      0      0      0      0     50       -3.98736       -3.98736       -3.90851       -3.95875      0.0321437              0              0              0              0      1000      1000
