     1      0     50     50     42     11     11      0      0      0      0      0      0     39       -3.80078       -3.80078       -2.73519       -3.46374        0.27567              0              0              0              0        50        50
     1      1     50    100     50      3     14      0      0      0      0      0      0     50        -3.8331        -3.8331        -3.0221       -3.63082       0.179142              0              0              0              0       100       100
     1      2      4    104      7      0     14      0      0     50     50      0      0     50        -3.8467        -3.8467       -3.77388       -3.81886      0.0293374       0.179717        1.56048       0.841726              0       104       104
     1      3      4    108      7      0     14      0      0     50    100      0      0     50        -3.8467        -3.8467       -3.77328       -3.80821      0.0270493        1.01296        1.84727        1.41768              0       108       108
     1      4      4    112      6      0     14      0      0     50    150      0      0     50       -3.86802       -3.86802       -3.84432       -3.85605      0.0101555       0.132137        8.93448        2.60829              0       112       112
     1      5      4    116      7      0     14      0      0     50    200      0      0     50       -3.91513       -3.91513       -3.67039       -3.83996      0.0847579       0.343521        4.84899        2.47856              0       116       116
     1      6      4    120      7      0     14      0      0     50    250      0      0     50       -3.91513       -3.91513       -3.71789       -3.82163      0.0692317       0.938445        3.91115        2.16853              0       120       120
     1      7      4    124      6      0     14      0      0     50    300      0      0     50       -3.91513       -3.91513       -3.65355       -3.85801       0.100695       0.219482        9.85139        4.56691              0       124       124
     1      8      4    128      7      0     14      0      0     50    350      0      0     50        -3.9204        -3.9204       -3.62559       -3.85264       0.111767       0.714927        6.13708        3.03176              0       128       128
     1      9      4    132      7      0     14      0      0     50    400      0      0     50       -3.94894       -3.94894        -3.7396       -3.88375      0.0755533       0.508221         3.3881        1.76282              0       132       132
     1     10      4    136      6      0     14      0      0     50    450      0      0     50       -3.94894       -3.94894       -3.89887       -3.92577      0.0212782       0.151056        18.6898        5.54469              0       136       136
     1     11      4    140      8      0     14      1      1     49    499      0      0     50       -3.95325       -3.95325       -3.90207        -3.9418      0.0189615       0.240971        1.05627       0.644622              0       140       140
     1     12      4    144      6      0     14      0      1     50    549      0      0     50       -3.95435       -3.95435       -3.92915       -3.94568      0.0122851       0.022833        26.7397        7.12661              0       144       144
     1     13      4    148      7      0     14      0      1     50    599      0      0     50       -3.95435       -3.95435       -3.68347       -3.85515       0.107865        3.64723        8.27762        5.12125              0       148       148
     1     14      4    152      7      0     14      1      2     49    648      0      0     50       -3.95435       -3.95435        -3.7937        -3.8843      0.0715443        1.51597         20.893        7.51613              0       152       152
     1     15      4    156      8      0     14      1      3     49    697      0      0     50       -3.97003       -3.97003       -3.94153        -3.9571      0.0106948       0.167582        6.54123        1.82655              0       156       156
     1     16      4    160      8      0     14      1      4     49    746      0      0     50       -3.97003       -3.97003       -3.92931       -3.95446      0.0137437       0.390883        2.15491       0.980798              0       160       160
     1     17      4    164      6      1     15      0      4     50    796      0      0     50       -3.97003       -3.97003       -3.78041       -3.90097      0.0770777        2.21222        4.76841        3.35668              0       164       164
     1     18      4    168      7      0     15      0      4     50    846      0      0     50       -3.97003       -3.97003       -3.88716       -3.94863      0.0304386       0.373955        2.08739        1.03592              0       168       168
     1     19      4    172      7      0     15      0      4     50    896      0      0     50       -3.97003       -3.97003       -3.53743        -3.8498        0.16969        0.14371        34.4483         12.279              0       172       172
     1     20      4    176      7      0     15      0      4     50    946      0      0     50       -3.97003       -3.97003       -3.92351       -3.95751      0.0165601       0.430653        1.27552       0.827874              0       176       176
     1     21      4    180      7      0     15      0      4     50    996      0      0     50       -3.97003       -3.97003       -3.64223       -3.89979        0.12007       0.237841        8.31542        3.38462              0       180       180
     1     22      6    186      9      0     15      0      4     50   1046      0      0     50       -3.97461       -3.97461       -3.77614       -3.92295      0.0676827      0.0484505        15.1191        3.58663              0       186       186
     1     23      5    191      9      0     15      1      5     49   1095      0      0     50       -3.97461       -3.97461       -3.71485       -3.90628        0.10228       0.370584         19.168        5.84848              0       191       191
     1     24      5    196      9      0     15      1      6     49   1144      0      0     50       -3.97461       -3.97461       -3.81285       -3.93266      0.0572233        0.66429         7.6069        2.64857              0       196       196
     1     25      4    200      7      0     15      0      6     50   1194      0      0     50       -3.97461       -3.97461       -3.93372       -3.95829      0.0179371       0.227492        1.03092       0.707685              0       200       200
     1     26      4    204      8      0     15      1      7     49   1243      0      0     50       -3.97461       -3.97461       -3.91391       -3.95721      0.0208319       0.396979        1.26802       0.766913              0       204       204
     1     27      4    208      7      0     15      0      7     50   1293      0      0     50       -3.98388       -3.98388       -3.83895         -3.944      0.0573722       0.037173        3.89474        1.55584              0       208       208
     1     28      4    212      6      0     15      0      7     50   1343      0      0     50       -3.98388       -3.98388       -3.75671       -3.93846      0.0897439        0.84124        16.6051        6.70062              0       212       212
     1     29      4    216      8      0     15      1      8     49   1392      0      0     50       -3.99443       -3.99443        -3.9165       -3.97133      0.0257265       0.178322        3.01886        1.06958              0       216       216
     1     30      4    220      7      0     15      0      8     50   1442      0      0     50       -3.99443       -3.99443       -3.94516       -3.96929      0.0182024       0.585624        1.08837       0.812977              0       220       220
     1     31      4    224      8      0     15      1      9     49   1491      0      0     50       -3.99443       -3.99443       -3.86025       -3.96439       0.044266      0.0353191          3.337        1.24854              0       224       224
     1     32      4    228      7      0     15      0      9     50   1541      0      0     50       -3.99443       -3.99443       -3.91271       -3.96703      0.0277879       0.313731        1.90339       0.891511              0       228       228
     1     33      4    232      6      1     16      0      9     50   1591      0      0     50       -3.99443       -3.99443       -3.84781       -3.94378      0.0603661       0.406839        3.50196        1.99025              0       232       232
     1     34      4    236      7      0     16      0      9     50   1641      0      0     50       -3.99443       -3.99443        -3.7739       -3.93885      0.0792401       0.577554        5.39336        2.20088              0       236       236
     1     35      4    240      8      0     16      1     10     49   1690      0      0     50       -3.99443       -3.99443       -3.50522       -3.87771       0.166641        2.31912        13.6313        6.03725              0       240       240
     1     36      4    244      7      0     16      0     10     50   1740      0      0     50       -3.99443       -3.99443       -3.74962       -3.94498      0.0873039       0.474161        8.06917          2.846              0       244       244
     1     37      4    248      7      0     16      0     10     50   1790      0      0     50       -3.99443       -3.99443       -3.95431       -3.97553      0.0158075       0.197004       0.932869       0.618919              0       248       248
     1     38      4    252      7      0     16      0     10     50   1840      0      0     50       -3.99443       -3.99443       -3.92795       -3.97145      0.0256956      0.0475532        1.86246       0.879925              0       252       252
     1     39      4    256      7      0     16      0     10     50   1890      0      0     50       -3.99443       -3.99443        -3.8832       -3.96157      0.0442919       0.310644        15.7981        4.77295              0       256       256
     1     40      4    260      8      0     16      1     11     49   1939      0      0     50       -3.99443       -3.99443       -3.94752       -3.97407      0.0170465      0.0623501        1.28051       0.716856              0       260       260
     1     41      4    264      7      0     16      0     11     50   1989      0      0     50       -3.99443       -3.99443       -3.95872       -3.97927      0.0124968       0.134518       0.466105       0.271967              0       264       264
     1     42      4    268      7      0     16      0     11     50   2039      0      0     50       -3.99443       -3.99443       -3.94372       -3.97604      0.0198211     0.00168994       0.959976       0.522472              0       268       268
     1     43      4    272      7      0     16      0     11     50   2089      0      0     50       -3.99443       -3.99443       -3.91936       -3.97412      0.0257004       0.163493        3.99032        1.22508              0       272       272
     1     44      4    276      7      0     16      0     11     50   2139      0      0     50       -3.99443       -3.99443       -3.88024       -3.96553      0.0399534       0.345334        6.02682        2.01015              0       276       276
     1     45      4    280      6      0     16      0     11     50   2189      0      0     50       -3.99443       -3.99443       -3.63669       -3.91226       0.139479       0.829405        18.9134        8.17158              0       280       280
     1     46      4    284      6      0     16      0     11     50   2239      0      0     50       -3.99443       -3.99443       -3.94646       -3.97613      0.0185728       0.162131        12.2745        3.43674              0       284       284
     1     47      4    288      8      0     16      1     12     49   2288      0      0     50       -3.99443       -3.99443       -3.93214        -3.9762      0.0225447       0.201975        1.29873       0.693125              0       288       288
     1     48      4    292      6      0     16      0     12     50   2338      0      0     50       -3.99443       -3.99443       -3.91881       -3.97416      0.0287099       0.218321         23.205        6.30657              0       292       292
     1     49      4    296      7      0     16      0     12     50   2388      0      0     50       -3.99443       -3.99443       -3.94214       -3.97757      0.0187891      0.0315391        1.03427       0.514892              0       296       296
     1     50      4    300      7      0     16      0     12     50   2438      0      0     50       -3.99443       -3.99443       -3.78611       -3.95018      0.0738388       0.265364        4.87084         1.5749              0       300       300
     1     51      4    304      7      0     16      0     12     50   2488      0      0     50       -3.99443       -3.99443       -3.84287       -3.94864      0.0612941      0.0654759        3.70533        1.68883              0       304       304
     1     52      4    308      7      0     16      0     12     50   2538      0      0     50       -3.99443       -3.99443       -3.89895       -3.96448      0.0345884       0.437109        2.26773        1.09868              0       308       308
     1     53      4    312      8      0     16      1     13     49   2587      0      0     50       -3.99443       -3.99443       -3.88932       -3.96749       0.034438       0.551586        2.40088        1.20017              0       312       312
     1     54      4    316      6      0     16      0     13     50   2637      0      0     50       -3.99443       -3.99443       -3.91642       -3.96437      0.0326036       0.722462        10.8717        4.30228              0       316       316
     1     55      4    320      8      0     16      1     14     49   2686      0      0     50       -3.99443       -3.99443       -3.92647       -3.97181      0.0237232        0.30059        1.40987       0.805804              0       320       320
     1     56      4    324      6      0     16      0     14     50   2736      0      0     50       -3.99443       -3.99443       -3.87961       -3.96498      0.0440131      0.0930745        14.4006        4.48235              0       324       324
     1     57      4    328      8      0     16      1     15     49   2785      0      0     50       -3.99443       -3.99443       -3.91432       -3.96154      0.0367608       0.639948        3.28482        1.81209              0       328       328
     1     58      4    332      7      0     16      1     16     49   2834      0      0     50       -3.99443       -3.99443       -3.94561       -3.98429      0.0183926       0.185999        12.3765        3.47185              0       332       332
     1     59      4    336      8      0     16      1     17     49   2883      0      0     50       -3.99443       -3.99443       -3.86225       -3.96529      0.0463576       0.148185        3.79401        1.74478              0       336       336
     1     60      4    340      7      0     16      0     17     50   2933      0      0     50       -3.99443       -3.99443       -3.79797       -3.95412       0.070489       0.487894         6.4093        2.16215              0       340       340
     1     61      4    344      8      0     16      1     18     49   2982      0      0     50       -3.99443       -3.99443         -3.965       -3.98064      0.0123104       0.153512       0.682133       0.368909              0       344       344
     1     62      4    348      7      0     16      0     18     50   3032      0      0     50       -3.99443       -3.99443       -3.95078       -3.97805      0.0187279       0.288082       0.607189       0.404245              0       348       348
     1     63      4    352      8      0     16      1     19     49   3081      0      0     50       -3.99443       -3.99443       -3.91467       -3.97024      0.0316127       0.282618        7.99419        2.97777              0       352       352
     1     64      4    356      7      0     16      1     20     49   3130      0      0     50       -3.99443       -3.99443       -3.95491       -3.98083      0.0176475       0.183576        10.8109        3.03983              0       356       356
     1     65      4    360      7      0     16      0     20     50   3180      0      0     50       -3.99443       -3.99443       -3.64052       -3.93051       0.129412       0.095935         22.323        6.05152              0       360       360
     1     66      4    364      8      0     16      1     21     49   3229      0      0     50       -3.99443       -3.99443        -3.8956       -3.97499      0.0330863     0.00581624        2.14263       0.675735              0       364       364
     1     67      4    368      8      0     16      1     22     49   3278      0      0     50       -3.99443       -3.99443       -3.96005       -3.98451      0.0121668     0.00707427       0.529874       0.274345              0       368       368
     1     68      4    372      7      0     16      0     22     50   3328      0      0     50       -3.99443       -3.99443        -3.8973       -3.96006      0.0427445       0.511779        3.15756        1.63587              0       372       372
     1     69      4    376      7      0     16      0     22     50   3378      0      0     50       -3.99443       -3.99443       -3.84495       -3.96386       0.054013      0.0352621         3.5008         1.1237              0       376       376
     1     70      4    380      7      0     16      0     22     50   3428      0      0     50       -3.99443       -3.99443       -3.89267        -3.9648      0.0373966        0.41882        2.31912        1.47174              0       380       380
     1     71      4    384      7      0     16      0     22     50   3478      0      0     50       -3.99443       -3.99443       -3.74886       -3.93375      0.0884437        1.20818        5.74551        2.64239              0       384       384
     1     72      4    388      7      0     16      0     22     50   3528      0      0     50       -3.99443       -3.99443       -3.96799       -3.98349      0.0110376       0.121364       0.830443       0.378675              0       388       388
     1     73      4    392      7      0     16      0     22     50   3578      0      0     50       -3.99443       -3.99443       -3.92102       -3.97201      0.0264982       0.366281        1.66753        0.85038              0       392       392
     1     74      4    396      7      0     16      0     22     50   3628      0      0     50       -3.99443       -3.99443       -3.84307       -3.94717      0.0635175       0.404752        3.43522        1.76577              0       396       396
     1     75      4    400      7      0     16      0     22     50   3678      0      0     50       -3.99443       -3.99443       -3.94651       -3.97656      0.0190681      0.0357773       0.967786       0.442266              0       400       400
     1     76      4    404      7      0     16      0     22     50   3728      0      0     50       -3.99443       -3.99443       -3.80301       -3.94864      0.0736986      0.0980792        4.49109        1.98348              0       404       404
     1     77      4    408      7      0     16      0     22     50   3778      0      0     50       -3.99443       -3.99443       -3.94837       -3.98357      0.0170677       0.063405       0.643391       0.335906              0       408       408
     1     78      4    412      7      0     16      0     22     50   3828      0      0     50       -3.99443       -3.99443       -3.94996       -3.98053      0.0166714     0.00118913        0.68484       0.287833              0       412       412
     1     79      4    416      7      0     16      0     22     50   3878      0      0     50       -3.99443       -3.99443       -3.96428       -3.97928      0.0143302       0.304838       0.483306       0.412968              0       416       416
     1     80      4    420      8      0     16      1     23     49   3927      0      0     50       -3.99443       -3.99443       -3.85251          -3.96      0.0496634       0.328183         6.7376        2.40612              0       420       420
     1     81      4    424      8      0     16      1     24     49   3976      0      0     50       -3.99443       -3.99443       -3.87893       -3.95401      0.0526022        0.10706        2.68856        1.79624              0       424       424
     1     82      4    428      7      0     16      0     24     50   4026      0      0     50       -3.99443       -3.99443       -3.93741       -3.97318      0.0244834       0.370979       0.878867       0.578774              0       428       428
     1     83      4    432      7      0     16      1     25     49   4075      0      0     50       -3.99443       -3.99443       -3.88763       -3.96814      0.0402192       0.232758        21.9108        6.26042              0       432       432
     1     84      4    436      8      0     16      1     26     49   4124      0      0     50       -3.99443       -3.99443        -3.9126       -3.97205      0.0289549       0.391599        1.73441       0.807955              0       436       436
     1     85      4    440      8      0     16      1     27     49   4173      0      0     50       -3.99443       -3.99443        -3.8976       -3.97204      0.0351838      0.0395962        2.36308        0.95725              0       440       440
     1     86      4    444      8      0     16      1     28     49   4222      0      0     50       -3.99443       -3.99443       -3.81596       -3.96305      0.0620605      0.0583119        6.21358        2.01204              0       444       444
     1     87      4    448      7      0     16      0     28     50   4272      0      0     50       -3.99443       -3.99443       -3.95702       -3.97613      0.0173184       0.362026       0.686445       0.478587              0       448       448
     1     88      4    452      7      0     16      0     28     50   4322      0      0     50       -3.99443       -3.99443       -3.69379        -3.9407       0.109701      0.0898943        15.5509         4.1116              0       452       452
     1     89      4    456      7      0     16      0     28     50   4372      0      0     50       -3.99443       -3.99443       -3.95557       -3.98035      0.0163579        0.15189        1.80475       0.670974              0       456       456
     1     90      4    460      7      0     16      0     28     50   4422      0      0     50       -3.99443       -3.99443       -3.94091       -3.97808      0.0195721       0.132396       0.913601       0.385798              0       460       460
     1     91      4    464      7      0     16      0     28     50   4472      0      0     50       -3.99443       -3.99443       -3.95162       -3.97651      0.0181405       0.228576       0.726419       0.482873              0       464       464
     1     92      4    468      9      0     16      2     30     48   4520      0      0     50       -3.99443       -3.99443       -3.72083       -3.95224      0.0879351       0.204421        17.3998        4.83007              0       468       468
     1     93      4    472      7      0     16      0     30     50   4570      0      0     50       -3.99443       -3.99443       -3.90062       -3.97172      0.0334683      0.0838494         60.308        15.2954              0       472       472
     1     94      4    476      9      0     16      2     32     48   4618      0      0     50       -3.99443       -3.99443       -3.82949       -3.96212      0.0552418        0.29699        6.85314         2.3584              0       476       476
     1     95      4    480      8      0     16      1     33     49   4667      0      0     50       -3.99443       -3.99443       -3.97376       -3.98624     0.00913933      0.0391701       0.162574       0.116991              0       480       480
     1     96      4    484      7      0     16      0     33     50   4717      0      0     50       -3.99443       -3.99443       -3.96092       -3.98309      0.0149557        0.13398       0.843212        0.41938              0       484       484
     1     97      4    488      7      0     16      0     33     50   4767      0      0     50       -3.99443       -3.99443       -3.96155        -3.9812      0.0145816      0.0474697       0.726874       0.337996              0       488       488
     1     98      4    492      7      0     16      0     33     50   4817      0      0     50       -3.99443       -3.99443        -3.8971       -3.97061      0.0353327       0.157453        7.62824        2.28229              0       492       492
     1     99      4    496      7      0     16      0     33     50   4867      0      0     50       -3.99443       -3.99443       -3.92757       -3.96696      0.0282152         0.2959        1.47412       0.962276              0       496       496
     1    100      4    500      7      0     16      0     33     50   4917      0      0     50       -3.99443       -3.99443       -3.79455       -3.94706       0.077842       0.102282        4.43977        1.74878              0       500       500
     1    101      4    504      7      0     16      0     33     50   4967      0      0     50       -3.99443       -3.99443       -3.95067       -3.97878      0.0166116     0.00803852       0.643103        0.36737              0       504       504
     1    102      4    508      6      1     17      0     33     50   5017      0      0     50       -3.99443       -3.99443       -3.88147       -3.96399      0.0439168        0.34563         2.3783        1.10772              0       508       508
     1    103      4    512      8      0     17      1     34     49   5066      0      0     50       -3.99443       -3.99443        -3.8121       -3.96248      0.0628805      0.0591308        4.30742        1.37318              0       512       512
     1    104      4    516      6      0     17      0     34     50   5116      0      0     50       -3.99443       -3.99443       -3.94769       -3.97445      0.0221974       0.510787        9.83017        3.02563              0       516       516
     1    105      4    520      7      0     17      0     34     50   5166      0      0     50       -3.99443       -3.99443       -3.96123       -3.98332      0.0134864       0.029166       0.814221       0.335777              0       520       520
     1    106      4    524      7      0     17      0     34     50   5216      0      0     50       -3.99443       -3.99443       -3.93431       -3.97444      0.0223845       0.200665        1.14752       0.665023              0       524       524
     1    107      4    528      8      0     17      1     35     49   5265      0      0     50       -3.99443       -3.99443       -3.91316       -3.97875      0.0280402      0.0414354        1.79272       0.622597              0       528       528
     1    108      4    532      7      0     17      0     35     50   5315      0      0     50       -3.99443       -3.99443       -3.96386       -3.98435      0.0140087       0.176347       0.534308       0.293679              0       532       532
     1    109      4    536      7      0     17      0     35     50   5365      0      0     50       -3.99443       -3.99443       -3.90283       -3.96548      0.0350574        0.16326        2.11106         1.0873              0       536       536
     1    110      4    540      7      0     17      0     35     50   5415      0      0     50       -3.99476       -3.99476       -3.89518        -3.9751      0.0367541       0.212804        4.52555        1.42566              0       540       540
     1    111      4    544      7      0     17      0     35     50   5465      0      0     50       -3.99476       -3.99476       -3.95389       -3.98182      0.0147458      0.0192579       0.640553       0.321421              0       544       544
     1    112      4    548      7      0     17      0     35     50   5515      0      0     50       -3.99476       -3.99476       -3.80884       -3.96131      0.0678796      0.0389341        5.34334        1.48856              0       548       548
     1    113      4    552      7      0     17      0     35     50   5565      0      0     50       -3.99476       -3.99476       -3.96279       -3.98306       0.013796      0.0822112       0.800267       0.471504              0       552       552
     1    114      4    556      7      0     17      1     36     49   5614      0      0     50       -3.99476       -3.99476       -3.91582       -3.97596      0.0288563      0.0283272        17.0361        4.87197              0       556       556
     1    115      4    560      7      0     17      0     36     50   5664      0      0     50       -3.99476       -3.99476       -3.90378       -3.95838      0.0410078       0.303416        2.18945        1.43917              0       560       560
     1    116      4    564      7      0     17      0     36     50   5714      0      0     50       -3.99476       -3.99476       -3.97181       -3.98458      0.0101036      0.0509295       0.776141       0.321526              0       564       564
     1    117      4    568      7      0     17      0     36     50   5764      0      0     50       -3.99476       -3.99476       -3.94094       -3.97652      0.0199472       0.142292         1.0044       0.538406              0       568       568
     1    118      4    572      9      0     17      2     38     48   5812      0      0     50       -4.00006       -4.00006       -3.96205       -3.98529      0.0137884       0.450781        1.00561       0.640532              0       572       572
     1    119      4    576      7      0     17      0     38     50   5862      0      0     50       -4.00006       -4.00006       -3.93159       -3.97979      0.0232931       0.144353        1.43957       0.598189              0       576       576
     1    120      4    580      7      0     17      0     38     50   5912      0      0     50       -4.00006       -4.00006       -3.94729       -3.98167      0.0198793     0.00972327        1.32124       0.528481              0       580       580
     1    121      4    584      7      0     17      0     38     50   5962      0      0     50       -4.00006       -4.00006       -3.94243       -3.98294      0.0220735       0.165644         1.3015       0.627168              0       584       584
     1    122      4    588      7      0     17      0     38     50   6012      0      0     50       -4.00006       -4.00006        -3.9675       -3.98846      0.0116668      0.0964826         0.4618       0.265489              0       588       588
     1    123      4    592      8      0     17      1     39     49   6061      0      0     50       -4.00006       -4.00006       -3.90506       -3.98073       0.032987       0.161828        2.04131       0.795152              0       592       592
     1    124      4    596      9      0     17      3     42     47   6108      0      0     50       -4.00006       -4.00006       -3.93773       -3.98743      0.0232086       0.196773        9.29094         2.8764              0       596       596
     1    125      4    600      7      1     18      1     43     49   6157      0      0     50       -4.00084       -4.00084       -3.98163       -3.99663     0.00718483       0.183865       0.399663       0.265614              0       600       600
     1    126      4    604      7      0     18      0     43     50   6207      0      0     50       -4.00209       -4.00209       -3.97051       -3.99274      0.0126054       0.166977       0.758091       0.409989              0       604       604
     1    127      4    608      7      0     18      0     43     50   6257      0      0     50       -4.00209       -4.00209       -3.95732       -3.98887      0.0161075      0.0822653        2.40041        1.24063              0       608       608
     1    128      4    612      7      0     18      0     43     50   6307      0      0     50       -4.00209       -4.00209       -3.96341       -3.98705      0.0152156       0.146869       0.762966       0.515179              0       612       612
     1    129      4    616      7      0     18      0     43     50   6357      0      0     50       -4.00209       -4.00209       -3.88906       -3.97787      0.0404182      0.0844528        2.84567       0.967109              0       616       616
     1    130      4    620      7      0     18      0     43     50   6407      0      0     50       -4.00209       -4.00209       -3.96906       -3.98807      0.0142786      0.0800582       0.927756       0.469637              0       620       620
     1    131      4    624      7      0     18      0     43     50   6457      0      0     50       -4.00209       -4.00209       -3.84088       -3.96526      0.0569597       0.363933        3.79842        1.37159              0       624       624
     1    132      4    628      7      0     18      0     43     50   6507      0      0     50       -4.00209       -4.00209       -3.93941       -3.98665      0.0218578       0.120084        4.51648        1.39001              0       628       628
     1    133      4    632      7      0     18      0     43     50   6557      0      0     50       -4.00209       -4.00209       -3.91947       -3.98209      0.0295844       0.147329        3.38771         1.4811              0       632       632
     1    134      4    636      7      0     18      0     43     50   6607      0      0     50       -4.00269       -4.00269       -3.97949       -3.99548     0.00935942      0.0973504       0.374921       0.263684              0       636       636
     1    135      4    640      7      0     18      0     43     50   6657      0      0     50       -4.00269       -4.00269       -3.98159       -3.99542     0.00745939     0.00752685       0.418189       0.240842              0       640       640
     1    136      4    644      7      0     18      0     43     50   6707      0      0     50       -4.00269       -4.00269       -3.98912       -3.99732     0.00494548      0.0111032       0.109027       0.055553              0       644       644
     1    137      4    648      7      0     18      0     43     50   6757      0      0     50       -4.00269       -4.00269       -3.89035        -3.9821      0.0409084      0.0146239        3.73963        1.11156              0       648       648
     1    138      4    652      8      0     18      1     44     49   6806      0      0     50       -4.00269       -4.00269       -3.94245       -3.98348      0.0237348        0.26644        1.45944       0.867186              0       652       652
     1    139      4    656      8      0     18      1     45     49   6855      0      0     50       -4.00269       -4.00269       -3.96085       -3.98972      0.0149051       0.014099         2.0669        0.82065              0       656       656
     1    140      4    660      7      0     18      0     45     50   6905      0      0     50       -4.00269       -4.00269       -3.80684       -3.96736      0.0712611      0.0254507        4.62104        1.23522              0       660       660
     1    141      4    664      7      0     18      0     45     50   6955      0      0     50       -4.00396       -4.00396       -3.95871       -3.98993      0.0179029      0.0784097       0.833767       0.372128              0       664       664
     1    142      4    668      7      0     18      0     45     50   7005      0      0     50       -4.00396       -4.00396       -3.97546       -3.98922      0.0131437       0.340127       0.625054        0.50203              0       668       668
     1    143      4    672      7      0     18      0     45     50   7055      0      0     50       -4.00396       -4.00396        -3.8959       -3.97818      0.0380418        0.12182        2.62071       0.932472              0       672       672
     1    144      4    676      9      0     18      2     47     48   7103      0      0     50       -4.00396       -4.00396       -3.96793       -3.99391      0.0116018      0.0239819        0.58513       0.253224              0       676       676
     1    145      4    680      7      0     18      0     47     50   7153      0      0     50       -4.00396       -4.00396       -3.94943       -3.98874      0.0205156      0.0597305       0.996749       0.459559              0       680       680
     1    146      4    684      8      0     18      1     48     49   7202      0      0     50       -4.00396       -4.00396       -3.96884       -3.98945      0.0153345        0.09786       0.584364       0.303458              0       684       684
     1    147      4    688      8      0     18      1     49     49   7251      0      0     50       -4.00396       -4.00396       -3.94678       -3.98943      0.0198653      0.0316743        2.25398        0.97679              0       688       688
     1    148      4    692      8      0     18      1     50     49   7300      0      0     50       -4.00396       -4.00396       -3.98142       -3.99402      0.0100286      0.0874743       0.272569        0.17507              0       692       692
     1    149      4    696      7      0     18      0     50     50   7350      0      0     50       -4.00396       -4.00396       -3.98239       -3.99584      0.0085438      0.0116398       0.472609       0.171458              0       696       696
     1    150      4    700      7      0     18      0     50     50   7400      0      0     50       -4.00396       -4.00396       -3.96768       -3.98856      0.0148207       0.294227       0.716018       0.487742              0       700       700
     1    151      4    704      7      0     18      0     50     50   7450      0      0     50       -4.00396       -4.00396       -3.86254       -3.96919      0.0592064       0.123782        4.90155        1.91931              0       704       704
     1    152      4    708      7      0     18      0     50     50   7500      0      0     50       -4.00396       -4.00396       -3.97874        -3.9949      0.0104338      0.0993667       0.494796       0.281404              0       708       708
     1    153      4    712      6      0     18      1     51     49   7549      0      0     50       -4.00396       -4.00396       -3.97874       -3.99367      0.0120714       0.218605        30.3233        9.32242              0       712       712
     1    154      4    716      7      0     18      0     51     50   7599      0      0     50       -4.00396       -4.00396        -3.9627       -3.98943       0.015911      0.0738824       0.761447       0.451717              0       716       716
     1    155      4    720      7      0     18      0     51     50   7649      0      0     50       -4.00396       -4.00396       -3.91768       -3.98197      0.0309848      0.0156335        1.98459       0.720443              0       720       720
     1    156      4    724      7      0     18      0     51     50   7699      0      0     50       -4.00396       -4.00396       -3.95615       -3.98448      0.0190846       0.407138       0.854668       0.581771              0       724       724
     1    157      4    728      7      0     18      0     51     50   7749      0      0     50       -4.00396       -4.00396       -3.95444        -3.9838      0.0212873       0.297272        1.56554        1.03582              0       728       728
     1    158      4    732      7      0     18      0     51     50   7799      0      0     50       -4.00396       -4.00396       -3.81839       -3.96543      0.0663884       0.185587        4.37526        1.66759              0       732       732
     1    159      4    736      7      0     18      0     51     50   7849      0      0     50       -4.00396       -4.00396       -3.96872       -3.99113       0.014408      0.0109356       0.738519       0.465768              0       736       736
     1    160      4    740      7      0     18      0     51     50   7899      0      0     50       -4.00396       -4.00396       -3.98569       -3.99514      0.0086662       0.101955       0.424714       0.257611              0       740       740
     1    161      4    744      7      0     18      0     51     50   7949      0      0     50       -4.00396       -4.00396       -3.97362       -3.99307      0.0125791        0.15465       0.655601       0.397811              0       744       744
     1    162      4    748      8      0     18      1     52     49   7998      0      0     50       -4.00396       -4.00396       -3.97185       -3.99199      0.0141478        0.25051       0.754046       0.488729              0       748       748
     1    163      4    752      6      0     18      0     52     50   8048      0      0     50       -4.00396       -4.00396       -3.96536        -3.9953      0.0150381      0.0425536        16.0829        4.28466              0       752       752
     1    164      4    756      7      0     18      0     52     50   8098      0      0     50       -4.00396       -4.00396       -3.99252        -3.9998     0.00472124      0.0144742        0.16797      0.0861608              0       756       756
     1    165      4    760      7      0     18      0     52     50   8148      0      0     50       -4.00396       -4.00396       -3.98929       -3.99767     0.00648173      0.0268015       0.200279       0.152127              0       760       760
     1    166      4    764      7      0     18      0     52     50   8198      0      0     50       -4.00396       -4.00396       -3.99021       -3.99887     0.00569034      0.0273789       0.295989        0.14779              0       764       764
     1    167      4    768      7      0     18      0     52     50   8248      0      0     50       -4.00674       -4.00674       -3.98334       -3.99832     0.00995201       0.169857       0.330977       0.240306              0       768       768
     1    168      4    772      8      0     18      1     53     49   8297      0      0     50       -4.00674       -4.00674       -3.95584       -3.99082      0.0184078        0.15552        1.17342       0.760325              0       772       772
     1    169      4    776      7      0     18      0     53     50   8347      0      0     50       -4.00674       -4.00674       -3.97671       -3.99466      0.0114262       0.186794       0.632358       0.511063              0       776       776
     1    170      4    780      7      0     18      0     53     50   8397      0      0     50       -4.00674       -4.00674       -3.96519       -3.99477      0.0145375      0.0541455        1.06095       0.468735              0       780       780
     1    171      4    784      7      0     18      0     53     50   8447      0      0     50       -4.00674       -4.00674       -3.85633       -3.96902      0.0551068      0.0848093        3.64177        1.60621              0       784       784
     1    172      4    788      7      0     18      0     53     50   8497      0      0     50       -4.00674       -4.00674       -3.92597       -3.98736      0.0280922      0.0584006        1.68066        0.66889              0       788       788
     1    173      4    792      7      0     18      0     53     50   8547      0      0     50       -4.00674       -4.00674       -3.96024       -3.99026      0.0165863     0.00192511        1.16052        0.39226              0       792       792
     1    174      4    796      9      0     18      2     55     48   8595      0      0     50       -4.00674       -4.00674       -3.92045       -3.98545      0.0262622      0.0485838        1.89695       0.746557              0       796       796
     1    175      4    800      7      0     18      0     55     50   8645      0      0     50       -4.00674       -4.00674       -3.93955       -3.99003      0.0233178       0.113731        1.53023       0.650565              0       800       800
     1    176      4    804      9      0     18      2     57     48   8693      0      0     50       -4.00888       -4.00888       -3.97297       -3.99726      0.0148237       0.154839       0.832016       0.443693              0       804       804
     1    177      4    808      9      0     18      3     60     47   8740      0      0     50       -4.00888       -4.00888         -3.994       -4.00325     0.00503562     0.00210166        7.98197        2.04179              0       808       808
     1    178      4    812      9      0     18      2     62     48   8788      0      0     50       -4.00888       -4.00888        -3.8529       -3.98614      0.0501971        0.13251        3.90201        1.15853              0       812       812
     1    179      4    816      7      0     18      0     62     50   8838      0      0     50       -4.00888       -4.00888       -3.96533        -3.9942      0.0158005       0.298316        1.08634       0.587081              0       816       816
     1    180      4    820      7      0     18      0     62     50   8888      0      0     50       -4.00888       -4.00888       -3.98724       -3.99768     0.00931324       0.196786       0.559813       0.366736              0       820       820
     1    181      4    824      7      0     18      0     62     50   8938      0      0     50       -4.00888       -4.00888       -3.99369       -4.00315     0.00516733       0.031001       0.280372       0.158483              0       824       824
     1    182      4    828      7      0     18      0     62     50   8988      0      0     50       -4.00888       -4.00888       -3.99173       -4.00195     0.00629194      0.0247746       0.236552       0.131555              0       828       828
     1    183      4    832      7      0     18      0     62     50   9038      0      0     50       -4.00888       -4.00888       -3.98533       -3.99972      0.0084454      0.0607282       0.559639       0.303358              0       832       832
     1    184      4    836      7      0     18      0     62     50   9088      0      0     50       -4.00888       -4.00888       -3.97766        -3.9959      0.0119392       0.158219        0.65685       0.368839              0       836       836
     1    185      4    840      8      0     18      1     63     49   9137      0      0     50       -4.00888       -4.00888       -3.92255       -3.98848      0.0291203       0.270563        2.49292        1.36652              0       840       840
     1    186      4    844      9      0     18      2     65     48   9185      0      0     50       -4.00888       -4.00888       -3.99034       -4.00222     0.00636133      0.0173276       0.269386      0.0854894              0       844       844
     1    187      4    848      7      0     18      0     65     50   9235      0      0     50       -4.00888       -4.00888       -3.97231       -3.99578      0.0132103      0.0184048         0.7285       0.364557              0       848       848
     1    188      4    852      7      0     18      0     65     50   9285      0      0     50       -4.00888       -4.00888       -3.96037       -3.98791      0.0203088       0.236351         1.7181       0.961689              0       852       852
     1    189      4    856      7      0     18      0     65     50   9335      0      0     50       -4.00888       -4.00888       -3.97636       -3.99513         0.0127       0.315249       0.665696       0.469274              0       856       856
     1    190      4    860      8      0     18      1     66     49   9384      0      0     50       -4.00888       -4.00888       -3.97067       -3.99698      0.0138767      0.0964914       0.684045        0.31004              0       860       860
     1    191      4    864      7      0     18      0     66     50   9434      0      0     50       -4.00888       -4.00888        -3.9638       -3.99675      0.0157504      0.0727044       0.919404       0.295185              0       864       864
     1    192      4    868      7      0     18      0     66     50   9484      0      0     50       -4.00888       -4.00888       -3.99401        -4.0029     0.00578484     0.00904548       0.370927        0.18851              0       868       868
     1    193      4    872      6      1     19      0     66     50   9534      0      0     50       -4.00888       -4.00888       -3.99545       -4.00291     0.00609888     0.00679696       0.200048       0.101579              0       872       872
     1    194      4    876      7      0     19      0     66     50   9584      0      0     50       -4.00888       -4.00888       -3.99051             -4     0.00815903        0.19056       0.275991        0.22564              0       876       876
     1    195      4    880      7      0     19      0     66     50   9634      0      0     50       -4.00888       -4.00888       -3.98099        -3.9972      0.0109729      0.0615515       0.438635       0.257392              0       880       880
     1    196      4    884      8      0     19      1     67     49   9683      0      0     50       -4.00888       -4.00888       -3.92987       -3.99033       0.026676       0.227273        2.85112        1.01024              0       884       884
     1    197      4    888      8      0     19      1     68     49   9732      0      0     50       -4.00888       -4.00888       -3.97416       -4.00097      0.0119075    0.000890897       0.866077       0.280941              0       888       888
     1    198      4    892      7      0     19      0     68     50   9782      0      0     50       -4.00888       -4.00888       -3.99292       -4.00199     0.00671573      0.0153663        0.39809       0.202782              0       892       892
     1    199      4    896      8      0     19      1     69     49   9831      0      0     50       -4.00888       -4.00888       -3.98729       -4.00305       0.007853     0.00309765       0.225417        0.11756              0       896       896
     1    200      4    900      9      0     19      2     71     48   9879      0      0     50       -4.00888       -4.00888       -3.98775        -4.0018     0.00865762       0.165823       0.351603       0.285431              0       900       900
     1    201      4    904     10      0     19      3     74     47   9926      0      0     50       -4.00888       -4.00888       -3.97294       -4.00138      0.0123325        0.13796        0.89651       0.354675              0       904       904
     1    202      4    908     11      0     19      4     78     46   9972      0      0     50       -4.00888       -4.00888       -3.96791       -4.00308      0.0125983      0.0064176       0.783029       0.353724              0       908       908
     1    203      4    912      8      0     19      1     79     49  10021      0      0     50       -4.00888       -4.00888       -3.94042       -3.99336      0.0245883      0.0757145        2.38367       0.906742              0       912       912
     1    204      4    916      7      0     19      0     79     50  10071      0      0     50       -4.00888       -4.00888       -3.99241       -4.00523     0.00621192      0.0159783       0.218829       0.139102              0       916       916
     1    205      4    920      7      0     19      0     79     50  10121      0      0     50       -4.00888       -4.00888       -3.97193       -4.00046      0.0132219      0.0784953       0.892699       0.355358              0       920       920
     1    206      4    924      8      0     19      1     80     49  10170      0      0     50       -4.00888       -4.00888       -3.96436       -4.00149      0.0153687       0.130133        1.05741       0.384129              0       924       924
     1    207      4    928      8      0     19      1     81     49  10219      0      0     50       -4.00888       -4.00888       -3.97212       -3.99896      0.0162777       0.044986       0.864273       0.448555              0       928       928
     1    208      4    932      9      0     19      2     83     48  10267      0      0     50       -4.00888       -4.00888       -3.99438       -4.00707     0.00479546      0.0234879       0.285208      0.0995684              0       932       932
     1    209      4    936      9      0     19      2     85     48  10315      0      0     50       -4.00888       -4.00888       -3.97055       -4.00112      0.0134168      0.0768371       0.800944       0.416819              0       936       936
     1    210      4    940      8      0     19      1     86     49  10364      0      0     50       -4.00888       -4.00888       -3.98618       -4.00107     0.00919452       0.125788       0.470484       0.301835              0       940       940
     1    211      4    944      8      0     19      1     87     49  10413      0      0     50       -4.00888       -4.00888        -3.9864        -4.0014      0.0104698      0.0632617       0.808255       0.424319              0       944       944
     1    212      4    948      8      0     19      1     88     49  10462      0      0     50       -4.00888       -4.00888       -3.97246       -4.00324      0.0128038     0.00525465       0.777215       0.251745              0       948       948
     1    213      4    952      7      1     20      1     89     48  10510      0      0     50       -4.00888       -4.00888       -3.98536       -4.00023      0.0109494       0.397182       0.504752       0.450967              0       952       952
     1    214      4    956      7      0     20      0     89     50  10560      0      0     50       -4.00888       -4.00888       -3.98884       -4.00485     0.00768925      0.0120739       0.463759       0.178118              0       956       956
     1    215      4    960      7      1     21      1     90     48  10608      0      0     50       -4.00888       -4.00888       -3.98983        -4.0034     0.00803532      0.0890911       0.363443       0.226267              0       960       960
     1    216      4    964      9      0     21      2     92     48  10656      0      0     50       -4.00888       -4.00888       -3.97484       -4.00244      0.0108273       0.159339       0.572193       0.301787              0       964       964
     1    217      4    968      7      0     21      0     92     50  10706      0      0     50       -4.00888       -4.00888       -3.97322       -3.99632      0.0143452      0.0886761       0.773488       0.486627              0       968       968
     1    218      4    972      7      0     21      0     92     49  10755      0      0     50       -4.00888       -4.00888       -3.99081       -4.00067     0.00818343      0.0732885       0.389469       0.258129              0       972       972
     1    219      4    976      8      0     21      1     93     49  10804      0      0     50       -4.00888       -4.00888       -3.94298       -3.99443      0.0226282      0.0603914        1.61477       0.929385              0       976       976
     1    220      4    980      8      0     21      1     94     49  10853      0      0     50       -4.00888       -4.00888       -3.89843       -3.98932      0.0377654      0.0707435        3.10083        1.00923              0       980       980
     1    221      4    984      7      0     21      1     95     49  10902      0      0     50       -4.00888       -4.00888       -3.99802       -4.00491     0.00501368      0.0160991        3.65384        1.03915              0       984       984
     1    222      4    988     10      0     21      3     98     47  10949      0      0     50       -4.00888       -4.00888       -3.97002       -4.00255      0.0125078      0.0820678       0.654247       0.302122              0       988       988
     1    223      4    992      9      0     21      2    100     47  10996      0      0     50       -4.00888       -4.00888       -3.96682       -4.00297      0.0137683    0.000249446       0.141935      0.0538932              0       992       992
     1    224      4    996     10      0     21      3    103     47  11043      0      0     50       -4.00888       -4.00888       -3.99989       -4.00732     0.00333123    2.16802e-05        6.14495        1.59319              0       996       996
     1    225      4   1000      7      0     21      1    104     49  11092      0      0     50       -4.00888       -4.00888       -3.95261       -4.00084      0.0212681     0.00444718        2.20164       0.942179              0      1000      1000
     1    226      0   1000     18      0     21     15    119     35  11127      0      0     50       -4.00888       -4.00888       -4.00888       -4.00888     5.7825e-08   4.48283e+306   4.48428e+306   4.48392e+306              0      1000      1000
