     1      0     60     60     60      0      0      0      0      0      0      0      0     30        1.90175        1.90175        1359.05        488.906        342.987              0              0              0              0        60        60
     1      1     54    114     60      0      0      6      6      0      0      0      0     30        1.90175        1.90175        1090.01        422.206        268.992              0              0              0              0       114       114
     1      2     55    169     60      0      0      5     11      0      0      0      0     30       0.397983       0.397983        659.971        307.513        218.739              0              0              0              0       169       169
     1      3     53    222     60      0      0      7     18      0      0      0      0     30       0.190204       0.190204        619.522        283.801        234.209              0              0              0              0       222       222
     1      4     59    281     60      0      0      1     19      0      0      0      0     30     0.00744724     0.00744724        641.733        260.695        226.155              0              0              0              0       281       281
     1      5     53    334     60      0      0      7     26      0      0      0      0     30     0.00513803     0.00513803        1474.44        246.767        266.851              0              0              0              0       334       334
     1      6     54    388     60      0      0      6     32      0      0      0      0     30     0.00513803     0.00513803        638.671        194.015        227.949              0              0              0              0       388       388
     1      7     53    441     60      0      0      7     39      0      0      0      0     30     0.00513803     0.00513803          599.2        156.634         212.52              0              0              0              0       441       441
     1      8     54    495     60      0      0      6     45      0      0      0      0     30     0.00513803     0.00513803        846.653        155.812         217.86              0              0              0              0       495       495
     1      9     54    549     60      0      0      6     51      0      0      0      0     30     0.00513803     0.00513803        617.021         159.42        215.687              0              0              0              0       549       549
     1     10     56    605     60      0      0      4     55      0      0      0      0     30    2.00879e-06    2.00879e-06        608.573         129.98        188.454              0              0              0              0       605       605
     1     11     55    660     60      0      0      5     60      0      0      0      0     30    2.00879e-06    2.00879e-06        2274.51        221.149        443.254              0              0              0              0       660       660
     1     12     57    717     60      0      0      3     63      0      0      0      0     30    2.00879e-06    2.00879e-06        1546.59        161.669        318.513              0              0              0              0       717       717
     1     13     53    770     60      0      0      7     70      0      0      0      0     30    2.00879e-06    2.00879e-06        898.454        134.337         202.93              0              0              0              0       770       770
     1     14     57    827     60      0      0      3     73      0      0      0      0     30    2.00879e-06    2.00879e-06        4899.47        234.518         868.86              0              0              0              0       827       827
     1     15     55    882     60      0      0      5     78      0      0      0      0     30    2.00879e-06    2.00879e-06        591.349        34.9428        113.398              0              0              0              0       882       882
     1     16     57    939     60      0      0      3     81      0      0      0      0     30    2.00879e-06    2.00879e-06        557.571         39.424        120.384              0              0              0              0       939       939
     1     17     50    989     60      0      0     10     91      0      0      0      0     30    2.00879e-06    2.00879e-06        395.282        19.5002        75.4567              0              0              0              0       989       989
     1     18     57   1046     60      0      0      3     94      0      0      0      0     30    2.00879e-06    2.00879e-06        623.719        77.4177        172.108              0              0              0              0      1046      1046
     1     19     56   1102     60      0      0      4     98      0      0      0      0     30    5.37985e-08    5.37985e-08        615.258        83.2513        172.656              0              0              0              0      1102      1102
     1     20     55   1157     60      0      0      5    103      0      0      0      0     30    5.37985e-08    5.37985e-08        545.565        21.5891        91.4873              0              0              0              0      1157      1157
     1     21     53   1210     60      0      0      7    110      0      0      0      0     30    5.37985e-08    5.37985e-08        2115.45        108.174         332.96              0              0              0              0      1210      1210
     1     22     55   1265     60      0      0      5    115      0      0      0      0     30    5.37985e-08    5.37985e-08        571.224        111.952        184.071              0              0              0              0      1265      1265
     1     23     56   1321     60      0      0      4    119      0      0      0      0     30    1.27181e-09    1.27181e-09        825.188        87.2361        204.446              0              0              0              0      1321      1321
     1     24     58   1379     60      0      0      2    121      0      0      0      0     30    1.27181e-09    1.27181e-09        4606.51        194.646         675.17              0              0              0              0      1379      1379
     1     25     55   1434     60      0      0      5    126      0      0      0      0     30    1.27181e-09    1.27181e-09           2273        249.488         553.41              0              0              0              0      1434      1434
     1     26     51   1485     60      0      0      9    135      0      0      0      0     30    3.52884e-10    3.52884e-10        562.316        88.5741        155.324              0              0              0              0      1485      1485
     1     27     56   1541     60      0      0      4    139      0      0      0      0     30    3.52884e-10    3.52884e-10        1402.73        60.5844        209.958              0              0              0              0      1541      1541
     1     28     54   1595     60      0      0      6    145      0      0      0      0     30    3.52884e-10    3.52884e-10        1136.12          84.86        221.011              0              0              0              0      1595      1595
     1     29     54   1649     60      0      0      6    151      0      0      0      0     30    3.52884e-10    3.52884e-10         1501.4        93.2279        296.325              0              0              0              0      1649      1649
     1     30     57   1706     60      0      0      3    154      0      0      0      0     30    3.52884e-10    3.52884e-10        593.457        32.8738        98.5565              0              0              0              0      1706      1706
     1     31     57   1763     60      0      0      3    157      0      0      0      0     30    3.52884e-10    3.52884e-10        534.219        75.7566        147.079              0              0              0              0      1763      1763
     1     32     57   1820     60      0      0      3    160      0      0      0      0     30    7.61702e-12    7.61702e-12        594.149        61.3299        150.079              0              0              0              0      1820      1820
     1     33     57   1877     60      0      0      3    163      0      0      0      0     30    7.61702e-12    7.61702e-12        1225.12        110.385        254.222              0              0              0              0      1877      1877
     1     34     56   1933     60      0      0      4    167      0      0      0      0     30    7.61702e-12    7.61702e-12        2229.86        145.923        388.617              0              0              0              0      1933      1933
     1     35     55   1988     60      0      0      5    172      0      0      0      0     30    7.61702e-12    7.61702e-12         486.89         32.053        85.2567              0              0              0              0      1988      1988
     1     36     12   2000     15      0      0      2    174      0      0      0      0     30    7.61702e-12    7.61702e-12         928.65        61.9789        239.757              0              0              0              0      2000      2000
