     1      0     60     60     60      0      0      0      0      0      0      0      0     30        25.0126        25.0126        1138.83        501.194        311.425              0              0              0              0        60        60
     1      1     55    115     60      0      0      5      5      0      0      0      0     30        8.33461        8.33461        768.822        346.196        236.028              0              0              0              0       115       115
     1      2     57    172     60      0      0      3      8      0      0      0      0     30        5.52151        5.52151        762.592        361.945        217.655              0              0              0              0       172       172
     1      3     55    227     60      0      0      5     13      0      0      0      0     30        5.52151        5.52151        724.388        374.284        222.304              0              0              0              0       227       227
     1      4     54    281     60      0      0      6     19      0      0      0      0     30        5.52151        5.52151         641.25        256.609        202.041              0              0              0              0       281       281
     1      5     52    333     60      0      0      8     27      0      0      0      0     30        4.09401        4.09401         667.46        258.592        218.175              0              0              0              0       333       333
     1      6     53    386     60      0      0      7     34      0      0      0      0     30      0.0408541      0.0408541        680.738        327.201        224.984              0              0              0              0       386       386
     1      7     54    440     60      0      0      6     40      0      0      0      0     30      0.0408541      0.0408541        648.997        243.735        226.771              0              0              0              0       440       440
     1      8     52    492     60      0      0      8     48      0      0      0      0     30      0.0408541      0.0408541        624.295        294.392        235.531              0              0              0              0       492       492
     1      9     54    546     60      0      0      6     54      0      0      0      0     30      0.0408541      0.0408541        674.954        287.465        218.857              0              0              0              0       546       546
     1     10     56    602     60      0      0      4     58      0      0      0      0     30      0.0408541      0.0408541        648.876        307.437        227.402              0              0              0              0       602       602
     1     11     58    660     60      0      0      2     60      0      0      0      0     30      0.0408541      0.0408541        668.796        286.674        218.224              0              0              0              0       660       660
     1     12     56    716     60      0      0      4     64      0      0      0      0     30      0.0408541      0.0408541        710.139        301.883         218.82              0              0              0              0       716       716
     1     13     57    773     60      0      0      3     67      0      0      0      0     30      0.0408541      0.0408541          643.7        229.744        219.864              0              0              0              0       773       773
     1     14     55    828     60      0      0      5     72      0      0      0      0     30      0.0408541      0.0408541        633.771        296.433        219.733              0              0              0              0       828       828
     1     15     53    881     60      0      0      7     79      0      0      0      0     30      0.0408541      0.0408541        672.301        285.587        214.535              0              0              0              0       881       881
     1     16     54    935     60      0      0      6     85      0      0      0      0     30      0.0408541      0.0408541        620.195        312.932        203.246              0              0              0              0       935       935
     1     17     57    992     60      0      0      3     88      0      0      0      0     30     0.00186133     0.00186133        714.033         331.59        236.257              0              0              0              0       992       992
     1     18     53   1045     60      0      0      7     95      0      0      0      0     30     0.00186133     0.00186133        647.663        241.919        215.897              0              0              0              0      1045      1045
     1     19     57   1102     60      0      0      3     98      0      0      0      0     30     0.00186133     0.00186133        600.558        212.216        212.873              0              0              0              0      1102      1102
     1     20     58   1160     60      0      0      2    100      0      0      0      0     30     0.00186133     0.00186133        599.883        180.941        213.229              0              0              0              0      1160      1160
     1     21     58   1218     60      0      0      2    102      0      0      0      0     30     0.00186133     0.00186133         600.99        173.137        207.236              0              0              0              0      1218      1218
     1     22     56   1274     60      0      0      4    106      0      0      0      0     30     0.00131428     0.00131428        600.975        176.967        201.904              0              0              0              0      1274      1274
     1     23     58   1332     60      0      0      2    108      0      0      0      0     30     0.00131428     0.00131428        639.446        155.712        213.239              0              0              0              0      1332      1332
     1     24     53   1385     60      0      0      7    115      0      0      0      0     30     0.00131428     0.00131428        594.361        143.893        205.928              0              0              0              0      1385      1385
     1     25     56   1441     60      0      0      4    119      0      0      0      0     30     0.00131428     0.00131428        575.319         80.029         151.72              0              0              0              0      1441      1441
     1     26     55   1496     60      0      0      5    124      0      0      0      0     30     0.00131428     0.00131428        585.078        121.242        179.262              0              0              0              0      1496      1496
     1     27     53   1549     60      0      0      7    131      0      0      0      0     30     0.00131428     0.00131428        613.034        108.305        179.583              0              0              0              0      1549      1549
     1     28     54   1603     60      0      0      6    137      0      0      0      0     30     0.00131428     0.00131428        602.529        125.802        168.839              0              0              0              0      1603      1603
     1     29     53   1656     60      0      0      7    144      0      0      0      0     30    0.000856813    0.000856813        605.612        170.248        204.232              0              0              0              0      1656      1656
     1     30     53   1709     60      0      0      7    151      0      0      0      0     30    0.000856813    0.000856813        597.855        134.428        184.903              0              0              0              0      1709      1709
     1     31     52   1761     60      0      0      8    159      0      0      0      0     30    0.000856813    0.000856813        569.428        156.905         178.11              0              0              0              0      1761      1761
     1     32     55   1816     60      0      0      5    164      0      0      0      0     30    1.44209e-05    1.44209e-05        587.464        203.255        214.929              0              0              0              0      1816      1816
     1     33     54   1870     60      0      0      6    170      0      0      0      0     30    1.44209e-05    1.44209e-05        608.963        183.005        200.543              0              0              0              0      1870      1870
     1     34     54   1924     60      0      0      6    176      0      0      0      0     30    1.44209e-05    1.44209e-05        624.631        208.549        207.464              0              0              0              0      1924      1924
     1     35     56   1980     60      0      0      4    180      0      0      0      0     30    1.44209e-05    1.44209e-05        562.894        165.943        185.799              0              0              0              0      1980      1980
     1     36     20   2000     26      0      0      5    185      0      0      0      0     30    1.44209e-05    1.44209e-05        605.584         192.72         213.42              0              0              0              0      2000      2000
