     1      0     60     60     60      0      0      0      0      0      0      0      0     30        15.9975        15.9975        608.952        345.238        228.832              0              0              0              0        60        60
     1      1     57    117     60      0      0      3      3      0      0      0      0     30       0.545158       0.545158        618.519        226.085        216.107              0              0              0              0       117       117
     1      2     54    171     60      0      0      6      9      0      0      0      0     30       0.545158       0.545158        607.499        168.768        190.335              0              0              0              0       171       171
     1      3     54    225     60      0      0      6     15      0      0      0      0     30       0.423648       0.423648        589.424         130.86        162.716              0              0              0              0       225       225
     1      4     56    281     60      0      0      4     19      0      0      0      0     30       0.259966       0.259966        604.984        155.919        167.626              0              0              0              0       281       281
     1      5     48    329     60      0      0     12     31      0      0      0      0     30       0.259966       0.259966        406.523        67.2828        82.3815              0              0              0              0       329       329
     1      6     54    383     60      0      0      6     37      0      0      0      0     30      0.0249018      0.0249018        256.618        42.3198        54.9684              0              0              0              0       383       383
     1      7     55    438     60      0      0      5     42      0      0      0      0     30     0.00115868     0.00115868        431.044        64.1757        96.9953              0              0              0              0       438       438
     1      8     55    493     60      0      0      5     47      0      0      0      0     30    1.68671e-05    1.68671e-05        98.4661        21.0074        28.4505              0              0              0              0       493       493
     1      9     55    548     60      0      0      5     52      0      0      0      0     30    1.68671e-05    1.68671e-05        100.224        13.4312         21.167              0              0              0              0       548       548
     1     10     57    605     60      0      0      3     55      0      0      0      0     30    4.55893e-06    4.55893e-06         68.611        5.28358        12.7092              0              0              0              0       605       605
     1     11     53    658     60      0      0      7     62      0      0      0      0     30    4.55893e-06    4.55893e-06        1.22661        0.10031       0.268924              0              0              0              0       658       658
     1     12     55    713     60      0      0      5     67      0      0      0      0     30    1.82616e-08    1.82616e-08      0.0952799     0.00644802      0.0169547              0              0              0              0       713       713
     1     13     55    768     60      0      0      5     72      0      0      0      0     30    1.82616e-08    1.82616e-08     0.00749784    0.000944926     0.00169199              0              0              0              0       768       768
     1     14     55    823     60      0      0      5     77      0      0      0      0     30    1.44026e-08    1.44026e-08     0.00125243    0.000124205    0.000262045              0              0              0              0       823       823
     1     15     53    876     60      0      0      7     84      0      0      0      0     30     2.5409e-11     2.5409e-11    0.000590626    4.32044e-05    0.000132588              0              0              0              0       876       876
     1     16     57    933     60      0      0      3     87      0      0      0      0     30     2.5409e-11     2.5409e-11    1.30225e-05    3.33108e-06    2.60188e-06              0              0              0              0       933       933
     1     17     55    988     60      0      0      5     92      0      0      0      0     30     2.5409e-11     2.5409e-11    5.55281e-06    1.42592e-06    1.09093e-06              0              0              0              0       988       988
     1     18     55   1043     60      0      0      5     97      0      0      0      0     30    3.41061e-13    3.41061e-13        25.2823       0.421373        3.26393              0              0              0              0      1043      1043
     1     19     60   1103     60      0      0      0     97      0      0      0      0     30    3.41061e-13    3.41061e-13    1.30169e-06    3.68787e-07    3.59361e-07              0              0              0              0      1103      1103
     1     20     52   1155     60      0      0      8    105      0      0      0      0     30    1.13687e-13    1.13687e-13        300.404        5.44438        38.8726              0              0              0              0      1155      1155
     1     21     57   1212     60      0      0      3    108      0      0      0      0     30              0              0    1.27505e-08    2.46794e-09    3.30181e-09              0              0              0              0      1212      1212
     1     22     54   1266     60      0      0      6    114      0      0      0      0     30              0              0    4.40969e-09    6.03265e-10    1.25695e-09              0              0              0              0      1266      1266
     1     23     58   1324     60      0      0      2    116      0      0      0      0     30              0              0        571.425        9.52374        73.7706              0              0              0              0      1324      1324
     1     24     53   1377     60      0      0      7    123      0      0      0      0     30              0              0    5.28644e-12     4.5001e-13    1.25009e-12              0              0              0              0      1377      1377
     1     25     56   1433     60      0      0      4    127      0      0      0      0     30              0              0        115.455        1.92426        14.9052              0              0              0              0      1433      1433
     1     26     55   1488     60      0      0      5    132      0      0      0      0     30              0              0        67.3653        2.20321         11.967              0              0              0              0      1488      1488
     1     27     56   1544     60      0      0      4    136      0      0      0      0     30              0              0    5.68434e-14    3.78956e-15    1.42989e-14              0              0              0              0      1544      1544
     1     28     55   1599     60      0      0      5    141      0      0      0      0     30              0              0    5.68434e-14    2.84217e-15    1.24933e-14              0              0              0              0      1599      1599
     1     29     60   1659     60      0      0      0    141      0      0      0      0     30              0              0        41.2274       0.687123        5.32243              0              0              0              0      1659      1659
     1     30     59   1718     60      0      0      1    142      0      0      0      0     30              0              0        386.154        7.88379        50.9125              0              0              0              0      1718      1718
     1     31     55   1773     60      0      0      5    147      0      0      0      0     30              0              0              0              0              0              0              0              0              0      1773      1773
     1     32     54   1827     60      0      0      6    153      0      0      0      0     30              0              0         36.405       0.606749        4.69986              0              0              0              0      1827      1827
     1     33     57   1884     60      0      0      3    156      0      0      0      0     30              0              0        499.549        8.32581        64.4914              0              0              0              0      1884      1884
     1     34     52   1936     60      0      0      8    164      0      0      0      0     30              0              0    5.68434e-14     9.4739e-16    7.33845e-15              0              0              0              0      1936      1936
     1     35     55   1991     60      0      0      5    169      0      0      0      0     30              0              0              0              0              0              0              0              0              0      1991      1991
     1     36      9   2000     17      0      0      7    176      0      0      0      0     30              0              0              0              0              0              0              0              0              0      2000      2000
