     1      0     60     60     60      0      0      0      0      0      0      0      0      2        7.68488        7.68488        105.156        37.2279        30.6477              0              0              0              0        60        60
     1      1     59    119     60      0      0      1      1      0      0      0      0      2         7.0167         7.0167        103.952        24.5595        23.4828              0              0              0              0       119       119
     1      2     59    178     60      0      0      1      2      0      0      0      0      2         7.0167         7.0167        63.3663        15.7459        11.6011              0              0              0              0       178       178
     1      3     58    236     60      0      0      2      4      0      0      0      0      2        6.46724        6.46724        35.9506        10.7217        4.59658              0              0              0              0       236       236
     1      4     58    294     60      0      0      2      6      0      0      0      0      2        6.44644        6.44644        32.1652        9.38017        3.34786              0              0              0              0       294       294
     1      5     59    353     60      0      0      1      7      0      0      0      0      2        6.40552        6.40552        10.0973        8.18532        1.21413              0              0              0              0       353       353
     1      6     60    413     60      0      0      0      7      0      0      0      0      2        5.88459        5.88459        26.8073        7.92608        2.77508              0              0              0              0       413       413
     1      7     58    471     60      0      0      2      9      0      0      0      0      2        4.98375        4.98375        10.9361        7.56504        1.43695              0              0              0              0       471       471
     1      8     58    529     60      0      0      2     11      0      0      0      0      2        4.98375        4.98375        8.39674        6.61531       0.780587              0              0              0              0       529       529
     1      9     58    587     60      0      0      2     13      0      0      0      0      2        4.98375        4.98375        49.0935        7.17426        5.57003              0              0              0              0       587       587
     1     10     58    645     60      0      0      2     15      0      0      0      0      2        4.94482        4.94482        20.3475        6.54984        1.95136              0              0              0              0       645       645
     1     11     60    705     60      0      0      0     15      0      0      0      0      2        4.35925        4.35925        28.9123        6.39367        3.06047              0              0              0              0       705       705
     1     12     58    763     60      0      0      2     17      0      0      0      0      2        4.35925        4.35925        39.8926        6.72558        4.66392              0              0              0              0       763       763
     1     13     59    822     60      0      0      1     18      0      0      0      0      2        4.35925        4.35925        15.9889        6.02862          1.468              0              0              0              0       822       822
     1     14     58    880     60      0      0      2     20      0      0      0      0      2        4.16312        4.16312        7.05133        5.69741       0.678073              0              0              0              0       880       880
     1     15     58    938     60      0      0      2     22      0      0      0      0      2        3.93062        3.93062        71.8823        7.54145        9.58359              0              0              0              0       938       938
     1     16     60    998     60      0      0      0     22      0      0      0      0      2        3.58804        3.58804        35.2895        6.02723          3.982              0              0              0              0       998       998
     1     17     58   1056     60      0      0      2     24      0      0      0      0      2        3.35124        3.35124        22.0465        5.53731         2.4916              0              0              0              0      1056      1056
     1     18     59   1115     60      0      0      1     25      0      0      0      0      2        3.21332        3.21332         29.687        5.83388        4.25062              0              0              0              0      1115      1115
     1     19     57   1172     60      0      0      3     28      0      0      0      0      2        3.13275        3.13275        51.1545        5.31959           6.22              0              0              0              0      1172      1172
     1     20     60   1232     60      0      0      0     28      0      0      0      0      2        3.01754        3.01754        56.3977        5.33899        7.93791              0              0              0              0      1232      1232
     1     21     58   1290     60      0      0      2     30      0      0      0      0      2        2.90123        2.90123        78.7808        6.68564        13.1274              0              0              0              0      1290      1290
     1     22     57   1347     60      0      0      3     33      0      0      0      0      2         2.8207         2.8207        20.4008        4.13456        2.22826              0              0              0              0      1347      1347
     1     23     58   1405     60      0      0      2     35      0      0      0      0      2        2.79898        2.79898        5.56869        3.74913       0.537933              0              0              0              0      1405      1405
     1     24     60   1465     60      0      0      0     35      0      0      0      0      2        2.46923        2.46923        32.0413         4.4155         3.9594              0              0              0              0      1465      1465
     1     25     60   1525     60      0      0      0     35      0      0      0      0      2        2.46923        2.46923        21.4123        4.20253        2.48611              0              0              0              0      1525      1525
     1     26     60   1585     60      0      0      0     35      0      0      0      0      2        2.43995        2.43995        71.2501        5.35514        9.57264              0              0              0              0      1585      1585
     1     27     59   1644     60      0      0      1     36      0      0      0      0      2        2.30143        2.30143        4.17926         3.2728       0.456032              0              0              0              0      1644      1644
     1     28     60   1704     60      0      0      0     36      0      0      0      0      2          2.186          2.186        5.05371         3.1599       0.591115              0              0              0              0      1704      1704
     1     29     59   1763     60      0      0      1     37      0      0      0      0      2        1.93942        1.93942        64.2977        5.51112        9.80389              0              0              0              0      1763      1763
     1     30     58   1821     60      0      0      2     39      0      0      0      0      2        1.79723        1.79723        81.9058        9.01565        18.3079              0              0              0              0      1821      1821
     1     31     58   1879     60      0      0      2     41      0      0      0      0      2        1.79723        1.79723        37.5203        4.09226        6.31152              0              0              0              0      1879      1879
     1     32     60   1939     60      0      0      0     41      0      0      0      0      2        1.79723        1.79723        45.2405        4.09529        6.01277              0              0              0              0      1939      1939
     1     33     58   1997     60      0      0      2     43      0      0      0      0      2        1.79723        1.79723        7.74907        2.95877       0.839497              0              0              0              0      1997      1997
     1     34     58   2055     60      0      0      2     45      0      0      0      0      2        1.79723        1.79723        6.46406        3.08367       0.780825              0              0              0              0      2055      2055
     1     35     58   2113     60      0      0      2     47      0      0      0      0      2        1.79723        1.79723        19.3793        3.56758        2.38376              0              0              0              0      2113      2113
     1     36     60   2173     60      0      0      0     47      0      0      0      0      2        1.79723        1.79723        74.5506        5.16011        11.9322              0              0              0              0      2173      2173
     1     37     59   2232     60      0      0      1     48      0      0      0      0      2        1.79723        1.79723        8.55516        2.88523       0.953908              0              0              0              0      2232      2232
     1     38     59   2291     60      0      0      1     49      0      0      0      0      2        1.79723        1.79723        19.1871        3.01344        2.21788              0              0              0              0      2291      2291
     1     39     57   2348     60      0      0      3     52      0      0      0      0      2        1.79723        1.79723         4.8938         2.7058       0.618793              0              0              0              0      2348      2348
     1     40     58   2406     60      0      0      2     54      0      0      0      0      2        1.67192        1.67192        10.4536        2.82152        1.14485              0              0              0              0      2406      2406
     1     41     60   2466     60      0      0      0     54      0      0      0      0      2        1.67192        1.67192        53.9032         3.9453        7.20607              0              0              0              0      2466      2466
     1     42     59   2525     60      0      0      1     55      0      0      0      0      2        1.66627        1.66627        4.42545        2.75244       0.647715              0              0              0              0      2525      2525
     1     43     58   2583     60      0      0      2     57      0      0      0      0      2        1.66627        1.66627        3.89405        2.62473        0.54647              0              0              0              0      2583      2583
     1     44     55   2638     60      0      0      5     62      0      0      0      0      2        1.66627        1.66627        22.8322        2.95002         2.7121              0              0              0              0      2638      2638
     1     45     58   2696     60      0      0      2     64      0      0      0      0      2        1.66627        1.66627        70.2518        4.64757        11.1284              0              0              0              0      2696      2696
     1     46     60   2756     60      0      0      0     64      0      0      0      0      2        1.66627        1.66627        65.5061        5.92658        11.8884              0              0              0              0      2756      2756
     1     47     59   2815     60      0      0      1     65      0      0      0      0      2        1.66627        1.66627        36.6438         3.9223        4.92522              0              0              0              0      2815      2815
     1     48     58   2873     60      0      0      2     67      0      0      0      0      2        1.61371        1.61371        65.3394        5.38001        11.0363              0              0              0              0      2873      2873
     1     49     56   2929     60      0      0      4     71      0      0      0      0      2        1.60225        1.60225        17.3237        2.66284        2.03737              0              0              0              0      2929      2929
     1     50     58   2987     60      0      0      2     73      0      0      0      0      2         1.5671         1.5671        50.2817        2.97588        6.22988              0              0              0              0      2987      2987
     1     51     59   3046     60      0      0      1     74      0      0      0      0      2        1.54204        1.54204        21.8611        3.12517        3.63906              0              0              0              0      3046      3046
     1     52     60   3106     60      0      0      0     74      0      0      0      0      2        1.35521        1.35521         32.292        3.30346        5.35547              0              0              0              0      3106      3106
     1     53     60   3166     60      0      0      0     74      0      0      0      0      2        1.24971        1.24971        36.9464        3.06571        4.49968              0              0              0              0      3166      3166
     1     54     58   3224     60      0      0      2     76      0      0      0      0      2        1.23022        1.23022        50.6429        3.73827        8.49405              0              0              0              0      3224      3224
     1     55     58   3282     60      0      0      2     78      0      0      0      0      2        1.23022        1.23022        3.76944        2.25074       0.610599              0              0              0              0      3282      3282
     1     56     58   3340     60      0      0      2     80      0      0      0      0      2        1.23022        1.23022        34.3966        3.06215        5.01132              0              0              0              0      3340      3340
     1     57     59   3399     60      0      0      1     81      0      0      0      0      2        1.21798        1.21798        77.1873        4.46777        12.8487              0              0              0              0      3399      3399
     1     58     59   3458     60      0      0      1     82      0      0      0      0      2        1.21711        1.21711        3.86901        2.00959       0.635611              0              0              0              0      3458      3458
     1     59     59   3517     60      0      0      1     83      0      0      0      0      2        1.21528        1.21528        5.46341        2.09219       0.880879              0              0              0              0      3517      3517
     1     60     58   3575     60      0      0      2     85      0      0      0      0      2        1.21528        1.21528        3.72249        2.07977       0.655841              0              0              0              0      3575      3575
     1     61     59   3634     60      0      0      1     86      0      0      0      0      2        1.11716        1.11716        11.1677        2.60373        1.75813              0              0              0              0      3634      3634
     1     62     58   3692     60      0      0      2     88      0      0      0      0      2        1.11716        1.11716        3.80824        2.29385       0.627067              0              0              0              0      3692      3692
     1     63     58   3750     60      0      0      2     90      0      0      0      0      2        1.11716        1.11716        7.95361        2.22181         0.9267              0              0              0              0      3750      3750
     1     64     59   3809     60      0      0      1     91      0      0      0      0      2        1.11716        1.11716        55.6565        3.37228        8.28206              0              0              0              0      3809      3809
     1     65     58   3867     60      0      0      2     93      0      0      0      0      2        1.11716        1.11716        55.7998        4.11125        8.43241              0              0              0              0      3867      3867
     1     66     60   3927     60      0      0      0     93      0      0      0      0      2        1.11716        1.11716        9.81451         2.0787        1.12296              0              0              0              0      3927      3927
     1     67     58   3985     60      0      0      2     95      0      0      0      0      2        1.07276        1.07276         38.278        3.47993        6.83458              0              0              0              0      3985      3985
     1     68     60   4045     60      0      0      0     95      0      0      0      0      2        1.05074        1.05074        8.56365        2.00728        1.05466              0              0              0              0      4045      4045
     1     69     56   4101     60      0      0      4     99      0      0      0      0      2        1.03299        1.03299        26.2412        2.35146        3.22901              0              0              0              0      4101      4101
     1     70     57   4158     60      0      0      3    102      0      0      0      0      2        1.00945        1.00945        15.6093        2.04954        1.92576              0              0              0              0      4158      4158
     1     71     59   4217     60      0      0      1    103      0      0      0      0      2        1.00945        1.00945        3.10408        1.84607        0.53958              0              0              0              0      4217      4217
     1     72     56   4273     60      0      0      4    107      0      0      0      0      2        1.00945        1.00945        75.9901        3.44267        9.97139              0              0              0              0      4273      4273
     1     73     56   4329     60      0      0      4    111      0      0      0      0      2        1.00945        1.00945        10.9384        1.93291        1.31426              0              0              0              0      4329      4329
     1     74     59   4388     60      0      0      1    112      0      0      0      0      2        1.00945        1.00945        19.1928        2.05751          2.338              0              0              0              0      4388      4388
     1     75     60   4448     60      0      0      0    112      0      0      0      0      2        0.99032        0.99032        26.5513        3.69642        5.65594              0              0              0              0      4448      4448
     1     76     57   4505     60      0      0      3    115      0      0      0      0      2        0.99032        0.99032        63.3618        3.36988        8.48324              0              0              0              0      4505      4505
     1     77     58   4563     60      0      0      2    117      0      0      0      0      2        0.99032        0.99032         3.0649        1.89511       0.562128              0              0              0              0      4563      4563
     1     78     57   4620     60      0      0      3    120      0      0      0      0      2       0.932719       0.932719        57.7361        3.04443        7.42536              0              0              0              0      4620      4620
     1     79     60   4680     60      0      0      0    120      0      0      0      0      2       0.863953       0.863953        30.4693        2.58451        4.34652              0              0              0              0      4680      4680
     1     80     56   4736     60      0      0      4    124      0      0      0      0      2       0.851054       0.851054         3.3437        1.81784       0.619774              0              0              0              0      4736      4736
     1     81     57   4793     60      0      0      3    127      0      0      0      0      2       0.804034       0.804034        3.81425        1.88664        0.69511              0              0              0              0      4793      4793
     1     82     57   4850     60      0      0      3    130      0      0      0      0      2       0.731505       0.731505        37.8495        2.43863        4.98253              0              0              0              0      4850      4850
     1     83     60   4910     60      0      0      0    130      0      0      0      0      2       0.713823       0.713823         11.918        1.81546        1.55669              0              0              0              0      4910      4910
     1     84     57   4967     60      0      0      3    133      0      0      0      0      2       0.675538       0.675538        2.47153        1.50536       0.468809              0              0              0              0      4967      4967
     1     85     58   5025     60      0      0      2    135      0      0      0      0      2       0.640832       0.640832        60.4272        2.63411        7.72938              0              0              0              0      5025      5025
     1     86     59   5084     60      0      0      1    136      0      0      0      0      2       0.640832       0.640832        2.44421        1.26272       0.406111              0              0              0              0      5084      5084
     1     87     60   5144     60      0      0      0    136      0      0      0      0      2       0.640832       0.640832         48.735        3.03502        8.21228              0              0              0              0      5144      5144
     1     88     58   5202     60      0      0      2    138      0      0      0      0      2       0.640832       0.640832        51.8585        3.01601        8.82254              0              0              0              0      5202      5202
     1     89     60   5262     60      0      0      0    138      0      0      0      0      2       0.640429       0.640429        7.87395         1.5627        1.17484              0              0              0              0      5262      5262
     1     90     57   5319     60      0      0      3    141      0      0      0      0      2       0.640429       0.640429        7.92561        1.48987        1.08451              0              0              0              0      5319      5319
     1     91     59   5378     60      0      0      1    142      0      0      0      0      2       0.640429       0.640429        26.8024        1.84601        3.33135              0              0              0              0      5378      5378
     1     92     58   5436     60      0      0      2    144      0      0      0      0      2       0.640429       0.640429        18.2081        2.04008        2.67073              0              0              0              0      5436      5436
     1     93     58   5494     60      0      0      2    146      0      0      0      0      2       0.640429       0.640429        3.03977        1.49364       0.551335              0              0              0              0      5494      5494
     1     94     60   5554     60      0      0      0    146      0      0      0      0      2       0.640429       0.640429        2.80469        1.43414       0.525991              0              0              0              0      5554      5554
     1     95     59   5613     60      0      0      1    147      0      0      0      0      2       0.626596       0.626596        54.0281        2.82214        8.01859              0              0              0              0      5613      5613
     1     96     59   5672     60      0      0      1    148      0      0      0      0      2         0.6005         0.6005        9.77987        1.48163        1.19835              0              0              0              0      5672      5672
     1     97     59   5731     60      0      0      1    149      0      0      0      0      2       0.508825       0.508825        56.1553         3.2242        8.18751              0              0              0              0      5731      5731
     1     98     60   5791     60      0      0      0    149      0      0      0      0      2       0.465039       0.465039        2.77065        1.51023       0.611655              0              0              0              0      5791      5791
     1     99     58   5849     60      0      0      2    151      0      0      0      0      2       0.445876       0.445876        14.7151        1.36774        1.82447              0              0              0              0      5849      5849
     1    100     60   5909     60      0      0      0    151      0      0      0      0      2       0.420936       0.420936        11.4237        1.40171        1.42569              0              0              0              0      5909      5909
     1    101     58   5967     60      0      0      2    153      0      0      0      0      2       0.420936       0.420936        7.25152         1.3021       0.995295              0              0              0              0      5967      5967
     1    102     60   6027     60      0      0      0    153      0      0      0      0      2       0.420557       0.420557        2.97494        1.42119       0.651059              0              0              0              0      6027      6027
     1    103     57   6084     60      0      0      3    156      0      0      0      0      2       0.420557       0.420557        47.5079        2.74572        6.69816              0              0              0              0      6084      6084
     1    104     58   6142     60      0      0      2    158      0      0      0      0      2       0.385438       0.385438        14.4508        1.53711        1.87787              0              0              0              0      6142      6142
     1    105     59   6201     60      0      0      1    159      0      0      0      0      2       0.385438       0.385438        2.39099         1.2157       0.486718              0              0              0              0      6201      6201
     1    106     59   6260     60      0      0      1    160      0      0      0      0      2       0.381407       0.381407        53.8538        3.48031        10.3679              0              0              0              0      6260      6260
     1    107     60   6320     60      0      0      0    160      0      0      0      0      2       0.324318       0.324318        20.7023        1.67742         2.5757              0              0              0              0      6320      6320
     1    108     59   6379     60      0      0      1    161      0      0      0      0      2       0.320417       0.320417        15.0407         1.5342        1.89634              0              0              0              0      6379      6379
     1    109     60   6439     60      0      0      0    161      0      0      0      0      2       0.320417       0.320417        3.11088        1.33089       0.605728              0              0              0              0      6439      6439
     1    110     58   6497     60      0      0      2    163      0      0      0      0      2       0.320417       0.320417        12.1454        1.75734        1.97094              0              0              0              0      6497      6497
     1    111     55   6552     60      0      0      5    168      0      0      0      0      2       0.320417       0.320417        48.1485        2.68824        8.10738              0              0              0              0      6552      6552
     1    112     59   6611     60      0      0      1    169      0      0      0      0      2       0.320417       0.320417        36.9313        3.55114        7.99634              0              0              0              0      6611      6611
     1    113     59   6670     60      0      0      1    170      0      0      0      0      2       0.320417       0.320417        61.0518        3.48258         8.4082              0              0              0              0      6670      6670
     1    114     59   6729     60      0      0      1    171      0      0      0      0      2       0.318875       0.318875        26.9667        3.69726        5.82376              0              0              0              0      6729      6729
     1    115     60   6789     60      0      0      0    171      0      0      0      0      2       0.318875       0.318875        2.66286        1.55242       0.674228              0              0              0              0      6789      6789
     1    116     59   6848     60      0      0      1    172      0      0      0      0      2       0.318875       0.318875        46.1791        2.77224        8.14506              0              0              0              0      6848      6848
     1    117     60   6908     60      0      0      0    172      0      0      0      0      2         0.3156         0.3156        2.48278        1.12002       0.508029              0              0              0              0      6908      6908
     1    118     60   6968     60      0      0      0    172      0      0      0      0      2         0.3156         0.3156        26.1935        1.60474        3.29361              0              0              0              0      6968      6968
     1    119     57   7025     60      0      0      3    175      0      0      0      0      2       0.305583       0.305583        12.0355        1.53396        1.67344              0              0              0              0      7025      7025
     1    120     59   7084     60      0      0      1    176      0      0      0      0      2       0.305583       0.305583        2.39455        1.30165       0.477783              0              0              0              0      7084      7084
     1    121     58   7142     60      0      0      2    178      0      0      0      0      2       0.305583       0.305583        2.39607        1.14817       0.466132              0              0              0              0      7142      7142
     1    122     59   7201     60      0      0      1    179      0      0      0      0      2       0.300018       0.300018        39.6321        2.17261        5.30886              0              0              0              0      7201      7201
     1    123     59   7260     60      0      0      1    180      0      0      0      0      2       0.253914       0.253914         3.0715        1.08249       0.581847              0              0              0              0      7260      7260
     1    124     60   7320     60      0      0      0    180      0      0      0      0      2       0.250273       0.250273         14.154        1.22819        1.75313              0              0              0              0      7320      7320
     1    125     59   7379     60      0      0      1    181      0      0      0      0      2       0.243413       0.243413        1.89245       0.965513       0.384574              0              0              0              0      7379      7379
     1    126     59   7438     60      0      0      1    182      0      0      0      0      2       0.243413       0.243413         1.8475        0.87703       0.375675              0              0              0              0      7438      7438
     1    127     60   7498     60      0      0      0    182      0      0      0      0      2       0.241896       0.241896        10.6367        1.14035        1.41251              0              0              0              0      7498      7498
     1    128     58   7556     60      0      0      2    184      0      0      0      0      2        0.20442        0.20442        2.00318       0.892294       0.451789              0              0              0              0      7556      7556
     1    129     60   7616     60      0      0      0    184      0      0      0      0      2       0.197088       0.197088        10.6528       0.987096        1.33834              0              0              0              0      7616      7616
     1    130     60   7676     60      0      0      0    184      0      0      0      0      2       0.197088       0.197088        2.30264       0.970633       0.505645              0              0              0              0      7676      7676
     1    131     57   7733     60      0      0      3    187      0      0      0      0      2       0.175696       0.175696        15.7222        1.20792        2.50099              0              0              0              0      7733      7733
     1    132     58   7791     60      0      0      2    189      0      0      0      0      2       0.175696       0.175696          32.62        1.89644        5.47307              0              0              0              0      7791      7791
     1    133     60   7851     60      0      0      0    189      0      0      0      0      2       0.175696       0.175696        31.8851        1.21112        4.05906              0              0              0              0      7851      7851
     1    134     60   7911     60      0      0      0    189      0      0      0      0      2       0.175696       0.175696        12.9128       0.825501        1.73299              0              0              0              0      7911      7911
     1    135     57   7968     60      0      0      3    192      0      0      0      0      2       0.175696       0.175696        7.08924       0.682374        0.91084              0              0              0              0      7968      7968
     1    136     58   8026     60      0      0      2    194      0      0      0      0      2       0.174634       0.174634        22.2588        1.09048        2.82567              0              0              0              0      8026      8026
     1    137     60   8086     60      0      0      0    194      0      0      0      0      2       0.172442       0.172442        24.0378        1.05564        3.03653              0              0              0              0      8086      8086
     1    138     59   8145     60      0      0      1    195      0      0      0      0      2       0.167671       0.167671        1.48455       0.694382       0.330278              0              0              0              0      8145      8145
     1    139     59   8204     60      0      0      1    196      0      0      0      0      2       0.167671       0.167671        1.27834       0.685326       0.329832              0              0              0              0      8204      8204
     1    140     59   8263     60      0      0      1    197      0      0      0      0      2       0.167671       0.167671        1.07224       0.505792       0.272877              0              0              0              0      8263      8263
     1    141     57   8320     60      0      0      3    200      0      0      0      0      2       0.160363       0.160363        1.85559       0.565486       0.368438              0              0              0              0      8320      8320
     1    142     59   8379     60      0      0      1    201      0      0      0      0      2       0.150313       0.150313        23.7838        1.33865        3.30035              0              0              0              0      8379      8379
     1    143     58   8437     60      0      0      2    203      0      0      0      0      2       0.148408       0.148408         1.4092       0.604068       0.341372              0              0              0              0      8437      8437
     1    144     55   8492     60      0      0      5    208      0      0      0      0      2       0.135682       0.135682        15.4657        1.06938        2.49181              0              0              0              0      8492      8492
     1    145     59   8551     60      0      0      1    209      0      0      0      0      2       0.135682       0.135682        11.5625        1.04271        1.83982              0              0              0              0      8551      8551
     1    146     59   8610     60      0      0      1    210      0      0      0      0      2       0.135682       0.135682        26.9034        1.15295         3.4842              0              0              0              0      8610      8610
     1    147     59   8669     60      0      0      1    211      0      0      0      0      2       0.135682       0.135682        7.06748       0.736202       0.908055              0              0              0              0      8669      8669
     1    148     56   8725     60      0      0      4    215      0      0      0      0      2       0.134632       0.134632        32.4946        1.56208        5.32482              0              0              0              0      8725      8725
     1    149     59   8784     60      0      0      1    216      0      0      0      0      2       0.134632       0.134632        13.9364       0.793725        1.76659              0              0              0              0      8784      8784
     1    150     60   8844     60      0      0      0    216      0      0      0      0      2       0.134632       0.134632        2.82402       0.488798       0.392987              0              0              0              0      8844      8844
     1    151     57   8901     60      0      0      3    219      0      0      0      0      2       0.134632       0.134632        1.69177       0.496013       0.321155              0              0              0              0      8901      8901
     1    152     59   8960     60      0      0      1    220      0      0      0      0      2       0.131465       0.131465        23.8677       0.947984        3.02241              0              0              0              0      8960      8960
     1    153     58   9018     60      0      0      2    222      0      0      0      0      2       0.127481       0.127481        36.3273        1.93018         6.3493              0              0              0              0      9018      9018
     1    154     58   9076     60      0      0      2    224      0      0      0      0      2       0.127481       0.127481        26.3918        2.39455         5.7279              0              0              0              0      9076      9076
     1    155     58   9134     60      0      0      2    226      0      0      0      0      2       0.120859       0.120859        17.9259        1.41005        3.15638              0              0              0              0      9134      9134
     1    156     59   9193     60      0      0      1    227      0      0      0      0      2       0.113394       0.113394        26.7078        1.44316        3.85731              0              0              0              0      9193      9193
     1    157     57   9250     60      0      0      3    230      0      0      0      0      2       0.113394       0.113394        21.9534         1.1963         2.8971              0              0              0              0      9250      9250
     1    158     55   9305     60      0      0      5    235      0      0      0      0      2       0.113394       0.113394        22.6864        1.48359        3.76475              0              0              0              0      9305      9305
     1    159     57   9362     60      0      0      3    238      0      0      0      0      2       0.113394       0.113394        3.97166       0.662707       0.552805              0              0              0              0      9362      9362
     1    160     58   9420     60      0      0      2    240      0      0      0      0      2       0.113394       0.113394        2.17575       0.602502       0.374345              0              0              0              0      9420      9420
     1    161     56   9476     60      0      0      4    244      0      0      0      0      2       0.113394       0.113394        2.52706       0.614501       0.410032              0              0              0              0      9476      9476
     1    162     56   9532     60      0      0      4    248      0      0      0      0      2       0.113394       0.113394        2.65479       0.594759       0.417299              0              0              0              0      9532      9532
     1    163     58   9590     60      0      0      2    250      0      0      0      0      2       0.113394       0.113394         1.6645       0.517336       0.348488              0              0              0              0      9590      9590
     1    164     59   9649     60      0      0      1    251      0      0      0      0      2       0.113394       0.113394        9.34118       0.569003        1.21471              0              0              0              0      9649      9649
     1    165     58   9707     60      0      0      2    253      0      0      0      0      2       0.113394       0.113394       0.929778       0.417461       0.219987              0              0              0              0      9707      9707
     1    166     58   9765     60      0      0      2    255      0      0      0      0      2       0.112013       0.112013        2.76149       0.449096       0.399379              0              0              0              0      9765      9765
     1    167     55   9820     60      0      0      5    260      0      0      0      0      2       0.112013       0.112013          1.062       0.380605       0.191517              0              0              0              0      9820      9820
     1    168     58   9878     60      0      0      2    262      0      0      0      0      2       0.112013       0.112013        0.66298       0.321669       0.143331              0              0              0              0      9878      9878
     1    169     58   9936     60      0      0      2    264      0      0      0      0      2       0.112013       0.112013        10.9544       0.544102        1.41616              0              0              0              0      9936      9936
     1    170     58   9994     60      0      0      2    266      0      0      0      0      2       0.112013       0.112013        6.20595       0.392879       0.772699              0              0              0              0      9994      9994
     1    171      6  10000      8      0      0      1    267      0      0      0      0      2       0.112013       0.112013       0.244498       0.171446       0.054578              0              0              0              0     10000     10000
