     1      0     60     60     60      0      0      0      0      0      0      0      0      2        8.40922        8.40922        2064.26        456.283        548.433              0              0              0              0        60        60
     1      1     59    119     60      0      0      1      1      0      0      0      0      2        8.40922        8.40922        277.316        97.6125        81.0806              0              0              0              0       119       119
     1      2     60    179     60      0      0      0      1      0      0      0      0      2        7.58886        7.58886        536.415        95.3037         126.25              0              0              0              0       179       179
     1      3     57    236     60      0      0      3      4      0      0      0      0      2        6.54938        6.54938        387.361        44.1996        68.9121              0              0              0              0       236       236
     1      4     59    295     60      0      0      1      5      0      0      0      0      2        6.27396        6.27396        171.736        33.6934          40.19              0              0              0              0       295       295
     1      5     59    354     60      0      0      1      6      0      0      0      0      2        6.27396        6.27396        233.979        43.4649        50.9755              0              0              0              0       354       354
     1      6     59    413     60      0      0      1      7      0      0      0      0      2        6.27396        6.27396        206.749        42.6316        49.9438              0              0              0              0       413       413
     1      7     57    470     60      0      0      3     10      0      0      0      0      2        6.27396        6.27396        1196.75        99.3124        235.977              0              0              0              0       470       470
     1      8     58    528     60      0      0      2     12      0      0      0      0      2        6.27396        6.27396        164.872        35.4792        36.5163              0              0              0              0       528       528
     1      9     59    587     60      0      0      1     13      0      0      0      0      2        6.27396        6.27396        143.634        30.1433        34.3858              0              0              0              0       587       587
     1     10     58    645     60      0      0      2     15      0      0      0      0      2        6.27396        6.27396        755.086        83.8567         161.88              0              0              0              0       645       645
     1     11     60    705     60      0      0      0     15      0      0      0      0      2        6.27396        6.27396        556.945        66.8563        97.8889              0              0              0              0       705       705
     1     12     58    763     60      0      0      2     17      0      0      0      0      2        6.27396        6.27396        532.095        47.8718        83.8125              0              0              0              0       763       763
     1     13     58    821     60      0      0      2     19      0      0      0      0      2        6.27396        6.27396          412.4        41.8722        58.8633              0              0              0              0       821       821
     1     14     58    879     60      0      0      2     21      0      0      0      0      2        6.27396        6.27396        113.161        20.3591         20.417              0              0              0              0       879       879
     1     15     56    935     60      0      0      4     25      0      0      0      0      2        5.94708        5.94708        350.858        44.8878        66.1018              0              0              0              0       935       935
     1     16     60    995     60      0      0      0     25      0      0      0      0      2        3.85751        3.85751         127.07        27.1765        27.4168              0              0              0              0       995       995
     1     17     58   1053     60      0      0      2     27      0      0      0      0      2        3.85751        3.85751        2291.55        67.2199        293.617              0              0              0              0      1053      1053
     1     18     59   1112     60      0      0      1     28      0      0      0      0      2        3.85751        3.85751        2066.53        80.7641        269.948              0              0              0              0      1112      1112
     1     19     60   1172     60      0      0      0     28      0      0      0      0      2        3.85751        3.85751         165.48        29.4927        39.6062              0              0              0              0      1172      1172
     1     20     60   1232     60      0      0      0     28      0      0      0      0      2        3.85751        3.85751        2066.11        75.5438        269.982              0              0              0              0      1232      1232
     1     21     60   1292     60      0      0      0     28      0      0      0      0      2        3.85751        3.85751        221.927        27.8548         42.338              0              0              0              0      1292      1292
     1     22     58   1350     60      0      0      2     30      0      0      0      0      2        3.85751        3.85751        150.755        33.5085        38.0244              0              0              0              0      1350      1350
     1     23     58   1408     60      0      0      2     32      0      0      0      0      2        3.85751        3.85751        249.341         35.336        53.9201              0              0              0              0      1408      1408
     1     24     57   1465     60      0      0      3     35      0      0      0      0      2        3.85751        3.85751        1982.83        66.1004        255.602              0              0              0              0      1465      1465
     1     25     59   1524     60      0      0      1     36      0      0      0      0      2        3.79866        3.79866        217.717        29.0981        46.8959              0              0              0              0      1524      1524
     1     26     59   1583     60      0      0      1     37      0      0      0      0      2        3.61825        3.61825        1220.53        41.7712        157.346              0              0              0              0      1583      1583
     1     27     58   1641     60      0      0      2     39      0      0      0      0      2        3.61825        3.61825        941.465        55.2334        137.544              0              0              0              0      1641      1641
     1     28     57   1698     60      0      0      3     42      0      0      0      0      2        2.90239        2.90239        315.162        34.2938        61.6488              0              0              0              0      1698      1698
     1     29     60   1758     60      0      0      0     42      0      0      0      0      2        2.90239        2.90239        179.193        22.8664        32.7033              0              0              0              0      1758      1758
     1     30     59   1817     60      0      0      1     43      0      0      0      0      2        2.72711        2.72711        303.368        28.0448        58.7222              0              0              0              0      1817      1817
     1     31     59   1876     60      0      0      1     44      0      0      0      0      2        2.72711        2.72711        154.818        26.0502         35.414              0              0              0              0      1876      1876
     1     32     60   1936     60      0      0      0     44      0      0      0      0      2        2.72711        2.72711        121.045        16.7191        22.8235              0              0              0              0      1936      1936
     1     33     59   1995     60      0      0      1     45      0      0      0      0      2         2.7244         2.7244        169.653        26.2666        42.1159              0              0              0              0      1995      1995
     1     34     60   2055     60      0      0      0     45      0      0      0      0      2         2.7244         2.7244        793.435        45.6409        131.959              0              0              0              0      2055      2055
     1     35     60   2115     60      0      0      0     45      0      0      0      0      2         2.7244         2.7244         815.31        47.5948        145.081              0              0              0              0      2115      2115
     1     36     59   2174     60      0      0      1     46      0      0      0      0      2         2.7244         2.7244        1122.64        120.414        269.804              0              0              0              0      2174      2174
     1     37     59   2233     60      0      0      1     47      0      0      0      0      2         2.7244         2.7244        434.052        44.2066        92.8521              0              0              0              0      2233      2233
     1     38     59   2292     60      0      0      1     48      0      0      0      0      2         2.7244         2.7244        638.095        61.0307        139.104              0              0              0              0      2292      2292
     1     39     59   2351     60      0      0      1     49      0      0      0      0      2         2.7244         2.7244        307.361        25.3046        46.7225              0              0              0              0      2351      2351
     1     40     58   2409     60      0      0      2     51      0      0      0      0      2        2.66556        2.66556        1015.67        53.9345        162.345              0              0              0              0      2409      2409
     1     41     60   2469     60      0      0      0     51      0      0      0      0      2        2.64496        2.64496        850.278        103.054        215.509              0              0              0              0      2469      2469
     1     42     60   2529     60      0      0      0     51      0      0      0      0      2        2.45313        2.45313        694.674        47.0056        120.515              0              0              0              0      2529      2529
     1     43     58   2587     60      0      0      2     53      0      0      0      0      2        2.43499        2.43499         157.74        20.1289        28.0808              0              0              0              0      2587      2587
     1     44     58   2645     60      0      0      2     55      0      0      0      0      2        2.43499        2.43499        317.986        26.5338        47.9193              0              0              0              0      2645      2645
     1     45     58   2703     60      0      0      2     57      0      0      0      0      2        2.43499        2.43499        161.137        25.3857        34.6924              0              0              0              0      2703      2703
     1     46     60   2763     60      0      0      0     57      0      0      0      0      2        2.43499        2.43499        295.061        33.6076        64.0464              0              0              0              0      2763      2763
     1     47     58   2821     60      0      0      2     59      0      0      0      0      2        2.43499        2.43499        480.402        35.1062        77.3136              0              0              0              0      2821      2821
     1     48     60   2881     60      0      0      0     59      0      0      0      0      2        2.43499        2.43499        120.751        15.1365        21.9439              0              0              0              0      2881      2881
     1     49     57   2938     60      0      0      3     62      0      0      0      0      2        2.43499        2.43499        355.117        22.7273        50.9383              0              0              0              0      2938      2938
     1     50     59   2997     60      0      0      1     63      0      0      0      0      2        2.43499        2.43499        320.315        22.3154        49.7738              0              0              0              0      2997      2997
     1     51     60   3057     60      0      0      0     63      0      0      0      0      2        2.43499        2.43499        404.496        39.6283        85.7706              0              0              0              0      3057      3057
     1     52     59   3116     60      0      0      1     64      0      0      0      0      2        2.43499        2.43499        509.036        34.8941        81.4931              0              0              0              0      3116      3116
     1     53     59   3175     60      0      0      1     65      0      0      0      0      2        2.42448        2.42448        335.793        40.7691        72.4549              0              0              0              0      3175      3175
     1     54     59   3234     60      0      0      1     66      0      0      0      0      2        2.42448        2.42448         184.98         31.837        41.6425              0              0              0              0      3234      3234
     1     55     59   3293     60      0      0      1     67      0      0      0      0      2        2.28842        2.28842        180.417        31.0866        43.2266              0              0              0              0      3293      3293
     1     56     57   3350     60      0      0      3     70      0      0      0      0      2        2.28842        2.28842        195.411        31.2024        42.4195              0              0              0              0      3350      3350
     1     57     59   3409     60      0      0      1     71      0      0      0      0      2        2.28842        2.28842        122.214        16.0038        21.8743              0              0              0              0      3409      3409
     1     58     59   3468     60      0      0      1     72      0      0      0      0      2        2.28842        2.28842        621.856        31.2995        83.5125              0              0              0              0      3468      3468
     1     59     59   3527     60      0      0      1     73      0      0      0      0      2        2.24223        2.24223        743.576        64.2516        146.692              0              0              0              0      3527      3527
     1     60     57   3584     60      0      0      3     76      0      0      0      0      2        2.15552        2.15552        1045.44        63.1327        148.254              0              0              0              0      3584      3584
     1     61     59   3643     60      0      0      1     77      0      0      0      0      2        2.07799        2.07799        132.627        22.5529        32.6726              0              0              0              0      3643      3643
     1     62     60   3703     60      0      0      0     77      0      0      0      0      2        1.88261        1.88261        538.077        41.8967        88.3593              0              0              0              0      3703      3703
     1     63     55   3758     60      0      0      5     82      0      0      0      0      2        1.78777        1.78777        84.6935        12.1434        14.8791              0              0              0              0      3758      3758
     1     64     59   3817     60      0      0      1     83      0      0      0      0      2        1.75524        1.75524        461.799        39.1393         86.003              0              0              0              0      3817      3817
     1     65     60   3877     60      0      0      0     83      0      0      0      0      2        1.75524        1.75524        235.184        26.4207        47.6083              0              0              0              0      3877      3877
     1     66     58   3935     60      0      0      2     85      0      0      0      0      2        1.71884        1.71884         164.15        20.0091        27.3779              0              0              0              0      3935      3935
     1     67     58   3993     60      0      0      2     87      0      0      0      0      2         1.6759         1.6759        205.017        19.5876        37.6491              0              0              0              0      3993      3993
     1     68     57   4050     60      0      0      3     90      0      0      0      0      2         1.6759         1.6759        290.135        33.0046        55.4886              0              0              0              0      4050      4050
     1     69     58   4108     60      0      0      2     92      0      0      0      0      2        1.50882        1.50882        319.775        32.6132        59.3309              0              0              0              0      4108      4108
     1     70     56   4164     60      0      0      4     96      0      0      0      0      2        1.50882        1.50882        201.521        26.4465        40.5068              0              0              0              0      4164      4164
     1     71     60   4224     60      0      0      0     96      0      0      0      0      2        1.50882        1.50882        150.356        26.0879        34.7008              0              0              0              0      4224      4224
     1     72     54   4278     60      0      0      6    102      0      0      0      0      2        1.50882        1.50882        128.263        25.1017         30.053              0              0              0              0      4278      4278
     1     73     60   4338     60      0      0      0    102      0      0      0      0      2        1.50882        1.50882        522.918        44.5907        98.7062              0              0              0              0      4338      4338
     1     74     59   4397     60      0      0      1    103      0      0      0      0      2        1.50882        1.50882        265.595        32.0491        52.5558              0              0              0              0      4397      4397
     1     75     58   4455     60      0      0      2    105      0      0      0      0      2        1.45672        1.45672        118.483        15.5108        26.7056              0              0              0              0      4455      4455
     1     76     58   4513     60      0      0      2    107      0      0      0      0      2        1.30705        1.30705        1222.28        36.7149        160.302              0              0              0              0      4513      4513
     1     77     54   4567     60      0      0      6    113      0      0      0      0      2        1.30705        1.30705         382.49        26.0987        64.3862              0              0              0              0      4567      4567
     1     78     58   4625     60      0      0      2    115      0      0      0      0      2        1.30705        1.30705        1163.71        61.8057        200.037              0              0              0              0      4625      4625
     1     79     57   4682     60      0      0      3    118      0      0      0      0      2        1.30705        1.30705        139.852        17.9793        25.7311              0              0              0              0      4682      4682
     1     80     58   4740     60      0      0      2    120      0      0      0      0      2        1.30705        1.30705        223.696        18.0639        31.4343              0              0              0              0      4740      4740
     1     81     59   4799     60      0      0      1    121      0      0      0      0      2        1.30705        1.30705        199.107        26.3631        44.8725              0              0              0              0      4799      4799
     1     82     57   4856     60      0      0      3    124      0      0      0      0      2        1.30705        1.30705        234.513        27.0873         56.951              0              0              0              0      4856      4856
     1     83     59   4915     60      0      0      1    125      0      0      0      0      2        1.28674        1.28674        263.951        27.3944        54.1551              0              0              0              0      4915      4915
     1     84     60   4975     60      0      0      0    125      0      0      0      0      2        1.28674        1.28674        109.961        15.7107        24.3246              0              0              0              0      4975      4975
     1     85     59   5034     60      0      0      1    126      0      0      0      0      2        1.28674        1.28674        36.9632        9.22277        9.06983              0              0              0              0      5034      5034
     1     86     58   5092     60      0      0      2    128      0      0      0      0      2        1.28674        1.28674        87.1652        15.1439          19.16              0              0              0              0      5092      5092
     1     87     60   5152     60      0      0      0    128      0      0      0      0      2        1.28674        1.28674         354.91        28.6556        57.3091              0              0              0              0      5152      5152
     1     88     57   5209     60      0      0      3    131      0      0      0      0      2        1.28674        1.28674        126.097        11.8435        19.3012              0              0              0              0      5209      5209
     1     89     60   5269     60      0      0      0    131      0      0      0      0      2        1.26049        1.26049        118.018         15.133        25.5539              0              0              0              0      5269      5269
     1     90     57   5326     60      0      0      3    134      0      0      0      0      2        1.22579        1.22579        128.957        12.3057        23.4601              0              0              0              0      5326      5326
     1     91     58   5384     60      0      0      2    136      0      0      0      0      2        1.22392        1.22392        200.658        17.9918        34.3383              0              0              0              0      5384      5384
     1     92     59   5443     60      0      0      1    137      0      0      0      0      2        1.14764        1.14764        145.775        22.7889         34.568              0              0              0              0      5443      5443
     1     93     59   5502     60      0      0      1    138      0      0      0      0      2        1.14764        1.14764        71.3667         8.8931        12.4619              0              0              0              0      5502      5502
     1     94     59   5561     60      0      0      1    139      0      0      0      0      2        1.14764        1.14764         100.04        13.8445        19.6298              0              0              0              0      5561      5561
     1     95     59   5620     60      0      0      1    140      0      0      0      0      2        1.14169        1.14169        315.445        14.2227        41.9103              0              0              0              0      5620      5620
     1     96     58   5678     60      0      0      2    142      0      0      0      0      2        1.08646        1.08646        138.258        15.6312        26.6739              0              0              0              0      5678      5678
     1     97     60   5738     60      0      0      0    142      0      0      0      0      2        1.08646        1.08646        1837.61        77.7698        306.127              0              0              0              0      5738      5738
     1     98     60   5798     60      0      0      0    142      0      0      0      0      2        1.08646        1.08646        317.795        34.0744        75.9731              0              0              0              0      5798      5798
     1     99     57   5855     60      0      0      3    145      0      0      0      0      2        1.08646        1.08646        966.388        35.6115        130.448              0              0              0              0      5855      5855
     1    100     59   5914     60      0      0      1    146      0      0      0      0      2        1.08646        1.08646        290.561        21.0638        46.0471              0              0              0              0      5914      5914
     1    101     60   5974     60      0      0      0    146      0      0      0      0      2        1.05626        1.05626        439.164        47.9973        102.343              0              0              0              0      5974      5974
     1    102     59   6033     60      0      0      1    147      0      0      0      0      2        1.05626        1.05626        161.586        19.5504        32.6181              0              0              0              0      6033      6033
     1    103     59   6092     60      0      0      1    148      0      0      0      0      2        1.01609        1.01609         479.51        35.5788        92.1308              0              0              0              0      6092      6092
     1    104     59   6151     60      0      0      1    149      0      0      0      0      2        1.01609        1.01609         105.82        12.6242        23.8098              0              0              0              0      6151      6151
     1    105     60   6211     60      0      0      0    149      0      0      0      0      2       0.961094       0.961094        40.6067        5.94469        7.70864              0              0              0              0      6211      6211
     1    106     58   6269     60      0      0      2    151      0      0      0      0      2       0.961094       0.961094        80.5791         8.6845        12.4651              0              0              0              0      6269      6269
     1    107     58   6327     60      0      0      2    153      0      0      0      0      2       0.961094       0.961094        384.477        30.7195        68.7748              0              0              0              0      6327      6327
     1    108     59   6386     60      0      0      1    154      0      0      0      0      2       0.961094       0.961094        60.8372        8.55385        11.3583              0              0              0              0      6386      6386
     1    109     59   6445     60      0      0      1    155      0      0      0      0      2       0.876132       0.876132        427.682        28.2057        68.5058              0              0              0              0      6445      6445
     1    110     58   6503     60      0      0      2    157      0      0      0      0      2       0.876132       0.876132        295.159        15.1778        46.5128              0              0              0              0      6503      6503
     1    111     60   6563     60      0      0      0    157      0      0      0      0      2       0.876132       0.876132        332.753        14.9078        44.7915              0              0              0              0      6563      6563
     1    112     59   6622     60      0      0      1    158      0      0      0      0      2       0.876132       0.876132        132.368        9.74646        20.9847              0              0              0              0      6622      6622
     1    113     59   6681     60      0      0      1    159      0      0      0      0      2       0.876132       0.876132        150.928        14.8433        28.5527              0              0              0              0      6681      6681
     1    114     58   6739     60      0      0      2    161      0      0      0      0      2       0.876132       0.876132        156.703        12.3911        25.4491              0              0              0              0      6739      6739
     1    115     59   6798     60      0      0      1    162      0      0      0      0      2       0.869842       0.869842        184.327        17.1999        33.8538              0              0              0              0      6798      6798
     1    116     59   6857     60      0      0      1    163      0      0      0      0      2       0.869842       0.869842        351.923        21.5391        57.4442              0              0              0              0      6857      6857
     1    117     59   6916     60      0      0      1    164      0      0      0      0      2       0.869842       0.869842        139.692        14.5525        27.5306              0              0              0              0      6916      6916
     1    118     59   6975     60      0      0      1    165      0      0      0      0      2       0.869842       0.869842        330.635        21.6452        56.5794              0              0              0              0      6975      6975
     1    119     59   7034     60      0      0      1    166      0      0      0      0      2       0.869842       0.869842        246.916          20.27         36.101              0              0              0              0      7034      7034
     1    120     59   7093     60      0      0      1    167      0      0      0      0      2       0.869842       0.869842        275.885        23.2056        49.3744              0              0              0              0      7093      7093
     1    121     57   7150     60      0      0      3    170      0      0      0      0      2       0.869842       0.869842         237.91        17.5074        35.2825              0              0              0              0      7150      7150
     1    122     60   7210     60      0      0      0    170      0      0      0      0      2       0.869842       0.869842        233.402        14.7167        34.6869              0              0              0              0      7210      7210
     1    123     58   7268     60      0      0      2    172      0      0      0      0      2       0.869842       0.869842        161.191        12.9549        29.0094              0              0              0              0      7268      7268
     1    124     58   7326     60      0      0      2    174      0      0      0      0      2       0.869842       0.869842        66.9725        7.45113        12.2997              0              0              0              0      7326      7326
     1    125     56   7382     60      0      0      4    178      0      0      0      0      2       0.869842       0.869842        243.463        13.9681        38.1314              0              0              0              0      7382      7382
     1    126     58   7440     60      0      0      2    180      0      0      0      0      2       0.869842       0.869842        218.886        20.0146        47.3335              0              0              0              0      7440      7440
     1    127     59   7499     60      0      0      1    181      0      0      0      0      2        0.86828        0.86828        325.219        35.0997        65.5824              0              0              0              0      7499      7499
     1    128     58   7557     60      0      0      2    183      0      0      0      0      2        0.86828        0.86828        81.7044        11.6967        16.3118              0              0              0              0      7557      7557
     1    129     60   7617     60      0      0      0    183      0      0      0      0      2        0.86828        0.86828        588.086        39.2524        100.424              0              0              0              0      7617      7617
     1    130     58   7675     60      0      0      2    185      0      0      0      0      2        0.86828        0.86828        1047.26        34.7494        134.623              0              0              0              0      7675      7675
     1    131     58   7733     60      0      0      2    187      0      0      0      0      2        0.86828        0.86828        111.353        12.4727        19.1977              0              0              0              0      7733      7733
     1    132     57   7790     60      0      0      3    190      0      0      0      0      2       0.854611       0.854611        120.863        12.6914        20.7818              0              0              0              0      7790      7790
     1    133     57   7847     60      0      0      3    193      0      0      0      0      2       0.854611       0.854611        228.866        17.5219        35.7313              0              0              0              0      7847      7847
     1    134     58   7905     60      0      0      2    195      0      0      0      0      2       0.854611       0.854611        93.3549         12.783        19.3024              0              0              0              0      7905      7905
     1    135     60   7965     60      0      0      0    195      0      0      0      0      2       0.854611       0.854611        104.078        10.5123        16.6878              0              0              0              0      7965      7965
     1    136     58   8023     60      0      0      2    197      0      0      0      0      2       0.823995       0.823995        95.6251        13.8638        23.6966              0              0              0              0      8023      8023
     1    137     57   8080     60      0      0      3    200      0      0      0      0      2       0.813427       0.813427        68.1077        7.13964        13.6892              0              0              0              0      8080      8080
     1    138     60   8140     60      0      0      0    200      0      0      0      0      2       0.805309       0.805309        314.644        14.1722        41.9899              0              0              0              0      8140      8140
     1    139     58   8198     60      0      0      2    202      0      0      0      0      2       0.805309       0.805309        844.402        26.3261        109.183              0              0              0              0      8198      8198
     1    140     60   8258     60      0      0      0    202      0      0      0      0      2       0.805309       0.805309         66.495        13.0372        16.0935              0              0              0              0      8258      8258
     1    141     58   8316     60      0      0      2    204      0      0      0      0      2       0.805309       0.805309         1118.6        36.9282        147.222              0              0              0              0      8316      8316
     1    142     58   8374     60      0      0      2    206      0      0      0      0      2       0.805309       0.805309        1072.71        61.3099        181.806              0              0              0              0      8374      8374
     1    143     58   8432     60      0      0      2    208      0      0      0      0      2       0.805309       0.805309        68.6567        11.2516        14.8825              0              0              0              0      8432      8432
     1    144     59   8491     60      0      0      1    209      0      0      0      0      2       0.805309       0.805309        97.8187        10.3363        15.9144              0              0              0              0      8491      8491
     1    145     56   8547     60      0      0      4    213      0      0      0      0      2       0.805309       0.805309        143.143        14.9577        33.0009              0              0              0              0      8547      8547
     1    146     58   8605     60      0      0      2    215      0      0      0      0      2       0.805309       0.805309        885.855        32.6079        129.681              0              0              0              0      8605      8605
     1    147     59   8664     60      0      0      1    216      0      0      0      0      2       0.691454       0.691454        859.084        38.5677        144.696              0              0              0              0      8664      8664
     1    148     58   8722     60      0      0      2    218      0      0      0      0      2       0.691454       0.691454         1492.1        42.2812        194.818              0              0              0              0      8722      8722
     1    149     59   8781     60      0      0      1    219      0      0      0      0      2       0.691454       0.691454        247.264        17.4921        41.3167              0              0              0              0      8781      8781
     1    150     58   8839     60      0      0      2    221      0      0      0      0      2       0.691454       0.691454        82.5313        10.1809        16.6139              0              0              0              0      8839      8839
     1    151     58   8897     60      0      0      2    223      0      0      0      0      2       0.691454       0.691454        215.495        16.8312        36.3438              0              0              0              0      8897      8897
     1    152     57   8954     60      0      0      3    226      0      0      0      0      2       0.691454       0.691454        164.182        12.9108        24.8982              0              0              0              0      8954      8954
     1    153     58   9012     60      0      0      2    228      0      0      0      0      2       0.691454       0.691454        92.9849        9.92222        15.6031              0              0              0              0      9012      9012
     1    154     58   9070     60      0      0      2    230      0      0      0      0      2       0.676321       0.676321        205.679        15.9711        32.9278              0              0              0              0      9070      9070
     1    155     59   9129     60      0      0      1    231      0      0      0      0      2       0.676321       0.676321        113.285        12.1794         18.865              0              0              0              0      9129      9129
     1    156     58   9187     60      0      0      2    233      0      0      0      0      2       0.676321       0.676321        43.3553        7.61863        9.63999              0              0              0              0      9187      9187
     1    157     58   9245     60      0      0      2    235      0      0      0      0      2       0.676321       0.676321        42.9864        7.08533        9.90827              0              0              0              0      9245      9245
     1    158     60   9305     60      0      0      0    235      0      0      0      0      2       0.676321       0.676321        64.6482        6.91444        11.6831              0              0              0              0      9305      9305
     1    159     56   9361     60      0      0      4    239      0      0      0      0      2       0.676321       0.676321        52.5417        9.09402        12.5699              0              0              0              0      9361      9361
     1    160     60   9421     60      0      0      0    239      0      0      0      0      2       0.667657       0.667657        123.171        13.6481        20.1356              0              0              0              0      9421      9421
     1    161     58   9479     60      0      0      2    241      0      0      0      0      2       0.667657       0.667657        186.008        14.3319        31.6476              0              0              0              0      9479      9479
     1    162     60   9539     60      0      0      0    241      0      0      0      0      2       0.667657       0.667657        42.6771        6.77177        9.66334              0              0              0              0      9539      9539
     1    163     59   9598     60      0      0      1    242      0      0      0      0      2       0.667657       0.667657        196.912        12.0204        30.7059              0              0              0              0      9598      9598
     1    164     59   9657     60      0      0      1    243      0      0      0      0      2       0.635628       0.635628        40.1916        5.88031        9.50847              0              0              0              0      9657      9657
     1    165     56   9713     60      0      0      4    247      0      0      0      0      2       0.634174       0.634174        23.6832        5.03032        6.53553              0              0              0              0      9713      9713
     1    166     60   9773     60      0      0      0    247      0      0      0      0      2       0.634174       0.634174        32.0027         6.6223        7.81714              0              0              0              0      9773      9773
     1    167     58   9831     60      0      0      2    249      0      0      0      0      2       0.634174       0.634174        37.6508        5.65675        8.29895              0              0              0              0      9831      9831
     1    168     60   9891     60      0      0      0    249      0      0      0      0      2       0.633913       0.633913        46.7364        5.24925        8.87396              0              0              0              0      9891      9891
     1    169     55   9946     60      0      0      5    254      0      0      0      0      2       0.616298       0.616298        28.9032        4.65603        6.66285              0              0              0              0      9946      9946
     1    170     54  10000     55      0      0      0    254      0      0      0      0      2       0.607182       0.607182        208.388        16.4745        43.0069              0              0              0              0     10000     10000
