     1      0     60     60     60      0      0      0      0      0      0      0      0      2        8.40922        8.40922        2064.26        456.283        548.433              0              0              0              0        60        60
     1      1     58    118     60      0      0      2      2      0      0      0      0      2        8.40922        8.40922        322.064        90.7117        96.2124              0              0              0              0       118       118
     1      2     59    177     60      0      0      1      3      0      0      0      0      2        8.40922        8.40922        723.517        89.0734        130.431              0              0              0              0       177       177
     1      3     58    235     60      0      0      2      5      0      0      0      0      2        8.20822        8.20822        136.241        33.6461        31.0963              0              0              0              0       235       235
     1      4     59    294     60      0      0      1      6      0      0      0      0      2        8.02548        8.02548        205.807        39.7068        47.5568              0              0              0              0       294       294
     1      5     59    353     60      0      0      1      7      0      0      0      0      2        6.70359        6.70359         109.94        22.5104        23.0785              0              0              0              0       353       353
     1      6     60    413     60      0      0      0      7      0      0      0      0      2        6.70359        6.70359        477.542        31.2896        64.4234              0              0              0              0       413       413
     1      7     59    472     60      0      0      1      8      0      0      0      0      2        6.70359        6.70359        191.378        30.1418        40.0754              0              0              0              0       472       472
     1      8     59    531     60      0      0      1      9      0      0      0      0      2        6.70359        6.70359        107.501        24.8586        19.9182              0              0              0              0       531       531
     1      9     60    591     60      0      0      0      9      0      0      0      0      2        6.40785        6.40785        156.151        37.1615        36.6989              0              0              0              0       591       591
     1     10     58    649     60      0      0      2     11      0      0      0      0      2        6.40785        6.40785        223.599        39.9844        48.2519              0              0              0              0       649       649
     1     11     60    709     60      0      0      0     11      0      0      0      0      2        6.40785        6.40785        161.038        29.1458        35.0308              0              0              0              0       709       709
     1     12     58    767     60      0      0      2     13      0      0      0      0      2        6.40785        6.40785        155.608        25.8505        32.8075              0              0              0              0       767       767
     1     13     58    825     60      0      0      2     15      0      0      0      0      2        6.40785        6.40785        296.299        31.5233        52.4345              0              0              0              0       825       825
     1     14     57    882     60      0      0      3     18      0      0      0      0      2        6.40785        6.40785        101.398         23.229        21.9233              0              0              0              0       882       882
     1     15     57    939     60      0      0      3     21      0      0      0      0      2         6.3899         6.3899        189.342        29.3795        36.1606              0              0              0              0       939       939
     1     16     60    999     60      0      0      0     21      0      0      0      0      2         6.3899         6.3899        103.479        23.9739        20.7087              0              0              0              0       999       999
     1     17     58   1057     60      0      0      2     23      0      0      0      0      2        6.34427        6.34427        149.716        23.1795        29.8164              0              0              0              0      1057      1057
     1     18     58   1115     60      0      0      2     25      0      0      0      0      2        6.34427        6.34427        212.557        27.5591        38.0979              0              0              0              0      1115      1115
     1     19     57   1172     60      0      0      3     28      0      0      0      0      2        6.34427        6.34427         171.89        21.0665        30.9078              0              0              0              0      1172      1172
     1     20     60   1232     60      0      0      0     28      0      0      0      0      2        6.34427        6.34427        286.308        29.7294        47.0461              0              0              0              0      1232      1232
     1     21     58   1290     60      0      0      2     30      0      0      0      0      2        6.34427        6.34427        99.8341        21.0548         21.287              0              0              0              0      1290      1290
     1     22     57   1347     60      0      0      3     33      0      0      0      0      2        6.34427        6.34427        200.804        22.7198        34.3626              0              0              0              0      1347      1347
     1     23     59   1406     60      0      0      1     34      0      0      0      0      2        6.34427        6.34427        108.876        18.9195        21.1878              0              0              0              0      1406      1406
     1     24     59   1465     60      0      0      1     35      0      0      0      0      2        6.32719        6.32719        438.441        32.5948        62.5497              0              0              0              0      1465      1465
     1     25     60   1525     60      0      0      0     35      0      0      0      0      2        6.32719        6.32719        171.297        32.6935        38.0973              0              0              0              0      1525      1525
     1     26     59   1584     60      0      0      1     36      0      0      0      0      2        6.31431        6.31431        112.391        29.0904        27.1248              0              0              0              0      1584      1584
     1     27     59   1643     60      0      0      1     37      0      0      0      0      2        5.65114        5.65114        211.447        36.1754        44.5108              0              0              0              0      1643      1643
     1     28     60   1703     60      0      0      0     37      0      0      0      0      2        5.65114        5.65114         217.95        31.7834        40.9279              0              0              0              0      1703      1703
     1     29     60   1763     60      0      0      0     37      0      0      0      0      2        5.65114        5.65114        525.879        44.1828        74.4334              0              0              0              0      1763      1763
     1     30     58   1821     60      0      0      2     39      0      0      0      0      2        5.65114        5.65114        123.428        19.7794        25.8384              0              0              0              0      1821      1821
     1     31     59   1880     60      0      0      1     40      0      0      0      0      2        5.65114        5.65114         138.62        26.5841        32.7477              0              0              0              0      1880      1880
     1     32     60   1940     60      0      0      0     40      0      0      0      0      2        5.47268        5.47268        343.426        32.3128        54.0504              0              0              0              0      1940      1940
     1     33     58   1998     60      0      0      2     42      0      0      0      0      2        5.47268        5.47268        171.271        20.7705        28.2194              0              0              0              0      1998      1998
     1     34     58   2056     60      0      0      2     44      0      0      0      0      2        5.47268        5.47268        85.6734        18.8369        18.2471              0              0              0              0      2056      2056
     1     35     56   2112     60      0      0      4     48      0      0      0      0      2        5.47268        5.47268        139.684         20.158        23.7459              0              0              0              0      2112      2112
     1     36     60   2172     60      0      0      0     48      0      0      0      0      2        5.47268        5.47268        98.0585         14.611        15.5481              0              0              0              0      2172      2172
     1     37     60   2232     60      0      0      0     48      0      0      0      0      2         5.3675         5.3675        142.656        20.2153        29.3521              0              0              0              0      2232      2232
     1     38     58   2290     60      0      0      2     50      0      0      0      0      2         5.3675         5.3675        189.754        23.6067        37.8429              0              0              0              0      2290      2290
     1     39     56   2346     60      0      0      4     54      0      0      0      0      2        5.00122        5.00122        164.748        24.4122        29.8849              0              0              0              0      2346      2346
     1     40     57   2403     60      0      0      3     57      0      0      0      0      2        5.00122        5.00122        306.486        34.6434        54.1442              0              0              0              0      2403      2403
     1     41     60   2463     60      0      0      0     57      0      0      0      0      2        5.00122        5.00122        123.066        24.1717        30.2419              0              0              0              0      2463      2463
     1     42     59   2522     60      0      0      1     58      0      0      0      0      2        5.00122        5.00122        202.677        28.8022        42.8832              0              0              0              0      2522      2522
     1     43     58   2580     60      0      0      2     60      0      0      0      0      2        5.00122        5.00122        147.181        27.1007         33.602              0              0              0              0      2580      2580
     1     44     54   2634     60      0      0      6     66      0      0      0      0      2        5.00122        5.00122        149.577        21.7408        28.4036              0              0              0              0      2634      2634
     1     45     58   2692     60      0      0      2     68      0      0      0      0      2        5.00122        5.00122        218.165        23.3409        38.0557              0              0              0              0      2692      2692
     1     46     60   2752     60      0      0      0     68      0      0      0      0      2        5.00122        5.00122         342.03        29.3949        52.3012              0              0              0              0      2752      2752
     1     47     59   2811     60      0      0      1     69      0      0      0      0      2        4.86665        4.86665        306.133        23.3476        41.3956              0              0              0              0      2811      2811
     1     48     57   2868     60      0      0      3     72      0      0      0      0      2        4.86665        4.86665        169.683        18.5322        24.5395              0              0              0              0      2868      2868
     1     49     55   2923     60      0      0      5     77      0      0      0      0      2        4.86665        4.86665        66.3136        14.2576        13.5589              0              0              0              0      2923      2923
     1     50     58   2981     60      0      0      2     79      0      0      0      0      2        4.79871        4.79871        100.566        16.0963        19.7528              0              0              0              0      2981      2981
     1     51     59   3040     60      0      0      1     80      0      0      0      0      2        4.79871        4.79871        86.2302        19.5183        19.9439              0              0              0              0      3040      3040
     1     52     59   3099     60      0      0      1     81      0      0      0      0      2        4.79871        4.79871        222.168         26.952        39.1858              0              0              0              0      3099      3099
     1     53     60   3159     60      0      0      0     81      0      0      0      0      2        4.79871        4.79871        205.903        23.2113        36.8501              0              0              0              0      3159      3159
     1     54     58   3217     60      0      0      2     83      0      0      0      0      2        4.73547        4.73547        88.7461        15.2259        17.8238              0              0              0              0      3217      3217
     1     55     58   3275     60      0      0      2     85      0      0      0      0      2        4.73547        4.73547        175.934         23.026        36.2003              0              0              0              0      3275      3275
     1     56     58   3333     60      0      0      2     87      0      0      0      0      2        4.39373        4.39373        120.118         18.658        24.3941              0              0              0              0      3333      3333
     1     57     59   3392     60      0      0      1     88      0      0      0      0      2        3.93658        3.93658        263.825        22.4392        39.1901              0              0              0              0      3392      3392
     1     58     59   3451     60      0      0      1     89      0      0      0      0      2        3.93658        3.93658         393.91        37.8801        72.8781              0              0              0              0      3451      3451
     1     59     60   3511     60      0      0      0     89      0      0      0      0      2        3.90448        3.90448        349.797        35.0031        69.8507              0              0              0              0      3511      3511
     1     60     58   3569     60      0      0      2     91      0      0      0      0      2        3.90448        3.90448        88.9565        18.2278        20.2672              0              0              0              0      3569      3569
     1     61     59   3628     60      0      0      1     92      0      0      0      0      2        3.90448        3.90448        195.779        18.7767         27.736              0              0              0              0      3628      3628
     1     62     57   3685     60      0      0      3     95      0      0      0      0      2        3.90129        3.90129        233.209        28.9277         48.216              0              0              0              0      3685      3685
     1     63     57   3742     60      0      0      3     98      0      0      0      0      2        3.88532        3.88532        101.261        14.1727        19.0576              0              0              0              0      3742      3742
     1     64     59   3801     60      0      0      1     99      0      0      0      0      2        3.87299        3.87299        198.509        19.4247        31.3236              0              0              0              0      3801      3801
     1     65     58   3859     60      0      0      2    101      0      0      0      0      2        3.87088        3.87088        93.6273        17.1939        18.2284              0              0              0              0      3859      3859
     1     66     60   3919     60      0      0      0    101      0      0      0      0      2         3.8614         3.8614        171.632        15.3932         24.454              0              0              0              0      3919      3919
     1     67     58   3977     60      0      0      2    103      0      0      0      0      2         3.8614         3.8614        170.173        27.3482        39.4281              0              0              0              0      3977      3977
     1     68     60   4037     60      0      0      0    103      0      0      0      0      2        3.85355        3.85355        204.628        25.5131        36.8395              0              0              0              0      4037      4037
     1     69     56   4093     60      0      0      4    107      0      0      0      0      2        3.84543        3.84543        159.051        23.1359        34.6078              0              0              0              0      4093      4093
     1     70     56   4149     60      0      0      4    111      0      0      0      0      2        3.84543        3.84543        148.403        16.0249        26.6446              0              0              0              0      4149      4149
     1     71     59   4208     60      0      0      1    112      0      0      0      0      2        3.84543        3.84543        168.856        25.1693        34.8092              0              0              0              0      4208      4208
     1     72     56   4264     60      0      0      4    116      0      0      0      0      2         3.7884         3.7884        91.1507        18.2947        21.2113              0              0              0              0      4264      4264
     1     73     55   4319     60      0      0      5    121      0      0      0      0      2         3.7884         3.7884        112.982        18.6126        25.5422              0              0              0              0      4319      4319
     1     74     60   4379     60      0      0      0    121      0      0      0      0      2         3.7884         3.7884          234.2        24.2433        40.3496              0              0              0              0      4379      4379
     1     75     60   4439     60      0      0      0    121      0      0      0      0      2         3.7884         3.7884        96.9714        18.7743        23.2646              0              0              0              0      4439      4439
     1     76     56   4495     60      0      0      4    125      0      0      0      0      2        3.72656        3.72656        162.481        21.2169        31.7797              0              0              0              0      4495      4495
     1     77     58   4553     60      0      0      2    127      0      0      0      0      2        3.72656        3.72656        116.442         18.276        20.9479              0              0              0              0      4553      4553
     1     78     58   4611     60      0      0      2    129      0      0      0      0      2        3.72656        3.72656        144.037        25.0528        31.4793              0              0              0              0      4611      4611
     1     79     60   4671     60      0      0      0    129      0      0      0      0      2        3.72656        3.72656        157.728        35.5112        45.0757              0              0              0              0      4671      4671
     1     80     57   4728     60      0      0      3    132      0      0      0      0      2        3.29258        3.29258        191.799        24.5542        37.8041              0              0              0              0      4728      4728
     1     81     58   4786     60      0      0      2    134      0      0      0      0      2        3.16087        3.16087        262.549        26.8357         43.986              0              0              0              0      4786      4786
     1     82     59   4845     60      0      0      1    135      0      0      0      0      2        3.16087        3.16087        147.797        20.3535         27.594              0              0              0              0      4845      4845
     1     83     60   4905     60      0      0      0    135      0      0      0      0      2        3.08732        3.08732        187.102        23.1578        34.7193              0              0              0              0      4905      4905
     1     84     58   4963     60      0      0      2    137      0      0      0      0      2        3.08732        3.08732        98.6753        19.8431        19.7756              0              0              0              0      4963      4963
     1     85     56   5019     60      0      0      4    141      0      0      0      0      2        3.08732        3.08732        128.918        21.7402        26.5116              0              0              0              0      5019      5019
     1     86     59   5078     60      0      0      1    142      0      0      0      0      2        3.08732        3.08732        64.2983        14.0387        13.7412              0              0              0              0      5078      5078
     1     87     59   5137     60      0      0      1    143      0      0      0      0      2        2.81264        2.81264        146.667        26.6723        33.8666              0              0              0              0      5137      5137
     1     88     58   5195     60      0      0      2    145      0      0      0      0      2        2.81264        2.81264        85.3209        20.8616        18.4142              0              0              0              0      5195      5195
     1     89     59   5254     60      0      0      1    146      0      0      0      0      2        2.81264        2.81264        258.051         25.538        38.0104              0              0              0              0      5254      5254
     1     90     57   5311     60      0      0      3    149      0      0      0      0      2        2.81264        2.81264        256.761        27.7944        44.5378              0              0              0              0      5311      5311
     1     91     58   5369     60      0      0      2    151      0      0      0      0      2        2.81264        2.81264        90.4765        11.3717        13.5091              0              0              0              0      5369      5369
     1     92     58   5427     60      0      0      2    153      0      0      0      0      2        2.81264        2.81264        56.5271         13.085        11.7057              0              0              0              0      5427      5427
     1     93     58   5485     60      0      0      2    155      0      0      0      0      2        2.81264        2.81264        111.278        18.4772        23.1614              0              0              0              0      5485      5485
     1     94     60   5545     60      0      0      0    155      0      0      0      0      2        2.81264        2.81264        185.278        19.9564        30.3506              0              0              0              0      5545      5545
     1     95     59   5604     60      0      0      1    156      0      0      0      0      2        2.81264        2.81264        160.142        16.8512        23.9275              0              0              0              0      5604      5604
     1     96     59   5663     60      0      0      1    157      0      0      0      0      2        2.81264        2.81264        99.9488        14.0207        18.6676              0              0              0              0      5663      5663
     1     97     59   5722     60      0      0      1    158      0      0      0      0      2        2.67783        2.67783        164.728        25.2606         37.203              0              0              0              0      5722      5722
     1     98     60   5782     60      0      0      0    158      0      0      0      0      2        2.67783        2.67783        91.5851        19.1177        21.0271              0              0              0              0      5782      5782
     1     99     59   5841     60      0      0      1    159      0      0      0      0      2        2.67783        2.67783        63.7506          14.02        15.9752              0              0              0              0      5841      5841
     1    100     60   5901     60      0      0      0    159      0      0      0      0      2        2.67783        2.67783        94.3652        16.3319         20.152              0              0              0              0      5901      5901
     1    101     59   5960     60      0      0      1    160      0      0      0      0      2        2.67783        2.67783        107.347        13.4031        19.9926              0              0              0              0      5960      5960
     1    102     60   6020     60      0      0      0    160      0      0      0      0      2        2.67783        2.67783        128.873        20.2136        26.1048              0              0              0              0      6020      6020
     1    103     57   6077     60      0      0      3    163      0      0      0      0      2        2.67783        2.67783        90.5508        12.0991        15.6209              0              0              0              0      6077      6077
     1    104     58   6135     60      0      0      2    165      0      0      0      0      2        2.67783        2.67783        78.3225        10.3495        13.0261              0              0              0              0      6135      6135
     1    105     59   6194     60      0      0      1    166      0      0      0      0      2        2.67783        2.67783        185.622        17.4375        29.7851              0              0              0              0      6194      6194
     1    106     59   6253     60      0      0      1    167      0      0      0      0      2        2.67783        2.67783        129.869        18.4653        27.8139              0              0              0              0      6253      6253
     1    107     59   6312     60      0      0      1    168      0      0      0      0      2        2.66636        2.66636        191.562        16.9839        31.8033              0              0              0              0      6312      6312
     1    108     60   6372     60      0      0      0    168      0      0      0      0      2        2.48951        2.48951        211.798        20.4119        40.2747              0              0              0              0      6372      6372
     1    109     60   6432     60      0      0      0    168      0      0      0      0      2        2.48089        2.48089        104.279        19.2354        22.0618              0              0              0              0      6432      6432
     1    110     58   6490     60      0      0      2    170      0      0      0      0      2        2.47646        2.47646        138.193        19.2629        28.4249              0              0              0              0      6490      6490
     1    111     55   6545     60      0      0      5    175      0      0      0      0      2        2.25358        2.25358        148.915        17.9378         30.119              0              0              0              0      6545      6545
     1    112     59   6604     60      0      0      1    176      0      0      0      0      2        2.10545        2.10545        160.161        21.0487        30.5308              0              0              0              0      6604      6604
     1    113     59   6663     60      0      0      1    177      0      0      0      0      2        2.08554        2.08554        142.093        19.0162         30.824              0              0              0              0      6663      6663
     1    114     59   6722     60      0      0      1    178      0      0      0      0      2        2.08554        2.08554        145.702        27.7308        35.7553              0              0              0              0      6722      6722
     1    115     60   6782     60      0      0      0    178      0      0      0      0      2        2.08554        2.08554        163.986        27.0551        37.3788              0              0              0              0      6782      6782
     1    116     59   6841     60      0      0      1    179      0      0      0      0      2        2.08554        2.08554        114.535        20.3035        28.5269              0              0              0              0      6841      6841
     1    117     59   6900     60      0      0      1    180      0      0      0      0      2        2.08554        2.08554        93.8582        12.6869        18.5203              0              0              0              0      6900      6900
     1    118     60   6960     60      0      0      0    180      0      0      0      0      2        2.08554        2.08554        146.521        20.1142        30.9253              0              0              0              0      6960      6960
     1    119     57   7017     60      0      0      3    183      0      0      0      0      2           2.06           2.06        128.067        22.1569        30.4288              0              0              0              0      7017      7017
     1    120     57   7074     60      0      0      3    186      0      0      0      0      2           2.06           2.06        84.3998        16.3969        19.8995              0              0              0              0      7074      7074
     1    121     58   7132     60      0      0      2    188      0      0      0      0      2           2.06           2.06        60.9047        10.1145        11.5849              0              0              0              0      7132      7132
     1    122     59   7191     60      0      0      1    189      0      0      0      0      2           2.06           2.06        115.204        13.3374        21.3559              0              0              0              0      7191      7191
     1    123     58   7249     60      0      0      2    191      0      0      0      0      2        2.04563        2.04563        136.298        15.0204        25.1918              0              0              0              0      7249      7249
     1    124     60   7309     60      0      0      0    191      0      0      0      0      2        2.04563        2.04563        79.9038        11.8285        17.5905              0              0              0              0      7309      7309
     1    125     59   7368     60      0      0      1    192      0      0      0      0      2        2.04563        2.04563         116.62        15.8242        25.6795              0              0              0              0      7368      7368
     1    126     59   7427     60      0      0      1    193      0      0      0      0      2        2.04563        2.04563        69.1666        10.4741        13.2939              0              0              0              0      7427      7427
     1    127     60   7487     60      0      0      0    193      0      0      0      0      2        2.04563        2.04563        102.677          15.13        24.7029              0              0              0              0      7487      7487
     1    128     58   7545     60      0      0      2    195      0      0      0      0      2        2.04563        2.04563        109.755        16.5758        26.7079              0              0              0              0      7545      7545
     1    129     60   7605     60      0      0      0    195      0      0      0      0      2        2.04563        2.04563        96.9237        13.8187        18.5138              0              0              0              0      7605      7605
     1    130     60   7665     60      0      0      0    195      0      0      0      0      2        2.04563        2.04563        104.783        11.2573        19.4241              0              0              0              0      7665      7665
     1    131     56   7721     60      0      0      4    199      0      0      0      0      2        2.02778        2.02778        129.825        10.9748        20.0684              0              0              0              0      7721      7721
     1    132     58   7779     60      0      0      2    201      0      0      0      0      2        2.02778        2.02778        131.476        10.8706        18.1988              0              0              0              0      7779      7779
     1    133     60   7839     60      0      0      0    201      0      0      0      0      2         1.9803         1.9803        84.9621        13.4574        20.1945              0              0              0              0      7839      7839
     1    134     59   7898     60      0      0      1    202      0      0      0      0      2         1.9803         1.9803        114.786        11.0553        19.2527              0              0              0              0      7898      7898
     1    135     57   7955     60      0      0      3    205      0      0      0      0      2        1.69183        1.69183        90.9345        10.3923        15.7256              0              0              0              0      7955      7955
     1    136     58   8013     60      0      0      2    207      0      0      0      0      2        1.69183        1.69183         191.14        19.4528        34.0148              0              0              0              0      8013      8013
     1    137     60   8073     60      0      0      0    207      0      0      0      0      2        1.63577        1.63577        96.9084        11.8129        17.9646              0              0              0              0      8073      8073
     1    138     59   8132     60      0      0      1    208      0      0      0      0      2        1.63577        1.63577        61.4305        10.6957        12.4512              0              0              0              0      8132      8132
     1    139     59   8191     60      0      0      1    209      0      0      0      0      2        1.63577        1.63577        61.0818        10.8571        12.7615              0              0              0              0      8191      8191
     1    140     58   8249     60      0      0      2    211      0      0      0      0      2        1.59886        1.59886         103.14        13.3571        21.7122              0              0              0              0      8249      8249
     1    141     58   8307     60      0      0      2    213      0      0      0      0      2        1.59843        1.59843        100.664        14.7366        21.5022              0              0              0              0      8307      8307
     1    142     59   8366     60      0      0      1    214      0      0      0      0      2        1.59843        1.59843        190.541        17.8966        29.4508              0              0              0              0      8366      8366
     1    143     58   8424     60      0      0      2    216      0      0      0      0      2        1.59843        1.59843        90.5496        15.2766        18.3291              0              0              0              0      8424      8424
     1    144     55   8479     60      0      0      5    221      0      0      0      0      2        1.59843        1.59843        137.828        20.7671        30.1067              0              0              0              0      8479      8479
     1    145     59   8538     60      0      0      1    222      0      0      0      0      2        1.59843        1.59843        98.6092        11.5235        20.1117              0              0              0              0      8538      8538
     1    146     59   8597     60      0      0      1    223      0      0      0      0      2        1.59843        1.59843        65.8766        9.18687        13.4501              0              0              0              0      8597      8597
     1    147     59   8656     60      0      0      1    224      0      0      0      0      2        1.59843        1.59843        55.4668        10.3585        12.5181              0              0              0              0      8656      8656
     1    148     56   8712     60      0      0      4    228      0      0      0      0      2        1.58631        1.58631         82.738        15.7642        21.5059              0              0              0              0      8712      8712
     1    149     60   8772     60      0      0      0    228      0      0      0      0      2        1.58631        1.58631        57.8353        8.73772         11.789              0              0              0              0      8772      8772
     1    150     60   8832     60      0      0      0    228      0      0      0      0      2        1.58631        1.58631        30.1864        6.56353        5.96587              0              0              0              0      8832      8832
     1    151     57   8889     60      0      0      3    231      0      0      0      0      2        1.54012        1.54012          71.73        8.06026        12.8629              0              0              0              0      8889      8889
     1    152     59   8948     60      0      0      1    232      0      0      0      0      2        1.54012        1.54012        115.589        13.4561         20.434              0              0              0              0      8948      8948
     1    153     58   9006     60      0      0      2    234      0      0      0      0      2        1.39249        1.39249        59.4402        8.58504        10.6029              0              0              0              0      9006      9006
     1    154     58   9064     60      0      0      2    236      0      0      0      0      2        1.39249        1.39249         168.88        17.3271        32.4263              0              0              0              0      9064      9064
     1    155     58   9122     60      0      0      2    238      0      0      0      0      2        1.39249        1.39249        90.6904        11.6626        16.7619              0              0              0              0      9122      9122
     1    156     60   9182     60      0      0      0    238      0      0      0      0      2        1.36585        1.36585        81.4652        12.6366        18.3593              0              0              0              0      9182      9182
     1    157     58   9240     60      0      0      2    240      0      0      0      0      2        1.36585        1.36585        66.7186        9.04489        13.7264              0              0              0              0      9240      9240
     1    158     55   9295     60      0      0      5    245      0      0      0      0      2        1.36585        1.36585        24.2333        4.38065        4.06218              0              0              0              0      9295      9295
     1    159     57   9352     60      0      0      3    248      0      0      0      0      2        1.36585        1.36585        59.5539        6.15827        9.33528              0              0              0              0      9352      9352
     1    160     59   9411     60      0      0      1    249      0      0      0      0      2        1.36585        1.36585        54.4235        7.27651        11.1834              0              0              0              0      9411      9411
     1    161     56   9467     60      0      0      4    253      0      0      0      0      2        1.36585        1.36585         78.481        9.60828        14.3187              0              0              0              0      9467      9467
     1    162     58   9525     60      0      0      2    255      0      0      0      0      2        1.36585        1.36585        48.3816        9.23757        10.6897              0              0              0              0      9525      9525
     1    163     58   9583     60      0      0      2    257      0      0      0      0      2        1.36585        1.36585        80.2299        10.6021        15.2498              0              0              0              0      9583      9583
     1    164     59   9642     60      0      0      1    258      0      0      0      0      2        1.28435        1.28435        101.097        9.72793         16.431              0              0              0              0      9642      9642
     1    165     58   9700     60      0      0      2    260      0      0      0      0      2        1.28435        1.28435        70.7129        8.50538        13.6622              0              0              0              0      9700      9700
     1    166     58   9758     60      0      0      2    262      0      0      0      0      2        1.22079        1.22079        38.9929        5.63987        7.52444              0              0              0              0      9758      9758
     1    167     55   9813     60      0      0      5    267      0      0      0      0      2        1.22079        1.22079        22.2491        3.86318        4.60986              0              0              0              0      9813      9813
     1    168     57   9870     60      0      0      3    270      0      0      0      0      2        1.20107        1.20107        11.5156        3.17008        2.64119              0              0              0              0      9870      9870
     1    169     59   9929     60      0      0      1    271      0      0      0      0      2        1.20107        1.20107        23.8406        3.90159        4.70952              0              0              0              0      9929      9929
     1    170     58   9987     60      0      0      2    273      0      0      0      0      2        1.19957        1.19957        16.4824        3.40564        3.44546              0              0              0              0      9987      9987
     1    171     13  10000     15      0      0      1    274      0      0      0      0      2        1.15417        1.15417        6.48447         2.3222        1.74781              0              0              0              0     10000     10000
