     1      0     60     60     60      0      0      0      0      0      0      0      0      2        1.76174        1.76174        23.9967        6.86396        4.48061              0              0              0              0        60        60
     1      1     59    119     60      0      0      1      1      0      0      0      0      2        1.76174        1.76174        10.3577        3.97413        1.56034              0              0              0              0       119       119
     1      2     50    169     60      0      0     10     11      0      0      0      0      2        1.41916        1.41916         7.4352        2.90334        1.27654              0              0              0              0       169       169
     1      3     56    225     60      0      0      4     15      0      0      0      0      2        1.18644        1.18644        3.73884        2.09147       0.566621              0              0              0              0       225       225
     1      4     55    280     60      0      0      5     20      0      0      0      0      2       0.942653       0.942653        4.85837        1.82947       0.598022              0              0              0              0       280       280
     1      5     53    333     60      0      0      7     27      0      0      0      0      2       0.898014       0.898014        5.03097        1.67565       0.582501              0              0              0              0       333       333
     1      6     56    389     60      0      0      4     31      0      0      0      0      2       0.898014       0.898014        7.07295        1.93053        1.24598              0              0              0              0       389       389
     1      7     57    446     60      0      0      3     34      0      0      0      0      2       0.726301       0.726301        3.10352        1.39757       0.488157              0              0              0              0       446       446
     1      8     52    498     60      0      0      8     42      0      0      0      0      2       0.711485       0.711485        2.49235        1.25715       0.433587              0              0              0              0       498       498
     1      9     55    553     60      0      0      5     47      0      0      0      0      2       0.711485       0.711485        3.46643        1.17368       0.483004              0              0              0              0       553       553
     1     10     55    608     60      0      0      5     52      0      0      0      0      2       0.710357       0.710357        2.90176        1.09174        0.44194              0              0              0              0       608       608
     1     11     55    663     60      0      0      5     57      0      0      0      0      2        0.50952        0.50952        2.15342          1.016       0.376717              0              0              0              0       663       663
     1     12     54    717     60      0      0      6     63      0      0      0      0      2        0.50952        0.50952        4.80055        1.06866       0.819503              0              0              0              0       717       717
     1     13     56    773     60      0      0      4     67      0      0      0      0      2       0.498438       0.498438        2.43869       0.959329       0.375223              0              0              0              0       773       773
     1     14     57    830     60      0      0      3     70      0      0      0      0      2       0.280383       0.280383        1.87448       0.884733       0.353833              0              0              0              0       830       830
     1     15     57    887     60      0      0      3     73      0      0      0      0      2       0.276402       0.276402        2.81316       0.880639       0.425549              0              0              0              0       887       887
     1     16     58    945     60      0      0      2     75      0      0      0      0      2       0.242795       0.242795        5.03915         1.1562        1.11692              0              0              0              0       945       945
     1     17     55   1000     60      0      0      5     80      0      0      0      0      2       0.242795       0.242795        3.79437       0.824246       0.747767              0              0              0              0      1000      1000
     1     18     58   1058     60      0      0      2     82      0      0      0      0      2       0.242795       0.242795        2.83599       0.908309       0.641113              0              0              0              0      1058      1058
     1     19     52   1110     60      0      0      8     90      0      0      0      0      2       0.242795       0.242795        6.58032       0.949463        1.03496              0              0              0              0      1110      1110
     1     20     55   1165     60      0      0      5     95      0      0      0      0      2        0.23109        0.23109        2.23027       0.624308        0.47646              0              0              0              0      1165      1165
     1     21     56   1221     60      0      0      4     99      0      0      0      0      2       0.212519       0.212519        1.81338       0.635082       0.446424              0              0              0              0      1221      1221
     1     22     52   1273     60      0      0      8    107      0      0      0      0      2       0.199679       0.199679        1.66935       0.486443       0.366772              0              0              0              0      1273      1273
     1     23     56   1329     60      0      0      4    111      0      0      0      0      2       0.193578       0.193578        2.25361       0.612012       0.535977              0              0              0              0      1329      1329
     1     24     54   1383     60      0      0      6    117      0      0      0      0      2        0.18628        0.18628        2.62575       0.558812       0.501772              0              0              0              0      1383      1383
     1     25     58   1441     60      0      0      2    119      0      0      0      0      2       0.184043       0.184043        2.28004       0.493959       0.532076              0              0              0              0      1441      1441
     1     26     56   1497     60      0      0      4    123      0      0      0      0      2       0.182797       0.182797        3.55069       0.462156       0.603473              0              0              0              0      1497      1497
     1     27     58   1555     60      0      0      2    125      0      0      0      0      2        0.17951        0.17951        1.53396       0.486612       0.390582              0              0              0              0      1555      1555
     1     28     58   1613     60      0      0      2    127      0      0      0      0      2       0.175746       0.175746        2.35364       0.390886       0.421442              0              0              0              0      1613      1613
     1     29     56   1669     60      0      0      4    131      0      0      0      0      2       0.172127       0.172127        1.85278       0.439168       0.478071              0              0              0              0      1669      1669
     1     30     57   1726     60      0      0      3    134      0      0      0      0      2       0.168036       0.168036        2.83889       0.506426       0.568008              0              0              0              0      1726      1726
     1     31     55   1781     60      0      0      5    139      0      0      0      0      2        0.16694        0.16694        4.28175       0.545534       0.773972              0              0              0              0      1781      1781
     1     32     57   1838     60      0      0      3    142      0      0      0      0      2       0.155967       0.155967        2.70946       0.459947       0.494748              0              0              0              0      1838      1838
     1     33     56   1894     60      0      0      4    146      0      0      0      0      2       0.155967       0.155967        4.72037       0.625039       0.992651              0              0              0              0      1894      1894
     1     34     54   1948     60      0      0      6    152      0      0      0      0      2       0.155967       0.155967        3.00147       0.332811       0.472866              0              0              0              0      1948      1948
     1     35     58   2006     60      0      0      2    154      0      0      0      0      2       0.153731       0.153731         5.3381       0.613903       0.968161              0              0              0              0      2006      2006
     1     36     56   2062     60      0      0      4    158      0      0      0      0      2       0.151182       0.151182        2.42167       0.404915       0.435236              0              0              0              0      2062      2062
     1     37     49   2111     60      0      0     11    169      0      0      0      0      2        0.14569        0.14569        1.89673       0.367219       0.437148              0              0              0              0      2111      2111
     1     38     53   2164     60      0      0      7    176      0      0      0      0      2       0.138987       0.138987        1.34839       0.315808       0.314068              0              0              0              0      2164      2164
     1     39     58   2222     60      0      0      2    178      0      0      0      0      2      0.0810018      0.0810018        2.41922       0.300344       0.387541              0              0              0              0      2222      2222
     1     40     55   2277     60      0      0      5    183      0      0      0      0      2      0.0761072      0.0761072        1.97281       0.287441       0.337172              0              0              0              0      2277      2277
     1     41     58   2335     60      0      0      2    185      0      0      0      0      2      0.0737667      0.0737667        2.49339       0.358735       0.500131              0              0              0              0      2335      2335
     1     42     55   2390     60      0      0      5    190      0      0      0      0      2      0.0737667      0.0737667        1.84062        0.29869       0.361714              0              0              0              0      2390      2390
     1     43     53   2443     60      0      0      7    197      0      0      0      0      2      0.0655646      0.0655646       0.986201       0.192983       0.205515              0              0              0              0      2443      2443
     1     44     58   2501     60      0      0      2    199      0      0      0      0      2       0.063573       0.063573        2.47533        0.28524       0.455645              0              0              0              0      2501      2501
     1     45     56   2557     60      0      0      4    203      0      0      0      0      2       0.063573       0.063573        4.04751       0.492071       0.807304              0              0              0              0      2557      2557
     1     46     56   2613     60      0      0      4    207      0      0      0      0      2      0.0629589      0.0629589        2.14145       0.277581       0.411915              0              0              0              0      2613      2613
     1     47     55   2668     60      0      0      5    212      0      0      0      0      2      0.0578561      0.0578561        3.32212       0.351353        0.60197              0              0              0              0      2668      2668
     1     48     54   2722     60      0      0      6    218      0      0      0      0      2      0.0578561      0.0578561        2.07067       0.253249       0.427613              0              0              0              0      2722      2722
     1     49     59   2781     60      0      0      1    219      0      0      0      0      2      0.0578561      0.0578561        3.01647       0.342844       0.529046              0              0              0              0      2781      2781
     1     50     52   2833     60      0      0      8    227      0      0      0      0      2      0.0578561      0.0578561        2.38435       0.457596       0.662072              0              0              0              0      2833      2833
     1     51     58   2891     60      0      0      2    229      0      0      0      0      2       0.056009       0.056009        1.81196       0.271057       0.380543              0              0              0              0      2891      2891
     1     52     55   2946     60      0      0      5    234      0      0      0      0      2       0.055877       0.055877         1.2572       0.261129       0.323431              0              0              0              0      2946      2946
     1     53     52   2998     60      0      0      8    242      0      0      0      0      2      0.0552458      0.0552458        4.31435       0.354694       0.731285              0              0              0              0      2998      2998
     1     54     56   3054     60      0      0      4    246      0      0      0      0      2      0.0496061      0.0496061        2.27853       0.301946        0.47392              0              0              0              0      3054      3054
     1     55     52   3106     60      0      0      8    254      0      0      0      0      2      0.0474536      0.0474536        4.38215       0.446488       0.724068              0              0              0              0      3106      3106
     1     56     53   3159     60      0      0      7    261      0      0      0      0      2      0.0421887      0.0421887        2.59423       0.322952       0.559442              0              0              0              0      3159      3159
     1     57     60   3219     60      0      0      0    261      0      0      0      0      2      0.0346267      0.0346267        3.42371       0.418119       0.698033              0              0              0              0      3219      3219
     1     58     56   3275     60      0      0      4    265      0      0      0      0      2      0.0309508      0.0309508        3.67852       0.314631       0.654665              0              0              0              0      3275      3275
     1     59     58   3333     60      0      0      2    267      0      0      0      0      2      0.0309508      0.0309508        3.96211       0.382868       0.684641              0              0              0              0      3333      3333
     1     60     58   3391     60      0      0      2    269      0      0      0      0      2       0.029076       0.029076        2.73198       0.260462       0.462001              0              0              0              0      3391      3391
     1     61     59   3450     60      0      0      1    270      0      0      0      0      2       0.029076       0.029076         2.7759       0.413662       0.633191              0              0              0              0      3450      3450
     1     62     54   3504     60      0      0      6    276      0      0      0      0      2      0.0281952      0.0281952        2.22812       0.296439       0.493352              0              0              0              0      3504      3504
     1     63     57   3561     60      0      0      3    279      0      0      0      0      2      0.0275045      0.0275045        4.39691       0.416833       0.720526              0              0              0              0      3561      3561
     1     64     54   3615     60      0      0      6    285      0      0      0      0      2      0.0269707      0.0269707        2.62155       0.360388       0.607936              0              0              0              0      3615      3615
     1     65     58   3673     60      0      0      2    287      0      0      0      0      2      0.0265039      0.0265039        1.39639       0.276561       0.359966              0              0              0              0      3673      3673
     1     66     52   3725     60      0      0      8    295      0      0      0      0      2      0.0247393      0.0247393        1.08718       0.206149       0.273662              0              0              0              0      3725      3725
     1     67     53   3778     60      0      0      7    302      0      0      0      0      2      0.0243137      0.0243137        1.35039       0.168878        0.32592              0              0              0              0      3778      3778
     1     68     57   3835     60      0      0      3    305      0      0      0      0      2      0.0242596      0.0242596        3.68951        0.39361       0.733727              0              0              0              0      3835      3835
     1     69     53   3888     60      0      0      7    312      0      0      0      0      2      0.0239717      0.0239717         1.7571       0.276047       0.422847              0              0              0              0      3888      3888
     1     70     49   3937     60      0      0     11    323      0      0      0      0      2      0.0203741      0.0203741        2.34751       0.255655       0.483679              0              0              0              0      3937      3937
     1     71     53   3990     60      0      0      7    330      0      0      0      0      2      0.0198327      0.0198327        3.21522       0.206275       0.483532              0              0              0              0      3990      3990
     1     72     57   4047     60      0      0      3    333      0      0      0      0      2      0.0171742      0.0171742        2.09358       0.328102       0.489923              0              0              0              0      4047      4047
     1     73     50   4097     60      0      0     10    343      0      0      0      0      2      0.0138876      0.0138876        2.82271       0.190273       0.412375              0              0              0              0      4097      4097
     1     74     55   4152     60      0      0      5    348      0      0      0      0      2      0.0138876      0.0138876        4.05392       0.258974       0.576007              0              0              0              0      4152      4152
     1     75     56   4208     60      0      0      4    352      0      0      0      0      2       0.013109       0.013109        2.98851       0.395817       0.746033              0              0              0              0      4208      4208
     1     76     57   4265     60      0      0      3    355      0      0      0      0      2       0.013109       0.013109        3.74896       0.371196       0.647088              0              0              0              0      4265      4265
     1     77     52   4317     60      0      0      8    363      0      0      0      0      2       0.012677       0.012677        1.55334        0.22344       0.346617              0              0              0              0      4317      4317
     1     78     53   4370     60      0      0      7    370      0      0      0      0      2       0.012677       0.012677        2.00495       0.305645       0.504775              0              0              0              0      4370      4370
     1     79     52   4422     60      0      0      8    378      0      0      0      0      2      0.0107937      0.0107937        2.53102       0.387163        0.52161              0              0              0              0      4422      4422
     1     80     51   4473     60      0      0      9    387      0      0      0      0      2      0.0107937      0.0107937        1.97352       0.233593       0.419921              0              0              0              0      4473      4473
     1     81     57   4530     60      0      0      3    390      0      0      0      0      2     0.00974372     0.00974372        1.40125       0.230493       0.323979              0              0              0              0      4530      4530
     1     82     58   4588     60      0      0      2    392      0      0      0      0      2     0.00914412     0.00914412         1.8928       0.309628       0.426008              0              0              0              0      4588      4588
     1     83     58   4646     60      0      0      2    394      0      0      0      0      2     0.00914412     0.00914412          2.617       0.244943       0.491268              0              0              0              0      4646      4646
     1     84     54   4700     60      0      0      6    400      0      0      0      0      2     0.00914412     0.00914412        1.59897       0.235933        0.38505              0              0              0              0      4700      4700
     1     85     58   4758     60      0      0      2    402      0      0      0      0      2     0.00914412     0.00914412        2.18922       0.299973       0.444401              0              0              0              0      4758      4758
     1     86     58   4816     60      0      0      2    404      0      0      0      0      2     0.00914412     0.00914412        4.55514       0.365522       0.742446              0              0              0              0      4816      4816
     1     87     56   4872     60      0      0      4    408      0      0      0      0      2     0.00739112     0.00739112        1.72577       0.257061       0.421532              0              0              0              0      4872      4872
     1     88     58   4930     60      0      0      2    410      0      0      0      0      2     0.00711308     0.00711308         1.5562       0.146488       0.312848              0              0              0              0      4930      4930
     1     89     56   4986     60      0      0      4    414      0      0      0      0      2     0.00700286     0.00700286        1.45614        0.28066       0.382297              0              0              0              0      4986      4986
     1     90     53   5039     60      0      0      7    421      0      0      0      0      2     0.00677843     0.00677843        1.11646       0.190527       0.294044              0              0              0              0      5039      5039
     1     91     55   5094     60      0      0      5    426      0      0      0      0      2     0.00677843     0.00677843        1.03353       0.179457       0.270458              0              0              0              0      5094      5094
     1     92     56   5150     60      0      0      4    430      0      0      0      0      2     0.00665689     0.00665689        1.26769       0.209245       0.327137              0              0              0              0      5150      5150
     1     93     55   5205     60      0      0      5    435      0      0      0      0      2     0.00661187     0.00661187        2.11207       0.305755        0.49435              0              0              0              0      5205      5205
     1     94     57   5262     60      0      0      3    438      0      0      0      0      2     0.00642937     0.00642937        1.63988       0.268076       0.436792              0              0              0              0      5262      5262
     1     95     57   5319     60      0      0      3    441      0      0      0      0      2     0.00638711     0.00638711        1.26672       0.248986       0.344571              0              0              0              0      5319      5319
     1     96     48   5367     60      0      0     12    453      0      0      0      0      2     0.00593762     0.00593762        1.04049       0.199833       0.311389              0              0              0              0      5367      5367
     1     97     55   5422     60      0      0      5    458      0      0      0      0      2     0.00579424     0.00579424        1.76844       0.116607       0.291851              0              0              0              0      5422      5422
     1     98     54   5476     60      0      0      6    464      0      0      0      0      2     0.00539679     0.00539679       0.977285       0.151058       0.286789              0              0              0              0      5476      5476
     1     99     56   5532     60      0      0      4    468      0      0      0      0      2     0.00523286     0.00523286        1.70833       0.159153       0.305923              0              0              0              0      5532      5532
     1    100     52   5584     60      0      0      8    476      0      0      0      0      2     0.00510387     0.00510387        1.10571       0.141658       0.248137              0              0              0              0      5584      5584
     1    101     57   5641     60      0      0      3    479      0      0      0      0      2     0.00485511     0.00485511        1.93348       0.199765       0.364345              0              0              0              0      5641      5641
     1    102     56   5697     60      0      0      4    483      0      0      0      0      2     0.00450969     0.00450969        2.08303       0.167714       0.393566              0              0              0              0      5697      5697
     1    103     58   5755     60      0      0      2    485      0      0      0      0      2     0.00449347     0.00449347        2.20755       0.310316       0.536186              0              0              0              0      5755      5755
     1    104     53   5808     60      0      0      7    492      0      0      0      0      2     0.00429461     0.00429461        2.03795       0.283902       0.449715              0              0              0              0      5808      5808
     1    105     54   5862     60      0      0      6    498      0      0      0      0      2     0.00385078     0.00385078        1.37289       0.190642       0.311913              0              0              0              0      5862      5862
     1    106     56   5918     60      0      0      4    502      0      0      0      0      2     0.00371589     0.00371589        1.61723       0.174429       0.303397              0              0              0              0      5918      5918
     1    107     58   5976     60      0      0      2    504      0      0      0      0      2     0.00351871     0.00351871       0.796905       0.128182        0.21083              0              0              0              0      5976      5976
     1    108     56   6032     60      0      0      4    508      0      0      0      0      2     0.00349975     0.00349975        1.41236       0.216345       0.304357              0              0              0              0      6032      6032
     1    109     53   6085     60      0      0      7    515      0      0      0      0      2     0.00344243     0.00344243       0.990245      0.0809689         0.2077              0              0              0              0      6085      6085
     1    110     52   6137     60      0      0      8    523      0      0      0      0      2     0.00300625     0.00300625        2.54246        0.23727       0.483727              0              0              0              0      6137      6137
     1    111     58   6195     60      0      0      2    525      0      0      0      0      2     0.00296889     0.00296889        1.93261        0.11694       0.339925              0              0              0              0      6195      6195
     1    112     55   6250     60      0      0      5    530      0      0      0      0      2     0.00295426     0.00295426         1.1468        0.20656       0.313338              0              0              0              0      6250      6250
     1    113     54   6304     60      0      0      6    536      0      0      0      0      2      0.0029382      0.0029382       0.758062       0.159991       0.224002              0              0              0              0      6304      6304
     1    114     57   6361     60      0      0      3    539      0      0      0      0      2     0.00290742     0.00290742          1.634       0.186684        0.34333              0              0              0              0      6361      6361
     1    115     51   6412     60      0      0      9    548      0      0      0      0      2     0.00289179     0.00289179        2.85463       0.224183       0.498832              0              0              0              0      6412      6412
     1    116     53   6465     60      0      0      7    555      0      0      0      0      2     0.00289097     0.00289097        1.69136       0.208686       0.350787              0              0              0              0      6465      6465
     1    117     55   6520     60      0      0      5    560      0      0      0      0      2     0.00239583     0.00239583        2.54785       0.204972       0.465236              0              0              0              0      6520      6520
     1    118     57   6577     60      0      0      3    563      0      0      0      0      2     0.00235964     0.00235964         2.3207       0.309617       0.553871              0              0              0              0      6577      6577
     1    119     57   6634     60      0      0      3    566      0      0      0      0      2     0.00233506     0.00233506        1.08668       0.129673       0.247025              0              0              0              0      6634      6634
     1    120     57   6691     60      0      0      3    569      0      0      0      0      2     0.00224706     0.00224706        2.29944       0.170802       0.412492              0              0              0              0      6691      6691
     1    121     57   6748     60      0      0      3    572      0      0      0      0      2     0.00221098     0.00221098        1.89394       0.150833       0.334391              0              0              0              0      6748      6748
     1    122     54   6802     60      0      0      6    578      0      0      0      0      2     0.00216426     0.00216426       0.973462       0.109639        0.22407              0              0              0              0      6802      6802
     1    123     57   6859     60      0      0      3    581      0      0      0      0      2     0.00209738     0.00209738        1.92552       0.232035       0.430669              0              0              0              0      6859      6859
     1    124     53   6912     60      0      0      7    588      0      0      0      0      2     0.00209738     0.00209738        2.15916       0.231057       0.461489              0              0              0              0      6912      6912
     1    125     59   6971     60      0      0      1    589      0      0      0      0      2     0.00205914     0.00205914        1.06374       0.122751       0.244222              0              0              0              0      6971      6971
     1    126     55   7026     60      0      0      5    594      0      0      0      0      2     0.00200639     0.00200639       0.879217       0.107041       0.213806              0              0              0              0      7026      7026
     1    127     52   7078     60      0      0      8    602      0      0      0      0      2     0.00200188     0.00200188        2.58754       0.133031       0.374284              0              0              0              0      7078      7078
     1    128     56   7134     60      0      0      4    606      0      0      0      0      2     0.00198724     0.00198724        1.77613       0.135406       0.308428              0              0              0              0      7134      7134
     1    129     60   7194     60      0      0      0    606      0      0      0      0      2     0.00195302     0.00195302        1.26805       0.192419       0.295287              0              0              0              0      7194      7194
     1    130     58   7252     60      0      0      2    608      0      0      0      0      2     0.00194123     0.00194123        1.99918        0.20289       0.341623              0              0              0              0      7252      7252
     1    131     52   7304     60      0      0      8    616      0      0      0      0      2     0.00191678     0.00191678        1.84228       0.119997       0.281753              0              0              0              0      7304      7304
     1    132     56   7360     60      0      0      4    620      0      0      0      0      2     0.00182228     0.00182228        2.41535        0.19447       0.391486              0              0              0              0      7360      7360
     1    133     51   7411     60      0      0      9    629      0      0      0      0      2     0.00179512     0.00179512        2.86697       0.364241       0.665686              0              0              0              0      7411      7411
     1    134     53   7464     60      0      0      7    636      0      0      0      0      2     0.00177935     0.00177935        1.54552       0.128452       0.318018              0              0              0              0      7464      7464
     1    135     55   7519     60      0      0      5    641      0      0      0      0      2     0.00177935     0.00177935        2.62925       0.245564       0.504909              0              0              0              0      7519      7519
     1    136     60   7579     60      0      0      0    641      0      0      0      0      2     0.00177643     0.00177643        1.86735        0.22813       0.394678              0              0              0              0      7579      7579
     1    137     56   7635     60      0      0      4    645      0      0      0      0      2     0.00177566     0.00177566        1.21873       0.145023       0.308092              0              0              0              0      7635      7635
     1    138     56   7691     60      0      0      4    649      0      0      0      0      2      0.0017478      0.0017478       0.651626      0.0583974       0.137219              0              0              0              0      7691      7691
     1    139     52   7743     60      0      0      8    657      0      0      0      0      2     0.00174144     0.00174144        1.45455       0.126473       0.261616              0              0              0              0      7743      7743
     1    140     56   7799     60      0      0      4    661      0      0      0      0      2     0.00172192     0.00172192        1.06109       0.146079       0.264106              0              0              0              0      7799      7799
     1    141     57   7856     60      0      0      3    664      0      0      0      0      2     0.00156624     0.00156624        1.28344       0.118102       0.229175              0              0              0              0      7856      7856
     1    142     57   7913     60      0      0      3    667      0      0      0      0      2     0.00156624     0.00156624       0.809324       0.151944       0.214817              0              0              0              0      7913      7913
     1    143     57   7970     60      0      0      3    670      0      0      0      0      2     0.00151683     0.00151683        1.23958       0.125033       0.223964              0              0              0              0      7970      7970
     1    144     58   8028     60      0      0      2    672      0      0      0      0      2     0.00151683     0.00151683        1.57905       0.137278        0.32077              0              0              0              0      8028      8028
     1    145     54   8082     60      0      0      6    678      0      0      0      0      2     0.00146867     0.00146867        1.86921       0.165061       0.365149              0              0              0              0      8082      8082
     1    146     54   8136     60      0      0      6    684      0      0      0      0      2     0.00115555     0.00115555        1.44538       0.145827        0.33873              0              0              0              0      8136      8136
     1    147     59   8195     60      0      0      1    685      0      0      0      0      2     0.00115555     0.00115555       0.774631      0.0918204        0.18075              0              0              0              0      8195      8195
     1    148     55   8250     60      0      0      5    690      0      0      0      0      2     0.00114825     0.00114825        1.59183       0.167386       0.348016              0              0              0              0      8250      8250
     1    149     55   8305     60      0      0      5    695      0      0      0      0      2     0.00114771     0.00114771        1.65431       0.246997       0.399978              0              0              0              0      8305      8305
     1    150     57   8362     60      0      0      3    698      0      0      0      0      2     0.00114723     0.00114723        1.38333        0.13467       0.250256              0              0              0              0      8362      8362
     1    151     55   8417     60      0      0      5    703      0      0      0      0      2     0.00114502     0.00114502       0.581846      0.0854734       0.161537              0              0              0              0      8417      8417
     1    152     55   8472     60      0      0      5    708      0      0      0      0      2     0.00114502     0.00114502        1.06527       0.122965       0.250783              0              0              0              0      8472      8472
     1    153     52   8524     60      0      0      8    716      0      0      0      0      2     0.00114386     0.00114386        1.04415       0.126639       0.240913              0              0              0              0      8524      8524
     1    154     55   8579     60      0      0      5    721      0      0      0      0      2     0.00109782     0.00109782       0.961972       0.112587       0.208673              0              0              0              0      8579      8579
     1    155     55   8634     60      0      0      5    726      0      0      0      0      2    0.000982987    0.000982987       0.659262       0.122545       0.174382              0              0              0              0      8634      8634
     1    156     57   8691     60      0      0      3    729      0      0      0      0      2    0.000896567    0.000896567        1.79829       0.190625       0.349794              0              0              0              0      8691      8691
     1    157     56   8747     60      0      0      4    733      0      0      0      0      2    0.000896567    0.000896567        1.14448       0.103657       0.203586              0              0              0              0      8747      8747
     1    158     55   8802     60      0      0      5    738      0      0      0      0      2    0.000896329    0.000896329          1.277       0.171123       0.320228              0              0              0              0      8802      8802
     1    159     56   8858     60      0      0      4    742      0      0      0      0      2    0.000896329    0.000896329        1.46852       0.105067       0.216502              0              0              0              0      8858      8858
     1    160     53   8911     60      0      0      7    749      0      0      0      0      2    0.000856261    0.000856261       0.894366       0.102067        0.20805              0              0              0              0      8911      8911
     1    161     54   8965     60      0      0      6    755      0      0      0      0      2    0.000803696    0.000803696        1.62018       0.142516       0.305086              0              0              0              0      8965      8965
     1    162     55   9020     60      0      0      5    760      0      0      0      0      2    0.000799002    0.000799002        1.16789       0.203478       0.288797              0              0              0              0      9020      9020
     1    163     59   9079     60      0      0      1    761      0      0      0      0      2    0.000760577    0.000760577        1.39845       0.154126       0.291037              0              0              0              0      9079      9079
     1    164     55   9134     60      0      0      5    766      0      0      0      0      2    0.000757853    0.000757853       0.825165       0.131018       0.212781              0              0              0              0      9134      9134
     1    165     53   9187     60      0      0      7    773      0      0      0      0      2    0.000757853    0.000757853       0.622006      0.0895419       0.158091              0              0              0              0      9187      9187
     1    166     56   9243     60      0      0      4    777      0      0      0      0      2    0.000753343    0.000753343        1.04257       0.108725       0.202069              0              0              0              0      9243      9243
     1    167     59   9302     60      0      0      1    778      0      0      0      0      2    0.000752675    0.000752675        0.76501      0.0763681       0.157157              0              0              0              0      9302      9302
     1    168     52   9354     60      0      0      8    786      0      0      0      0      2    0.000747108    0.000747108       0.508169      0.0593756       0.124957              0              0              0              0      9354      9354
     1    169     56   9410     60      0      0      4    790      0      0      0      0      2    0.000745834    0.000745834       0.681172       0.105239        0.17406              0              0              0              0      9410      9410
     1    170     54   9464     60      0      0      6    796      0      0      0      0      2      0.0007313      0.0007313       0.329826      0.0426999      0.0875726              0              0              0              0      9464      9464
     1    171     58   9522     60      0      0      2    798      0      0      0      0      2    0.000729951    0.000729951       0.514243      0.0658309       0.130784              0              0              0              0      9522      9522
     1    172     55   9577     60      0      0      5    803      0      0      0      0      2    0.000729951    0.000729951       0.402658       0.071161       0.115742              0              0              0              0      9577      9577
     1    173     52   9629     60      0      0      8    811      0      0      0      0      2    0.000729637    0.000729637       0.580087       0.101317       0.153795              0              0              0              0      9629      9629
     1    174     52   9681     60      0      0      8    819      0      0      0      0      2    0.000728423    0.000728423        0.57818      0.0785858       0.154185              0              0              0              0      9681      9681
     1    175     57   9738     60      0      0      3    822      0      0      0      0      2    0.000728245    0.000728245       0.828372      0.0936186        0.17389              0              0              0              0      9738      9738
     1    176     60   9798     60      0      0      0    822      0      0      0      0      2    0.000728128    0.000728128       0.512333      0.0552131       0.101394              0              0              0              0      9798      9798
     1    177     60   9858     60      0      0      0    822      0      0      0      0      2    0.000728044    0.000728044       0.801941       0.108739       0.190729              0              0              0              0      9858      9858
     1    178     57   9915     60      0      0      3    825      0      0      0      0      2    0.000727848    0.000727848       0.499102      0.0505468      0.0971887              0              0              0              0      9915      9915
     1    179     57   9972     60      0      0      3    828      0      0      0      0      2    0.000727796    0.000727796       0.229792      0.0280821      0.0503646              0              0              0              0      9972      9972
     1    180     28  10000     34      0      0      5    833      0      0      0      0      2    0.000727407    0.000727407       0.604544       0.049706       0.127381              0              0              0              0     10000     10000
