     1      0     60     60     60      0      0      0      0      0      0      0      0      2         1.6576         1.6576        12.6751        5.77132        2.95985              0              0              0              0        60        60
     1      1     59    119     60      0      0      1      1      0      0      0      0      2        1.43419        1.43419        6.24948        3.75992         1.3559              0              0              0              0       119       119
     1      2     50    169     60      0      0     10     11      0      0      0      0      2        1.40851        1.40851        5.12709        2.68977       0.926249              0              0              0              0       169       169
     1      3     56    225     60      0      0      4     15      0      0      0      0      2       0.987591       0.987591        3.50646        2.00748       0.602719              0              0              0              0       225       225
     1      4     55    280     60      0      0      5     20      0      0      0      0      2       0.938265       0.938265        2.58395        1.64203       0.341729              0              0              0              0       280       280
     1      5     54    334     60      0      0      6     26      0      0      0      0      2       0.929186       0.929186        5.39812        1.54478        0.57908              0              0              0              0       334       334
     1      6     54    388     60      0      0      6     32      0      0      0      0      2       0.929186       0.929186        3.27713        1.47883       0.499435              0              0              0              0       388       388
     1      7     57    445     60      0      0      3     35      0      0      0      0      2        0.90816        0.90816        2.43664        1.26906        0.35475              0              0              0              0       445       445
     1      8     55    500     60      0      0      5     40      0      0      0      0      2       0.845026       0.845026        5.12558         1.4121       0.769264              0              0              0              0       500       500
     1      9     57    557     60      0      0      3     43      0      0      0      0      2       0.654473       0.654473        8.29214        1.33572        1.16334              0              0              0              0       557       557
     1     10     53    610     60      0      0      7     50      0      0      0      0      2       0.654473       0.654473        1.72179        1.05273       0.261668              0              0              0              0       610       610
     1     11     57    667     60      0      0      3     53      0      0      0      0      2        0.57524        0.57524         2.1072        1.02889        0.33992              0              0              0              0       667       667
     1     12     55    722     60      0      0      5     58      0      0      0      0      2       0.527421       0.527421        2.04944       0.895885       0.303838              0              0              0              0       722       722
     1     13     58    780     60      0      0      2     60      0      0      0      0      2        0.47084        0.47084         1.5054       0.915755       0.270226              0              0              0              0       780       780
     1     14     58    838     60      0      0      2     62      0      0      0      0      2       0.238919       0.238919        2.19053        0.92051       0.402513              0              0              0              0       838       838
     1     15     58    896     60      0      0      2     64      0      0      0      0      2       0.238919       0.238919        1.77004       0.835445       0.366435              0              0              0              0       896       896
     1     16     58    954     60      0      0      2     66      0      0      0      0      2       0.195595       0.195595        3.59172        0.85192       0.593008              0              0              0              0       954       954
     1     17     55   1009     60      0      0      5     71      0      0      0      0      2       0.195595       0.195595        1.85342        0.62332       0.333162              0              0              0              0      1009      1009
     1     18     59   1068     60      0      0      1     72      0      0      0      0      2       0.175631       0.175631        4.00269       0.729584       0.569852              0              0              0              0      1068      1068
     1     19     51   1119     60      0      0      9     81      0      0      0      0      2       0.175631       0.175631        2.12829       0.611835       0.444604              0              0              0              0      1119      1119
     1     20     47   1166     60      0      0     13     94      0      0      0      0      2       0.142398       0.142398        4.56372       0.438736       0.630236              0              0              0              0      1166      1166
     1     21     57   1223     60      0      0      3     97      0      0      0      0      2       0.138915       0.138915        5.25374       0.519714       0.849937              0              0              0              0      1223      1223
     1     22     52   1275     60      0      0      8    105      0      0      0      0      2       0.138915       0.138915        2.18417       0.311201       0.311455              0              0              0              0      1275      1275
     1     23     56   1331     60      0      0      4    109      0      0      0      0      2       0.122857       0.122857        1.33987       0.391926       0.335286              0              0              0              0      1331      1331
     1     24     53   1384     60      0      0      7    116      0      0      0      0      2        0.10658        0.10658        7.38748       0.491247        0.96593              0              0              0              0      1384      1384
     1     25     58   1442     60      0      0      2    118      0      0      0      0      2       0.079802       0.079802       0.972329       0.292322       0.242248              0              0              0              0      1442      1442
     1     26     57   1499     60      0      0      3    121      0      0      0      0      2      0.0723242      0.0723242        6.03257       0.586933          1.281              0              0              0              0      1499      1499
     1     27     58   1557     60      0      0      2    123      0      0      0      0      2      0.0510086      0.0510086        7.59431       0.573983        1.13424              0              0              0              0      1557      1557
     1     28     58   1615     60      0      0      2    125      0      0      0      0      2      0.0493716      0.0493716        1.59056       0.279868       0.296779              0              0              0              0      1615      1615
     1     29     56   1671     60      0      0      4    129      0      0      0      0      2       0.040523       0.040523        7.71554       0.408594        1.03798              0              0              0              0      1671      1671
     1     30     58   1729     60      0      0      2    131      0      0      0      0      2      0.0398521      0.0398521         2.1019         0.3295       0.407303              0              0              0              0      1729      1729
     1     31     55   1784     60      0      0      5    136      0      0      0      0      2      0.0381465      0.0381465        6.93417       0.526721        1.17684              0              0              0              0      1784      1784
     1     32     55   1839     60      0      0      5    141      0      0      0      0      2      0.0320718      0.0320718        3.27254       0.339709       0.578531              0              0              0              0      1839      1839
     1     33     58   1897     60      0      0      2    143      0      0      0      0      2      0.0315767      0.0315767        1.40148        0.26868       0.356479              0              0              0              0      1897      1897
     1     34     55   1952     60      0      0      5    148      0      0      0      0      2      0.0315767      0.0315767        1.11182       0.142156       0.221796              0              0              0              0      1952      1952
     1     35     58   2010     60      0      0      2    150      0      0      0      0      2      0.0312988      0.0312988        1.39524       0.258907       0.346206              0              0              0              0      2010      2010
     1     36     56   2066     60      0      0      4    154      0      0      0      0      2      0.0282298      0.0282298        1.32944       0.178572       0.256017              0              0              0              0      2066      2066
     1     37     53   2119     60      0      0      7    161      0      0      0      0      2       0.025141       0.025141        1.78694       0.213146       0.352287              0              0              0              0      2119      2119
     1     38     53   2172     60      0      0      7    168      0      0      0      0      2      0.0245763      0.0245763        5.34627       0.320048       0.920835              0              0              0              0      2172      2172
     1     39     58   2230     60      0      0      2    170      0      0      0      0      2      0.0120615      0.0120615        3.11867       0.196339       0.546295              0              0              0              0      2230      2230
     1     40     59   2289     60      0      0      1    171      0      0      0      0      2      0.0117808      0.0117808        5.18641       0.295876       0.889091              0              0              0              0      2289      2289
     1     41     59   2348     60      0      0      1    172      0      0      0      0      2      0.0114013      0.0114013        1.63552       0.212079       0.337506              0              0              0              0      2348      2348
     1     42     56   2404     60      0      0      4    176      0      0      0      0      2      0.0114013      0.0114013        1.87299       0.193985       0.355702              0              0              0              0      2404      2404
     1     43     53   2457     60      0      0      7    183      0      0      0      0      2      0.0071921      0.0071921        1.95009       0.155813       0.357885              0              0              0              0      2457      2457
     1     44     57   2514     60      0      0      3    186      0      0      0      0      2     0.00690916     0.00690916        3.98915       0.219386       0.567116              0              0              0              0      2514      2514
     1     45     55   2569     60      0      0      5    191      0      0      0      0      2     0.00685063     0.00685063       0.812472        0.18432       0.271802              0              0              0              0      2569      2569
     1     46     55   2624     60      0      0      5    196      0      0      0      0      2     0.00641198     0.00641198       0.826481       0.113306       0.197038              0              0              0              0      2624      2624
     1     47     55   2679     60      0      0      5    201      0      0      0      0      2     0.00365539     0.00365539        5.91213       0.297703       0.827293              0              0              0              0      2679      2679
     1     48     56   2735     60      0      0      4    205      0      0      0      0      2     0.00365539     0.00365539        1.29024       0.138386       0.270876              0              0              0              0      2735      2735
     1     49     59   2794     60      0      0      1    206      0      0      0      0      2     0.00365539     0.00365539        1.58176       0.173574       0.295527              0              0              0              0      2794      2794
     1     50     52   2846     60      0      0      8    214      0      0      0      0      2     0.00365539     0.00365539        1.93791       0.245191       0.423407              0              0              0              0      2846      2846
     1     51     58   2904     60      0      0      2    216      0      0      0      0      2     0.00365539     0.00365539        2.41417        0.20877       0.446996              0              0              0              0      2904      2904
     1     52     55   2959     60      0      0      5    221      0      0      0      0      2     0.00343714     0.00343714        6.61759       0.280245       0.871489              0              0              0              0      2959      2959
     1     53     54   3013     60      0      0      6    227      0      0      0      0      2     0.00340478     0.00340478        1.02876       0.127005       0.233328              0              0              0              0      3013      3013
     1     54     55   3068     60      0      0      5    232      0      0      0      0      2     0.00318651     0.00318651        5.90688       0.270564       0.928199              0              0              0              0      3068      3068
     1     55     49   3117     60      0      0     11    243      0      0      0      0      2     0.00318319     0.00318319       0.930074       0.192675        0.26556              0              0              0              0      3117      3117
     1     56     53   3170     60      0      0      7    250      0      0      0      0      2     0.00318319     0.00318319        1.19458       0.157169        0.28627              0              0              0              0      3170      3170
     1     57     60   3230     60      0      0      0    250      0      0      0      0      2     0.00318319     0.00318319        3.34239       0.269889       0.527394              0              0              0              0      3230      3230
     1     58     58   3288     60      0      0      2    252      0      0      0      0      2     0.00317547     0.00317547        1.23035       0.208215       0.321948              0              0              0              0      3288      3288
     1     59     56   3344     60      0      0      4    256      0      0      0      0      2     0.00316506     0.00316506         1.3875       0.249231       0.352052              0              0              0              0      3344      3344
     1     60     58   3402     60      0      0      2    258      0      0      0      0      2     0.00316506     0.00316506        3.76204       0.268984       0.611821              0              0              0              0      3402      3402
     1     61     59   3461     60      0      0      1    259      0      0      0      0      2     0.00273456     0.00273456        5.04587       0.440924        1.00293              0              0              0              0      3461      3461
     1     62     56   3517     60      0      0      4    263      0      0      0      0      2     0.00273456     0.00273456        1.49916       0.242283       0.377187              0              0              0              0      3517      3517
     1     63     57   3574     60      0      0      3    266      0      0      0      0      2     0.00273456     0.00273456         7.6635       0.568381        1.43328              0              0              0              0      3574      3574
     1     64     53   3627     60      0      0      7    273      0      0      0      0      2     0.00257587     0.00257587        3.10074       0.200146       0.466736              0              0              0              0      3627      3627
     1     65     58   3685     60      0      0      2    275      0      0      0      0      2     0.00254982     0.00254982        2.53932         0.2215       0.415866              0              0              0              0      3685      3685
     1     66     52   3737     60      0      0      8    283      0      0      0      0      2     0.00248915     0.00248915        1.43817       0.167084       0.295033              0              0              0              0      3737      3737
     1     67     52   3789     60      0      0      8    291      0      0      0      0      2     0.00247131     0.00247131        6.82344       0.181696       0.885842              0              0              0              0      3789      3789
     1     68     56   3845     60      0      0      4    295      0      0      0      0      2     0.00240899     0.00240899        0.84253       0.154693       0.242834              0              0              0              0      3845      3845
     1     69     53   3898     60      0      0      7    302      0      0      0      0      2     0.00200749     0.00200749        1.92447       0.169134       0.337231              0              0              0              0      3898      3898
     1     70     51   3949     60      0      0      9    311      0      0      0      0      2     0.00200389     0.00200389        1.08467       0.129582       0.240021              0              0              0              0      3949      3949
     1     71     52   4001     60      0      0      8    319      0      0      0      0      2     0.00196881     0.00196881        4.50913       0.337527       0.909437              0              0              0              0      4001      4001
     1     72     56   4057     60      0      0      4    323      0      0      0      0      2     0.00192818     0.00192818        4.13697       0.256746       0.586169              0              0              0              0      4057      4057
     1     73     52   4109     60      0      0      8    331      0      0      0      0      2     0.00182375     0.00182375       0.783394       0.107317       0.189798              0              0              0              0      4109      4109
     1     74     53   4162     60      0      0      7    338      0      0      0      0      2     0.00181952     0.00181952         1.3267       0.158559        0.27446              0              0              0              0      4162      4162
     1     75     57   4219     60      0      0      3    341      0      0      0      0      2     0.00181768     0.00181768        2.13742       0.198021       0.370547              0              0              0              0      4219      4219
     1     76     57   4276     60      0      0      3    344      0      0      0      0      2     0.00181768     0.00181768        1.00262       0.180329       0.261372              0              0              0              0      4276      4276
     1     77     54   4330     60      0      0      6    350      0      0      0      0      2     0.00143322     0.00143322        4.83409       0.253071       0.819702              0              0              0              0      4330      4330
     1     78     53   4383     60      0      0      7    357      0      0      0      0      2     0.00143292     0.00143292        2.57119       0.216241       0.415396              0              0              0              0      4383      4383
     1     79     51   4434     60      0      0      9    366      0      0      0      0      2     0.00143292     0.00143292        2.04507       0.276659       0.407061              0              0              0              0      4434      4434
     1     80     48   4482     60      0      0     12    378      0      0      0      0      2     0.00140838     0.00140838        3.34029       0.313377       0.683976              0              0              0              0      4482      4482
     1     81     56   4538     60      0      0      4    382      0      0      0      0      2    0.000624875    0.000624875        2.39633       0.255459       0.469537              0              0              0              0      4538      4538
     1     82     57   4595     60      0      0      3    385      0      0      0      0      2    0.000588114    0.000588114        1.20157       0.226414        0.30222              0              0              0              0      4595      4595
     1     83     58   4653     60      0      0      2    387      0      0      0      0      2      0.0005361      0.0005361        2.59058       0.258327       0.504113              0              0              0              0      4653      4653
     1     84     55   4708     60      0      0      5    392      0      0      0      0      2      0.0005361      0.0005361        2.88964       0.251774       0.571691              0              0              0              0      4708      4708
     1     85     58   4766     60      0      0      2    394      0      0      0      0      2      0.0005361      0.0005361        4.68123       0.292144       0.693378              0              0              0              0      4766      4766
     1     86     58   4824     60      0      0      2    396      0      0      0      0      2      0.0005361      0.0005361        5.42964       0.450623        1.11088              0              0              0              0      4824      4824
     1     87     55   4879     60      0      0      5    401      0      0      0      0      2     0.00038645     0.00038645        4.90066       0.275911       0.731189              0              0              0              0      4879      4879
     1     88     58   4937     60      0      0      2    403      0      0      0      0      2    0.000335728    0.000335728        3.46796       0.254152       0.590556              0              0              0              0      4937      4937
     1     89     55   4992     60      0      0      5    408      0      0      0      0      2     0.00032708     0.00032708        2.81399       0.282997       0.454203              0              0              0              0      4992      4992
     1     90     54   5046     60      0      0      6    414      0      0      0      0      2    0.000261038    0.000261038       0.968235       0.192067       0.254713              0              0              0              0      5046      5046
     1     91     55   5101     60      0      0      5    419      0      0      0      0      2    0.000261038    0.000261038         3.3072       0.250478       0.550742              0              0              0              0      5101      5101
     1     92     55   5156     60      0      0      5    424      0      0      0      0      2    0.000245634    0.000245634       0.887477       0.144633       0.258465              0              0              0              0      5156      5156
     1     93     56   5212     60      0      0      4    428      0      0      0      0      2    0.000238706    0.000238706        5.87941       0.406046        1.05537              0              0              0              0      5212      5212
     1     94     57   5269     60      0      0      3    431      0      0      0      0      2    0.000238706    0.000238706        5.26742       0.468071       0.976652              0              0              0              0      5269      5269
     1     95     57   5326     60      0      0      3    434      0      0      0      0      2    0.000238706    0.000238706        1.20184        0.22126       0.341974              0              0              0              0      5326      5326
     1     96     50   5376     60      0      0     10    444      0      0      0      0      2    0.000225341    0.000225341       0.926117       0.158993       0.256992              0              0              0              0      5376      5376
     1     97     54   5430     60      0      0      6    450      0      0      0      0      2     0.00021065     0.00021065       0.661594      0.0836681       0.174228              0              0              0              0      5430      5430
     1     98     54   5484     60      0      0      6    456      0      0      0      0      2    0.000204473    0.000204473       0.915094       0.134598       0.261695              0              0              0              0      5484      5484
     1     99     54   5538     60      0      0      6    462      0      0      0      0      2    0.000200793    0.000200793        5.90861       0.226018       0.797523              0              0              0              0      5538      5538
     1    100     54   5592     60      0      0      6    468      0      0      0      0      2    0.000200793    0.000200793        1.22117        0.11079       0.235242              0              0              0              0      5592      5592
     1    101     55   5647     60      0      0      5    473      0      0      0      0      2    0.000199824    0.000199824        1.22493       0.129542       0.268149              0              0              0              0      5647      5647
     1    102     56   5703     60      0      0      4    477      0      0      0      0      2    0.000199033    0.000199033       0.651468      0.0831982       0.149621              0              0              0              0      5703      5703
     1    103     58   5761     60      0      0      2    479      0      0      0      0      2    0.000188683    0.000188683        3.79612       0.240352       0.534894              0              0              0              0      5761      5761
     1    104     53   5814     60      0      0      7    486      0      0      0      0      2    0.000188411    0.000188411        5.24898       0.298014       0.728962              0              0              0              0      5814      5814
     1    105     53   5867     60      0      0      7    493      0      0      0      0      2    0.000186645    0.000186645        1.29143       0.156823       0.267077              0              0              0              0      5867      5867
     1    106     57   5924     60      0      0      3    496      0      0      0      0      2    0.000186645    0.000186645        2.98562       0.188568       0.431636              0              0              0              0      5924      5924
     1    107     57   5981     60      0      0      3    499      0      0      0      0      2    0.000186645    0.000186645        2.90523       0.147636       0.394128              0              0              0              0      5981      5981
     1    108     56   6037     60      0      0      4    503      0      0      0      0      2    0.000149688    0.000149688        3.98643       0.387306       0.847126              0              0              0              0      6037      6037
     1    109     53   6090     60      0      0      7    510      0      0      0      0      2    9.10845e-05    9.10845e-05        1.37791      0.0880285       0.256249              0              0              0              0      6090      6090
     1    110     51   6141     60      0      0      9    519      0      0      0      0      2    8.69033e-05    8.69033e-05       0.759795        0.10637       0.192452              0              0              0              0      6141      6141
     1    111     57   6198     60      0      0      3    522      0      0      0      0      2    7.72016e-05    7.72016e-05       0.629278      0.0605966        0.16156              0              0              0              0      6198      6198
     1    112     55   6253     60      0      0      5    527      0      0      0      0      2    7.05382e-05    7.05382e-05        6.17752       0.392941        1.15112              0              0              0              0      6253      6253
     1    113     56   6309     60      0      0      4    531      0      0      0      0      2    6.99554e-05    6.99554e-05        4.83882        0.22846       0.646915              0              0              0              0      6309      6309
     1    114     56   6365     60      0      0      4    535      0      0      0      0      2    5.86193e-05    5.86193e-05       0.912504       0.145279       0.238843              0              0              0              0      6365      6365
     1    115     53   6418     60      0      0      7    542      0      0      0      0      2    5.74515e-05    5.74515e-05        3.31614       0.160462       0.459255              0              0              0              0      6418      6418
     1    116     55   6473     60      0      0      5    547      0      0      0      0      2    5.74515e-05    5.74515e-05        2.27852        0.20465       0.388795              0              0              0              0      6473      6473
     1    117     53   6526     60      0      0      7    554      0      0      0      0      2    5.47807e-05    5.47807e-05       0.603228      0.0737433        0.14747              0              0              0              0      6526      6526
     1    118     58   6584     60      0      0      2    556      0      0      0      0      2       5.31e-05       5.31e-05       0.899858       0.155808       0.244929              0              0              0              0      6584      6584
     1    119     55   6639     60      0      0      5    561      0      0      0      0      2    5.22423e-05    5.22423e-05       0.597538      0.0893593       0.171331              0              0              0              0      6639      6639
     1    120     56   6695     60      0      0      4    565      0      0      0      0      2    5.05562e-05    5.05562e-05        2.97164       0.142222       0.417113              0              0              0              0      6695      6695
     1    121     57   6752     60      0      0      3    568      0      0      0      0      2    5.05562e-05    5.05562e-05        4.29107       0.160959       0.585976              0              0              0              0      6752      6752
     1    122     56   6808     60      0      0      4    572      0      0      0      0      2    4.78554e-05    4.78554e-05       0.631716       0.083337       0.165452              0              0              0              0      6808      6808
     1    123     57   6865     60      0      0      3    575      0      0      0      0      2    3.08105e-05    3.08105e-05        1.20415       0.159298       0.284126              0              0              0              0      6865      6865
     1    124     54   6919     60      0      0      6    581      0      0      0      0      2    3.08105e-05    3.08105e-05        1.26296       0.154277       0.264355              0              0              0              0      6919      6919
     1    125     59   6978     60      0      0      1    582      0      0      0      0      2    1.89454e-05    1.89454e-05        1.02731       0.108422       0.208008              0              0              0              0      6978      6978
     1    126     56   7034     60      0      0      4    586      0      0      0      0      2    1.89454e-05    1.89454e-05        3.14587       0.194159        0.54676              0              0              0              0      7034      7034
     1    127     54   7088     60      0      0      6    592      0      0      0      0      2    1.86231e-05    1.86231e-05        3.48037       0.148497       0.512254              0              0              0              0      7088      7088
     1    128     57   7145     60      0      0      3    595      0      0      0      0      2    1.74645e-05    1.74645e-05        1.69419       0.113944       0.263333              0              0              0              0      7145      7145
     1    129     59   7204     60      0      0      1    596      0      0      0      0      2    1.74645e-05    1.74645e-05        4.03859       0.231739       0.581698              0              0              0              0      7204      7204
     1    130     58   7262     60      0      0      2    598      0      0      0      0      2    1.73803e-05    1.73803e-05        5.36169       0.206375       0.705125              0              0              0              0      7262      7262
     1    131     52   7314     60      0      0      8    606      0      0      0      0      2    1.49646e-05    1.49646e-05        1.98396       0.173558       0.366666              0              0              0              0      7314      7314
     1    132     55   7369     60      0      0      5    611      0      0      0      0      2    1.49646e-05    1.49646e-05        1.42249       0.183195       0.299867              0              0              0              0      7369      7369
     1    133     53   7422     60      0      0      7    618      0      0      0      0      2    1.39233e-05    1.39233e-05        3.49957       0.269363       0.566574              0              0              0              0      7422      7422
     1    134     54   7476     60      0      0      6    624      0      0      0      0      2    1.39233e-05    1.39233e-05       0.497332      0.0593578       0.119581              0              0              0              0      7476      7476
     1    135     57   7533     60      0      0      3    627      0      0      0      0      2    1.03503e-05    1.03503e-05        0.95575       0.116137       0.203747              0              0              0              0      7533      7533
     1    136     57   7590     60      0      0      3    630      0      0      0      0      2    1.01711e-05    1.01711e-05        3.02334       0.172555       0.415652              0              0              0              0      7590      7590
     1    137     55   7645     60      0      0      5    635      0      0      0      0      2    1.01594e-05    1.01594e-05       0.667991      0.0807287       0.146956              0              0              0              0      7645      7645
     1    138     55   7700     60      0      0      5    640      0      0      0      0      2    6.86137e-06    6.86137e-06       0.406709      0.0441047       0.102495              0              0              0              0      7700      7700
     1    139     53   7753     60      0      0      7    647      0      0      0      0      2    6.17518e-06    6.17518e-06       0.483749      0.0826999       0.147611              0              0              0              0      7753      7753
     1    140     56   7809     60      0      0      4    651      0      0      0      0      2    6.17518e-06    6.17518e-06       0.474109      0.0853005       0.141752              0              0              0              0      7809      7809
     1    141     58   7867     60      0      0      2    653      0      0      0      0      2    6.15749e-06    6.15749e-06       0.862945      0.0844128       0.154899              0              0              0              0      7867      7867
     1    142     58   7925     60      0      0      2    655      0      0      0      0      2    6.15749e-06    6.15749e-06       0.959354       0.119957       0.199518              0              0              0              0      7925      7925
     1    143     57   7982     60      0      0      3    658      0      0      0      0      2    6.15749e-06    6.15749e-06       0.549149      0.0965953       0.151302              0              0              0              0      7982      7982
     1    144     57   8039     60      0      0      3    661      0      0      0      0      2    6.06787e-06    6.06787e-06       0.867487      0.0901558       0.182273              0              0              0              0      8039      8039
     1    145     54   8093     60      0      0      6    667      0      0      0      0      2    5.92916e-06    5.92916e-06        1.69727       0.110552       0.259551              0              0              0              0      8093      8093
     1    146     57   8150     60      0      0      3    670      0      0      0      0      2    5.92916e-06    5.92916e-06       0.468454      0.0746359       0.143775              0              0              0              0      8150      8150
     1    147     59   8209     60      0      0      1    671      0      0      0      0      2     5.7589e-06     5.7589e-06        3.43161       0.181812        0.51314              0              0              0              0      8209      8209
     1    148     55   8264     60      0      0      5    676      0      0      0      0      2     5.7589e-06     5.7589e-06        1.57003       0.168183       0.354195              0              0              0              0      8264      8264
     1    149     56   8320     60      0      0      4    680      0      0      0      0      2     5.7589e-06     5.7589e-06        2.42997       0.183223       0.376176              0              0              0              0      8320      8320
     1    150     57   8377     60      0      0      3    683      0      0      0      0      2    5.01699e-06    5.01699e-06       0.904037        0.12357       0.202881              0              0              0              0      8377      8377
     1    151     55   8432     60      0      0      5    688      0      0      0      0      2    4.36167e-06    4.36167e-06       0.427852      0.0537592       0.110852              0              0              0              0      8432      8432
     1    152     56   8488     60      0      0      4    692      0      0      0      0      2    4.35923e-06    4.35923e-06       0.518905      0.0726415        0.13548              0              0              0              0      8488      8488
     1    153     53   8541     60      0      0      7    699      0      0      0      0      2     4.3052e-06     4.3052e-06       0.624493      0.0755653       0.140274              0              0              0              0      8541      8541
     1    154     56   8597     60      0      0      4    703      0      0      0      0      2     4.3052e-06     4.3052e-06        3.70736       0.201841       0.651619              0              0              0              0      8597      8597
     1    155     55   8652     60      0      0      5    708      0      0      0      0      2     4.3052e-06     4.3052e-06       0.727538       0.109452       0.176084              0              0              0              0      8652      8652
     1    156     55   8707     60      0      0      5    713      0      0      0      0      2     4.3052e-06     4.3052e-06        2.89471       0.166643       0.405957              0              0              0              0      8707      8707
     1    157     57   8764     60      0      0      3    716      0      0      0      0      2     4.3052e-06     4.3052e-06        2.23738       0.123819        0.31764              0              0              0              0      8764      8764
     1    158     58   8822     60      0      0      2    718      0      0      0      0      2    4.27431e-06    4.27431e-06       0.431074       0.082224       0.134341              0              0              0              0      8822      8822
     1    159     56   8878     60      0      0      4    722      0      0      0      0      2     4.2401e-06     4.2401e-06       0.391012      0.0684564       0.109445              0              0              0              0      8878      8878
     1    160     53   8931     60      0      0      7    729      0      0      0      0      2    4.22326e-06    4.22326e-06       0.495096      0.0586309       0.115075              0              0              0              0      8931      8931
     1    161     54   8985     60      0      0      6    735      0      0      0      0      2    3.82936e-06    3.82936e-06         1.5636       0.091043        0.22621              0              0              0              0      8985      8985
     1    162     54   9039     60      0      0      6    741      0      0      0      0      2    3.76118e-06    3.76118e-06        1.16389       0.136472       0.203027              0              0              0              0      9039      9039
     1    163     59   9098     60      0      0      1    742      0      0      0      0      2    3.76118e-06    3.76118e-06         1.2129      0.0957861       0.192604              0              0              0              0      9098      9098
     1    164     56   9154     60      0      0      4    746      0      0      0      0      2    3.76118e-06    3.76118e-06       0.557444      0.0981628       0.142554              0              0              0              0      9154      9154
     1    165     54   9208     60      0      0      6    752      0      0      0      0      2    3.76118e-06    3.76118e-06       0.482604      0.0581808       0.100896              0              0              0              0      9208      9208
     1    166     55   9263     60      0      0      5    757      0      0      0      0      2    3.76118e-06    3.76118e-06        1.75924       0.146523       0.385389              0              0              0              0      9263      9263
     1    167     59   9322     60      0      0      1    758      0      0      0      0      2    2.33839e-06    2.33839e-06         2.0813      0.0843743       0.283543              0              0              0              0      9322      9322
     1    168     55   9377     60      0      0      5    763      0      0      0      0      2    2.33839e-06    2.33839e-06        1.16627      0.0714065       0.208252              0              0              0              0      9377      9377
     1    169     57   9434     60      0      0      3    766      0      0      0      0      2    2.33357e-06    2.33357e-06        1.01993      0.0919487       0.181416              0              0              0              0      9434      9434
     1    170     54   9488     60      0      0      6    772      0      0      0      0      2    2.15375e-06    2.15375e-06        2.19141       0.118316       0.320832              0              0              0              0      9488      9488
     1    171     58   9546     60      0      0      2    774      0      0      0      0      2    1.93586e-06    1.93586e-06        1.37036      0.0685571       0.192672              0              0              0              0      9546      9546
     1    172     54   9600     60      0      0      6    780      0      0      0      0      2     1.8919e-06     1.8919e-06       0.946494      0.0768335       0.165996              0              0              0              0      9600      9600
     1    173     52   9652     60      0      0      8    788      0      0      0      0      2    1.81805e-06    1.81805e-06       0.370319      0.0567279      0.0863628              0              0              0              0      9652      9652
     1    174     50   9702     60      0      0     10    798      0      0      0      0      2    1.79614e-06    1.79614e-06       0.458031      0.0456881      0.0941619              0              0              0              0      9702      9702
     1    175     56   9758     60      0      0      4    802      0      0      0      0      2    1.79614e-06    1.79614e-06       0.719968      0.0610464       0.118992              0              0              0              0      9758      9758
     1    176     58   9816     60      0      0      2    804      0      0      0      0      2    1.77839e-06    1.77839e-06        1.33039      0.0891394       0.246817              0              0              0              0      9816      9816
     1    177     60   9876     60      0      0      0    804      0      0      0      0      2    1.77839e-06    1.77839e-06       0.268049      0.0504915      0.0732352              0              0              0              0      9876      9876
     1    178     57   9933     60      0      0      3    807      0      0      0      0      2    1.77709e-06    1.77709e-06       0.313484      0.0425582      0.0651609              0              0              0              0      9933      9933
     1    179     57   9990     60      0      0      3    810      0      0      0      0      2    1.77582e-06    1.77582e-06       0.154995      0.0190515      0.0348721              0              0              0              0      9990      9990
     1    180     10  10000     16      0      0      5    815      0      0      0      0      2    1.77582e-06    1.77582e-06       0.163377      0.0170409      0.0426716              0              0              0              0     10000     10000
